#
# A fatal error has been detected by the Java Runtime Environment:
#
#  EXCEPTION_ACCESS_VIOLATION (0xc0000005) at pc=0x00007ff83ddfe104, pid=70104, tid=75892
#
# JRE version: Java(TM) SE Runtime Environment (23.0+37) (build 23+37-2369)
# Java VM: Java HotSpot(TM) 64-Bit Server VM (23+37-2369, mixed mode, sharing, tiered, compressed oops, compressed class ptrs, g1 gc, windows-amd64)
# Problematic frame:
# C  [steamworks4j64.dll+0xe104]
#
# No core dump will be written. Minidumps are not enabled by default on client versions of Windows
#
# If you would like to submit a bug report, please visit:
#   https://bugreport.java.com/bugreport/crash.jsp
# The crash happened outside the Java Virtual Machine in native code.
# See problematic frame for where to report the bug.
#

---------------  S U M M A R Y ------------

Command Line: -Djava.library.path=D:\Project 1159 - 11.59 - AOC3\Age of History 3\AOC3 Source\src -javaagent:C:\Program Files\JetBrains\IntelliJ IDEA 2024.2.4\lib\idea_rt.jar=62991:C:\Program Files\JetBrains\IntelliJ IDEA 2024.2.4\bin -Dfile.encoding=UTF-8 -Dsun.stdout.encoding=UTF-8 -Dsun.stderr.encoding=UTF-8 aoc.kingdoms.lukasz.jakowski.desktop.DesktopLauncher

Host: Intel(R) Core(TM) i9-14900F, 32 cores, 127G,  Windows 11 , 64 bit Build 22621 (10.0.22621.3958)
Time: Sun Oct 27 07:03:41 2024 Mitteleuropäische Zeit elapsed time: 1.297741 seconds (0d 0h 0m 1s)

---------------  T H R E A D  ---------------

Current thread (0x0000026d7fce1c00):  JavaThread "main"             [_thread_in_native, id=75892, stack(0x000000a752a00000,0x000000a752b00000) (1024K)]

Stack: [0x000000a752a00000,0x000000a752b00000],  sp=0x000000a752aff1d0,  free space=1020k
Native frames: (J=compiled Java code, j=interpreted, Vv=VM code, C=native code)
C  [steamworks4j64.dll+0xe104]  (no source info available)
C  0x0000026d11c6d207  (no source info available)

The last pc belongs to native method entry point (kind = native) (printed below).
Java frames: (J=compiled Java code, j=interpreted, Vv=VM code)
j  com.codedisaster.steamworks.SteamUGCNative.getNumSubscribedItems()I+0
j  com.codedisaster.steamworks.SteamUGC.getNumSubscribedItems()I+0
j  aoc.kingdoms.lukasz.jakowski.Steam.SteamManager.loadSubscribedItems()V+15
j  aoc.kingdoms.lukasz.jakowski.AA_Game.create()V+71
j  com.badlogic.gdx.backends.lwjgl3.Lwjgl3Window.initializeListener()V+11
j  com.badlogic.gdx.backends.lwjgl3.Lwjgl3Window.update()Z+8
j  com.badlogic.gdx.backends.lwjgl3.Lwjgl3Application.loop()V+120
j  com.badlogic.gdx.backends.lwjgl3.Lwjgl3Application.<init>(Lcom/badlogic/gdx/ApplicationListener;Lcom/badlogic/gdx/backends/lwjgl3/Lwjgl3ApplicationConfiguration;)V+269
j  aoc.kingdoms.lukasz.jakowski.desktop.DesktopLauncher.main([Ljava/lang/String;)V+365
v  ~StubRoutines::call_stub 0x0000026d11c60fcd

siginfo: EXCEPTION_ACCESS_VIOLATION (0xc0000005), reading address 0x0000000000000000


Registers:
RAX=0x00007ff83de2f130, RBX=0x0000026d44c0f918, RCX=0x0000000000000000, RDX=0x0000000000000000
RSP=0x000000a752aff1d0, RBP=0x000000a752aff270, RSI=0x000000000000000c, RDI=0x0000026d11c687f6
R8 =0x000000a752afe8a8, R9 =0x0000000000000000, R10=0x0000000000000000, R11=0x000000a752afed10
R12=0x0000000000000000, R13=0x0000026d44c0f918, R14=0x000000a752aff288, R15=0x0000026d7fce1c00
RIP=0x00007ff83ddfe104, EFLAGS=0x0000000000010206


Register to memory mapping:

RAX=0x00007ff83de2f130 steamworks4j64.dll
RBX={method} {0x0000026d44c0f920} 'getNumSubscribedItems' '()I' in 'com/codedisaster/steamworks/SteamUGCNative'
RCX=0x0 is null
RDX=0x0 is null
RSP=0x000000a752aff1d0 is pointing into the stack for thread: 0x0000026d7fce1c00
RBP=0x000000a752aff270 is pointing into the stack for thread: 0x0000026d7fce1c00
RSI=0x000000000000000c is an unknown value
RDI=0x0000026d11c687f6 is at code_begin+1526 in an Interpreter codelet
return entry points  [0x0000026d11c68200, 0x0000026d11c68e90]  3216 bytes
R8 =0x000000a752afe8a8 is pointing into the stack for thread: 0x0000026d7fce1c00
R9 =0x0 is null
R10=0x0 is null
R11=0x000000a752afed10 is pointing into the stack for thread: 0x0000026d7fce1c00
R12=0x0 is null
R13={method} {0x0000026d44c0f920} 'getNumSubscribedItems' '()I' in 'com/codedisaster/steamworks/SteamUGCNative'
R14=0x000000a752aff288 is pointing into the stack for thread: 0x0000026d7fce1c00
R15=0x0000026d7fce1c00 is a thread

Top of Stack: (sp=0x000000a752aff1d0)
0x000000a752aff1d0:   0000026d44c0f918 0000026d44c0f918
0x000000a752aff1e0:   0000026d44c0f918 000000a752aff288
0x000000a752aff1f0:   0000026d11c687f6 0000026d11c6d207
0x000000a752aff200:   0000026d44c0f918 000000000000000c
0x000000a752aff210:   0000026d44c0a4a0 0000026d7fce1c00
0x000000a752aff220:   0000026d11c6ce9b fffffffffffffff7
0x000000a752aff230:   0000026d44c0f918 0000000000000003
0x000000a752aff240:   0000026d44c100b8 0000000000000000
0x000000a752aff250:   000000011ee298d0 0000026d44c0f918
0x000000a752aff260:   0000000000000000 000000a752aff290
0x000000a752aff270:   000000a752aff2d8 0000026d11c68848
0x000000a752aff280:   000000011ee298d0 0000026d11c6a5d5
0x000000a752aff290:   fffffffffffffff7 0000026d44c0a488
0x000000a752aff2a0:   0000000000000002 0000026d44c0b880
0x000000a752aff2b0:   0000000000000000 000000011ee23f48
0x000000a752aff2c0:   0000026d44c0a4a0 fffffffffffffff7
0x000000a752aff2d0:   000000a752aff2e8 000000a752aff338
0x000000a752aff2e0:   0000026d11c68848 000000011ee24078
0x000000a752aff2f0:   fffffffffffffff7 0000026d447cbb1f
0x000000a752aff300:   0000000000000006 0000026d447cf700
0x000000a752aff310:   0000000000000000 000000011e906a28
0x000000a752aff320:   0000026d447cbc90 fffffffffffffff6
0x000000a752aff330:   000000a752aff370 000000a752aff3b8
0x000000a752aff340:   0000026d11c68700 0000000000000000
0x000000a752aff350:   0000000000000000 0000000000000000
0x000000a752aff360:   0000000000000000 0000000000000000
0x000000a752aff370:   fffffffffffffff7 0000026d4452be37
0x000000a752aff380:   0000000000000003 0000026d44535760
0x000000a752aff390:   0000000000000000 000000011e1cc810
0x000000a752aff3a0:   0000026d4452bf30 fffffffffffffff7
0x000000a752aff3b0:   000000a752aff3d0 000000a752aff420
0x000000a752aff3c0:   0000026d11c68c06 0000000000000000 

Instructions: (pc=0x00007ff83ddfe104)
0x00007ff83ddfe004:   00 00 b0 01 eb 02 32 c0 48 8b 8c 24 40 04 00 00
0x00007ff83ddfe014:   48 33 cc e8 54 3d 00 00 48 81 c4 50 04 00 00 5e
0x00007ff83ddfe024:   5d 5b c3 cc cc cc cc cc cc cc cc cc 40 53 48 83
0x00007ff83ddfe034:   ec 20 48 8d 0d e3 10 03 00 49 8b d8 ff 15 3a 72
0x00007ff83ddfe044:   01 00 48 8b d3 48 8b 08 48 8b 01 48 83 c4 20 5b
0x00007ff83ddfe054:   48 ff a0 28 02 00 00 cc cc cc cc cc 48 89 5c 24
0x00007ff83ddfe064:   08 48 89 6c 24 10 48 89 74 24 18 57 48 83 ec 20
0x00007ff83ddfe074:   48 8b 01 49 8b d8 45 33 c0 49 8b d1 49 8b e9 48
0x00007ff83ddfe084:   8b f1 ff 90 f0 06 00 00 48 8d 0d 8d 10 03 00 48
0x00007ff83ddfe094:   8b f8 ff 15 e4 71 01 00 4c 8d 4f 08 4c 8b c7 48
0x00007ff83ddfe0a4:   8b d3 48 8b 08 4c 8b 11 41 ff 92 e0 01 00 00 4c
0x00007ff83ddfe0b4:   8b 16 45 33 c9 4c 8b c7 48 8b d5 48 8b ce 8b d8
0x00007ff83ddfe0c4:   41 ff 92 f8 06 00 00 48 8b 6c 24 38 8b c3 48 8b
0x00007ff83ddfe0d4:   5c 24 30 48 8b 74 24 40 48 83 c4 20 5f c3 cc cc
0x00007ff83ddfe0e4:   cc cc cc cc cc cc cc cc cc cc cc cc 48 83 ec 28
0x00007ff83ddfe0f4:   48 8d 0d 25 10 03 00 ff 15 7f 71 01 00 48 8b 08
0x00007ff83ddfe104:   48 8b 01 48 83 c4 28 48 ff a0 18 02 00 00 cc cc
0x00007ff83ddfe114:   cc cc cc cc cc cc cc cc cc cc cc cc 40 53 55 56
0x00007ff83ddfe124:   57 41 56 48 81 ec 70 08 00 00 48 8b 05 3b 10 03
0x00007ff83ddfe134:   00 48 33 c4 48 89 84 24 60 08 00 00 48 8b ac 24
0x00007ff83ddfe144:   c8 08 00 00 4c 8b f1 48 8d 0d ce 0f 03 00 41 8b
0x00007ff83ddfe154:   f9 49 8b d8 ff 15 22 71 01 00 44 8b 8c 24 c0 08
0x00007ff83ddfe164:   00 00 48 8d 54 24 50 48 89 54 24 40 44 8b c7 c7
0x00007ff83ddfe174:   44 24 38 00 04 00 00 48 8d 94 24 60 04 00 00 48
0x00007ff83ddfe184:   8b 08 48 89 54 24 30 48 8d 54 24 60 c7 44 24 28
0x00007ff83ddfe194:   00 04 00 00 48 89 54 24 20 48 8b d3 48 8b 01 ff
0x00007ff83ddfe1a4:   50 70 0f b6 f0 84 c0 0f 84 e0 00 00 00 4d 8b 06
0x00007ff83ddfe1b4:   48 8b d5 49 8b ce 41 ff 90 f8 00 00 00 4d 8b 06
0x00007ff83ddfe1c4:   48 8d 54 24 60 49 8b ce 48 8b f8 41 ff 90 38 05
0x00007ff83ddfe1d4:   00 00 4d 8b 16 4c 8d 0d 78 7e 01 00 4c 8d 05 51
0x00007ff83ddfe1e4:   9c 01 00 48 8b d7 49 8b ce 48 8b d8 41 ff 92 f0
0x00007ff83ddfe1f4:   02 00 00 4d 8b 16 4c 8b cb 4c 8b c0 48 8b d5 49 


Stack slot to memory mapping:

stack at sp + 0 slots: {method} {0x0000026d44c0f920} 'getNumSubscribedItems' '()I' in 'com/codedisaster/steamworks/SteamUGCNative'
stack at sp + 1 slots: {method} {0x0000026d44c0f920} 'getNumSubscribedItems' '()I' in 'com/codedisaster/steamworks/SteamUGCNative'
stack at sp + 2 slots: {method} {0x0000026d44c0f920} 'getNumSubscribedItems' '()I' in 'com/codedisaster/steamworks/SteamUGCNative'
stack at sp + 3 slots: 0x000000a752aff288 is pointing into the stack for thread: 0x0000026d7fce1c00
stack at sp + 4 slots: 0x0000026d11c687f6 is at code_begin+1526 in an Interpreter codelet
return entry points  [0x0000026d11c68200, 0x0000026d11c68e90]  3216 bytes
stack at sp + 5 slots: 0x0000026d11c6d207 is at code_begin+1063 in an Interpreter codelet
native method entry point (kind = native)  [0x0000026d11c6cde0, 0x0000026d11c6d938]  2904 bytes
stack at sp + 6 slots: {method} {0x0000026d44c0f920} 'getNumSubscribedItems' '()I' in 'com/codedisaster/steamworks/SteamUGCNative'
stack at sp + 7 slots: 0x000000000000000c is an unknown value

Lock stack of current Java thread (top to bottom):

native method entry point (kind = native)  [0x0000026d11c6cde0, 0x0000026d11c6d938]  2904 bytes
[MachCode]
  0x0000026d11c6cde0: 488b 4b08 | 0fb7 492e | 584c 8d74 | ccf8 6800 | 0000 0068 | 0000 0000 | 5055 488b | ec41 5568 
  0x0000026d11c6ce00: 0000 0000 | 4c8b 6b08 | 4d8d 6d38 | 5348 8b53 | 0848 8b52 | 0848 8b52 | 1848 8b52 | 7048 8b12 
  0x0000026d11c6ce20: 5248 8b53 | 1048 85d2 | 0f84 0700 | 0000 4881 | c210 0100 | 0052 488b | 5308 488b | 5208 488b 
  0x0000026d11c6ce40: 5210 5249 | 8bc6 482b | c548 c1e8 | 0350 6800 | 0000 0068 | f7ff ffff | 41c6 8771 | 0400 0001 
  0x0000026d11c6ce60: 488b 4310 | 4885 c074 | 208b 88cc | 0000 0083 | c102 8988 | cc00 0000 | 2388 e000 | 0000 0f84 
  0x0000026d11c6ce80: 000a 0000 | e9cf 0000 | 0048 8b43 | 1848 85c0 | 0f85 b000 | 0000 e805 | 0000 00e9 | 9900 0000 
  0x0000026d11c6cea0: 488b d348 | 8d44 2408 | 4c89 6dc0 | 498b cfc5 | f877 4989 | afb0 0300 | 0049 8987 | a003 0000 
  0x0000026d11c6cec0: 4883 ec20 | 40f6 c40f | 0f84 1900 | 0000 4883 | ec08 48b8 | 9026 63f5 | ff7f 0000 | ffd0 4883 
  0x0000026d11c6cee0: c408 e90c | 0000 0048 | b890 2663 | f5ff 7f00 | 00ff d048 | 83c4 2049 | c787 a003 | 0000 0000 
  0x0000026d11c6cf00: 0000 49c7 | 87b0 0300 | 0000 0000 | 0049 c787 | a803 0000 | 0000 0000 | c5f8 7749 | 837f 0800 
  0x0000026d11c6cf20: 0f84 0500 | 0000 e995 | 3fff ff4c | 8b6d c04c | 8b75 c84e | 8d74 f500 | c348 8b43 | 1848 85c0 
  0x0000026d11c6cf40: 0f84 1200 | 0000 8b48 | 0883 c102 | 8948 0823 | 481c 0f84 | 2c09 0000 | 493b a7e8 | 0400 000f 
  0x0000026d11c6cf60: 8748 0000 | 0089 8424 | 00f0 ffff | 8984 2400 | e0ff ff89 | 8424 00d0 | ffff 8984 | 2400 c0ff 
  0x0000026d11c6cf80: ff89 8424 | 00b0 ffff | 8984 2400 | a0ff ff89 | 8424 0090 | ffff 8984 | 2400 80ff | ff49 3ba7 
  0x0000026d11c6cfa0: e004 0000 | 7607 4989 | a7e8 0400 | 0041 c687 | 7104 0000 | 0049 ba41 | adea f5ff | 7f00 0041 
  0x0000026d11c6cfc0: 803a 000f | 843e 0000 | 0048 8b55 | e849 8bcf | 4883 ec20 | 40f6 c40f | 0f84 1900 | 0000 4883 
  0x0000026d11c6cfe0: ec08 48b8 | 00ee 9af5 | ff7f 0000 | ffd0 4883 | c408 e90c | 0000 0048 | b800 ee9a | f5ff 7f00 
  0x0000026d11c6d000: 00ff d048 | 83c4 2048 | 8b5d e84c | 8b5b 0845 | 0fb7 5b2e | 41c1 e303 | 492b e348 | 83ec 2048 
  0x0000026d11c6d020: 83e4 f04c | 8b5b 604d | 85db 0f85 | ab00 0000 | e805 0000 | 00e9 9900 | 0000 488b | d348 8d44 
  0x0000026d11c6d040: 2408 4c89 | 6dc0 498b | cfc5 f877 | 4989 afb0 | 0300 0049 | 8987 a003 | 0000 4883 | ec20 40f6 
  0x0000026d11c6d060: c40f 0f84 | 1900 0000 | 4883 ec08 | 48b8 f04d | 63f5 ff7f | 0000 ffd0 | 4883 c408 | e90c 0000 
  0x0000026d11c6d080: 0048 b8f0 | 4d63 f5ff | 7f00 00ff | d048 83c4 | 2049 c787 | a003 0000 | 0000 0000 | 49c7 87b0 
  0x0000026d11c6d0a0: 0300 0000 | 0000 0049 | c787 a803 | 0000 0000 | 0000 c5f8 | 7749 837f | 0800 0f84 | 0500 0000 
  0x0000026d11c6d0c0: e9fb 3dff | ff4c 8b6d | c04c 8b75 | c84e 8d74 | f500 c348 | 8b5d e84c | 8b5b 6041 | ffd3 488b 
  0x0000026d11c6d0e0: 5de8 4889 | 4518 448b | 5b28 41f6 | c308 0f84 | 1b00 0000 | 4c8b 5b08 | 4d8b 5b08 | 4d8b 5b18 
  0x0000026d11c6d100: 4d8b 5b70 | 4d8b 1b4c | 895d 1048 | 8d55 1048 | 8b43 5849 | ba50 3c9b | f5ff 7f00 | 0049 3bc2 
  0x0000026d11c6d120: 0f85 ab00 | 0000 e805 | 0000 00e9 | 9900 0000 | 488b d348 | 8d44 2408 | 4c89 6dc0 | 498b cfc5 
  0x0000026d11c6d140: f877 4989 | afb0 0300 | 0049 8987 | a003 0000 | 4883 ec20 | 40f6 c40f | 0f84 1900 | 0000 4883 
  0x0000026d11c6d160: ec08 48b8 | f04d 63f5 | ff7f 0000 | ffd0 4883 | c408 e90c | 0000 0048 | b8f0 4d63 | f5ff 7f00 
  0x0000026d11c6d180: 00ff d048 | 83c4 2049 | c787 a003 | 0000 0000 | 0000 49c7 | 87b0 0300 | 0000 0000 | 0049 c787 
  0x0000026d11c6d1a0: a803 0000 | 0000 0000 | c5f8 7749 | 837f 0800 | 0f84 0500 | 0000 e905 | 3dff ff4c | 8b6d c04c 
  0x0000026d11c6d1c0: 8b75 c84e | 8d74 f500 | c348 8b5d | e848 8b43 | 5849 8d8f | c003 0000 | c5f8 7749 | 89af b003 
  0x0000026d11c6d1e0: 0000 49ba | d8d1 c611 | 6d02 0000 | 4d89 97a8 | 0300 0049 | 89a7 a003 | 0000 41c7 | 8744 0400 
  0x0000026d11c6d200: 0004 0000 | 00ff d0c5 | f877 4883 | ec10 c5fb | 1104 2448 | 83ec 1048 | 8904 2448 | c744 2408 
  0x0000026d11c6d220: 0000 0000 | 41c7 8744 | 0400 0005 | 0000 00f0 | 8344 24c0 | 0049 3baf | 4804 0000 | 0f87 0e00 
  0x0000026d11c6d240: 0000 4183 | bf40 0400 | 0000 0f84 | 2000 0000 | 498b cf4c | 8be4 4883 | ec20 4883 | e4f0 48b8 
  0x0000026d11c6d260: 90a9 64f5 | ff7f 0000 | ffd0 498b | e44d 33e4 | 41c7 8744 | 0400 0008 | 0000 0049 | c787 a003 
  0x0000026d11c6d280: 0000 0000 | 0000 49c7 | 87b0 0300 | 0000 0000 | 0049 c787 | a803 0000 | 0000 0000 | c5f8 774d 
  0x0000026d11c6d2a0: 8b9f 3004 | 0000 41c7 | 8300 0100 | 0000 0000 | 0049 bbda | a5c6 116d | 0200 004c | 3b5d 180f 
  0x0000026d11c6d2c0: 8524 0200 | 0048 8b04 | 2448 83c4 | 1048 85c0 | 0f84 fe01 | 0000 a803 | 0f85 0800 | 0000 488b 
  0x0000026d11c6d2e0: 00e9 ee01 | 0000 a801 | 0f85 0900 | 0000 488b | 40fe e9dd | 0100 0048 | 8b40 ff41 | 807f 3800 
  0x0000026d11c6d300: 0f84 ce01 | 0000 4883 | f800 0f84 | c401 0000 | 4d8b 5f28 | 4983 fb00 | 0f84 1400 | 0000 4983 
  0x0000026d11c6d320: eb08 4d89 | 5f28 4d03 | 5f30 4989 | 03e9 a201 | 0000 4881 | ecd0 0000 | 0048 8904 | 2448 894c 
  0x0000026d11c6d340: 2408 4889 | 5424 1048 | 8974 2418 | 4889 7c24 | 204c 8944 | 2428 4c89 | 4c24 304c | 8954 2438 
  0x0000026d11c6d360: 4c89 5c24 | 40c5 fb11 | 4424 50c5 | fb11 4c24 | 58c5 fb11 | 5424 60c5 | fb11 5c24 | 68c5 fb11 
  0x0000026d11c6d380: 6424 70c5 | fb11 6c24 | 78c5 fb11 | b424 8000 | 0000 c5fb | 11bc 2488 | 0000 00c5 | 7b11 8424 
  0x0000026d11c6d3a0: 9000 0000 | c57b 118c | 2498 0000 | 00c5 7b11 | 9424 a000 | 0000 c57b | 119c 24a8 | 0000 00c5 
  0x0000026d11c6d3c0: 7b11 a424 | b000 0000 | c57b 11ac | 24b8 0000 | 00c5 7b11 | b424 c000 | 0000 c57b | 11bc 24c8 
  0x0000026d11c6d3e0: 0000 0049 | 8bd7 488b | c848 83ec | 2040 f6c4 | 0f0f 8419 | 0000 0048 | 83ec 0848 | b8e0 0758 
  0x0000026d11c6d400: f5ff 7f00 | 00ff d048 | 83c4 08e9 | 0c00 0000 | 48b8 e007 | 58f5 ff7f | 0000 ffd0 | 4883 c420 
  0x0000026d11c6d420: c57b 10bc | 24c8 0000 | 00c5 7b10 | b424 c000 | 0000 c57b | 10ac 24b8 | 0000 00c5 | 7b10 a424 
  0x0000026d11c6d440: b000 0000 | c57b 109c | 24a8 0000 | 00c5 7b10 | 9424 a000 | 0000 c57b | 108c 2498 | 0000 00c5 
  0x0000026d11c6d460: 7b10 8424 | 9000 0000 | c5fb 10bc | 2488 0000 | 00c5 fb10 | b424 8000 | 0000 c5fb | 106c 2478 
  0x0000026d11c6d480: c5fb 1064 | 2470 c5fb | 105c 2468 | c5fb 1054 | 2460 c5fb | 104c 2458 | c5fb 1044 | 2450 4c8b 
  0x0000026d11c6d4a0: 5c24 404c | 8b54 2438 | 4c8b 4c24 | 304c 8b44 | 2428 488b | 7c24 2048 | 8b74 2418 | 488b 5424 
  0x0000026d11c6d4c0: 1048 8b4c | 2408 488b | 0424 4881 | c4d0 0000 | 00c5 f877 | 4889 4510 | 4883 ec10 | 4889 0424 
  0x0000026d11c6d4e0: 48c7 4424 | 0800 0000 | 0041 83bf | c804 0000 | 020f 85bf | 0000 0048 | 81ec 8000 | 0000 4889 
  0x0000026d11c6d500: 4424 7848 | 894c 2470 | 4889 5424 | 6848 895c | 2460 4889 | 6c24 5048 | 8974 2448 | 4889 7c24 
  0x0000026d11c6d520: 404c 8944 | 2438 4c89 | 4c24 304c | 8954 2428 | 4c89 5c24 | 204c 8964 | 2418 4c89 | 6c24 104c 
  0x0000026d11c6d540: 8974 2408 | 4c89 3c24 | 4c8b e448 | 83ec 2048 | 83e4 f048 | b8b0 229b | f5ff 7f00 | 00ff d049 
  0x0000026d11c6d560: 8be4 4c8b | 3c24 4c8b | 7424 084c | 8b6c 2410 | 4c8b 6424 | 184c 8b5c | 2420 4c8b | 5424 284c 
  0x0000026d11c6d580: 8b4c 2430 | 4c8b 4424 | 3848 8b7c | 2440 488b | 7424 4848 | 8b6c 2450 | 488b 5c24 | 6048 8b54 
  0x0000026d11c6d5a0: 2468 488b | 4c24 7048 | 8b44 2478 | 4881 c480 | 0000 004d | 33e4 488b | 5de8 4c8b | 6b08 4d8d 
  0x0000026d11c6d5c0: 6d38 4983 | 7f08 000f | 84bb 0000 | 00e8 0500 | 0000 e996 | 0000 0048 | 8d44 2408 | 4c89 6dc0 
  0x0000026d11c6d5e0: 498b cfc5 | f877 4989 | afb0 0300 | 0049 8987 | a003 0000 | 4883 ec20 | 40f6 c40f | 0f84 1900 
  0x0000026d11c6d600: 0000 4883 | ec08 48b8 | 006c 63f5 | ff7f 0000 | ffd0 4883 | c408 e90c | 0000 0048 | b800 6c63 
  0x0000026d11c6d620: f5ff 7f00 | 00ff d048 | 83c4 2049 | c787 a003 | 0000 0000 | 0000 49c7 | 87b0 0300 | 0000 0000 
  0x0000026d11c6d640: 0049 c787 | a803 0000 | 0000 0000 | c5f8 7749 | 837f 0800 | 0f84 0500 | 0000 e961 | 38ff ff4c 
  0x0000026d11c6d660: 8b6d c04c | 8b75 c84e | 8d74 f500 | c348 b940 | d5c2 f5ff | 7f00 0048 | 83e4 f048 | b860 4a89 
  0x0000026d11c6d680: f5ff 7f00 | 00ff d0f4 | 448b 5b28 | 41f6 c320 | 0f84 7901 | 0000 488d | 55a8 4c8b | 5a08 4d85 
  0x0000026d11c6d6a0: db0f 85bb | 0000 00e8 | 0500 0000 | e996 0000 | 0048 8d44 | 2408 4c89 | 6dc0 498b | cfc5 f877 
  0x0000026d11c6d6c0: 4989 afb0 | 0300 0049 | 8987 a003 | 0000 4883 | ec20 40f6 | c40f 0f84 | 1900 0000 | 4883 ec08 
  0x0000026d11c6d6e0: 48b8 306b | 63f5 ff7f | 0000 ffd0 | 4883 c408 | e90c 0000 | 0048 b830 | 6b63 f5ff | 7f00 00ff 
  0x0000026d11c6d700: d048 83c4 | 2049 c787 | a003 0000 | 0000 0000 | 49c7 87b0 | 0300 0000 | 0000 0049 | c787 a803 
  0x0000026d11c6d720: 0000 0000 | 0000 c5f8 | 7749 837f | 0800 0f84 | 0500 0000 | e987 37ff | ff4c 8b6d | c04c 8b75 
  0x0000026d11c6d740: c84e 8d74 | f500 c348 | b940 d5c2 | f5ff 7f00 | 0048 83e4 | f048 b860 | 4a89 f5ff | 7f00 00ff 
  0x0000026d11c6d760: d0f4 4c89 | 6dc0 4c8b | 4a08 48c7 | 4208 0000 | 0000 458b | 8718 0600 | 004f 3b4c | 07f8 0f85 
  0x0000026d11c6d780: 4900 0000 | 4183 af18 | 0600 0008 | 4f3b 4c07 | f00f 842a | 0000 0049 | 8b01 a802 | 0f85 1200 
  0x0000026d11c6d7a0: 0000 4c8b | c049 83c8 | 01f0 4d0f | b101 0f84 | 0d00 0000 | 4183 8718 | 0600 0008 | e90c 0000 
  0x0000026d11c6d7c0: 0049 ff8f | 5005 0000 | e93e 0000 | 004c 894a | 0848 8bca | 4883 ec20 | 40f6 c40f | 0f84 1900 
  0x0000026d11c6d7e0: 0000 4883 | ec08 48b8 | f03d 63f5 | ff7f 0000 | ffd0 4883 | c408 e90c | 0000 0048 | b8f0 3d63 
  0x0000026d11c6d800: f5ff 7f00 | 00ff d048 | 83c4 204c | 8b6d c049 | ba41 adea | f5ff 7f00 | 0041 803a | 000f 843e 
  0x0000026d11c6d820: 0000 0048 | 8b55 e849 | 8bcf 4883 | ec20 40f6 | c40f 0f84 | 1900 0000 | 4883 ec08 | 48b8 00ee 
  0x0000026d11c6d840: 9af5 ff7f | 0000 ffd0 | 4883 c408 | e90c 0000 | 0048 b800 | ee9a f5ff | 7f00 00ff | d048 83c4 
  0x0000026d11c6d860: 2048 8b04 | 2448 83c4 | 10c5 fb10 | 0424 4883 | c410 4c8b | 5d18 41ff | d34c 8b5d | f8c9 5f49 
  0x0000026d11c6d880: 8be3 ffe7 | ba00 0000 | 00e8 0500 | 0000 e996 | 0000 0048 | 8d44 2408 | 4c89 6dc0 | 498b cfc5 
  0x0000026d11c6d8a0: f877 4989 | afb0 0300 | 0049 8987 | a003 0000 | 4883 ec20 | 40f6 c40f | 0f84 1900 | 0000 4883 
  0x0000026d11c6d8c0: ec08 48b8 | a031 63f5 | ff7f 0000 | ffd0 4883 | c408 e90c | 0000 0048 | b8a0 3163 | f5ff 7f00 
  0x0000026d11c6d8e0: 00ff d048 | 83c4 2049 | c787 a003 | 0000 0000 | 0000 49c7 | 87b0 0300 | 0000 0000 | 0049 c787 
  0x0000026d11c6d900: a803 0000 | 0000 0000 | c5f8 7749 | 837f 0800 | 0f84 0500 | 0000 e9a5 | 35ff ff4c | 8b6d c04c 
  0x0000026d11c6d920: 8b75 c84e | 8d74 f500 | c348 8b5d | e8e9 26f6 | ffff 660f | 1f44 0000 
[/MachCode]

---------------  P R O C E S S  ---------------

Threads class SMR info:
_java_thread_list=0x0000026d4ac84df0, length=26, elements={
0x0000026d7fce1c00, 0x0000026d437816d0, 0x0000026d437825a0, 0x0000026d43784910,
0x0000026d437855f0, 0x0000026d437863b0, 0x0000026d43788fc0, 0x0000026d4379ff50,
0x0000026d437a2750, 0x0000026d4385d190, 0x0000026d43789650, 0x0000026d43947ea0,
0x0000026d43948d80, 0x0000026d43789ce0, 0x0000026d4378bdb0, 0x0000026d4378c440,
0x0000026d4378b720, 0x0000026d4aeb0e30, 0x0000026d4ae56d20, 0x0000026d4ae573e0,
0x0000026d4ae28ad0, 0x0000026d4ada6070, 0x0000026d4378b090, 0x0000026d4af1dec0,
0x0000026d4af182e0, 0x0000026d4af1a3b0
}

Java Threads: ( => current thread )
=>0x0000026d7fce1c00 JavaThread "main"                              [_thread_in_native, id=75892, stack(0x000000a752a00000,0x000000a752b00000) (1024K)]
  0x0000026d437816d0 JavaThread "Reference Handler"          daemon [_thread_blocked, id=66760, stack(0x000000a753200000,0x000000a753300000) (1024K)]
  0x0000026d437825a0 JavaThread "Finalizer"                  daemon [_thread_blocked, id=86756, stack(0x000000a753300000,0x000000a753400000) (1024K)]
  0x0000026d43784910 JavaThread "Signal Dispatcher"          daemon [_thread_blocked, id=65984, stack(0x000000a753400000,0x000000a753500000) (1024K)]
  0x0000026d437855f0 JavaThread "Attach Listener"            daemon [_thread_blocked, id=18620, stack(0x000000a753500000,0x000000a753600000) (1024K)]
  0x0000026d437863b0 JavaThread "Service Thread"             daemon [_thread_blocked, id=60884, stack(0x000000a753600000,0x000000a753700000) (1024K)]
  0x0000026d43788fc0 JavaThread "Monitor Deflation Thread"   daemon [_thread_blocked, id=81508, stack(0x000000a753700000,0x000000a753800000) (1024K)]
  0x0000026d4379ff50 JavaThread "C2 CompilerThread0"         daemon [_thread_blocked, id=75796, stack(0x000000a753800000,0x000000a753900000) (1024K)]
  0x0000026d437a2750 JavaThread "C1 CompilerThread0"         daemon [_thread_blocked, id=78668, stack(0x000000a753900000,0x000000a753a00000) (1024K)]
  0x0000026d4385d190 JavaThread "C1 CompilerThread1"         daemon [_thread_blocked, id=88760, stack(0x000000a753a00000,0x000000a753b00000) (1024K)]
  0x0000026d43789650 JavaThread "Common-Cleaner"             daemon [_thread_blocked, id=57196, stack(0x000000a753b00000,0x000000a753c00000) (1024K)]
  0x0000026d43947ea0 JavaThread "C1 CompilerThread2"         daemon [_thread_blocked, id=17260, stack(0x000000a753c00000,0x000000a753d00000) (1024K)]
  0x0000026d43948d80 JavaThread "C1 CompilerThread3"         daemon [_thread_blocked, id=65492, stack(0x000000a753d00000,0x000000a753e00000) (1024K)]
  0x0000026d43789ce0 JavaThread "Monitor Ctrl-Break"         daemon [_thread_in_native, id=65560, stack(0x000000a754000000,0x000000a754100000) (1024K)]
  0x0000026d4378bdb0 JavaThread "Notification Thread"        daemon [_thread_blocked, id=76812, stack(0x000000a754100000,0x000000a754200000) (1024K)]
  0x0000026d4378c440 JavaThread "Thread-0"                          [_thread_in_native, id=50916, stack(0x000000a754200000,0x000000a754300000) (1024K)]
  0x0000026d4378b720 JavaThread "Thread-1"                   daemon [_thread_blocked, id=78384, stack(0x000000a754900000,0x000000a754a00000) (1024K)]
  0x0000026d4aeb0e30 JavaThread "C2 CompilerThread1"         daemon [_thread_blocked, id=83428, stack(0x000000a753e00000,0x000000a753f00000) (1024K)]
  0x0000026d4ae56d20 JavaThread "C2 CompilerThread2"         daemon [_thread_blocked, id=78908, stack(0x000000a753f00000,0x000000a754000000) (1024K)]
  0x0000026d4ae573e0 JavaThread "C2 CompilerThread3"         daemon [_thread_blocked, id=61616, stack(0x000000a754d00000,0x000000a754e00000) (1024K)]
  0x0000026d4ae28ad0 JavaThread "C2 CompilerThread4"         daemon [_thread_blocked, id=70316, stack(0x000000a755200000,0x000000a755300000) (1024K)]
  0x0000026d4ada6070 JavaThread "C2 CompilerThread5"         daemon [_thread_blocked, id=13524, stack(0x000000a755300000,0x000000a755400000) (1024K)]
  0x0000026d4378b090 JavaThread "RMI TCP Accept-0"           daemon [_thread_in_native, id=30196, stack(0x000000a755400000,0x000000a755500000) (1024K)]
  0x0000026d4af1dec0 JavaThread "RMI TCP Connection(1)-192.168.1.44" daemon [_thread_in_native, id=75816, stack(0x000000a755500000,0x000000a755600000) (1024K)]
  0x0000026d4af182e0 JavaThread "RMI Scheduler(0)"           daemon [_thread_blocked, id=75212, stack(0x000000a755600000,0x000000a755700000) (1024K)]
  0x0000026d4af1a3b0 JavaThread "JMX server connection timeout 43" daemon [_thread_blocked, id=79044, stack(0x000000a755700000,0x000000a755800000) (1024K)]
Total: 26

Other Threads:
  0x0000026d43765c40 VMThread "VM Thread"                           [id=83504, stack(0x000000a753100000,0x000000a753200000) (1024K)]
  0x0000026d437536c0 WatcherThread "VM Periodic Task Thread"        [id=56004, stack(0x000000a753000000,0x000000a753100000) (1024K)]
  0x0000026d1ad7d8d0 WorkerThread "GC Thread#0"                     [id=73048, stack(0x000000a752b00000,0x000000a752c00000) (1024K)]
  0x0000026d021d0d20 ConcurrentGCThread "G1 Main Marker"            [id=84460, stack(0x000000a752c00000,0x000000a752d00000) (1024K)]
  0x0000026d021d1fd0 WorkerThread "G1 Conc#0"                       [id=90156, stack(0x000000a752d00000,0x000000a752e00000) (1024K)]
  0x0000026d1ae73570 ConcurrentGCThread "G1 Refine#0"               [id=84840, stack(0x000000a752e00000,0x000000a752f00000) (1024K)]
  0x0000026d1ae740f0 ConcurrentGCThread "G1 Service"                [id=72300, stack(0x000000a752f00000,0x000000a753000000) (1024K)]
Total: 7

Threads with active compile tasks:
Total: 0

VM state: not at safepoint (normal execution)

VM Mutex/Monitor currently owned by a thread: None

Heap address: 0x00000000a0000000, size: 30208 MB, Compressed Oops mode: Zero based, Oop shift amount: 3

CDS archive(s) mapped at: [0x0000026d80000000-0x0000026d80d70000-0x0000026d80d70000), size 14090240, SharedBaseAddress: 0x0000026d80000000, ArchiveRelocationMode: 1.
Compressed class space mapped at: 0x0000026d81000000-0x0000026dc1000000, reserved size: 1073741824
Narrow klass base: 0x0000026d80000000, Narrow klass shift: 0, Narrow klass range: 0x41000000

GC Precious Log:
 CardTable entry size: 512
 Card Set container configuration: InlinePtr #cards 3 size 8 Array Of Cards #cards 128 size 272 Howl #buckets 8 coarsen threshold 29491 Howl Bitmap #cards 4096 size 528 coarsen threshold 3686 Card regions per heap region 1 cards per card region 32768
 CPUs: 32 total, 32 available
 Memory: 127G
 Large Page Support: Disabled
 NUMA Support: Disabled
 Compressed Oops: Enabled (Zero based)
 Heap Region Size: 16M
 Heap Min Capacity: 16M
 Heap Initial Capacity: 2G
 Heap Max Capacity: 30208M
 Pre-touch: Disabled
 Parallel Workers: 23
 Concurrent Workers: 6
 Concurrent Refinement Workers: 23
 Periodic GC: Disabled

Heap:
 garbage-first heap   total reserved 30932992K, committed 2097152K, used 32768K [0x00000000a0000000, 0x0000000800000000)
  region size 16384K, 3 young (49152K), 0 survivors (0K)
 Metaspace       used 13502K, committed 13824K, reserved 1114112K
  class space    used 1311K, committed 1472K, reserved 1048576K

Heap Regions: E=young(eden), S=young(survivor), O=old, HS=humongous(starts), HC=humongous(continues), CS=collection set, F=free, TAMS=top-at-mark-start, PB=parsable bottom
|   0|0x00000000a0000000, 0x00000000a0000000, 0x00000000a1000000|  0%| F|  |TAMS 0x00000000a0000000| PB 0x00000000a0000000| Untracked |  0
|   1|0x00000000a1000000, 0x00000000a1000000, 0x00000000a2000000|  0%| F|  |TAMS 0x00000000a1000000| PB 0x00000000a1000000| Untracked |  0
|   2|0x00000000a2000000, 0x00000000a2000000, 0x00000000a3000000|  0%| F|  |TAMS 0x00000000a2000000| PB 0x00000000a2000000| Untracked |  0
|   3|0x00000000a3000000, 0x00000000a3000000, 0x00000000a4000000|  0%| F|  |TAMS 0x00000000a3000000| PB 0x00000000a3000000| Untracked |  0
|   4|0x00000000a4000000, 0x00000000a4000000, 0x00000000a5000000|  0%| F|  |TAMS 0x00000000a4000000| PB 0x00000000a4000000| Untracked |  0
|   5|0x00000000a5000000, 0x00000000a5000000, 0x00000000a6000000|  0%| F|  |TAMS 0x00000000a5000000| PB 0x00000000a5000000| Untracked |  0
|   6|0x00000000a6000000, 0x00000000a6000000, 0x00000000a7000000|  0%| F|  |TAMS 0x00000000a6000000| PB 0x00000000a6000000| Untracked |  0
|   7|0x00000000a7000000, 0x00000000a7000000, 0x00000000a8000000|  0%| F|  |TAMS 0x00000000a7000000| PB 0x00000000a7000000| Untracked |  0
|   8|0x00000000a8000000, 0x00000000a8000000, 0x00000000a9000000|  0%| F|  |TAMS 0x00000000a8000000| PB 0x00000000a8000000| Untracked |  0
|   9|0x00000000a9000000, 0x00000000a9000000, 0x00000000aa000000|  0%| F|  |TAMS 0x00000000a9000000| PB 0x00000000a9000000| Untracked |  0
|  10|0x00000000aa000000, 0x00000000aa000000, 0x00000000ab000000|  0%| F|  |TAMS 0x00000000aa000000| PB 0x00000000aa000000| Untracked |  0
|  11|0x00000000ab000000, 0x00000000ab000000, 0x00000000ac000000|  0%| F|  |TAMS 0x00000000ab000000| PB 0x00000000ab000000| Untracked |  0
|  12|0x00000000ac000000, 0x00000000ac000000, 0x00000000ad000000|  0%| F|  |TAMS 0x00000000ac000000| PB 0x00000000ac000000| Untracked |  0
|  13|0x00000000ad000000, 0x00000000ad000000, 0x00000000ae000000|  0%| F|  |TAMS 0x00000000ad000000| PB 0x00000000ad000000| Untracked |  0
|  14|0x00000000ae000000, 0x00000000ae000000, 0x00000000af000000|  0%| F|  |TAMS 0x00000000ae000000| PB 0x00000000ae000000| Untracked |  0
|  15|0x00000000af000000, 0x00000000af000000, 0x00000000b0000000|  0%| F|  |TAMS 0x00000000af000000| PB 0x00000000af000000| Untracked |  0
|  16|0x00000000b0000000, 0x00000000b0000000, 0x00000000b1000000|  0%| F|  |TAMS 0x00000000b0000000| PB 0x00000000b0000000| Untracked |  0
|  17|0x00000000b1000000, 0x00000000b1000000, 0x00000000b2000000|  0%| F|  |TAMS 0x00000000b1000000| PB 0x00000000b1000000| Untracked |  0
|  18|0x00000000b2000000, 0x00000000b2000000, 0x00000000b3000000|  0%| F|  |TAMS 0x00000000b2000000| PB 0x00000000b2000000| Untracked |  0
|  19|0x00000000b3000000, 0x00000000b3000000, 0x00000000b4000000|  0%| F|  |TAMS 0x00000000b3000000| PB 0x00000000b3000000| Untracked |  0
|  20|0x00000000b4000000, 0x00000000b4000000, 0x00000000b5000000|  0%| F|  |TAMS 0x00000000b4000000| PB 0x00000000b4000000| Untracked |  0
|  21|0x00000000b5000000, 0x00000000b5000000, 0x00000000b6000000|  0%| F|  |TAMS 0x00000000b5000000| PB 0x00000000b5000000| Untracked |  0
|  22|0x00000000b6000000, 0x00000000b6000000, 0x00000000b7000000|  0%| F|  |TAMS 0x00000000b6000000| PB 0x00000000b6000000| Untracked |  0
|  23|0x00000000b7000000, 0x00000000b7000000, 0x00000000b8000000|  0%| F|  |TAMS 0x00000000b7000000| PB 0x00000000b7000000| Untracked |  0
|  24|0x00000000b8000000, 0x00000000b8000000, 0x00000000b9000000|  0%| F|  |TAMS 0x00000000b8000000| PB 0x00000000b8000000| Untracked |  0
|  25|0x00000000b9000000, 0x00000000b9000000, 0x00000000ba000000|  0%| F|  |TAMS 0x00000000b9000000| PB 0x00000000b9000000| Untracked |  0
|  26|0x00000000ba000000, 0x00000000ba000000, 0x00000000bb000000|  0%| F|  |TAMS 0x00000000ba000000| PB 0x00000000ba000000| Untracked |  0
|  27|0x00000000bb000000, 0x00000000bb000000, 0x00000000bc000000|  0%| F|  |TAMS 0x00000000bb000000| PB 0x00000000bb000000| Untracked |  0
|  28|0x00000000bc000000, 0x00000000bc000000, 0x00000000bd000000|  0%| F|  |TAMS 0x00000000bc000000| PB 0x00000000bc000000| Untracked |  0
|  29|0x00000000bd000000, 0x00000000bd000000, 0x00000000be000000|  0%| F|  |TAMS 0x00000000bd000000| PB 0x00000000bd000000| Untracked |  0
|  30|0x00000000be000000, 0x00000000be000000, 0x00000000bf000000|  0%| F|  |TAMS 0x00000000be000000| PB 0x00000000be000000| Untracked |  0
|  31|0x00000000bf000000, 0x00000000bf000000, 0x00000000c0000000|  0%| F|  |TAMS 0x00000000bf000000| PB 0x00000000bf000000| Untracked |  0
|  32|0x00000000c0000000, 0x00000000c0000000, 0x00000000c1000000|  0%| F|  |TAMS 0x00000000c0000000| PB 0x00000000c0000000| Untracked |  0
|  33|0x00000000c1000000, 0x00000000c1000000, 0x00000000c2000000|  0%| F|  |TAMS 0x00000000c1000000| PB 0x00000000c1000000| Untracked |  0
|  34|0x00000000c2000000, 0x00000000c2000000, 0x00000000c3000000|  0%| F|  |TAMS 0x00000000c2000000| PB 0x00000000c2000000| Untracked |  0
|  35|0x00000000c3000000, 0x00000000c3000000, 0x00000000c4000000|  0%| F|  |TAMS 0x00000000c3000000| PB 0x00000000c3000000| Untracked |  0
|  36|0x00000000c4000000, 0x00000000c4000000, 0x00000000c5000000|  0%| F|  |TAMS 0x00000000c4000000| PB 0x00000000c4000000| Untracked |  0
|  37|0x00000000c5000000, 0x00000000c5000000, 0x00000000c6000000|  0%| F|  |TAMS 0x00000000c5000000| PB 0x00000000c5000000| Untracked |  0
|  38|0x00000000c6000000, 0x00000000c6000000, 0x00000000c7000000|  0%| F|  |TAMS 0x00000000c6000000| PB 0x00000000c6000000| Untracked |  0
|  39|0x00000000c7000000, 0x00000000c7000000, 0x00000000c8000000|  0%| F|  |TAMS 0x00000000c7000000| PB 0x00000000c7000000| Untracked |  0
|  40|0x00000000c8000000, 0x00000000c8000000, 0x00000000c9000000|  0%| F|  |TAMS 0x00000000c8000000| PB 0x00000000c8000000| Untracked |  0
|  41|0x00000000c9000000, 0x00000000c9000000, 0x00000000ca000000|  0%| F|  |TAMS 0x00000000c9000000| PB 0x00000000c9000000| Untracked |  0
|  42|0x00000000ca000000, 0x00000000ca000000, 0x00000000cb000000|  0%| F|  |TAMS 0x00000000ca000000| PB 0x00000000ca000000| Untracked |  0
|  43|0x00000000cb000000, 0x00000000cb000000, 0x00000000cc000000|  0%| F|  |TAMS 0x00000000cb000000| PB 0x00000000cb000000| Untracked |  0
|  44|0x00000000cc000000, 0x00000000cc000000, 0x00000000cd000000|  0%| F|  |TAMS 0x00000000cc000000| PB 0x00000000cc000000| Untracked |  0
|  45|0x00000000cd000000, 0x00000000cd000000, 0x00000000ce000000|  0%| F|  |TAMS 0x00000000cd000000| PB 0x00000000cd000000| Untracked |  0
|  46|0x00000000ce000000, 0x00000000ce000000, 0x00000000cf000000|  0%| F|  |TAMS 0x00000000ce000000| PB 0x00000000ce000000| Untracked |  0
|  47|0x00000000cf000000, 0x00000000cf000000, 0x00000000d0000000|  0%| F|  |TAMS 0x00000000cf000000| PB 0x00000000cf000000| Untracked |  0
|  48|0x00000000d0000000, 0x00000000d0000000, 0x00000000d1000000|  0%| F|  |TAMS 0x00000000d0000000| PB 0x00000000d0000000| Untracked |  0
|  49|0x00000000d1000000, 0x00000000d1000000, 0x00000000d2000000|  0%| F|  |TAMS 0x00000000d1000000| PB 0x00000000d1000000| Untracked |  0
|  50|0x00000000d2000000, 0x00000000d2000000, 0x00000000d3000000|  0%| F|  |TAMS 0x00000000d2000000| PB 0x00000000d2000000| Untracked |  0
|  51|0x00000000d3000000, 0x00000000d3000000, 0x00000000d4000000|  0%| F|  |TAMS 0x00000000d3000000| PB 0x00000000d3000000| Untracked |  0
|  52|0x00000000d4000000, 0x00000000d4000000, 0x00000000d5000000|  0%| F|  |TAMS 0x00000000d4000000| PB 0x00000000d4000000| Untracked |  0
|  53|0x00000000d5000000, 0x00000000d5000000, 0x00000000d6000000|  0%| F|  |TAMS 0x00000000d5000000| PB 0x00000000d5000000| Untracked |  0
|  54|0x00000000d6000000, 0x00000000d6000000, 0x00000000d7000000|  0%| F|  |TAMS 0x00000000d6000000| PB 0x00000000d6000000| Untracked |  0
|  55|0x00000000d7000000, 0x00000000d7000000, 0x00000000d8000000|  0%| F|  |TAMS 0x00000000d7000000| PB 0x00000000d7000000| Untracked |  0
|  56|0x00000000d8000000, 0x00000000d8000000, 0x00000000d9000000|  0%| F|  |TAMS 0x00000000d8000000| PB 0x00000000d8000000| Untracked |  0
|  57|0x00000000d9000000, 0x00000000d9000000, 0x00000000da000000|  0%| F|  |TAMS 0x00000000d9000000| PB 0x00000000d9000000| Untracked |  0
|  58|0x00000000da000000, 0x00000000da000000, 0x00000000db000000|  0%| F|  |TAMS 0x00000000da000000| PB 0x00000000da000000| Untracked |  0
|  59|0x00000000db000000, 0x00000000db000000, 0x00000000dc000000|  0%| F|  |TAMS 0x00000000db000000| PB 0x00000000db000000| Untracked |  0
|  60|0x00000000dc000000, 0x00000000dc000000, 0x00000000dd000000|  0%| F|  |TAMS 0x00000000dc000000| PB 0x00000000dc000000| Untracked |  0
|  61|0x00000000dd000000, 0x00000000dd000000, 0x00000000de000000|  0%| F|  |TAMS 0x00000000dd000000| PB 0x00000000dd000000| Untracked |  0
|  62|0x00000000de000000, 0x00000000de000000, 0x00000000df000000|  0%| F|  |TAMS 0x00000000de000000| PB 0x00000000de000000| Untracked |  0
|  63|0x00000000df000000, 0x00000000df000000, 0x00000000e0000000|  0%| F|  |TAMS 0x00000000df000000| PB 0x00000000df000000| Untracked |  0
|  64|0x00000000e0000000, 0x00000000e0000000, 0x00000000e1000000|  0%| F|  |TAMS 0x00000000e0000000| PB 0x00000000e0000000| Untracked |  0
|  65|0x00000000e1000000, 0x00000000e1000000, 0x00000000e2000000|  0%| F|  |TAMS 0x00000000e1000000| PB 0x00000000e1000000| Untracked |  0
|  66|0x00000000e2000000, 0x00000000e2000000, 0x00000000e3000000|  0%| F|  |TAMS 0x00000000e2000000| PB 0x00000000e2000000| Untracked |  0
|  67|0x00000000e3000000, 0x00000000e3000000, 0x00000000e4000000|  0%| F|  |TAMS 0x00000000e3000000| PB 0x00000000e3000000| Untracked |  0
|  68|0x00000000e4000000, 0x00000000e4000000, 0x00000000e5000000|  0%| F|  |TAMS 0x00000000e4000000| PB 0x00000000e4000000| Untracked |  0
|  69|0x00000000e5000000, 0x00000000e5000000, 0x00000000e6000000|  0%| F|  |TAMS 0x00000000e5000000| PB 0x00000000e5000000| Untracked |  0
|  70|0x00000000e6000000, 0x00000000e6000000, 0x00000000e7000000|  0%| F|  |TAMS 0x00000000e6000000| PB 0x00000000e6000000| Untracked |  0
|  71|0x00000000e7000000, 0x00000000e7000000, 0x00000000e8000000|  0%| F|  |TAMS 0x00000000e7000000| PB 0x00000000e7000000| Untracked |  0
|  72|0x00000000e8000000, 0x00000000e8000000, 0x00000000e9000000|  0%| F|  |TAMS 0x00000000e8000000| PB 0x00000000e8000000| Untracked |  0
|  73|0x00000000e9000000, 0x00000000e9000000, 0x00000000ea000000|  0%| F|  |TAMS 0x00000000e9000000| PB 0x00000000e9000000| Untracked |  0
|  74|0x00000000ea000000, 0x00000000ea000000, 0x00000000eb000000|  0%| F|  |TAMS 0x00000000ea000000| PB 0x00000000ea000000| Untracked |  0
|  75|0x00000000eb000000, 0x00000000eb000000, 0x00000000ec000000|  0%| F|  |TAMS 0x00000000eb000000| PB 0x00000000eb000000| Untracked |  0
|  76|0x00000000ec000000, 0x00000000ec000000, 0x00000000ed000000|  0%| F|  |TAMS 0x00000000ec000000| PB 0x00000000ec000000| Untracked |  0
|  77|0x00000000ed000000, 0x00000000ed000000, 0x00000000ee000000|  0%| F|  |TAMS 0x00000000ed000000| PB 0x00000000ed000000| Untracked |  0
|  78|0x00000000ee000000, 0x00000000ee000000, 0x00000000ef000000|  0%| F|  |TAMS 0x00000000ee000000| PB 0x00000000ee000000| Untracked |  0
|  79|0x00000000ef000000, 0x00000000ef000000, 0x00000000f0000000|  0%| F|  |TAMS 0x00000000ef000000| PB 0x00000000ef000000| Untracked |  0
|  80|0x00000000f0000000, 0x00000000f0000000, 0x00000000f1000000|  0%| F|  |TAMS 0x00000000f0000000| PB 0x00000000f0000000| Untracked |  0
|  81|0x00000000f1000000, 0x00000000f1000000, 0x00000000f2000000|  0%| F|  |TAMS 0x00000000f1000000| PB 0x00000000f1000000| Untracked |  0
|  82|0x00000000f2000000, 0x00000000f2000000, 0x00000000f3000000|  0%| F|  |TAMS 0x00000000f2000000| PB 0x00000000f2000000| Untracked |  0
|  83|0x00000000f3000000, 0x00000000f3000000, 0x00000000f4000000|  0%| F|  |TAMS 0x00000000f3000000| PB 0x00000000f3000000| Untracked |  0
|  84|0x00000000f4000000, 0x00000000f4000000, 0x00000000f5000000|  0%| F|  |TAMS 0x00000000f4000000| PB 0x00000000f4000000| Untracked |  0
|  85|0x00000000f5000000, 0x00000000f5000000, 0x00000000f6000000|  0%| F|  |TAMS 0x00000000f5000000| PB 0x00000000f5000000| Untracked |  0
|  86|0x00000000f6000000, 0x00000000f6000000, 0x00000000f7000000|  0%| F|  |TAMS 0x00000000f6000000| PB 0x00000000f6000000| Untracked |  0
|  87|0x00000000f7000000, 0x00000000f7000000, 0x00000000f8000000|  0%| F|  |TAMS 0x00000000f7000000| PB 0x00000000f7000000| Untracked |  0
|  88|0x00000000f8000000, 0x00000000f8000000, 0x00000000f9000000|  0%| F|  |TAMS 0x00000000f8000000| PB 0x00000000f8000000| Untracked |  0
|  89|0x00000000f9000000, 0x00000000f9000000, 0x00000000fa000000|  0%| F|  |TAMS 0x00000000f9000000| PB 0x00000000f9000000| Untracked |  0
|  90|0x00000000fa000000, 0x00000000fa000000, 0x00000000fb000000|  0%| F|  |TAMS 0x00000000fa000000| PB 0x00000000fa000000| Untracked |  0
|  91|0x00000000fb000000, 0x00000000fb000000, 0x00000000fc000000|  0%| F|  |TAMS 0x00000000fb000000| PB 0x00000000fb000000| Untracked |  0
|  92|0x00000000fc000000, 0x00000000fc000000, 0x00000000fd000000|  0%| F|  |TAMS 0x00000000fc000000| PB 0x00000000fc000000| Untracked |  0
|  93|0x00000000fd000000, 0x00000000fd000000, 0x00000000fe000000|  0%| F|  |TAMS 0x00000000fd000000| PB 0x00000000fd000000| Untracked |  0
|  94|0x00000000fe000000, 0x00000000fe000000, 0x00000000ff000000|  0%| F|  |TAMS 0x00000000fe000000| PB 0x00000000fe000000| Untracked |  0
|  95|0x00000000ff000000, 0x00000000ff000000, 0x0000000100000000|  0%| F|  |TAMS 0x00000000ff000000| PB 0x00000000ff000000| Untracked |  0
|  96|0x0000000100000000, 0x0000000100000000, 0x0000000101000000|  0%| F|  |TAMS 0x0000000100000000| PB 0x0000000100000000| Untracked |  0
|  97|0x0000000101000000, 0x0000000101000000, 0x0000000102000000|  0%| F|  |TAMS 0x0000000101000000| PB 0x0000000101000000| Untracked |  0
|  98|0x0000000102000000, 0x0000000102000000, 0x0000000103000000|  0%| F|  |TAMS 0x0000000102000000| PB 0x0000000102000000| Untracked |  0
|  99|0x0000000103000000, 0x0000000103000000, 0x0000000104000000|  0%| F|  |TAMS 0x0000000103000000| PB 0x0000000103000000| Untracked |  0
| 100|0x0000000104000000, 0x0000000104000000, 0x0000000105000000|  0%| F|  |TAMS 0x0000000104000000| PB 0x0000000104000000| Untracked |  0
| 101|0x0000000105000000, 0x0000000105000000, 0x0000000106000000|  0%| F|  |TAMS 0x0000000105000000| PB 0x0000000105000000| Untracked |  0
| 102|0x0000000106000000, 0x0000000106000000, 0x0000000107000000|  0%| F|  |TAMS 0x0000000106000000| PB 0x0000000106000000| Untracked |  0
| 103|0x0000000107000000, 0x0000000107000000, 0x0000000108000000|  0%| F|  |TAMS 0x0000000107000000| PB 0x0000000107000000| Untracked |  0
| 104|0x0000000108000000, 0x0000000108000000, 0x0000000109000000|  0%| F|  |TAMS 0x0000000108000000| PB 0x0000000108000000| Untracked |  0
| 105|0x0000000109000000, 0x0000000109000000, 0x000000010a000000|  0%| F|  |TAMS 0x0000000109000000| PB 0x0000000109000000| Untracked |  0
| 106|0x000000010a000000, 0x000000010a000000, 0x000000010b000000|  0%| F|  |TAMS 0x000000010a000000| PB 0x000000010a000000| Untracked |  0
| 107|0x000000010b000000, 0x000000010b000000, 0x000000010c000000|  0%| F|  |TAMS 0x000000010b000000| PB 0x000000010b000000| Untracked |  0
| 108|0x000000010c000000, 0x000000010c000000, 0x000000010d000000|  0%| F|  |TAMS 0x000000010c000000| PB 0x000000010c000000| Untracked |  0
| 109|0x000000010d000000, 0x000000010d000000, 0x000000010e000000|  0%| F|  |TAMS 0x000000010d000000| PB 0x000000010d000000| Untracked |  0
| 110|0x000000010e000000, 0x000000010e000000, 0x000000010f000000|  0%| F|  |TAMS 0x000000010e000000| PB 0x000000010e000000| Untracked |  0
| 111|0x000000010f000000, 0x000000010f000000, 0x0000000110000000|  0%| F|  |TAMS 0x000000010f000000| PB 0x000000010f000000| Untracked |  0
| 112|0x0000000110000000, 0x0000000110000000, 0x0000000111000000|  0%| F|  |TAMS 0x0000000110000000| PB 0x0000000110000000| Untracked |  0
| 113|0x0000000111000000, 0x0000000111000000, 0x0000000112000000|  0%| F|  |TAMS 0x0000000111000000| PB 0x0000000111000000| Untracked |  0
| 114|0x0000000112000000, 0x0000000112000000, 0x0000000113000000|  0%| F|  |TAMS 0x0000000112000000| PB 0x0000000112000000| Untracked |  0
| 115|0x0000000113000000, 0x0000000113000000, 0x0000000114000000|  0%| F|  |TAMS 0x0000000113000000| PB 0x0000000113000000| Untracked |  0
| 116|0x0000000114000000, 0x0000000114000000, 0x0000000115000000|  0%| F|  |TAMS 0x0000000114000000| PB 0x0000000114000000| Untracked |  0
| 117|0x0000000115000000, 0x0000000115000000, 0x0000000116000000|  0%| F|  |TAMS 0x0000000115000000| PB 0x0000000115000000| Untracked |  0
| 118|0x0000000116000000, 0x0000000116000000, 0x0000000117000000|  0%| F|  |TAMS 0x0000000116000000| PB 0x0000000116000000| Untracked |  0
| 119|0x0000000117000000, 0x0000000117000000, 0x0000000118000000|  0%| F|  |TAMS 0x0000000117000000| PB 0x0000000117000000| Untracked |  0
| 120|0x0000000118000000, 0x0000000118000000, 0x0000000119000000|  0%| F|  |TAMS 0x0000000118000000| PB 0x0000000118000000| Untracked |  0
| 121|0x0000000119000000, 0x0000000119000000, 0x000000011a000000|  0%| F|  |TAMS 0x0000000119000000| PB 0x0000000119000000| Untracked |  0
| 122|0x000000011a000000, 0x000000011a000000, 0x000000011b000000|  0%| F|  |TAMS 0x000000011a000000| PB 0x000000011a000000| Untracked |  0
| 123|0x000000011b000000, 0x000000011b000000, 0x000000011c000000|  0%| F|  |TAMS 0x000000011b000000| PB 0x000000011b000000| Untracked |  0
| 124|0x000000011c000000, 0x000000011c000000, 0x000000011d000000|  0%| F|  |TAMS 0x000000011c000000| PB 0x000000011c000000| Untracked |  0
| 125|0x000000011d000000, 0x000000011df5c770, 0x000000011e000000| 96%| E|  |TAMS 0x000000011d000000| PB 0x000000011d000000| Complete |  0
| 126|0x000000011e000000, 0x000000011f000000, 0x000000011f000000|100%| E|CS|TAMS 0x000000011e000000| PB 0x000000011e000000| Complete |  0
| 127|0x000000011f000000, 0x0000000120000000, 0x0000000120000000|100%| E|CS|TAMS 0x000000011f000000| PB 0x000000011f000000| Complete |  0

Card table byte_map: [0x0000026d1e990000,0x0000026d22490000] _byte_map_base: 0x0000026d1e490000

Marking Bits: (CMBitMap*) 0x0000026d021bda70
 Bits: [0x0000026d22490000, 0x0000026d3fc90000)

Polling page: 0x0000026d018e0000

Metaspace:

Usage:
  Non-class:     11.91 MB used.
      Class:      1.28 MB used.
       Both:     13.19 MB used.

Virtual space:
  Non-class space:       64.00 MB reserved,      12.06 MB ( 19%) committed,  1 nodes.
      Class space:        1.00 GB reserved,       1.44 MB ( <1%) committed,  1 nodes.
             Both:        1.06 GB reserved,      13.50 MB (  1%) committed. 

Chunk freelists:
   Non-Class:  3.89 MB
       Class:  14.54 MB
        Both:  18.43 MB

MaxMetaspaceSize: unlimited
CompressedClassSpaceSize: 1.00 GB
Initial GC threshold: 21.00 MB
Current GC threshold: 21.00 MB
CDS: on
 - commit_granule_bytes: 65536.
 - commit_granule_words: 8192.
 - virtual_space_node_default_size: 8388608.
 - enlarge_chunks_in_place: 1.
 - use_allocation_guard: 0.


Internal statistics:

num_allocs_failed_limit: 0.
num_arena_births: 316.
num_arena_deaths: 0.
num_vsnodes_births: 2.
num_vsnodes_deaths: 0.
num_space_committed: 215.
num_space_uncommitted: 0.
num_chunks_returned_to_freelist: 0.
num_chunks_taken_from_freelist: 613.
num_chunk_merges: 0.
num_chunk_splits: 412.
num_chunks_enlarged: 265.
num_inconsistent_stats: 0.

CodeHeap 'non-profiled nmethods': size=118912Kb used=502Kb max_used=502Kb free=118410Kb
 bounds [0x0000026d12430000, 0x0000026d126a0000, 0x0000026d19850000]
CodeHeap 'profiled nmethods': size=118848Kb used=2402Kb max_used=2402Kb free=116445Kb
 bounds [0x0000026d0a850000, 0x0000026d0aac0000, 0x0000026d11c60000]
CodeHeap 'non-nmethods': size=8000Kb used=3965Kb max_used=3965Kb free=4034Kb
 bounds [0x0000026d11c60000, 0x0000026d12050000, 0x0000026d12430000]
CodeCache: size=245760Kb, used=6869Kb, max_used=6869Kb, free=238889Kb
 total_blobs=3103, nmethods=1847, adapters=1158, full_count=0
Compilation: enabled, stopped_count=0, restarted_count=0

Compilation events (20 events):
Event: 1.224 Thread 0x0000026d437a2750 1826       1       java.lang.reflect.Constructor::getDeclaringClass (5 bytes)
Event: 1.224 Thread 0x0000026d437a2750 nmethod 1826 0x0000026d124aa888 code [0x0000026d124aa9a0, 0x0000026d124aaa70]
Event: 1.225 Thread 0x0000026d437a2750 1828       3       java.nio.Buffer::nextGetIndex (30 bytes)
Event: 1.225 Thread 0x0000026d43947ea0 1829   !   3       java.nio.DirectByteBuffer::get (33 bytes)
Event: 1.225 Thread 0x0000026d437a2750 nmethod 1828 0x0000026d0aaa2508 code [0x0000026d0aaa2640, 0x0000026d0aaa2860]
Event: 1.225 Thread 0x0000026d43947ea0 nmethod 1829 0x0000026d0aaa2888 code [0x0000026d0aaa2a80, 0x0000026d0aaa34a0]
Event: 1.228 Thread 0x0000026d437a2750 1830       3       java.io.ObjectStreamClass::requireInitialized (19 bytes)
Event: 1.228 Thread 0x0000026d437a2750 nmethod 1830 0x0000026d0aaa3508 code [0x0000026d0aaa3640, 0x0000026d0aaa3848]
Event: 1.229 Thread 0x0000026d437a2750 1835       3       java.lang.invoke.LambdaForm$Name::<init> (19 bytes)
Event: 1.229 Thread 0x0000026d43947ea0 1837       3       jdk.internal.org.objectweb.asm.MethodWriter::computeAllFrames (510 bytes)
Event: 1.229 Thread 0x0000026d437a2750 nmethod 1835 0x0000026d0aaa3888 code [0x0000026d0aaa3a40, 0x0000026d0aaa42a8]
Event: 1.230 Thread 0x0000026d43947ea0 nmethod 1837 0x0000026d0aaa4388 code [0x0000026d0aaa4660, 0x0000026d0aaa5a20]
Event: 1.236 Thread 0x0000026d43947ea0 1839       1       java.lang.invoke.ClassSpecializer$SpeciesData::getterFunctions (5 bytes)
Event: 1.236 Thread 0x0000026d43947ea0 nmethod 1839 0x0000026d124ac308 code [0x0000026d124ac420, 0x0000026d124ac4f0]
Event: 1.236 Thread 0x0000026d43947ea0 1840       3       java.lang.invoke.InvokerBytecodeGenerator::assertStaticType (58 bytes)
Event: 1.236 Thread 0x0000026d43947ea0 nmethod 1840 0x0000026d0aaa5a88 code [0x0000026d0aaa5be0, 0x0000026d0aaa6088]
Event: 1.283 Thread 0x0000026d43947ea0 1847  s!   3       jdk.internal.loader.URLClassPath::getLoader (194 bytes)
Event: 1.284 Thread 0x0000026d43947ea0 nmethod 1847 0x0000026d0aaa6108 code [0x0000026d0aaa6380, 0x0000026d0aaa79e0]
Event: 1.285 Thread 0x0000026d43947ea0 1848  s    3       java.io.FileDescriptor::attach (73 bytes)
Event: 1.285 Thread 0x0000026d43947ea0 nmethod 1848 0x0000026d0aaa7a88 code [0x0000026d0aaa7c40, 0x0000026d0aaa8820]

GC Heap History (0 events):
No events

Dll operation events (17 events):
Event: 0.008 Loaded shared library C:\Program Files\Java\jdk-23\bin\java.dll
Event: 0.032 Loaded shared library C:\Program Files\Java\jdk-23\bin\jsvml.dll
Event: 0.049 Loaded shared library C:\Program Files\Java\jdk-23\bin\zip.dll
Event: 0.051 Loaded shared library C:\Program Files\Java\jdk-23\bin\instrument.dll
Event: 0.054 Loaded shared library C:\Program Files\Java\jdk-23\bin\net.dll
Event: 0.055 Loaded shared library C:\Program Files\Java\jdk-23\bin\nio.dll
Event: 0.057 Loaded shared library C:\Program Files\Java\jdk-23\bin\zip.dll
Event: 0.062 Loaded shared library C:\Program Files\JetBrains\IntelliJ IDEA 2024.2.4\bin\breakgen64.dll
Event: 0.067 Loaded shared library C:\Program Files\Java\jdk-23\bin\extnet.dll
Event: 0.082 Loaded shared library C:\Program Files\Java\jdk-23\bin\jimage.dll
Event: 0.097 Loaded shared library C:\Users\htmlp\AppData\Local\Temp\libgdxVis-Australis\8d3b5089\gdx64.dll
Event: 0.115 Loaded shared library D:\Project 1159 - 11.59 - AOC3\Age of History 3\AOC3 Source\src\windows\x64\org\lwjgl\lwjgl.dll
Event: 0.468 Loaded shared library D:\Project 1159 - 11.59 - AOC3\Age of History 3\AOC3 Source\src\windows\x64\org\lwjgl\opengl\lwjgl_opengl.dll
Event: 0.980 Loaded shared library C:\Users\htmlp\AppData\Local\Temp\steamworks4j\1.9.0\steam_api64.dll
Event: 1.044 Loaded shared library C:\Users\htmlp\AppData\Local\Temp\steamworks4j\1.9.0\steamworks4j64.dll
Event: 1.054 Loaded shared library C:\Program Files\Java\jdk-23\bin\management.dll
Event: 1.060 Loaded shared library C:\Program Files\Java\jdk-23\bin\management_ext.dll

Deoptimization events (20 events):
Event: 1.169 Thread 0x0000026d437855f0 Uncommon trap: trap_request=0xffffffde fr.pc=0x0000026d12480bb0 relative=0x0000000000000c30
Event: 1.169 Thread 0x0000026d437855f0 Uncommon trap: reason=class_check action=maybe_recompile pc=0x0000026d12480bb0 method=java.util.HashMap.putVal(ILjava/lang/Object;Ljava/lang/Object;ZZ)Ljava/lang/Object; @ 91 c2
Event: 1.169 Thread 0x0000026d437855f0 DEOPT PACKING pc=0x0000026d12480bb0 sp=0x000000a7535fdd10
Event: 1.169 Thread 0x0000026d437855f0 DEOPT UNPACKING pc=0x0000026d11cb4402 sp=0x000000a7535fdc58 mode 2
Event: 1.169 Thread 0x0000026d437855f0 Uncommon trap: trap_request=0xffffffde fr.pc=0x0000026d1249cd28 relative=0x0000000000000108
Event: 1.169 Thread 0x0000026d437855f0 Uncommon trap: reason=class_check action=maybe_recompile pc=0x0000026d1249cd28 method=jdk.internal.misc.Unsafe.allocateUninitializedArray(Ljava/lang/Class;I)Ljava/lang/Object; @ 51 c2
Event: 1.169 Thread 0x0000026d437855f0 DEOPT PACKING pc=0x0000026d1249cd28 sp=0x000000a7535fd0c0
Event: 1.169 Thread 0x0000026d437855f0 DEOPT UNPACKING pc=0x0000026d11cb4402 sp=0x000000a7535fd038 mode 2
Event: 1.169 Thread 0x0000026d437855f0 Uncommon trap: trap_request=0xffffffde fr.pc=0x0000026d1249cd28 relative=0x0000000000000108
Event: 1.169 Thread 0x0000026d437855f0 Uncommon trap: reason=class_check action=maybe_recompile pc=0x0000026d1249cd28 method=jdk.internal.misc.Unsafe.allocateUninitializedArray(Ljava/lang/Class;I)Ljava/lang/Object; @ 51 c2
Event: 1.169 Thread 0x0000026d437855f0 DEOPT PACKING pc=0x0000026d1249cd28 sp=0x000000a7535fceb0
Event: 1.169 Thread 0x0000026d437855f0 DEOPT UNPACKING pc=0x0000026d11cb4402 sp=0x000000a7535fce28 mode 2
Event: 1.169 Thread 0x0000026d437855f0 Uncommon trap: trap_request=0xffffffde fr.pc=0x0000026d1249cd28 relative=0x0000000000000108
Event: 1.169 Thread 0x0000026d437855f0 Uncommon trap: reason=class_check action=maybe_recompile pc=0x0000026d1249cd28 method=jdk.internal.misc.Unsafe.allocateUninitializedArray(Ljava/lang/Class;I)Ljava/lang/Object; @ 51 c2
Event: 1.169 Thread 0x0000026d437855f0 DEOPT PACKING pc=0x0000026d1249cd28 sp=0x000000a7535fceb0
Event: 1.169 Thread 0x0000026d437855f0 DEOPT UNPACKING pc=0x0000026d11cb4402 sp=0x000000a7535fce28 mode 2
Event: 1.170 Thread 0x0000026d437855f0 Uncommon trap: trap_request=0xffffff6e fr.pc=0x0000026d12461920 relative=0x0000000000000180
Event: 1.170 Thread 0x0000026d437855f0 Uncommon trap: reason=loop_limit_check action=maybe_recompile pc=0x0000026d12461920 method=java.lang.StringLatin1.lastIndexOf([BII)I @ 19 c2
Event: 1.170 Thread 0x0000026d437855f0 DEOPT PACKING pc=0x0000026d12461920 sp=0x000000a7535fddd0
Event: 1.170 Thread 0x0000026d437855f0 DEOPT UNPACKING pc=0x0000026d11cb4402 sp=0x000000a7535fdd50 mode 2

Classes loaded (20 events):
Event: 1.213 Loading class javax/management/remote/JMXConnectionNotification
Event: 1.213 Loading class javax/management/remote/JMXConnectionNotification done
Event: 1.214 Loading class sun/rmi/transport/DGCAckHandler
Event: 1.214 Loading class sun/rmi/transport/DGCAckHandler done
Event: 1.215 Loading class sun/rmi/transport/DGCAckHandler$1
Event: 1.215 Loading class sun/rmi/transport/DGCAckHandler$1 done
Event: 1.224 Loading class java/nio/charset/CharacterCodingException
Event: 1.224 Loading class java/nio/charset/CharacterCodingException done
Event: 1.224 Loading class java/util/stream/IntStream
Event: 1.224 Loading class java/util/stream/IntStream done
Event: 1.227 Loading class javax/management/MalformedObjectNameException
Event: 1.227 Loading class javax/management/MalformedObjectNameException done
Event: 1.229 Loading class javax/management/remote/rmi/RMIConnectionImpl$PrivilegedOperation
Event: 1.229 Loading class javax/management/remote/rmi/RMIConnectionImpl$PrivilegedOperation done
Event: 1.236 Loading class sun/reflect/misc/MethodUtil
Event: 1.236 Loading class sun/reflect/misc/MethodUtil done
Event: 1.236 Loading class sun/reflect/misc/MethodUtil$1
Event: 1.237 Loading class sun/reflect/misc/MethodUtil$1 done
Event: 1.237 Loading class java/security/AllPermissionCollection
Event: 1.237 Loading class java/security/AllPermissionCollection done

Classes unloaded (0 events):
No events

Classes redefined (0 events):
No events

Internal exceptions (20 events):
Event: 0.801 Thread 0x0000026d7fce1c00 Exception <a 'java/lang/NoSuchMethodError'{0x000000011ea5ba70}: 'void java.lang.invoke.DelegatingMethodHandle$Holder.reinvoke_L(java.lang.Object, java.lang.Object, float)'> (0x000000011ea5ba70) 
thrown [s\open\src\hotspot\share\interpreter\linkResolver.cpp, line 796]
Event: 0.807 Thread 0x0000026d7fce1c00 Exception <a 'java/lang/NoSuchMethodError'{0x000000011ea9d618}: 'void java.lang.invoke.Invokers$Holder.invokeExact_MT(java.lang.Object, java.lang.Object, java.lang.Object, java.lang.Object)'> (0x000000011ea9d618) 
thrown [s\open\src\hotspot\share\interpreter\linkResolver.cpp, line 796]
Event: 0.885 Thread 0x0000026d7fce1c00 Exception <a 'java/lang/NoSuchMethodError'{0x000000011edd6708}: 'java.lang.Object java.lang.invoke.DirectMethodHandle$Holder.invokeStaticInit(java.lang.Object, int, int, int, int)'> (0x000000011edd6708) 
thrown [s\open\src\hotspot\share\interpreter\linkResolver.cpp, line 796]
Event: 0.892 Thread 0x0000026d7fce1c00 Exception <a 'java/lang/NoSuchMethodError'{0x000000011edf4ea0}: 'java.lang.Object java.lang.invoke.DirectMethodHandle$Holder.invokeStaticInit(java.lang.Object, java.lang.Object, int, int, int, int)'> (0x000000011edf4ea0) 
thrown [s\open\src\hotspot\share\interpreter\linkResolver.cpp, line 796]
Event: 0.897 Thread 0x0000026d437855f0 Exception <a 'java/lang/NoSuchMethodError'{0x000000011eff46c8}: 'java.lang.Object java.lang.invoke.DirectMethodHandle$Holder.invokeStaticInit(java.lang.Object, int)'> (0x000000011eff46c8) 
thrown [s\open\src\hotspot\share\interpreter\linkResolver.cpp, line 796]
Event: 1.061 Thread 0x0000026d437855f0 Exception <a 'java/lang/NoSuchMethodError'{0x000000011d067238}: 'int java.lang.invoke.DirectMethodHandle$Holder.invokeInterface(java.lang.Object, java.lang.Object)'> (0x000000011d067238) 
thrown [s\open\src\hotspot\share\interpreter\linkResolver.cpp, line 796]
Event: 1.061 Thread 0x0000026d437855f0 Exception <a 'java/lang/IncompatibleClassChangeError'{0x000000011d06a460}: Found class java.lang.Object, but interface was expected> (0x000000011d06a460) 
thrown [s\open\src\hotspot\share\interpreter\linkResolver.cpp, line 863]
Event: 1.085 Thread 0x0000026d437855f0 Exception <a 'java/lang/NoSuchMethodError'{0x000000011d147ab8}: 'void java.lang.invoke.DirectMethodHandle$Holder.invokeStatic(java.lang.Object, int, java.lang.Object)'> (0x000000011d147ab8) 
thrown [s\open\src\hotspot\share\interpreter\linkResolver.cpp, line 796]
Event: 1.108 Thread 0x0000026d437855f0 Exception <a 'java/lang/NoSuchMethodError'{0x000000011d2d2950}: 'java.lang.Object java.lang.invoke.DirectMethodHandle$Holder.invokeStaticInit(java.lang.Object, java.lang.Object, java.lang.Object)'> (0x000000011d2d2950) 
thrown [s\open\src\hotspot\share\interpreter\linkResolver.cpp, line 796]
Event: 1.166 Thread 0x0000026d437855f0 Exception <a 'java/lang/ClassNotFoundException'{0x000000011d6159b0}: javax/management/remote/rmi/RMIServerImpl_Skel> (0x000000011d6159b0) 
thrown [s\open\src\hotspot\share\classfile\systemDictionary.cpp, line 313]
Event: 1.173 Thread 0x0000026d437855f0 Exception <a 'java/lang/NoSuchMethodError'{0x000000011d631710}: 'long java.lang.invoke.DirectMethodHandle$Holder.invokeSpecial(java.lang.Object, java.lang.Object)'> (0x000000011d631710) 
thrown [s\open\src\hotspot\share\interpreter\linkResolver.cpp, line 796]
Event: 1.173 Thread 0x0000026d437855f0 Exception <a 'java/lang/NoSuchMethodError'{0x000000011d634e00}: 'long java.lang.invoke.Invokers$Holder.invokeExact_MT(java.lang.Object, java.lang.Object)'> (0x000000011d634e00) 
thrown [s\open\src\hotspot\share\interpreter\linkResolver.cpp, line 796]
Event: 1.204 Thread 0x0000026d4af1dec0 Exception <a 'java/lang/NoSuchMethodError'{0x000000011d9f7240}: static [B.<clinit>()V> (0x000000011d9f7240) 
thrown [s\open\src\hotspot\share\prims\jni.cpp, line 1111]
Event: 1.205 Thread 0x0000026d4af1dec0 Exception <a 'java/lang/NoSuchMethodError'{0x000000011d9fb3f0}: 'java.lang.Object java.lang.invoke.DirectMethodHandle$Holder.invokeInterface(java.lang.Object, java.lang.Object, java.lang.Object)'> (0x000000011d9fb3f0) 
thrown [s\open\src\hotspot\share\interpreter\linkResolver.cpp, line 796]
Event: 1.211 Thread 0x0000026d4af1dec0 Exception <a 'java/lang/ClassNotFoundException'{0x000000011da20bc8}: javax/management/remote/rmi/RMIConnectionImpl_Skel> (0x000000011da20bc8) 
thrown [s\open\src\hotspot\share\classfile\systemDictionary.cpp, line 313]
Event: 1.224 Thread 0x0000026d4af1dec0 Exception <a 'java/lang/NoSuchMethodError'{0x000000011da407b0}: 'java.lang.Object java.lang.invoke.DirectMethodHandle$Holder.invokeInterface(java.lang.Object, java.lang.Object)'> (0x000000011da407b0) 
thrown [s\open\src\hotspot\share\interpreter\linkResolver.cpp, line 796]
Event: 1.228 Thread 0x0000026d4af1dec0 Exception <a 'java/lang/NoSuchMethodError'{0x000000011da5c1c0}: 'int java.lang.invoke.DelegatingMethodHandle$Holder.reinvoke_L(java.lang.Object, java.lang.Object, java.lang.Object, java.lang.Object, java.lang.Object)'> (0x000000011da5c1c0) 
thrown [s\open\src\hotspot\share\interpreter\linkResolver.cpp, line 796]
Event: 1.236 Thread 0x0000026d4af1dec0 Exception <a 'java/lang/NoSuchMethodError'{0x000000011da77e98}: 'java.lang.Object java.lang.invoke.DirectMethodHandle$Holder.invokeInterface(java.lang.Object, java.lang.Object, java.lang.Object, java.lang.Object, java.lang.Object)'> (0x000000011da77e98) 
thrown [s\open\src\hotspot\share\interpreter\linkResolver.cpp, line 796]
Event: 1.237 Thread 0x0000026d4af1dec0 Exception <a 'java/lang/NoSuchMethodError'{0x000000011da9b250}: 'double java.lang.invoke.DirectMethodHandle$Holder.invokeInterface(java.lang.Object, java.lang.Object)'> (0x000000011da9b250) 
thrown [s\open\src\hotspot\share\interpreter\linkResolver.cpp, line 796]
Event: 1.238 Thread 0x0000026d4af1dec0 Exception <a 'java/lang/NoSuchMethodError'{0x000000011daa2c20}: 'double java.lang.invoke.DelegatingMethodHandle$Holder.reinvoke_L(java.lang.Object, java.lang.Object)'> (0x000000011daa2c20) 
thrown [s\open\src\hotspot\share\interpreter\linkResolver.cpp, line 796]

VM Operations (6 events):
Event: 1.057 Executing VM operation: HandshakeAllThreads (Deoptimize)
Event: 1.057 Executing VM operation: HandshakeAllThreads (Deoptimize) done
Event: 1.057 Executing VM operation: HandshakeAllThreads (Deoptimize)
Event: 1.057 Executing VM operation: HandshakeAllThreads (Deoptimize) done
Event: 1.210 Executing VM operation: HandshakeAllThreads (Deoptimize)
Event: 1.210 Executing VM operation: HandshakeAllThreads (Deoptimize) done

Memory protections (0 events):
No events

Nmethod flushes (0 events):
No events

Events (20 events):
Event: 0.044 Thread 0x0000026d4385d190 Thread added: 0x0000026d43948d80
Event: 0.046 Thread 0x0000026d43947ea0 Thread added: 0x0000026d4394f340
Event: 0.046 Thread 0x0000026d4385d190 Thread added: 0x0000026d43957460
Event: 0.063 Thread 0x0000026d7fce1c00 Thread added: 0x0000026d43789ce0
Event: 0.063 Thread 0x0000026d7fce1c00 Thread added: 0x0000026d4378bdb0
Event: 0.084 Thread 0x0000026d7fce1c00 Thread added: 0x0000026d4378c440
Event: 0.197 Thread 0x0000026d7fce1c00 Thread added: 0x0000026d4378b720
Event: 0.712 Thread 0x0000026d43957460 Thread exited: 0x0000026d43957460
Event: 0.735 Thread 0x0000026d4394f340 Thread exited: 0x0000026d4394f340
Event: 0.898 Thread 0x0000026d43948d80 Thread added: 0x0000026d4ac594c0
Event: 1.047 Thread 0x0000026d4ac594c0 Thread exited: 0x0000026d4ac594c0
Event: 1.120 Thread 0x0000026d4385d190 Thread added: 0x0000026d4aeb0e30
Event: 1.126 Thread 0x0000026d4aeb0e30 Thread added: 0x0000026d4ae56d20
Event: 1.126 Thread 0x0000026d4aeb0e30 Thread added: 0x0000026d4ae573e0
Event: 1.126 Thread 0x0000026d437a2750 Thread added: 0x0000026d4ae28ad0
Event: 1.128 Thread 0x0000026d4aeb0e30 Thread added: 0x0000026d4ada6070
Event: 1.171 Thread 0x0000026d437855f0 Thread added: 0x0000026d4378b090
Event: 1.193 Thread 0x0000026d4378b090 Thread added: 0x0000026d4af1dec0
Event: 1.203 Thread 0x0000026d4af1dec0 Thread added: 0x0000026d4af182e0
Event: 1.209 Thread 0x0000026d4af1dec0 Thread added: 0x0000026d4af1a3b0


Dynamic libraries:
0x00007ff6935d0000 - 0x00007ff6935e0000 	C:\Program Files\Java\jdk-23\bin\java.exe
0x00007ff878e30000 - 0x00007ff879047000 	C:\Windows\SYSTEM32\ntdll.dll
0x00007ff8779b0000 - 0x00007ff877a74000 	C:\Windows\System32\KERNEL32.DLL
0x00007ff8765c0000 - 0x00007ff876977000 	C:\Windows\System32\KERNELBASE.dll
0x00007ff876300000 - 0x00007ff876411000 	C:\Windows\System32\ucrtbase.dll
0x00007ff860240000 - 0x00007ff86025b000 	C:\Program Files\Java\jdk-23\bin\VCRUNTIME140.dll
0x00007ff865280000 - 0x00007ff865297000 	C:\Program Files\Java\jdk-23\bin\jli.dll
0x00007ff877280000 - 0x00007ff87742f000 	C:\Windows\System32\USER32.dll
0x00007ff876230000 - 0x00007ff876256000 	C:\Windows\System32\win32u.dll
0x00007ff876bc0000 - 0x00007ff876be9000 	C:\Windows\System32\GDI32.dll
0x00007ff876420000 - 0x00007ff876538000 	C:\Windows\System32\gdi32full.dll
0x00007ff861410000 - 0x00007ff8616a3000 	C:\Windows\WinSxS\amd64_microsoft.windows.common-controls_6595b64144ccf1df_6.0.22621.3672_none_2713b9d173822955\COMCTL32.dll
0x00007ff876260000 - 0x00007ff8762fa000 	C:\Windows\System32\msvcp_win.dll
0x00007ff8771d0000 - 0x00007ff877277000 	C:\Windows\System32\msvcrt.dll
0x00007ff876bf0000 - 0x00007ff876c21000 	C:\Windows\System32\IMM32.DLL
0x00007ff86cd10000 - 0x00007ff86cd1c000 	C:\Program Files\Java\jdk-23\bin\vcruntime140_1.dll
0x00007ff860130000 - 0x00007ff8601be000 	C:\Program Files\Java\jdk-23\bin\msvcp140.dll
0x00007ffff5260000 - 0x00007ffff5faf000 	C:\Program Files\Java\jdk-23\bin\server\jvm.dll
0x00007ff877090000 - 0x00007ff877142000 	C:\Windows\System32\ADVAPI32.dll
0x00007ff876c30000 - 0x00007ff876cd8000 	C:\Windows\System32\sechost.dll
0x00007ff876140000 - 0x00007ff876168000 	C:\Windows\System32\bcrypt.dll
0x00007ff8789c0000 - 0x00007ff878ad4000 	C:\Windows\System32\RPCRT4.dll
0x00007ff877150000 - 0x00007ff8771c1000 	C:\Windows\System32\WS2_32.dll
0x00007ff8756c0000 - 0x00007ff87570d000 	C:\Windows\SYSTEM32\POWRPROF.dll
0x00007ff870d80000 - 0x00007ff870db4000 	C:\Windows\SYSTEM32\WINMM.dll
0x00007ff870180000 - 0x00007ff87018a000 	C:\Windows\SYSTEM32\VERSION.dll
0x00007ff8756a0000 - 0x00007ff8756b3000 	C:\Windows\SYSTEM32\UMPDC.dll
0x00007ff8750f0000 - 0x00007ff875108000 	C:\Windows\SYSTEM32\kernel.appcore.dll
0x00007ff865270000 - 0x00007ff86527a000 	C:\Program Files\Java\jdk-23\bin\jimage.dll
0x00007ff86e0b0000 - 0x00007ff86e2e2000 	C:\Windows\SYSTEM32\DBGHELP.DLL
0x00007ff876d00000 - 0x00007ff87708e000 	C:\Windows\System32\combase.dll
0x00007ff878cb0000 - 0x00007ff878d87000 	C:\Windows\System32\OLEAUT32.dll
0x00007ff86dab0000 - 0x00007ff86dae2000 	C:\Windows\SYSTEM32\dbgcore.DLL
0x00007ff876540000 - 0x00007ff8765bb000 	C:\Windows\System32\bcryptPrimitives.dll
0x00007ff85eb80000 - 0x00007ff85eb8f000 	C:\Program Files\Java\jdk-23\bin\instrument.dll
0x00007ff860030000 - 0x00007ff86004e000 	C:\Program Files\Java\jdk-23\bin\java.dll
0x00007ff878810000 - 0x00007ff8789b5000 	C:\Windows\System32\ole32.dll
0x00007ff877a90000 - 0x00007ff8782f9000 	C:\Windows\System32\SHELL32.dll
0x00007ff874060000 - 0x00007ff87495f000 	C:\Windows\SYSTEM32\windows.storage.dll
0x00007ff873f20000 - 0x00007ff87405f000 	C:\Windows\SYSTEM32\wintypes.dll
0x00007ff8778b0000 - 0x00007ff8779a9000 	C:\Windows\System32\SHCORE.dll
0x00007ff876b60000 - 0x00007ff876bbe000 	C:\Windows\System32\shlwapi.dll
0x00007ff876070000 - 0x00007ff876097000 	C:\Windows\SYSTEM32\profapi.dll
0x00007ff85fb70000 - 0x00007ff85fc47000 	C:\Program Files\Java\jdk-23\bin\jsvml.dll
0x00007ff85fff0000 - 0x00007ff860007000 	C:\Program Files\Java\jdk-23\bin\zip.dll
0x00007ff860c30000 - 0x00007ff860c40000 	C:\Program Files\Java\jdk-23\bin\net.dll
0x00007ff875630000 - 0x00007ff875699000 	C:\Windows\system32\mswsock.dll
0x00007ff860010000 - 0x00007ff860026000 	C:\Program Files\Java\jdk-23\bin\nio.dll
0x00007ff84a230000 - 0x00007ff84a24a000 	C:\Program Files\JetBrains\IntelliJ IDEA 2024.2.4\bin\breakgen64.dll
0x00007ff85fa90000 - 0x00007ff85fa99000 	C:\Program Files\Java\jdk-23\bin\extnet.dll
0x000000006e700000 - 0x000000006e72d000 	C:\Users\htmlp\AppData\Local\Temp\libgdxVis-Australis\8d3b5089\gdx64.dll
0x00007ff848930000 - 0x00007ff8489ab000 	D:\Project 1159 - 11.59 - AOC3\Age of History 3\AOC3 Source\src\windows\x64\org\lwjgl\lwjgl.dll
0x00007ff830100000 - 0x00007ff830371000 	D:\Project 1159 - 11.59 - AOC3\Age of History 3\AOC3 Source\src\windows\x64\org\lwjgl\jemalloc\jemalloc.dll
0x00007ff8488a0000 - 0x00007ff848925000 	D:\Project 1159 - 11.59 - AOC3\Age of History 3\AOC3 Source\src\windows\x64\org\lwjgl\glfw\glfw.dll
0x00007ff84a1c0000 - 0x00007ff84a206000 	C:\Windows\SYSTEM32\dinput8.dll
0x00007ff84a210000 - 0x00007ff84a221000 	C:\Windows\SYSTEM32\xinput1_4.dll
0x00007ff875e30000 - 0x00007ff875e7e000 	C:\Windows\SYSTEM32\cfgmgr32.dll
0x00007ff875e00000 - 0x00007ff875e2c000 	C:\Windows\SYSTEM32\DEVOBJ.dll
0x00007ff873a90000 - 0x00007ff873abb000 	C:\Windows\SYSTEM32\dwmapi.dll
0x00007ff852a20000 - 0x00007ff852c33000 	C:\Windows\SYSTEM32\inputhost.dll
0x00007ff871520000 - 0x00007ff871653000 	C:\Windows\SYSTEM32\CoreMessaging.dll
0x00007ff873660000 - 0x00007ff873711000 	C:\Windows\system32\uxtheme.dll
0x00007ff847c10000 - 0x00007ff847d2f000 	C:\Program Files (x86)\Stardock\Groupy2\groupy_64.dll
0x00007ff8758a0000 - 0x00007ff8758ac000 	C:\Windows\SYSTEM32\CRYPTBASE.DLL
0x00007ff878b40000 - 0x00007ff878ca0000 	C:\Windows\System32\MSCTF.dll
0x00007ff832a40000 - 0x00007ff832c1d000 	D:\Project 1159 - 11.59 - AOC3\Age of History 3\AOC3 Source\src\windows\x64\org\lwjgl\openal\OpenAL.dll
0x00007ff877450000 - 0x00007ff877500000 	C:\Windows\System32\clbcatq.dll
0x00007ff86d710000 - 0x00007ff86d7ae000 	C:\Windows\System32\MMDevApi.dll
0x00007ff8632f0000 - 0x00007ff8634dd000 	C:\Windows\SYSTEM32\AUDIOSES.DLL
0x00007ff873b10000 - 0x00007ff873b25000 	C:\Windows\SYSTEM32\resourcepolicyclient.dll
0x00007ff8169e0000 - 0x00007ff816ae0000 	C:\Windows\SYSTEM32\opengl32.dll
0x00007ff817660000 - 0x00007ff81768d000 	C:\Windows\SYSTEM32\GLU32.dll
0x00007ff873760000 - 0x00007ff873797000 	C:\Windows\SYSTEM32\dxcore.dll
0x00007ff86f460000 - 0x00007ff86f5a4000 	C:\Windows\System32\AppXDeploymentClient.dll
0x00007ff85f2f0000 - 0x00007ff85f3f0000 	C:\Windows\System32\Windows.ApplicationModel.dll
0x00007ff872e20000 - 0x00007ff872f21000 	C:\Windows\system32\propsys.dll
0x00007ff85df50000 - 0x00007ff85df76000 	C:\Windows\system32\mssprxy.dll
0x00007ff85d4a0000 - 0x00007ff85d4e9000 	C:\Windows\SYSTEM32\directxdatabasehelper.dll
0x00007ff80ec80000 - 0x00007ff811924000 	C:\Windows\System32\DriverStore\FileRepository\nvmd.inf_amd64_c2a62f78d94aaf84\nvoglv64.dll
0x00007ff878390000 - 0x00007ff878804000 	C:\Windows\System32\SETUPAPI.dll
0x00007ff874f10000 - 0x00007ff874f24000 	C:\Windows\SYSTEM32\WTSAPI32.dll
0x00007ff875de0000 - 0x00007ff875df2000 	C:\Windows\SYSTEM32\msasn1.dll
0x00007ff86eb70000 - 0x00007ff86eba2000 	C:\Windows\SYSTEM32\cryptnet.dll
0x00007ff8769f0000 - 0x00007ff876b56000 	C:\Windows\System32\CRYPT32.dll
0x00007ff86e9c0000 - 0x00007ff86eb22000 	C:\Windows\SYSTEM32\drvstore.dll
0x00007ff875960000 - 0x00007ff8759a9000 	C:\Windows\SYSTEM32\wldp.dll
0x00007ff876980000 - 0x00007ff8769ec000 	C:\Windows\System32\WINTRUST.dll
0x00007ff875260000 - 0x00007ff875294000 	C:\Windows\SYSTEM32\ntmarta.dll
0x00007ff877890000 - 0x00007ff8778af000 	C:\Windows\System32\imagehlp.dll
0x00007ff875940000 - 0x00007ff87595b000 	C:\Windows\SYSTEM32\CRYPTSP.dll
0x00007ff8750b0000 - 0x00007ff8750e5000 	C:\Windows\system32\rsaenh.dll
0x00007ff858770000 - 0x00007ff85a98e000 	C:\Windows\System32\DriverStore\FileRepository\nvmd.inf_amd64_c2a62f78d94aaf84\nvgpucomp64.dll
0x00007ffffcc50000 - 0x00007ffffcf21000 	C:\Windows\system32\nvspcap64.dll
0x00007ff8752a0000 - 0x00007ff875306000 	C:\Windows\SYSTEM32\WINSTA.dll
0x00007ff853b80000 - 0x00007ff853cc3000 	C:\Windows\SYSTEM32\textinputframework.dll
0x00007ff85ce90000 - 0x00007ff85d1fd000 	C:\Windows\SYSTEM32\CoreUIComponents.dll
0x00007ff85ab00000 - 0x00007ff85abbd000 	C:\Windows\SYSTEM32\mscms.dll
0x00007ff84f020000 - 0x00007ff84f06a000 	C:\Windows\SYSTEM32\icm32.dll
0x00007ff83aca0000 - 0x00007ff83ad01000 	D:\Project 1159 - 11.59 - AOC3\Age of History 3\AOC3 Source\src\windows\x64\org\lwjgl\opengl\lwjgl_opengl.dll
0x00007ff875740000 - 0x00007ff875768000 	C:\Windows\SYSTEM32\USERENV.dll
0x00007ff874bc0000 - 0x00007ff874bed000 	C:\Windows\SYSTEM32\IPHLPAPI.DLL
0x00007ff878ca0000 - 0x00007ff878ca9000 	C:\Windows\System32\NSI.dll
0x00007ff845710000 - 0x00007ff84575c000 	C:\Users\htmlp\AppData\Local\Temp\steamworks4j\1.9.0\steam_api64.dll
0x00007ff874bf0000 - 0x00007ff874cf2000 	C:\Windows\SYSTEM32\DNSAPI.dll
0x00007ff868790000 - 0x00007ff86879a000 	C:\Windows\System32\rasadhlp.dll
0x00007ff83ddf0000 - 0x00007ff83de3c000 	C:\Users\htmlp\AppData\Local\Temp\steamworks4j\1.9.0\steamworks4j64.dll
0x00007ff86ec20000 - 0x00007ff86eca3000 	C:\Windows\System32\fwpuclnt.dll
0x00007ff876cf0000 - 0x00007ff876cf8000 	C:\Windows\System32\PSAPI.DLL
0x00007ff851750000 - 0x00007ff85175a000 	C:\Program Files\Java\jdk-23\bin\management.dll
0x00007ff851510000 - 0x00007ff85151b000 	C:\Program Files\Java\jdk-23\bin\management_ext.dll
0x00007ff870f10000 - 0x00007ff870f27000 	C:\Windows\system32\napinsp.dll
0x00007ff81c270000 - 0x00007ff81c28b000 	C:\Windows\system32\pnrpnsp.dll
0x00007ff81c250000 - 0x00007ff81c261000 	C:\Windows\System32\winrnr.dll
0x00007ff86ecb0000 - 0x00007ff86ecc5000 	C:\Windows\system32\wshbth.dll
0x00007ff81c220000 - 0x00007ff81c247000 	C:\Windows\system32\nlansp_c.dll
0x00007ff85f0b0000 - 0x00007ff85f0d8000 	C:\Windows\SYSTEM32\edputil.dll
0x00007ff85f560000 - 0x00007ff85f64b000 	C:\Windows\System32\Windows.StateRepositoryPS.dll
0x00007ff865a40000 - 0x00007ff865c30000 	C:\Windows\SYSTEM32\urlmon.dll
0x00007ff8653c0000 - 0x00007ff86567e000 	C:\Windows\SYSTEM32\iertutil.dll
0x00007ff8657d0000 - 0x00007ff8657f8000 	C:\Windows\SYSTEM32\srvcli.dll
0x00007ff874bb0000 - 0x00007ff874bbc000 	C:\Windows\SYSTEM32\netutils.dll
0x00007ff875420000 - 0x00007ff875463000 	C:\Windows\SYSTEM32\SspiCli.dll
0x00007ff81d5d0000 - 0x00007ff81d5e6000 	C:\Windows\SYSTEM32\virtdisk.dll
0x00007ff848e90000 - 0x00007ff848ead000 	C:\Windows\System32\smartscreenps.dll
0x00007ff867570000 - 0x00007ff8675c9000 	C:\Windows\SYSTEM32\pdh.dll
0x00007ff83e360000 - 0x00007ff83e3dd000 	C:\Windows\SYSTEM32\shdocvw.dll
0x00007ff845d80000 - 0x00007ff845e2c000 	C:\Windows\System32\appresolver.dll
0x00007ff85d6e0000 - 0x00007ff85d740000 	C:\Windows\System32\Bcp47Langs.dll

dbghelp: loaded successfully - version: 4.0.5 - missing functions: none
symbol engine: initialized successfully - sym options: 0x614 - pdb path: .;C:\Program Files\Java\jdk-23\bin;C:\Windows\SYSTEM32;C:\Windows\WinSxS\amd64_microsoft.windows.common-controls_6595b64144ccf1df_6.0.22621.3672_none_2713b9d173822955;C:\Program Files\Java\jdk-23\bin\server;C:\Program Files\JetBrains\IntelliJ IDEA 2024.2.4\bin;C:\Users\htmlp\AppData\Local\Temp\libgdxVis-Australis\8d3b5089;D:\Project 1159 - 11.59 - AOC3\Age of History 3\AOC3 Source\src\windows\x64\org\lwjgl;D:\Project 1159 - 11.59 - AOC3\Age of History 3\AOC3 Source\src\windows\x64\org\lwjgl\jemalloc;D:\Project 1159 - 11.59 - AOC3\Age of History 3\AOC3 Source\src\windows\x64\org\lwjgl\glfw;C:\Program Files (x86)\Stardock\Groupy2;D:\Project 1159 - 11.59 - AOC3\Age of History 3\AOC3 Source\src\windows\x64\org\lwjgl\openal;C:\Windows\System32\DriverStore\FileRepository\nvmd.inf_amd64_c2a62f78d94aaf84;D:\Project 1159 - 11.59 - AOC3\Age of History 3\AOC3 Source\src\windows\x64\org\lwjgl\opengl;C:\Users\htmlp\AppData\Local\Temp\steamworks4j\1.9.0;C:\Program Files (x86)\Steam

VM Arguments:
jvm_args: -Djava.library.path=D:\Project 1159 - 11.59 - AOC3\Age of History 3\AOC3 Source\src -javaagent:C:\Program Files\JetBrains\IntelliJ IDEA 2024.2.4\lib\idea_rt.jar=62991:C:\Program Files\JetBrains\IntelliJ IDEA 2024.2.4\bin -Dfile.encoding=UTF-8 -Dsun.stdout.encoding=UTF-8 -Dsun.stderr.encoding=UTF-8 
java_command: aoc.kingdoms.lukasz.jakowski.desktop.DesktopLauncher
java_class_path (initial): D:\Project 1159 - 11.59 - AOC3\Age of History 3\AOC3 Source\target\classes;D:\Project 1159 - 11.59 - AOC3\Age of History 3\AOC3 Source\src
Launcher Type: SUN_STANDARD

[Global flags]
     intx CICompilerCount                          = 15                                        {product} {ergonomic}
     uint ConcGCThreads                            = 6                                         {product} {ergonomic}
     uint G1ConcRefinementThreads                  = 23                                        {product} {ergonomic}
   size_t G1HeapRegionSize                         = 16777216                                  {product} {ergonomic}
   size_t InitialHeapSize                          = 2147483648                                {product} {ergonomic}
   size_t MarkStackSize                            = 4194304                                   {product} {ergonomic}
   size_t MarkStackSizeMax                         = 536870912                                 {product} {ergonomic}
   size_t MaxHeapSize                              = 31675383808                               {product} {ergonomic}
   size_t MaxNewSize                               = 18991808512                               {product} {ergonomic}
   size_t MinHeapDeltaBytes                        = 16777216                                  {product} {ergonomic}
   size_t MinHeapSize                              = 16777216                                  {product} {ergonomic}
    uintx NonNMethodCodeHeapSize                   = 8192000                                {pd product} {ergonomic}
    uintx NonProfiledCodeHeapSize                  = 121765888                              {pd product} {ergonomic}
    uintx ProfiledCodeHeapSize                     = 121700352                              {pd product} {ergonomic}
    uintx ReservedCodeCacheSize                    = 251658240                              {pd product} {ergonomic}
     bool SegmentedCodeCache                       = true                                      {product} {ergonomic}
   size_t SoftMaxHeapSize                          = 31675383808                            {manageable} {ergonomic}
     bool UseCompressedOops                        = true                           {product lp64_product} {ergonomic}
     bool UseG1GC                                  = true                                      {product} {ergonomic}
     bool UseLargePagesIndividualAllocation        = false                                  {pd product} {ergonomic}

Logging:
Log output configuration:
 #0: stdout all=warning uptime,level,tags foldmultilines=false
 #1: stderr all=off uptime,level,tags foldmultilines=false

Environment Variables:
PATH=C:\Program Files\ImageMagick-7.1.1-Q16-HDRI;C:\Program Files\Common Files\Oracle\Java\javapath;C:\Windows\system32;C:\Windows;C:\Windows\System32\Wbem;C:\Windows\System32\WindowsPowerShell\v1.0\;C:\Windows\System32\OpenSSH\;C:\Program Files (x86)\NVIDIA Corporation\PhysX\Common;C:\Program Files\NVIDIA Corporation\NVIDIA NvDLISR;C:\Program Files\Git\cmd;%NVM_HOME%;%NVM_SYMLINK%;C:\Users\htmlp\AppData\Local\Programs\Python\Python313\Scripts\;C:\Users\htmlp\AppData\Local\Programs\Python\Python313\;C:\Users\htmlp\AppData\Local\Microsoft\WindowsApps;C:\Users\htmlp\AppData\Roaming\npm;C:\Users\htmlp\AppData\Local\atom\bin;C:\Users\htmlp\AppData\Local\GitHubDesktop\bin;C:\Users\htmlp\AppData\Roaming\nvm;C:\Program Files\nodejs;C:\Program Files\JetBrains\IntelliJ IDEA 2024.2.3\bin;
USERNAME=Vis-Australis
OS=Windows_NT
PROCESSOR_IDENTIFIER=Intel64 Family 6 Model 183 Stepping 1, GenuineIntel
TMP=C:\Users\htmlp\AppData\Local\Temp
TEMP=C:\Users\htmlp\AppData\Local\Temp




Periodic native trim disabled

---------------  S Y S T E M  ---------------

OS:
 Windows 11 , 64 bit Build 22621 (10.0.22621.3958)
OS uptime: 14 days 19:17 hours
Hyper-V role detected

CPU: total 32 (initial active 32) (16 cores per cpu, 2 threads per core) family 6 model 183 stepping 1 microcode 0x120, cx8, cmov, fxsr, ht, mmx, 3dnowpref, sse, sse2, sse3, ssse3, sse4.1, sse4.2, popcnt, lzcnt, tsc, tscinvbit, avx, avx2, aes, erms, clmul, bmi1, bmi2, adx, sha, fma, vzeroupper, clflush, clflushopt, clwb, hv, serialize, rdtscp, rdpid, fsrm, gfni, f16c, cet_ibt, cet_ss
Processor Information for the first 32 processors :
  Max Mhz: 2000, Current Mhz: 2000, Mhz Limit: 2000

Memory: 4k page, system-wide physical 130904M (74146M free)
TotalPageFile size 261976M (AvailPageFile size 175582M)
current process WorkingSet (physical memory assigned to process): 215M, peak: 215M
current process commit charge ("private bytes"): 2503M, peak: 2507M

vm_info: Java HotSpot(TM) 64-Bit Server VM (23+37-2369) for windows-amd64 JRE (23+37-2369), built on 2024-08-20T16:01:23Z with MS VC++ 17.6 (VS2022)

END.
