#
# A fatal error has been detected by the Java Runtime Environment:
#
#  EXCEPTION_ACCESS_VIOLATION (0xc0000005) at pc=0x00007ffce364e104, pid=16940, tid=7980
#
# JRE version: Java(TM) SE Runtime Environment (23.0+37) (build 23+37-2369)
# Java VM: Java HotSpot(TM) 64-Bit Server VM (23+37-2369, mixed mode, sharing, tiered, compressed oops, compressed class ptrs, g1 gc, windows-amd64)
# Problematic frame:
# C  [steamworks4j64.dll+0xe104]
#
# No core dump will be written. Minidumps are not enabled by default on client versions of Windows
#
# If you would like to submit a bug report, please visit:
#   https://bugreport.java.com/bugreport/crash.jsp
# The crash happened outside the Java Virtual Machine in native code.
# See problematic frame for where to report the bug.
#

---------------  S U M M A R Y ------------

Command Line: -agentlib:jdwp=transport=dt_socket,address=127.0.0.1:51093,suspend=y,server=n -Djava.library.path=D:\Project 1159 - 11.59 - AOC3\Age of History 3\AOC3 Source\src -agentpath:C:\Users\htmlp\AppData\Local\Temp\idea_libasyncProfiler_dll_temp_folder\libasyncProfiler.dll=version,jfr,event=wall,interval=10ms,cstack=no,file=C:\Users\htmlp\IdeaSnapshots\DesktopLauncher_2024_11_16_203010.jfr,dbghelppath=C:\Users\htmlp\AppData\Local\Temp\idea_dbghelp_dll_temp_folder\dbghelp.dll,log=C:\Users\htmlp\AppData\Local\Temp\DesktopLauncher_2024_11_16_203010.jfr.log.txt,logLevel=DEBUG -javaagent:C:\Users\htmlp\AppData\Local\JetBrains\IntelliJIdea2024.3\captureAgent\debugger-agent.jar -Dkotlinx.coroutines.debug.enable.creation.stack.trace=false -Ddebugger.agent.enable.coroutines=true -Dkotlinx.coroutines.debug.enable.flows.stack.trace=true -Dkotlinx.coroutines.debug.enable.mutable.state.flows.stack.trace=true -Dfile.encoding=UTF-8 -Dsun.stdout.encoding=UTF-8 -Dsun.stderr.encoding=UTF-8 aoc.kingdoms.lukasz.jakowski.desktop.DesktopLauncher

Host: Intel(R) Core(TM) i9-14900F, 32 cores, 127G,  Windows 11 , 64 bit Build 22621 (10.0.22621.4391)
Time: Sat Nov 16 20:30:12 2024 Mitteleuropäische Zeit elapsed time: 1.711217 seconds (0d 0h 0m 1s)

---------------  T H R E A D  ---------------

Current thread (0x0000025363578040):  JavaThread "main"             [_thread_in_native, id=7980, stack(0x000000fb05f00000,0x000000fb06000000) (1024K)]

Stack: [0x000000fb05f00000,0x000000fb06000000],  sp=0x000000fb05fff050,  free space=1020k
Native frames: (J=compiled Java code, j=interpreted, Vv=VM code, C=native code)
C  [steamworks4j64.dll+0xe104]  (no source info available)
C  0x00000253738c0b72  (no source info available)

The last pc belongs to native method entry point (kind = native) (printed below).
Java frames: (J=compiled Java code, j=interpreted, Vv=VM code)
j  com.codedisaster.steamworks.SteamUGCNative.getNumSubscribedItems()I+0
j  com.codedisaster.steamworks.SteamUGC.getNumSubscribedItems()I+0
j  aoc.kingdoms.lukasz.jakowski.Steam.SteamManager.loadSubscribedItems()V+15
j  aoc.kingdoms.lukasz.jakowski.AA_Game.create()V+71
j  com.badlogic.gdx.backends.lwjgl3.Lwjgl3Window.initializeListener()V+11
j  com.badlogic.gdx.backends.lwjgl3.Lwjgl3Window.update()Z+8
j  com.badlogic.gdx.backends.lwjgl3.Lwjgl3Application.loop()V+120
j  com.badlogic.gdx.backends.lwjgl3.Lwjgl3Application.<init>(Lcom/badlogic/gdx/ApplicationListener;Lcom/badlogic/gdx/backends/lwjgl3/Lwjgl3ApplicationConfiguration;)V+269
j  aoc.kingdoms.lukasz.jakowski.desktop.DesktopLauncher.main([Ljava/lang/String;)V+353
v  ~StubRoutines::call_stub 0x00000253738b0fcd

siginfo: EXCEPTION_ACCESS_VIOLATION (0xc0000005), reading address 0x0000000000000000


Registers:
RAX=0x00007ffce367f130, RBX=0x00000253c1968ec8, RCX=0x0000000000000000, RDX=0x0000000000000000
RSP=0x000000fb05fff050, RBP=0x000000fb05fff0e8, RSI=0x000000000000000c, RDI=0x00000253738b936f
R8 =0x000000fb05ffe728, R9 =0x0000000000000000, R10=0x0000000000000000, R11=0x000000fb05ffeb90
R12=0x0000000000000000, R13=0x00000253c1968ec8, R14=0x000000fb05fff100, R15=0x0000025363578040
RIP=0x00007ffce364e104, EFLAGS=0x0000000000010202


Register to memory mapping:

RAX=0x00007ffce367f130 steamworks4j64.dll
RBX={method} {0x00000253c1968ed0} 'getNumSubscribedItems' '()I' in 'com/codedisaster/steamworks/SteamUGCNative'
RCX=0x0 is null
RDX=0x0 is null
RSP=0x000000fb05fff050 is pointing into the stack for thread: 0x0000025363578040
RBP=0x000000fb05fff0e8 is pointing into the stack for thread: 0x0000025363578040
RSI=0x000000000000000c is an unknown value
RDI=0x00000253738b936f is at code_begin+4271 in an Interpreter codelet
return entry points  [0x00000253738b82c0, 0x00000253738ba4c0]  8704 bytes
R8 =0x000000fb05ffe728 is pointing into the stack for thread: 0x0000025363578040
R9 =0x0 is null
R10=0x0 is null
R11=0x000000fb05ffeb90 is pointing into the stack for thread: 0x0000025363578040
R12=0x0 is null
R13={method} {0x00000253c1968ed0} 'getNumSubscribedItems' '()I' in 'com/codedisaster/steamworks/SteamUGCNative'
R14=0x000000fb05fff100 is pointing into the stack for thread: 0x0000025363578040
R15=0x0000025363578040 is a thread

Top of Stack: (sp=0x000000fb05fff050)
0x000000fb05fff050:   00000253c1968ec8 00000253c1968ec8
0x000000fb05fff060:   00000253738b936f 00000253738c04be
0x000000fb05fff070:   00000253c1968ec8 00000253738c0b72
0x000000fb05fff080:   000000000000000c 00007ffc77603c39
0x000000fb05fff090:   00000253c1963cb8 00000253738c047b
0x000000fb05fff0a0:   fffffffffffffff7 00000253c1968ec8
0x000000fb05fff0b0:   0000000000000003 00000253c195ff78
0x000000fb05fff0c0:   0000000000000000 000000011d351838
0x000000fb05fff0d0:   00000253c1968ec8 0000000000000000
0x000000fb05fff0e0:   000000fb05fff108 000000fb05fff150
0x000000fb05fff0f0:   00000253738b9478 000000011d351838
0x000000fb05fff100:   00000253738bc8f5 fffffffffffffff7
0x000000fb05fff110:   00000253c1963ca0 0000000000000002
0x000000fb05fff120:   00000253c19650a0 0000000000000000
0x000000fb05fff130:   000000011d34a630 00000253c1963cb8
0x000000fb05fff140:   fffffffffffffff7 000000fb05fff160
0x000000fb05fff150:   000000fb05fff1b0 00000253738b9478
0x000000fb05fff160:   000000011d34a760 fffffffffffffff7
0x000000fb05fff170:   00000253c17c25c7 0000000000000006
0x000000fb05fff180:   00000253c17c62b8 0000000000000000
0x000000fb05fff190:   000000011ec715f0 00000253c17c2738
0x000000fb05fff1a0:   fffffffffffffff6 000000fb05fff1e8
0x000000fb05fff1b0:   000000fb05fff230 00000253738b9054
0x000000fb05fff1c0:   0000000000000000 0000000000000000
0x000000fb05fff1d0:   0000000000000000 0000000000000000
0x000000fb05fff1e0:   0000000000000000 fffffffffffffff7
0x000000fb05fff1f0:   00000253c1522fb7 0000000000000003
0x000000fb05fff200:   00000253c1525860 0000000000000000
0x000000fb05fff210:   000000011e228908 00000253c15230b0
0x000000fb05fff220:   fffffffffffffff7 000000fb05fff248
0x000000fb05fff230:   000000fb05fff298 00000253738b9dee
0x000000fb05fff240:   0000000000000000 000000011e229738 

Instructions: (pc=0x00007ffce364e104)
0x00007ffce364e004:   00 00 b0 01 eb 02 32 c0 48 8b 8c 24 40 04 00 00
0x00007ffce364e014:   48 33 cc e8 54 3d 00 00 48 81 c4 50 04 00 00 5e
0x00007ffce364e024:   5d 5b c3 cc cc cc cc cc cc cc cc cc 40 53 48 83
0x00007ffce364e034:   ec 20 48 8d 0d e3 10 03 00 49 8b d8 ff 15 3a 72
0x00007ffce364e044:   01 00 48 8b d3 48 8b 08 48 8b 01 48 83 c4 20 5b
0x00007ffce364e054:   48 ff a0 28 02 00 00 cc cc cc cc cc 48 89 5c 24
0x00007ffce364e064:   08 48 89 6c 24 10 48 89 74 24 18 57 48 83 ec 20
0x00007ffce364e074:   48 8b 01 49 8b d8 45 33 c0 49 8b d1 49 8b e9 48
0x00007ffce364e084:   8b f1 ff 90 f0 06 00 00 48 8d 0d 8d 10 03 00 48
0x00007ffce364e094:   8b f8 ff 15 e4 71 01 00 4c 8d 4f 08 4c 8b c7 48
0x00007ffce364e0a4:   8b d3 48 8b 08 4c 8b 11 41 ff 92 e0 01 00 00 4c
0x00007ffce364e0b4:   8b 16 45 33 c9 4c 8b c7 48 8b d5 48 8b ce 8b d8
0x00007ffce364e0c4:   41 ff 92 f8 06 00 00 48 8b 6c 24 38 8b c3 48 8b
0x00007ffce364e0d4:   5c 24 30 48 8b 74 24 40 48 83 c4 20 5f c3 cc cc
0x00007ffce364e0e4:   cc cc cc cc cc cc cc cc cc cc cc cc 48 83 ec 28
0x00007ffce364e0f4:   48 8d 0d 25 10 03 00 ff 15 7f 71 01 00 48 8b 08
0x00007ffce364e104:   48 8b 01 48 83 c4 28 48 ff a0 18 02 00 00 cc cc
0x00007ffce364e114:   cc cc cc cc cc cc cc cc cc cc cc cc 40 53 55 56
0x00007ffce364e124:   57 41 56 48 81 ec 70 08 00 00 48 8b 05 3b 10 03
0x00007ffce364e134:   00 48 33 c4 48 89 84 24 60 08 00 00 48 8b ac 24
0x00007ffce364e144:   c8 08 00 00 4c 8b f1 48 8d 0d ce 0f 03 00 41 8b
0x00007ffce364e154:   f9 49 8b d8 ff 15 22 71 01 00 44 8b 8c 24 c0 08
0x00007ffce364e164:   00 00 48 8d 54 24 50 48 89 54 24 40 44 8b c7 c7
0x00007ffce364e174:   44 24 38 00 04 00 00 48 8d 94 24 60 04 00 00 48
0x00007ffce364e184:   8b 08 48 89 54 24 30 48 8d 54 24 60 c7 44 24 28
0x00007ffce364e194:   00 04 00 00 48 89 54 24 20 48 8b d3 48 8b 01 ff
0x00007ffce364e1a4:   50 70 0f b6 f0 84 c0 0f 84 e0 00 00 00 4d 8b 06
0x00007ffce364e1b4:   48 8b d5 49 8b ce 41 ff 90 f8 00 00 00 4d 8b 06
0x00007ffce364e1c4:   48 8d 54 24 60 49 8b ce 48 8b f8 41 ff 90 38 05
0x00007ffce364e1d4:   00 00 4d 8b 16 4c 8d 0d 78 7e 01 00 4c 8d 05 51
0x00007ffce364e1e4:   9c 01 00 48 8b d7 49 8b ce 48 8b d8 41 ff 92 f0
0x00007ffce364e1f4:   02 00 00 4d 8b 16 4c 8b cb 4c 8b c0 48 8b d5 49 


Stack slot to memory mapping:

stack at sp + 0 slots: {method} {0x00000253c1968ed0} 'getNumSubscribedItems' '()I' in 'com/codedisaster/steamworks/SteamUGCNative'
stack at sp + 1 slots: {method} {0x00000253c1968ed0} 'getNumSubscribedItems' '()I' in 'com/codedisaster/steamworks/SteamUGCNative'
stack at sp + 2 slots: 0x00000253738b936f is at code_begin+4271 in an Interpreter codelet
return entry points  [0x00000253738b82c0, 0x00000253738ba4c0]  8704 bytes
stack at sp + 3 slots: 0x00000253738c04be is at code_begin+254 in an Interpreter codelet
native method entry point (kind = native)  [0x00000253738c03c0, 0x00000253738c1628]  4712 bytes
stack at sp + 4 slots: {method} {0x00000253c1968ed0} 'getNumSubscribedItems' '()I' in 'com/codedisaster/steamworks/SteamUGCNative'
stack at sp + 5 slots: 0x00000253738c0b72 is at code_begin+1970 in an Interpreter codelet
native method entry point (kind = native)  [0x00000253738c03c0, 0x00000253738c1628]  4712 bytes
stack at sp + 6 slots: 0x000000000000000c is an unknown value
stack at sp + 7 slots: 0x00007ffc77603c39 jvm.dll

Lock stack of current Java thread (top to bottom):

native method entry point (kind = native)  [0x00000253738c03c0, 0x00000253738c1628]  4712 bytes
[MachCode]
  0x00000253738c03c0: 488b 4b08 | 0fb7 492e | 584c 8d74 | ccf8 6800 | 0000 0068 | 0000 0000 | 5055 488b | ec41 5568 
  0x00000253738c03e0: 0000 0000 | 4c8b 6b08 | 4d8d 6d38 | 5348 8b53 | 0848 8b52 | 0848 8b52 | 1848 8b52 | 7048 8b12 
  0x00000253738c0400: 5248 8b53 | 1048 85d2 | 0f84 0700 | 0000 4881 | c210 0100 | 0052 488b | 5308 488b | 5208 488b 
  0x00000253738c0420: 5210 5249 | 8bc6 482b | c548 c1e8 | 0350 6800 | 0000 0068 | f7ff ffff | 41c6 8771 | 0400 0001 
  0x00000253738c0440: 488b 4310 | 4885 c074 | 208b 88cc | 0000 0083 | c102 8988 | cc00 0000 | 2388 e000 | 0000 0f84 
  0x00000253738c0460: 5f10 0000 | e986 0100 | 0048 8b43 | 1848 85c0 | 0f85 6701 | 0000 e805 | 0000 00e9 | 5001 0000 
  0x00000253738c0480: 488b d348 | 8d44 2408 | 4c89 6dc0 | 498b cfc5 | f877 4989 | afb0 0300 | 0049 8987 | a003 0000 
  0x00000253738c04a0: 4883 ec20 | 40f6 c40f | 0f84 1900 | 0000 4883 | ec08 48b8 | 9026 3477 | fc7f 0000 | ffd0 4883 
  0x00000253738c04c0: c408 e90c | 0000 0048 | b890 2634 | 77fc 7f00 | 00ff d048 | 83c4 2049 | c787 a003 | 0000 0000 
  0x00000253738c04e0: 0000 49c7 | 87b0 0300 | 0000 0000 | 0049 c787 | a803 0000 | 0000 0000 | c5f8 7741 | 8b8f 2c05 
  0x00000253738c0500: 0000 f6c1 | 010f 8442 | 0000 00f6 | c102 0f85 | 3900 0000 | 4883 ec20 | 40f6 c40f | 0f84 1900 
  0x00000253738c0520: 0000 4883 | ec08 48b8 | 10fc 3377 | fc7f 0000 | ffd0 4883 | c408 e90c | 0000 0048 | b810 fc33 
  0x00000253738c0540: 77fc 7f00 | 00ff d048 | 83c4 20ff | e049 8b8f | d805 0000 | 4885 c90f | 8455 0000 | 008b 899c 
  0x00000253738c0560: 0000 0083 | f901 0f85 | 4600 0000 | 498b 8fd8 | 0500 008b | 89a0 0000 | 0048 83ec | 2040 f6c4 
  0x00000253738c0580: 0f0f 8419 | 0000 0048 | 83ec 0848 | b800 fc33 | 77fc 7f00 | 00ff d048 | 83c4 08e9 | 0c00 0000 
  0x00000253738c05a0: 48b8 00fc | 3377 fc7f | 0000 ffd0 | 4883 c420 | ffe0 4983 | 7f08 000f | 8405 0000 | 00e9 fe08 
  0x00000253738c05c0: ffff 4c8b | 6dc0 4c8b | 75c8 4e8d | 74f5 00c3 | 488b 4318 | 4885 c00f | 8412 0000 | 008b 4808 
  0x00000253738c05e0: 83c1 0289 | 4808 2348 | 1c0f 84d4 | 0e00 0049 | 3ba7 e804 | 0000 0f87 | 4800 0000 | 8984 2400 
  0x00000253738c0600: f0ff ff89 | 8424 00e0 | ffff 8984 | 2400 d0ff | ff89 8424 | 00c0 ffff | 8984 2400 | b0ff ff89 
  0x00000253738c0620: 8424 00a0 | ffff 8984 | 2400 90ff | ff89 8424 | 0080 ffff | 493b a7e0 | 0400 0076 | 0749 89a7 
  0x00000253738c0640: e804 0000 | 41c6 8771 | 0400 0000 | 418b 97e0 | 0500 0085 | d20f 8457 | 0100 00e8 | 0500 0000 
  0x00000253738c0660: e94d 0100 | 0048 8d44 | 2408 4c89 | 6dc0 498b | cfc5 f877 | 4989 afb0 | 0300 0049 | 8987 a003 
  0x00000253738c0680: 0000 4883 | ec20 40f6 | c40f 0f84 | 1900 0000 | 4883 ec08 | 48b8 e04b | 3477 fc7f | 0000 ffd0 
  0x00000253738c06a0: 4883 c408 | e90c 0000 | 0048 b8e0 | 4b34 77fc | 7f00 00ff | d048 83c4 | 2049 c787 | a003 0000 
  0x00000253738c06c0: 0000 0000 | 49c7 87b0 | 0300 0000 | 0000 0049 | c787 a803 | 0000 0000 | 0000 c5f8 | 7741 8b8f 
  0x00000253738c06e0: 2c05 0000 | f6c1 010f | 8442 0000 | 00f6 c102 | 0f85 3900 | 0000 4883 | ec20 40f6 | c40f 0f84 
  0x00000253738c0700: 1900 0000 | 4883 ec08 | 48b8 10fc | 3377 fc7f | 0000 ffd0 | 4883 c408 | e90c 0000 | 0048 b810 
  0x00000253738c0720: fc33 77fc | 7f00 00ff | d048 83c4 | 20ff e049 | 8b8f d805 | 0000 4885 | c90f 8455 | 0000 008b 
  0x00000253738c0740: 899c 0000 | 0083 f901 | 0f85 4600 | 0000 498b | 8fd8 0500 | 008b 89a0 | 0000 0048 | 83ec 2040 
  0x00000253738c0760: f6c4 0f0f | 8419 0000 | 0048 83ec | 0848 b800 | fc33 77fc | 7f00 00ff | d048 83c4 | 08e9 0c00 
  0x00000253738c0780: 0000 48b8 | 00fc 3377 | fc7f 0000 | ffd0 4883 | c420 ffe0 | 4983 7f08 | 000f 8405 | 0000 00e9 
  0x00000253738c07a0: 1c07 ffff | 4c8b 6dc0 | 4c8b 75c8 | 4e8d 74f5 | 00c3 49ba | 41ad bb77 | fc7f 0000 | 4180 3a00 
  0x00000253738c07c0: 0f84 3e00 | 0000 488b | 55e8 498b | cf48 83ec | 2040 f6c4 | 0f0f 8419 | 0000 0048 | 83ec 0848 
  0x00000253738c07e0: b800 ee6b | 77fc 7f00 | 00ff d048 | 83c4 08e9 | 0c00 0000 | 48b8 00ee | 6b77 fc7f | 0000 ffd0 
  0x00000253738c0800: 4883 c420 | 488b 5de8 | 4c8b 5b08 | 450f b75b | 2e41 c1e3 | 0349 2be3 | 4883 ec20 | 4883 e4f0 
  0x00000253738c0820: 4c8b 5b60 | 4d85 db0f | 8562 0100 | 00e8 0500 | 0000 e950 | 0100 0048 | 8bd3 488d | 4424 084c 
  0x00000253738c0840: 896d c049 | 8bcf c5f8 | 7749 89af | b003 0000 | 4989 87a0 | 0300 0048 | 83ec 2040 | f6c4 0f0f 
  0x00000253738c0860: 8419 0000 | 0048 83ec | 0848 b8f0 | 4d34 77fc | 7f00 00ff | d048 83c4 | 08e9 0c00 | 0000 48b8 
  0x00000253738c0880: f04d 3477 | fc7f 0000 | ffd0 4883 | c420 49c7 | 87a0 0300 | 0000 0000 | 0049 c787 | b003 0000 
  0x00000253738c08a0: 0000 0000 | 49c7 87a8 | 0300 0000 | 0000 00c5 | f877 418b | 8f2c 0500 | 00f6 c101 | 0f84 4200 
  0x00000253738c08c0: 0000 f6c1 | 020f 8539 | 0000 0048 | 83ec 2040 | f6c4 0f0f | 8419 0000 | 0048 83ec | 0848 b810 
  0x00000253738c08e0: fc33 77fc | 7f00 00ff | d048 83c4 | 08e9 0c00 | 0000 48b8 | 10fc 3377 | fc7f 0000 | ffd0 4883 
  0x00000253738c0900: c420 ffe0 | 498b 8fd8 | 0500 0048 | 85c9 0f84 | 5500 0000 | 8b89 9c00 | 0000 83f9 | 010f 8546 
  0x00000253738c0920: 0000 0049 | 8b8f d805 | 0000 8b89 | a000 0000 | 4883 ec20 | 40f6 c40f | 0f84 1900 | 0000 4883 
  0x00000253738c0940: ec08 48b8 | 00fc 3377 | fc7f 0000 | ffd0 4883 | c408 e90c | 0000 0048 | b800 fc33 | 77fc 7f00 
  0x00000253738c0960: 00ff d048 | 83c4 20ff | e049 837f | 0800 0f84 | 0500 0000 | e947 05ff | ff4c 8b6d | c04c 8b75 
  0x00000253738c0980: c84e 8d74 | f500 c348 | 8b5d e84c | 8b5b 6041 | ffd3 488b | 5de8 4889 | 4518 448b | 5b28 41f6 
  0x00000253738c09a0: c308 0f84 | 1b00 0000 | 4c8b 5b08 | 4d8b 5b08 | 4d8b 5b18 | 4d8b 5b70 | 4d8b 1b4c | 895d 1048 
  0x00000253738c09c0: 8d55 1048 | 8b43 5849 | ba50 3c6c | 77fc 7f00 | 0049 3bc2 | 0f85 6201 | 0000 e805 | 0000 00e9 
  0x00000253738c09e0: 5001 0000 | 488b d348 | 8d44 2408 | 4c89 6dc0 | 498b cfc5 | f877 4989 | afb0 0300 | 0049 8987 
  0x00000253738c0a00: a003 0000 | 4883 ec20 | 40f6 c40f | 0f84 1900 | 0000 4883 | ec08 48b8 | f04d 3477 | fc7f 0000 
  0x00000253738c0a20: ffd0 4883 | c408 e90c | 0000 0048 | b8f0 4d34 | 77fc 7f00 | 00ff d048 | 83c4 2049 | c787 a003 
  0x00000253738c0a40: 0000 0000 | 0000 49c7 | 87b0 0300 | 0000 0000 | 0049 c787 | a803 0000 | 0000 0000 | c5f8 7741 
  0x00000253738c0a60: 8b8f 2c05 | 0000 f6c1 | 010f 8442 | 0000 00f6 | c102 0f85 | 3900 0000 | 4883 ec20 | 40f6 c40f 
  0x00000253738c0a80: 0f84 1900 | 0000 4883 | ec08 48b8 | 10fc 3377 | fc7f 0000 | ffd0 4883 | c408 e90c | 0000 0048 
  0x00000253738c0aa0: b810 fc33 | 77fc 7f00 | 00ff d048 | 83c4 20ff | e049 8b8f | d805 0000 | 4885 c90f | 8455 0000 
  0x00000253738c0ac0: 008b 899c | 0000 0083 | f901 0f85 | 4600 0000 | 498b 8fd8 | 0500 008b | 89a0 0000 | 0048 83ec 
  0x00000253738c0ae0: 2040 f6c4 | 0f0f 8419 | 0000 0048 | 83ec 0848 | b800 fc33 | 77fc 7f00 | 00ff d048 | 83c4 08e9 
  0x00000253738c0b00: 0c00 0000 | 48b8 00fc | 3377 fc7f | 0000 ffd0 | 4883 c420 | ffe0 4983 | 7f08 000f | 8405 0000 
  0x00000253738c0b20: 00e9 9a03 | ffff 4c8b | 6dc0 4c8b | 75c8 4e8d | 74f5 00c3 | 488b 5de8 | 488b 4358 | 498d 8fc0 
  0x00000253738c0b40: 0300 00c5 | f877 4989 | afb0 0300 | 0049 ba43 | 0b8c 7353 | 0200 004d | 8997 a803 | 0000 4989 
  0x00000253738c0b60: a7a0 0300 | 0041 c787 | 4404 0000 | 0400 0000 | ffd0 c5f8 | 7748 83ec | 10c5 fb11 | 0424 4883 
  0x00000253738c0b80: ec10 4889 | 0424 48c7 | 4424 0800 | 0000 0041 | c787 4404 | 0000 0500 | 0000 f083 | 4424 c000 
  0x00000253738c0ba0: 493b af48 | 0400 000f | 870e 0000 | 0041 83bf | 4004 0000 | 000f 8420 | 0000 0049 | 8bcf 4c8b 
  0x00000253738c0bc0: e448 83ec | 2048 83e4 | f048 b890 | a935 77fc | 7f00 00ff | d049 8be4 | 4d33 e441 | c787 4404 
  0x00000253738c0be0: 0000 0800 | 0000 49c7 | 87a0 0300 | 0000 0000 | 0049 c787 | b003 0000 | 0000 0000 | 49c7 87a8 
  0x00000253738c0c00: 0300 0000 | 0000 00c5 | f877 4d8b | 9f30 0400 | 0041 c783 | 0001 0000 | 0000 0000 | 49bb fac8 
  0x00000253738c0c20: 8b73 5302 | 0000 4c3b | 5d18 0f85 | 2402 0000 | 488b 0424 | 4883 c410 | 4885 c00f | 84fe 0100 
  0x00000253738c0c40: 00a8 030f | 8508 0000 | 0048 8b00 | e9ee 0100 | 00a8 010f | 8509 0000 | 0048 8b40 | fee9 dd01 
  0x00000253738c0c60: 0000 488b | 40ff 4180 | 7f38 000f | 84ce 0100 | 0048 83f8 | 000f 84c4 | 0100 004d | 8b5f 2849 
  0x00000253738c0c80: 83fb 000f | 8414 0000 | 0049 83eb | 084d 895f | 284d 035f | 3049 8903 | e9a2 0100 | 0048 81ec 
  0x00000253738c0ca0: d000 0000 | 4889 0424 | 4889 4c24 | 0848 8954 | 2410 4889 | 7424 1848 | 897c 2420 | 4c89 4424 
  0x00000253738c0cc0: 284c 894c | 2430 4c89 | 5424 384c | 895c 2440 | c5fb 1144 | 2450 c5fb | 114c 2458 | c5fb 1154 
  0x00000253738c0ce0: 2460 c5fb | 115c 2468 | c5fb 1164 | 2470 c5fb | 116c 2478 | c5fb 11b4 | 2480 0000 | 00c5 fb11 
  0x00000253738c0d00: bc24 8800 | 0000 c57b | 1184 2490 | 0000 00c5 | 7b11 8c24 | 9800 0000 | c57b 1194 | 24a0 0000 
  0x00000253738c0d20: 00c5 7b11 | 9c24 a800 | 0000 c57b | 11a4 24b0 | 0000 00c5 | 7b11 ac24 | b800 0000 | c57b 11b4 
  0x00000253738c0d40: 24c0 0000 | 00c5 7b11 | bc24 c800 | 0000 498b | d748 8bc8 | 4883 ec20 | 40f6 c40f | 0f84 1900 
  0x00000253738c0d60: 0000 4883 | ec08 48b8 | e007 2977 | fc7f 0000 | ffd0 4883 | c408 e90c | 0000 0048 | b8e0 0729 
  0x00000253738c0d80: 77fc 7f00 | 00ff d048 | 83c4 20c5 | 7b10 bc24 | c800 0000 | c57b 10b4 | 24c0 0000 | 00c5 7b10 
  0x00000253738c0da0: ac24 b800 | 0000 c57b | 10a4 24b0 | 0000 00c5 | 7b10 9c24 | a800 0000 | c57b 1094 | 24a0 0000 
  0x00000253738c0dc0: 00c5 7b10 | 8c24 9800 | 0000 c57b | 1084 2490 | 0000 00c5 | fb10 bc24 | 8800 0000 | c5fb 10b4 
  0x00000253738c0de0: 2480 0000 | 00c5 fb10 | 6c24 78c5 | fb10 6424 | 70c5 fb10 | 5c24 68c5 | fb10 5424 | 60c5 fb10 
  0x00000253738c0e00: 4c24 58c5 | fb10 4424 | 504c 8b5c | 2440 4c8b | 5424 384c | 8b4c 2430 | 4c8b 4424 | 2848 8b7c 
  0x00000253738c0e20: 2420 488b | 7424 1848 | 8b54 2410 | 488b 4c24 | 0848 8b04 | 2448 81c4 | d000 0000 | c5f8 7748 
  0x00000253738c0e40: 8945 1048 | 83ec 1048 | 8904 2448 | c744 2408 | 0000 0000 | 4183 bfc8 | 0400 0002 | 0f85 bf00 
  0x00000253738c0e60: 0000 4881 | ec80 0000 | 0048 8944 | 2478 4889 | 4c24 7048 | 8954 2468 | 4889 5c24 | 6048 896c 
  0x00000253738c0e80: 2450 4889 | 7424 4848 | 897c 2440 | 4c89 4424 | 384c 894c | 2430 4c89 | 5424 284c | 895c 2420 
  0x00000253738c0ea0: 4c89 6424 | 184c 896c | 2410 4c89 | 7424 084c | 893c 244c | 8be4 4883 | ec20 4883 | e4f0 48b8 
  0x00000253738c0ec0: b022 6c77 | fc7f 0000 | ffd0 498b | e44c 8b3c | 244c 8b74 | 2408 4c8b | 6c24 104c | 8b64 2418 
  0x00000253738c0ee0: 4c8b 5c24 | 204c 8b54 | 2428 4c8b | 4c24 304c | 8b44 2438 | 488b 7c24 | 4048 8b74 | 2448 488b 
  0x00000253738c0f00: 6c24 5048 | 8b5c 2460 | 488b 5424 | 6848 8b4c | 2470 488b | 4424 7848 | 81c4 8000 | 0000 4d33 
  0x00000253738c0f20: e448 8b5d | e84c 8b6b | 084d 8d6d | 3849 837f | 0800 0f84 | 7201 0000 | e805 0000 | 00e9 4d01 
  0x00000253738c0f40: 0000 488d | 4424 084c | 896d c049 | 8bcf c5f8 | 7749 89af | b003 0000 | 4989 87a0 | 0300 0048 
  0x00000253738c0f60: 83ec 2040 | f6c4 0f0f | 8419 0000 | 0048 83ec | 0848 b800 | 6c34 77fc | 7f00 00ff | d048 83c4 
  0x00000253738c0f80: 08e9 0c00 | 0000 48b8 | 006c 3477 | fc7f 0000 | ffd0 4883 | c420 49c7 | 87a0 0300 | 0000 0000 
  0x00000253738c0fa0: 0049 c787 | b003 0000 | 0000 0000 | 49c7 87a8 | 0300 0000 | 0000 00c5 | f877 418b | 8f2c 0500 
  0x00000253738c0fc0: 00f6 c101 | 0f84 4200 | 0000 f6c1 | 020f 8539 | 0000 0048 | 83ec 2040 | f6c4 0f0f | 8419 0000 
  0x00000253738c0fe0: 0048 83ec | 0848 b810 | fc33 77fc | 7f00 00ff | d048 83c4 | 08e9 0c00 | 0000 48b8 | 10fc 3377 
  0x00000253738c1000: fc7f 0000 | ffd0 4883 | c420 ffe0 | 498b 8fd8 | 0500 0048 | 85c9 0f84 | 5500 0000 | 8b89 9c00 
  0x00000253738c1020: 0000 83f9 | 010f 8546 | 0000 0049 | 8b8f d805 | 0000 8b89 | a000 0000 | 4883 ec20 | 40f6 c40f 
  0x00000253738c1040: 0f84 1900 | 0000 4883 | ec08 48b8 | 00fc 3377 | fc7f 0000 | ffd0 4883 | c408 e90c | 0000 0048 
  0x00000253738c1060: b800 fc33 | 77fc 7f00 | 00ff d048 | 83c4 20ff | e049 837f | 0800 0f84 | 0500 0000 | e93f fefe 
  0x00000253738c1080: ff4c 8b6d | c04c 8b75 | c84e 8d74 | f500 c348 | b940 d593 | 77fc 7f00 | 0048 83e4 | f048 b860 
  0x00000253738c10a0: 4a5a 77fc | 7f00 00ff | d0f4 448b | 5b28 41f6 | c320 0f84 | 3002 0000 | 488d 55a8 | 4c8b 5a08 
  0x00000253738c10c0: 4d85 db0f | 8572 0100 | 00e8 0500 | 0000 e94d | 0100 0048 | 8d44 2408 | 4c89 6dc0 | 498b cfc5 
  0x00000253738c10e0: f877 4989 | afb0 0300 | 0049 8987 | a003 0000 | 4883 ec20 | 40f6 c40f | 0f84 1900 | 0000 4883 
  0x00000253738c1100: ec08 48b8 | 306b 3477 | fc7f 0000 | ffd0 4883 | c408 e90c | 0000 0048 | b830 6b34 | 77fc 7f00 
  0x00000253738c1120: 00ff d048 | 83c4 2049 | c787 a003 | 0000 0000 | 0000 49c7 | 87b0 0300 | 0000 0000 | 0049 c787 
  0x00000253738c1140: a803 0000 | 0000 0000 | c5f8 7741 | 8b8f 2c05 | 0000 f6c1 | 010f 8442 | 0000 00f6 | c102 0f85 
  0x00000253738c1160: 3900 0000 | 4883 ec20 | 40f6 c40f | 0f84 1900 | 0000 4883 | ec08 48b8 | 10fc 3377 | fc7f 0000 
  0x00000253738c1180: ffd0 4883 | c408 e90c | 0000 0048 | b810 fc33 | 77fc 7f00 | 00ff d048 | 83c4 20ff | e049 8b8f 
  0x00000253738c11a0: d805 0000 | 4885 c90f | 8455 0000 | 008b 899c | 0000 0083 | f901 0f85 | 4600 0000 | 498b 8fd8 
  0x00000253738c11c0: 0500 008b | 89a0 0000 | 0048 83ec | 2040 f6c4 | 0f0f 8419 | 0000 0048 | 83ec 0848 | b800 fc33 
  0x00000253738c11e0: 77fc 7f00 | 00ff d048 | 83c4 08e9 | 0c00 0000 | 48b8 00fc | 3377 fc7f | 0000 ffd0 | 4883 c420 
  0x00000253738c1200: ffe0 4983 | 7f08 000f | 8405 0000 | 00e9 aefc | feff 4c8b | 6dc0 4c8b | 75c8 4e8d | 74f5 00c3 
  0x00000253738c1220: 48b9 40d5 | 9377 fc7f | 0000 4883 | e4f0 48b8 | 604a 5a77 | fc7f 0000 | ffd0 f44c | 896d c04c 
  0x00000253738c1240: 8b4a 0848 | c742 0800 | 0000 0045 | 8b87 1806 | 0000 4f3b | 4c07 f80f | 8549 0000 | 0041 83af 
  0x00000253738c1260: 1806 0000 | 084f 3b4c | 07f0 0f84 | 2a00 0000 | 498b 01a8 | 020f 8512 | 0000 004c | 8bc0 4983 
  0x00000253738c1280: c801 f04d | 0fb1 010f | 840d 0000 | 0041 8387 | 1806 0000 | 08e9 0c00 | 0000 49ff | 8f50 0500 
  0x00000253738c12a0: 00e9 3e00 | 0000 4c89 | 4a08 488b | ca48 83ec | 2040 f6c4 | 0f0f 8419 | 0000 0048 | 83ec 0848 
  0x00000253738c12c0: b8f0 3d34 | 77fc 7f00 | 00ff d048 | 83c4 08e9 | 0c00 0000 | 48b8 f03d | 3477 fc7f | 0000 ffd0 
  0x00000253738c12e0: 4883 c420 | 4c8b 6dc0 | 418b 97e0 | 0500 0085 | d20f 8457 | 0100 00e8 | 0500 0000 | e94d 0100 
  0x00000253738c1300: 0048 8d44 | 2408 4c89 | 6dc0 498b | cfc5 f877 | 4989 afb0 | 0300 0049 | 8987 a003 | 0000 4883 
  0x00000253738c1320: ec20 40f6 | c40f 0f84 | 1900 0000 | 4883 ec08 | 48b8 204d | 3477 fc7f | 0000 ffd0 | 4883 c408 
  0x00000253738c1340: e90c 0000 | 0048 b820 | 4d34 77fc | 7f00 00ff | d048 83c4 | 2049 c787 | a003 0000 | 0000 0000 
  0x00000253738c1360: 49c7 87b0 | 0300 0000 | 0000 0049 | c787 a803 | 0000 0000 | 0000 c5f8 | 7741 8b8f | 2c05 0000 
  0x00000253738c1380: f6c1 010f | 8442 0000 | 00f6 c102 | 0f85 3900 | 0000 4883 | ec20 40f6 | c40f 0f84 | 1900 0000 
  0x00000253738c13a0: 4883 ec08 | 48b8 10fc | 3377 fc7f | 0000 ffd0 | 4883 c408 | e90c 0000 | 0048 b810 | fc33 77fc 
  0x00000253738c13c0: 7f00 00ff | d048 83c4 | 20ff e049 | 8b8f d805 | 0000 4885 | c90f 8455 | 0000 008b | 899c 0000 
  0x00000253738c13e0: 0083 f901 | 0f85 4600 | 0000 498b | 8fd8 0500 | 008b 89a0 | 0000 0048 | 83ec 2040 | f6c4 0f0f 
  0x00000253738c1400: 8419 0000 | 0048 83ec | 0848 b800 | fc33 77fc | 7f00 00ff | d048 83c4 | 08e9 0c00 | 0000 48b8 
  0x00000253738c1420: 00fc 3377 | fc7f 0000 | ffd0 4883 | c420 ffe0 | 4983 7f08 | 000f 8405 | 0000 00e9 | 80fa feff 
  0x00000253738c1440: 4c8b 6dc0 | 4c8b 75c8 | 4e8d 74f5 | 00c3 49ba | 41ad bb77 | fc7f 0000 | 4180 3a00 | 0f84 3e00 
  0x00000253738c1460: 0000 488b | 55e8 498b | cf48 83ec | 2040 f6c4 | 0f0f 8419 | 0000 0048 | 83ec 0848 | b800 ee6b 
  0x00000253738c1480: 77fc 7f00 | 00ff d048 | 83c4 08e9 | 0c00 0000 | 48b8 00ee | 6b77 fc7f | 0000 ffd0 | 4883 c420 
  0x00000253738c14a0: 488b 0424 | 4883 c410 | c5fb 1004 | 2448 83c4 | 104c 8b5d | 1841 ffd3 | 4c8b 5df8 | c95f 498b 
  0x00000253738c14c0: e3ff e7ba | 0000 0000 | e805 0000 | 00e9 4d01 | 0000 488d | 4424 084c | 896d c049 | 8bcf c5f8 
  0x00000253738c14e0: 7749 89af | b003 0000 | 4989 87a0 | 0300 0048 | 83ec 2040 | f6c4 0f0f | 8419 0000 | 0048 83ec 
  0x00000253738c1500: 0848 b8a0 | 3134 77fc | 7f00 00ff | d048 83c4 | 08e9 0c00 | 0000 48b8 | a031 3477 | fc7f 0000 
  0x00000253738c1520: ffd0 4883 | c420 49c7 | 87a0 0300 | 0000 0000 | 0049 c787 | b003 0000 | 0000 0000 | 49c7 87a8 
  0x00000253738c1540: 0300 0000 | 0000 00c5 | f877 418b | 8f2c 0500 | 00f6 c101 | 0f84 4200 | 0000 f6c1 | 020f 8539 
  0x00000253738c1560: 0000 0048 | 83ec 2040 | f6c4 0f0f | 8419 0000 | 0048 83ec | 0848 b810 | fc33 77fc | 7f00 00ff 
  0x00000253738c1580: d048 83c4 | 08e9 0c00 | 0000 48b8 | 10fc 3377 | fc7f 0000 | ffd0 4883 | c420 ffe0 | 498b 8fd8 
  0x00000253738c15a0: 0500 0048 | 85c9 0f84 | 5500 0000 | 8b89 9c00 | 0000 83f9 | 010f 8546 | 0000 0049 | 8b8f d805 
  0x00000253738c15c0: 0000 8b89 | a000 0000 | 4883 ec20 | 40f6 c40f | 0f84 1900 | 0000 4883 | ec08 48b8 | 00fc 3377 
  0x00000253738c15e0: fc7f 0000 | ffd0 4883 | c408 e90c | 0000 0048 | b800 fc33 | 77fc 7f00 | 00ff d048 | 83c4 20ff 
  0x00000253738c1600: e049 837f | 0800 0f84 | 0500 0000 | e9af f8fe | ff4c 8b6d | c04c 8b75 | c84e 8d74 | f500 c348 
  0x00000253738c1620: 8b5d e8e9 | c7ef ffff 
[/MachCode]

---------------  P R O C E S S  ---------------

Threads class SMR info:
_java_thread_list=0x00000253c819dfd0, length=18, elements={
0x0000025363578040, 0x000002537d0e38d0, 0x000002537d0e45f0, 0x000002537d0e6550,
0x000002537d0e7210, 0x000002537d0e8700, 0x000002537d0f5350, 0x000002537d101660,
0x000002537d1040b0, 0x000002537d101ea0, 0x000002537d0f4cc0, 0x000002537d102c40,
0x000002537d102570, 0x00000253c5110730, 0x00000253c514c640, 0x00000253c514d4e0,
0x000002537d0f3910, 0x000002537d0f59e0
}

Java Threads: ( => current thread )
=>0x0000025363578040 JavaThread "main"                              [_thread_in_native, id=7980, stack(0x000000fb05f00000,0x000000fb06000000) (1024K)]
  0x000002537d0e38d0 JavaThread "Reference Handler"          daemon [_thread_blocked, id=20280, stack(0x000000fb06700000,0x000000fb06800000) (1024K)]
  0x000002537d0e45f0 JavaThread "Finalizer"                  daemon [_thread_blocked, id=7920, stack(0x000000fb06800000,0x000000fb06900000) (1024K)]
  0x000002537d0e6550 JavaThread "Signal Dispatcher"          daemon [_thread_blocked, id=16116, stack(0x000000fb06900000,0x000000fb06a00000) (1024K)]
  0x000002537d0e7210 JavaThread "Attach Listener"            daemon [_thread_blocked, id=24912, stack(0x000000fb06a00000,0x000000fb06b00000) (1024K)]
  0x000002537d0e8700 JavaThread "Service Thread"             daemon [_thread_blocked, id=22720, stack(0x000000fb06b00000,0x000000fb06c00000) (1024K)]
  0x000002537d0f5350 JavaThread "Monitor Deflation Thread"   daemon [_thread_blocked, id=19840, stack(0x000000fb06c00000,0x000000fb06d00000) (1024K)]
  0x000002537d101660 JavaThread "C2 CompilerThread0"         daemon [_thread_blocked, id=14116, stack(0x000000fb06d00000,0x000000fb06e00000) (1024K)]
  0x000002537d1040b0 JavaThread "C1 CompilerThread0"         daemon [_thread_blocked, id=21680, stack(0x000000fb06e00000,0x000000fb06f00000) (1024K)]
  0x000002537d101ea0 JavaThread "C1 CompilerThread1"         daemon [_thread_blocked, id=13176, stack(0x000000fb06f00000,0x000000fb07000000) (1024K)]
  0x000002537d0f4cc0 JavaThread "Common-Cleaner"             daemon [_thread_blocked, id=20036, stack(0x000000fb07000000,0x000000fb07100000) (1024K)]
  0x000002537d102c40 JavaThread "C1 CompilerThread2"         daemon [_thread_blocked, id=25060, stack(0x000000fb07100000,0x000000fb07200000) (1024K)]
  0x000002537d102570 JavaThread "C1 CompilerThread3"         daemon [_thread_blocked, id=10308, stack(0x000000fb07200000,0x000000fb07300000) (1024K)]
  0x00000253c5110730 JavaThread "JDWP Transport Listener: dt_socket" daemon [_thread_blocked, id=16268, stack(0x000000fb07500000,0x000000fb07600000) (1024K)]
  0x00000253c514c640 JavaThread "JDWP Event Helper Thread"   daemon [_thread_blocked, id=23532, stack(0x000000fb07600000,0x000000fb07700000) (1024K)]
  0x00000253c514d4e0 JavaThread "JDWP Command Reader"        daemon [_thread_in_native, id=8120, stack(0x000000fb07700000,0x000000fb07800000) (1024K)]
  0x000002537d0f3910 JavaThread "Notification Thread"        daemon [_thread_blocked, id=9308, stack(0x000000fb07300000,0x000000fb07400000) (1024K)]
  0x000002537d0f59e0 JavaThread "Thread-0"                   daemon [_thread_blocked, id=13952, stack(0x000000fb07d00000,0x000000fb07e00000) (1024K)]
Total: 18

Other Threads:
  0x000002537d0c83a0 VMThread "VM Thread"                           [id=3992, stack(0x000000fb06600000,0x000000fb06700000) (1024K)]
  0x000002537d0b53d0 WatcherThread "VM Periodic Task Thread"        [id=10340, stack(0x000000fb06500000,0x000000fb06600000) (1024K)]
  0x00000253632b72f0 WorkerThread "GC Thread#0"                     [id=24468, stack(0x000000fb06000000,0x000000fb06100000) (1024K)]
  0x00000253632bdbe0 ConcurrentGCThread "G1 Main Marker"            [id=16812, stack(0x000000fb06100000,0x000000fb06200000) (1024K)]
  0x00000253632be6f0 WorkerThread "G1 Conc#0"                       [id=6064, stack(0x000000fb06200000,0x000000fb06300000) (1024K)]
  0x000002537cf79690 ConcurrentGCThread "G1 Refine#0"               [id=21784, stack(0x000000fb06300000,0x000000fb06400000) (1024K)]
  0x000002537cf7a210 ConcurrentGCThread "G1 Service"                [id=21660, stack(0x000000fb06400000,0x000000fb06500000) (1024K)]
Total: 7

Threads with active compile tasks:
Total: 0

VM state: not at safepoint (normal execution)

VM Mutex/Monitor currently owned by a thread: None

Heap address: 0x00000000a0000000, size: 30208 MB, Compressed Oops mode: Zero based, Oop shift amount: 3

CDS archive(s) mapped at: [0x0000025380000000-0x0000025380d70000-0x0000025380d70000), size 14090240, SharedBaseAddress: 0x0000025380000000, ArchiveRelocationMode: 1.
Compressed class space mapped at: 0x0000025381000000-0x00000253c1000000, reserved size: 1073741824
Narrow klass base: 0x0000025380000000, Narrow klass shift: 0, Narrow klass range: 0x41000000

GC Precious Log:
 CardTable entry size: 512
 Card Set container configuration: InlinePtr #cards 3 size 8 Array Of Cards #cards 128 size 272 Howl #buckets 8 coarsen threshold 29491 Howl Bitmap #cards 4096 size 528 coarsen threshold 3686 Card regions per heap region 1 cards per card region 32768
 CPUs: 32 total, 32 available
 Memory: 127G
 Large Page Support: Disabled
 NUMA Support: Disabled
 Compressed Oops: Enabled (Zero based)
 Heap Region Size: 16M
 Heap Min Capacity: 16M
 Heap Initial Capacity: 2G
 Heap Max Capacity: 30208M
 Pre-touch: Disabled
 Parallel Workers: 23
 Concurrent Workers: 6
 Concurrent Refinement Workers: 23
 Periodic GC: Disabled

Heap:
 garbage-first heap   total reserved 30932992K, committed 2097152K, used 32768K [0x00000000a0000000, 0x0000000800000000)
  region size 16384K, 3 young (49152K), 0 survivors (0K)
 Metaspace       used 10875K, committed 11136K, reserved 1114112K
  class space    used 918K, committed 1024K, reserved 1048576K

Heap Regions: E=young(eden), S=young(survivor), O=old, HS=humongous(starts), HC=humongous(continues), CS=collection set, F=free, TAMS=top-at-mark-start, PB=parsable bottom
|   0|0x00000000a0000000, 0x00000000a0000000, 0x00000000a1000000|  0%| F|  |TAMS 0x00000000a0000000| PB 0x00000000a0000000| Untracked |  0
|   1|0x00000000a1000000, 0x00000000a1000000, 0x00000000a2000000|  0%| F|  |TAMS 0x00000000a1000000| PB 0x00000000a1000000| Untracked |  0
|   2|0x00000000a2000000, 0x00000000a2000000, 0x00000000a3000000|  0%| F|  |TAMS 0x00000000a2000000| PB 0x00000000a2000000| Untracked |  0
|   3|0x00000000a3000000, 0x00000000a3000000, 0x00000000a4000000|  0%| F|  |TAMS 0x00000000a3000000| PB 0x00000000a3000000| Untracked |  0
|   4|0x00000000a4000000, 0x00000000a4000000, 0x00000000a5000000|  0%| F|  |TAMS 0x00000000a4000000| PB 0x00000000a4000000| Untracked |  0
|   5|0x00000000a5000000, 0x00000000a5000000, 0x00000000a6000000|  0%| F|  |TAMS 0x00000000a5000000| PB 0x00000000a5000000| Untracked |  0
|   6|0x00000000a6000000, 0x00000000a6000000, 0x00000000a7000000|  0%| F|  |TAMS 0x00000000a6000000| PB 0x00000000a6000000| Untracked |  0
|   7|0x00000000a7000000, 0x00000000a7000000, 0x00000000a8000000|  0%| F|  |TAMS 0x00000000a7000000| PB 0x00000000a7000000| Untracked |  0
|   8|0x00000000a8000000, 0x00000000a8000000, 0x00000000a9000000|  0%| F|  |TAMS 0x00000000a8000000| PB 0x00000000a8000000| Untracked |  0
|   9|0x00000000a9000000, 0x00000000a9000000, 0x00000000aa000000|  0%| F|  |TAMS 0x00000000a9000000| PB 0x00000000a9000000| Untracked |  0
|  10|0x00000000aa000000, 0x00000000aa000000, 0x00000000ab000000|  0%| F|  |TAMS 0x00000000aa000000| PB 0x00000000aa000000| Untracked |  0
|  11|0x00000000ab000000, 0x00000000ab000000, 0x00000000ac000000|  0%| F|  |TAMS 0x00000000ab000000| PB 0x00000000ab000000| Untracked |  0
|  12|0x00000000ac000000, 0x00000000ac000000, 0x00000000ad000000|  0%| F|  |TAMS 0x00000000ac000000| PB 0x00000000ac000000| Untracked |  0
|  13|0x00000000ad000000, 0x00000000ad000000, 0x00000000ae000000|  0%| F|  |TAMS 0x00000000ad000000| PB 0x00000000ad000000| Untracked |  0
|  14|0x00000000ae000000, 0x00000000ae000000, 0x00000000af000000|  0%| F|  |TAMS 0x00000000ae000000| PB 0x00000000ae000000| Untracked |  0
|  15|0x00000000af000000, 0x00000000af000000, 0x00000000b0000000|  0%| F|  |TAMS 0x00000000af000000| PB 0x00000000af000000| Untracked |  0
|  16|0x00000000b0000000, 0x00000000b0000000, 0x00000000b1000000|  0%| F|  |TAMS 0x00000000b0000000| PB 0x00000000b0000000| Untracked |  0
|  17|0x00000000b1000000, 0x00000000b1000000, 0x00000000b2000000|  0%| F|  |TAMS 0x00000000b1000000| PB 0x00000000b1000000| Untracked |  0
|  18|0x00000000b2000000, 0x00000000b2000000, 0x00000000b3000000|  0%| F|  |TAMS 0x00000000b2000000| PB 0x00000000b2000000| Untracked |  0
|  19|0x00000000b3000000, 0x00000000b3000000, 0x00000000b4000000|  0%| F|  |TAMS 0x00000000b3000000| PB 0x00000000b3000000| Untracked |  0
|  20|0x00000000b4000000, 0x00000000b4000000, 0x00000000b5000000|  0%| F|  |TAMS 0x00000000b4000000| PB 0x00000000b4000000| Untracked |  0
|  21|0x00000000b5000000, 0x00000000b5000000, 0x00000000b6000000|  0%| F|  |TAMS 0x00000000b5000000| PB 0x00000000b5000000| Untracked |  0
|  22|0x00000000b6000000, 0x00000000b6000000, 0x00000000b7000000|  0%| F|  |TAMS 0x00000000b6000000| PB 0x00000000b6000000| Untracked |  0
|  23|0x00000000b7000000, 0x00000000b7000000, 0x00000000b8000000|  0%| F|  |TAMS 0x00000000b7000000| PB 0x00000000b7000000| Untracked |  0
|  24|0x00000000b8000000, 0x00000000b8000000, 0x00000000b9000000|  0%| F|  |TAMS 0x00000000b8000000| PB 0x00000000b8000000| Untracked |  0
|  25|0x00000000b9000000, 0x00000000b9000000, 0x00000000ba000000|  0%| F|  |TAMS 0x00000000b9000000| PB 0x00000000b9000000| Untracked |  0
|  26|0x00000000ba000000, 0x00000000ba000000, 0x00000000bb000000|  0%| F|  |TAMS 0x00000000ba000000| PB 0x00000000ba000000| Untracked |  0
|  27|0x00000000bb000000, 0x00000000bb000000, 0x00000000bc000000|  0%| F|  |TAMS 0x00000000bb000000| PB 0x00000000bb000000| Untracked |  0
|  28|0x00000000bc000000, 0x00000000bc000000, 0x00000000bd000000|  0%| F|  |TAMS 0x00000000bc000000| PB 0x00000000bc000000| Untracked |  0
|  29|0x00000000bd000000, 0x00000000bd000000, 0x00000000be000000|  0%| F|  |TAMS 0x00000000bd000000| PB 0x00000000bd000000| Untracked |  0
|  30|0x00000000be000000, 0x00000000be000000, 0x00000000bf000000|  0%| F|  |TAMS 0x00000000be000000| PB 0x00000000be000000| Untracked |  0
|  31|0x00000000bf000000, 0x00000000bf000000, 0x00000000c0000000|  0%| F|  |TAMS 0x00000000bf000000| PB 0x00000000bf000000| Untracked |  0
|  32|0x00000000c0000000, 0x00000000c0000000, 0x00000000c1000000|  0%| F|  |TAMS 0x00000000c0000000| PB 0x00000000c0000000| Untracked |  0
|  33|0x00000000c1000000, 0x00000000c1000000, 0x00000000c2000000|  0%| F|  |TAMS 0x00000000c1000000| PB 0x00000000c1000000| Untracked |  0
|  34|0x00000000c2000000, 0x00000000c2000000, 0x00000000c3000000|  0%| F|  |TAMS 0x00000000c2000000| PB 0x00000000c2000000| Untracked |  0
|  35|0x00000000c3000000, 0x00000000c3000000, 0x00000000c4000000|  0%| F|  |TAMS 0x00000000c3000000| PB 0x00000000c3000000| Untracked |  0
|  36|0x00000000c4000000, 0x00000000c4000000, 0x00000000c5000000|  0%| F|  |TAMS 0x00000000c4000000| PB 0x00000000c4000000| Untracked |  0
|  37|0x00000000c5000000, 0x00000000c5000000, 0x00000000c6000000|  0%| F|  |TAMS 0x00000000c5000000| PB 0x00000000c5000000| Untracked |  0
|  38|0x00000000c6000000, 0x00000000c6000000, 0x00000000c7000000|  0%| F|  |TAMS 0x00000000c6000000| PB 0x00000000c6000000| Untracked |  0
|  39|0x00000000c7000000, 0x00000000c7000000, 0x00000000c8000000|  0%| F|  |TAMS 0x00000000c7000000| PB 0x00000000c7000000| Untracked |  0
|  40|0x00000000c8000000, 0x00000000c8000000, 0x00000000c9000000|  0%| F|  |TAMS 0x00000000c8000000| PB 0x00000000c8000000| Untracked |  0
|  41|0x00000000c9000000, 0x00000000c9000000, 0x00000000ca000000|  0%| F|  |TAMS 0x00000000c9000000| PB 0x00000000c9000000| Untracked |  0
|  42|0x00000000ca000000, 0x00000000ca000000, 0x00000000cb000000|  0%| F|  |TAMS 0x00000000ca000000| PB 0x00000000ca000000| Untracked |  0
|  43|0x00000000cb000000, 0x00000000cb000000, 0x00000000cc000000|  0%| F|  |TAMS 0x00000000cb000000| PB 0x00000000cb000000| Untracked |  0
|  44|0x00000000cc000000, 0x00000000cc000000, 0x00000000cd000000|  0%| F|  |TAMS 0x00000000cc000000| PB 0x00000000cc000000| Untracked |  0
|  45|0x00000000cd000000, 0x00000000cd000000, 0x00000000ce000000|  0%| F|  |TAMS 0x00000000cd000000| PB 0x00000000cd000000| Untracked |  0
|  46|0x00000000ce000000, 0x00000000ce000000, 0x00000000cf000000|  0%| F|  |TAMS 0x00000000ce000000| PB 0x00000000ce000000| Untracked |  0
|  47|0x00000000cf000000, 0x00000000cf000000, 0x00000000d0000000|  0%| F|  |TAMS 0x00000000cf000000| PB 0x00000000cf000000| Untracked |  0
|  48|0x00000000d0000000, 0x00000000d0000000, 0x00000000d1000000|  0%| F|  |TAMS 0x00000000d0000000| PB 0x00000000d0000000| Untracked |  0
|  49|0x00000000d1000000, 0x00000000d1000000, 0x00000000d2000000|  0%| F|  |TAMS 0x00000000d1000000| PB 0x00000000d1000000| Untracked |  0
|  50|0x00000000d2000000, 0x00000000d2000000, 0x00000000d3000000|  0%| F|  |TAMS 0x00000000d2000000| PB 0x00000000d2000000| Untracked |  0
|  51|0x00000000d3000000, 0x00000000d3000000, 0x00000000d4000000|  0%| F|  |TAMS 0x00000000d3000000| PB 0x00000000d3000000| Untracked |  0
|  52|0x00000000d4000000, 0x00000000d4000000, 0x00000000d5000000|  0%| F|  |TAMS 0x00000000d4000000| PB 0x00000000d4000000| Untracked |  0
|  53|0x00000000d5000000, 0x00000000d5000000, 0x00000000d6000000|  0%| F|  |TAMS 0x00000000d5000000| PB 0x00000000d5000000| Untracked |  0
|  54|0x00000000d6000000, 0x00000000d6000000, 0x00000000d7000000|  0%| F|  |TAMS 0x00000000d6000000| PB 0x00000000d6000000| Untracked |  0
|  55|0x00000000d7000000, 0x00000000d7000000, 0x00000000d8000000|  0%| F|  |TAMS 0x00000000d7000000| PB 0x00000000d7000000| Untracked |  0
|  56|0x00000000d8000000, 0x00000000d8000000, 0x00000000d9000000|  0%| F|  |TAMS 0x00000000d8000000| PB 0x00000000d8000000| Untracked |  0
|  57|0x00000000d9000000, 0x00000000d9000000, 0x00000000da000000|  0%| F|  |TAMS 0x00000000d9000000| PB 0x00000000d9000000| Untracked |  0
|  58|0x00000000da000000, 0x00000000da000000, 0x00000000db000000|  0%| F|  |TAMS 0x00000000da000000| PB 0x00000000da000000| Untracked |  0
|  59|0x00000000db000000, 0x00000000db000000, 0x00000000dc000000|  0%| F|  |TAMS 0x00000000db000000| PB 0x00000000db000000| Untracked |  0
|  60|0x00000000dc000000, 0x00000000dc000000, 0x00000000dd000000|  0%| F|  |TAMS 0x00000000dc000000| PB 0x00000000dc000000| Untracked |  0
|  61|0x00000000dd000000, 0x00000000dd000000, 0x00000000de000000|  0%| F|  |TAMS 0x00000000dd000000| PB 0x00000000dd000000| Untracked |  0
|  62|0x00000000de000000, 0x00000000de000000, 0x00000000df000000|  0%| F|  |TAMS 0x00000000de000000| PB 0x00000000de000000| Untracked |  0
|  63|0x00000000df000000, 0x00000000df000000, 0x00000000e0000000|  0%| F|  |TAMS 0x00000000df000000| PB 0x00000000df000000| Untracked |  0
|  64|0x00000000e0000000, 0x00000000e0000000, 0x00000000e1000000|  0%| F|  |TAMS 0x00000000e0000000| PB 0x00000000e0000000| Untracked |  0
|  65|0x00000000e1000000, 0x00000000e1000000, 0x00000000e2000000|  0%| F|  |TAMS 0x00000000e1000000| PB 0x00000000e1000000| Untracked |  0
|  66|0x00000000e2000000, 0x00000000e2000000, 0x00000000e3000000|  0%| F|  |TAMS 0x00000000e2000000| PB 0x00000000e2000000| Untracked |  0
|  67|0x00000000e3000000, 0x00000000e3000000, 0x00000000e4000000|  0%| F|  |TAMS 0x00000000e3000000| PB 0x00000000e3000000| Untracked |  0
|  68|0x00000000e4000000, 0x00000000e4000000, 0x00000000e5000000|  0%| F|  |TAMS 0x00000000e4000000| PB 0x00000000e4000000| Untracked |  0
|  69|0x00000000e5000000, 0x00000000e5000000, 0x00000000e6000000|  0%| F|  |TAMS 0x00000000e5000000| PB 0x00000000e5000000| Untracked |  0
|  70|0x00000000e6000000, 0x00000000e6000000, 0x00000000e7000000|  0%| F|  |TAMS 0x00000000e6000000| PB 0x00000000e6000000| Untracked |  0
|  71|0x00000000e7000000, 0x00000000e7000000, 0x00000000e8000000|  0%| F|  |TAMS 0x00000000e7000000| PB 0x00000000e7000000| Untracked |  0
|  72|0x00000000e8000000, 0x00000000e8000000, 0x00000000e9000000|  0%| F|  |TAMS 0x00000000e8000000| PB 0x00000000e8000000| Untracked |  0
|  73|0x00000000e9000000, 0x00000000e9000000, 0x00000000ea000000|  0%| F|  |TAMS 0x00000000e9000000| PB 0x00000000e9000000| Untracked |  0
|  74|0x00000000ea000000, 0x00000000ea000000, 0x00000000eb000000|  0%| F|  |TAMS 0x00000000ea000000| PB 0x00000000ea000000| Untracked |  0
|  75|0x00000000eb000000, 0x00000000eb000000, 0x00000000ec000000|  0%| F|  |TAMS 0x00000000eb000000| PB 0x00000000eb000000| Untracked |  0
|  76|0x00000000ec000000, 0x00000000ec000000, 0x00000000ed000000|  0%| F|  |TAMS 0x00000000ec000000| PB 0x00000000ec000000| Untracked |  0
|  77|0x00000000ed000000, 0x00000000ed000000, 0x00000000ee000000|  0%| F|  |TAMS 0x00000000ed000000| PB 0x00000000ed000000| Untracked |  0
|  78|0x00000000ee000000, 0x00000000ee000000, 0x00000000ef000000|  0%| F|  |TAMS 0x00000000ee000000| PB 0x00000000ee000000| Untracked |  0
|  79|0x00000000ef000000, 0x00000000ef000000, 0x00000000f0000000|  0%| F|  |TAMS 0x00000000ef000000| PB 0x00000000ef000000| Untracked |  0
|  80|0x00000000f0000000, 0x00000000f0000000, 0x00000000f1000000|  0%| F|  |TAMS 0x00000000f0000000| PB 0x00000000f0000000| Untracked |  0
|  81|0x00000000f1000000, 0x00000000f1000000, 0x00000000f2000000|  0%| F|  |TAMS 0x00000000f1000000| PB 0x00000000f1000000| Untracked |  0
|  82|0x00000000f2000000, 0x00000000f2000000, 0x00000000f3000000|  0%| F|  |TAMS 0x00000000f2000000| PB 0x00000000f2000000| Untracked |  0
|  83|0x00000000f3000000, 0x00000000f3000000, 0x00000000f4000000|  0%| F|  |TAMS 0x00000000f3000000| PB 0x00000000f3000000| Untracked |  0
|  84|0x00000000f4000000, 0x00000000f4000000, 0x00000000f5000000|  0%| F|  |TAMS 0x00000000f4000000| PB 0x00000000f4000000| Untracked |  0
|  85|0x00000000f5000000, 0x00000000f5000000, 0x00000000f6000000|  0%| F|  |TAMS 0x00000000f5000000| PB 0x00000000f5000000| Untracked |  0
|  86|0x00000000f6000000, 0x00000000f6000000, 0x00000000f7000000|  0%| F|  |TAMS 0x00000000f6000000| PB 0x00000000f6000000| Untracked |  0
|  87|0x00000000f7000000, 0x00000000f7000000, 0x00000000f8000000|  0%| F|  |TAMS 0x00000000f7000000| PB 0x00000000f7000000| Untracked |  0
|  88|0x00000000f8000000, 0x00000000f8000000, 0x00000000f9000000|  0%| F|  |TAMS 0x00000000f8000000| PB 0x00000000f8000000| Untracked |  0
|  89|0x00000000f9000000, 0x00000000f9000000, 0x00000000fa000000|  0%| F|  |TAMS 0x00000000f9000000| PB 0x00000000f9000000| Untracked |  0
|  90|0x00000000fa000000, 0x00000000fa000000, 0x00000000fb000000|  0%| F|  |TAMS 0x00000000fa000000| PB 0x00000000fa000000| Untracked |  0
|  91|0x00000000fb000000, 0x00000000fb000000, 0x00000000fc000000|  0%| F|  |TAMS 0x00000000fb000000| PB 0x00000000fb000000| Untracked |  0
|  92|0x00000000fc000000, 0x00000000fc000000, 0x00000000fd000000|  0%| F|  |TAMS 0x00000000fc000000| PB 0x00000000fc000000| Untracked |  0
|  93|0x00000000fd000000, 0x00000000fd000000, 0x00000000fe000000|  0%| F|  |TAMS 0x00000000fd000000| PB 0x00000000fd000000| Untracked |  0
|  94|0x00000000fe000000, 0x00000000fe000000, 0x00000000ff000000|  0%| F|  |TAMS 0x00000000fe000000| PB 0x00000000fe000000| Untracked |  0
|  95|0x00000000ff000000, 0x00000000ff000000, 0x0000000100000000|  0%| F|  |TAMS 0x00000000ff000000| PB 0x00000000ff000000| Untracked |  0
|  96|0x0000000100000000, 0x0000000100000000, 0x0000000101000000|  0%| F|  |TAMS 0x0000000100000000| PB 0x0000000100000000| Untracked |  0
|  97|0x0000000101000000, 0x0000000101000000, 0x0000000102000000|  0%| F|  |TAMS 0x0000000101000000| PB 0x0000000101000000| Untracked |  0
|  98|0x0000000102000000, 0x0000000102000000, 0x0000000103000000|  0%| F|  |TAMS 0x0000000102000000| PB 0x0000000102000000| Untracked |  0
|  99|0x0000000103000000, 0x0000000103000000, 0x0000000104000000|  0%| F|  |TAMS 0x0000000103000000| PB 0x0000000103000000| Untracked |  0
| 100|0x0000000104000000, 0x0000000104000000, 0x0000000105000000|  0%| F|  |TAMS 0x0000000104000000| PB 0x0000000104000000| Untracked |  0
| 101|0x0000000105000000, 0x0000000105000000, 0x0000000106000000|  0%| F|  |TAMS 0x0000000105000000| PB 0x0000000105000000| Untracked |  0
| 102|0x0000000106000000, 0x0000000106000000, 0x0000000107000000|  0%| F|  |TAMS 0x0000000106000000| PB 0x0000000106000000| Untracked |  0
| 103|0x0000000107000000, 0x0000000107000000, 0x0000000108000000|  0%| F|  |TAMS 0x0000000107000000| PB 0x0000000107000000| Untracked |  0
| 104|0x0000000108000000, 0x0000000108000000, 0x0000000109000000|  0%| F|  |TAMS 0x0000000108000000| PB 0x0000000108000000| Untracked |  0
| 105|0x0000000109000000, 0x0000000109000000, 0x000000010a000000|  0%| F|  |TAMS 0x0000000109000000| PB 0x0000000109000000| Untracked |  0
| 106|0x000000010a000000, 0x000000010a000000, 0x000000010b000000|  0%| F|  |TAMS 0x000000010a000000| PB 0x000000010a000000| Untracked |  0
| 107|0x000000010b000000, 0x000000010b000000, 0x000000010c000000|  0%| F|  |TAMS 0x000000010b000000| PB 0x000000010b000000| Untracked |  0
| 108|0x000000010c000000, 0x000000010c000000, 0x000000010d000000|  0%| F|  |TAMS 0x000000010c000000| PB 0x000000010c000000| Untracked |  0
| 109|0x000000010d000000, 0x000000010d000000, 0x000000010e000000|  0%| F|  |TAMS 0x000000010d000000| PB 0x000000010d000000| Untracked |  0
| 110|0x000000010e000000, 0x000000010e000000, 0x000000010f000000|  0%| F|  |TAMS 0x000000010e000000| PB 0x000000010e000000| Untracked |  0
| 111|0x000000010f000000, 0x000000010f000000, 0x0000000110000000|  0%| F|  |TAMS 0x000000010f000000| PB 0x000000010f000000| Untracked |  0
| 112|0x0000000110000000, 0x0000000110000000, 0x0000000111000000|  0%| F|  |TAMS 0x0000000110000000| PB 0x0000000110000000| Untracked |  0
| 113|0x0000000111000000, 0x0000000111000000, 0x0000000112000000|  0%| F|  |TAMS 0x0000000111000000| PB 0x0000000111000000| Untracked |  0
| 114|0x0000000112000000, 0x0000000112000000, 0x0000000113000000|  0%| F|  |TAMS 0x0000000112000000| PB 0x0000000112000000| Untracked |  0
| 115|0x0000000113000000, 0x0000000113000000, 0x0000000114000000|  0%| F|  |TAMS 0x0000000113000000| PB 0x0000000113000000| Untracked |  0
| 116|0x0000000114000000, 0x0000000114000000, 0x0000000115000000|  0%| F|  |TAMS 0x0000000114000000| PB 0x0000000114000000| Untracked |  0
| 117|0x0000000115000000, 0x0000000115000000, 0x0000000116000000|  0%| F|  |TAMS 0x0000000115000000| PB 0x0000000115000000| Untracked |  0
| 118|0x0000000116000000, 0x0000000116000000, 0x0000000117000000|  0%| F|  |TAMS 0x0000000116000000| PB 0x0000000116000000| Untracked |  0
| 119|0x0000000117000000, 0x0000000117000000, 0x0000000118000000|  0%| F|  |TAMS 0x0000000117000000| PB 0x0000000117000000| Untracked |  0
| 120|0x0000000118000000, 0x0000000118000000, 0x0000000119000000|  0%| F|  |TAMS 0x0000000118000000| PB 0x0000000118000000| Untracked |  0
| 121|0x0000000119000000, 0x0000000119000000, 0x000000011a000000|  0%| F|  |TAMS 0x0000000119000000| PB 0x0000000119000000| Untracked |  0
| 122|0x000000011a000000, 0x000000011a000000, 0x000000011b000000|  0%| F|  |TAMS 0x000000011a000000| PB 0x000000011a000000| Untracked |  0
| 123|0x000000011b000000, 0x000000011b000000, 0x000000011c000000|  0%| F|  |TAMS 0x000000011b000000| PB 0x000000011b000000| Untracked |  0
| 124|0x000000011c000000, 0x000000011c000000, 0x000000011d000000|  0%| F|  |TAMS 0x000000011c000000| PB 0x000000011c000000| Untracked |  0
| 125|0x000000011d000000, 0x000000011d3d70e8, 0x000000011e000000| 24%| E|  |TAMS 0x000000011d000000| PB 0x000000011d000000| Complete |  0
| 126|0x000000011e000000, 0x000000011f000000, 0x000000011f000000|100%| E|CS|TAMS 0x000000011e000000| PB 0x000000011e000000| Complete |  0
| 127|0x000000011f000000, 0x0000000120000000, 0x0000000120000000|100%| E|CS|TAMS 0x000000011f000000| PB 0x000000011f000000| Complete |  0

Card table byte_map: [0x0000025303b00000,0x0000025307600000] _byte_map_base: 0x0000025303600000

Marking Bits: (CMBitMap*) 0x00000253632b9a10
 Bits: [0x0000025307600000, 0x0000025324e00000)

Polling page: 0x00000253613d0000

Metaspace:

Usage:
  Non-class:      9.72 MB used.
      Class:    918.82 KB used.
       Both:     10.62 MB used.

Virtual space:
  Non-class space:       64.00 MB reserved,       9.88 MB ( 15%) committed,  1 nodes.
      Class space:        1.00 GB reserved,       1.00 MB ( <1%) committed,  1 nodes.
             Both:        1.06 GB reserved,      10.88 MB ( <1%) committed. 

Chunk freelists:
   Non-Class:  6.05 MB
       Class:  15.02 MB
        Both:  21.06 MB

MaxMetaspaceSize: unlimited
CompressedClassSpaceSize: 1.00 GB
Initial GC threshold: 21.00 MB
Current GC threshold: 21.00 MB
CDS: on
 - commit_granule_bytes: 65536.
 - commit_granule_words: 8192.
 - virtual_space_node_default_size: 8388608.
 - enlarge_chunks_in_place: 1.
 - use_allocation_guard: 0.


Internal statistics:

num_allocs_failed_limit: 0.
num_arena_births: 128.
num_arena_deaths: 0.
num_vsnodes_births: 2.
num_vsnodes_deaths: 0.
num_space_committed: 173.
num_space_uncommitted: 0.
num_chunks_returned_to_freelist: 0.
num_chunks_taken_from_freelist: 371.
num_chunk_merges: 0.
num_chunk_splits: 275.
num_chunks_enlarged: 221.
num_inconsistent_stats: 0.

CodeHeap 'non-profiled nmethods': size=118912Kb used=280Kb max_used=280Kb free=118631Kb
 bounds [0x0000025374080000, 0x00000253742f0000, 0x000002537b4a0000]
CodeHeap 'profiled nmethods': size=118848Kb used=1525Kb max_used=1525Kb free=117322Kb
 bounds [0x000002536c4a0000, 0x000002536c710000, 0x00000253738b0000]
CodeHeap 'non-nmethods': size=8000Kb used=3961Kb max_used=3961Kb free=4038Kb
 bounds [0x00000253738b0000, 0x0000025373c90000, 0x0000025374080000]
CodeCache: size=245760Kb, used=5766Kb, max_used=5766Kb, free=239991Kb
 total_blobs=2350, nmethods=1151, adapters=1102, full_count=0
Compilation: enabled, stopped_count=0, restarted_count=0

Compilation events (20 events):
Event: 1.185 Thread 0x000002537d101ea0 nmethod 1142 0x000002536c619e88 code [0x000002536c619fc0, 0x000002536c61a2a0]
Event: 1.185 Thread 0x000002537d102c40 1145       3       java.io.BufferedInputStream::getBufIfOpen (6 bytes)
Event: 1.185 Thread 0x000002537d102570 1144       3       jdk.internal.misc.InternalLock::unlock (8 bytes)
Event: 1.185 Thread 0x000002537d102c40 nmethod 1145 0x000002536c61a308 code [0x000002536c61a420, 0x000002536c61a570]
Event: 1.185 Thread 0x000002537d1040b0 nmethod 1143 0x000002536c61a608 code [0x000002536c61a760, 0x000002536c61ab08]
Event: 1.185 Thread 0x000002537d102570 nmethod 1144 0x000002536c61ab88 code [0x000002536c61ace0, 0x000002536c61b0b0]
Event: 1.231 Thread 0x000002537d1040b0 1147       3       java.util.concurrent.ConcurrentHashMap$BaseIterator::<init> (21 bytes)
Event: 1.231 Thread 0x000002537d102570 1148       3       java.util.concurrent.ConcurrentHashMap$Traverser::<init> (36 bytes)
Event: 1.231 Thread 0x000002537d102570 nmethod 1148 0x000002536c61b108 code [0x000002536c61b220, 0x000002536c61b430]
Event: 1.231 Thread 0x000002537d1040b0 nmethod 1147 0x000002536c61b488 code [0x000002536c61b5c0, 0x000002536c61b7e0]
Event: 1.452 Thread 0x000002537d102570 1149   !   3       java.nio.DirectByteBuffer::get (33 bytes)
Event: 1.452 Thread 0x000002537d101ea0 1150       3       java.nio.Buffer::nextGetIndex (30 bytes)
Event: 1.452 Thread 0x000002537d101ea0 nmethod 1150 0x000002536c61b808 code [0x000002536c61b940, 0x000002536c61bb80]
Event: 1.452 Thread 0x000002537d102570 nmethod 1149 0x000002536c61bc08 code [0x000002536c61be00, 0x000002536c61c870]
Event: 1.700 Thread 0x000002537d101ea0 1151       3       java.util.concurrent.ConcurrentHashMap::values (25 bytes)
Event: 1.700 Thread 0x000002537d102570 1152       3       java.util.concurrent.ConcurrentHashMap$ValuesView::iterator (34 bytes)
Event: 1.700 Thread 0x000002537d102c40 1153       3       java.util.concurrent.ConcurrentHashMap$ValueIterator::<init> (12 bytes)
Event: 1.701 Thread 0x000002537d102c40 nmethod 1153 0x000002536c61c908 code [0x000002536c61ca20, 0x000002536c61cb98]
Event: 1.701 Thread 0x000002537d101ea0 nmethod 1151 0x000002536c61cc08 code [0x000002536c61cd40, 0x000002536c61d0e8]
Event: 1.701 Thread 0x000002537d102570 nmethod 1152 0x000002536c61d188 code [0x000002536c61d2c0, 0x000002536c61d500]

GC Heap History (0 events):
No events

Dll operation events (13 events):
Event: 0.015 Loaded shared library C:\Program Files\Java\jdk-23\bin\java.dll
Event: 0.016 Loaded shared library C:\Program Files\Java\jdk-23\bin\zip.dll
Event: 0.036 Loaded shared library C:\Program Files\Java\jdk-23\bin\jsvml.dll
Event: 0.268 Loaded shared library C:\Program Files\Java\jdk-23\bin\instrument.dll
Event: 0.314 Loaded shared library C:\Program Files\Java\jdk-23\bin\jimage.dll
Event: 0.319 Loaded shared library C:\Program Files\Java\jdk-23\bin\net.dll
Event: 0.320 Loaded shared library C:\Program Files\Java\jdk-23\bin\nio.dll
Event: 0.326 Loaded shared library C:\Program Files\Java\jdk-23\bin\zip.dll
Event: 0.328 Loaded shared library C:\Users\htmlp\AppData\Local\Temp\libgdxVis-Australis\8d3b5089\gdx64.dll
Event: 0.351 Loaded shared library D:\Project 1159 - 11.59 - AOC3\Age of History 3\AOC3 Source\src\windows\x64\org\lwjgl\lwjgl.dll
Event: 0.656 Loaded shared library D:\Project 1159 - 11.59 - AOC3\Age of History 3\AOC3 Source\src\windows\x64\org\lwjgl\opengl\lwjgl_opengl.dll
Event: 1.183 Loaded shared library C:\Users\htmlp\AppData\Local\Temp\steamworks4j\1.9.0\steam_api64.dll
Event: 1.231 Loaded shared library C:\Users\htmlp\AppData\Local\Temp\steamworks4j\1.9.0\steamworks4j64.dll

Deoptimization events (20 events):
Event: 0.673 Thread 0x0000025363578040 DEOPT PACKING pc=0x000002536c56461b sp=0x000000fb05ffdb10
Event: 0.673 Thread 0x0000025363578040 DEOPT UNPACKING pc=0x0000025373904b22 sp=0x000000fb05ffcfd0 mode 0
Event: 1.058 Thread 0x0000025363578040 DEOPT PACKING pc=0x000002536c4e8ff9 sp=0x000000fb05ff9ed0
Event: 1.058 Thread 0x0000025363578040 DEOPT UNPACKING pc=0x0000025373904b22 sp=0x000000fb05ff9340 mode 0
Event: 1.102 Thread 0x0000025363578040 Uncommon trap: trap_request=0xffffff45 fr.pc=0x00000253740c1170 relative=0x0000000000000250
Event: 1.102 Thread 0x0000025363578040 Uncommon trap: reason=unstable_if action=reinterpret pc=0x00000253740c1170 method=java.lang.String.startsWith(Ljava/lang/String;I)Z @ 1 c2
Event: 1.102 Thread 0x0000025363578040 DEOPT PACKING pc=0x00000253740c1170 sp=0x000000fb05ffd350
Event: 1.102 Thread 0x0000025363578040 DEOPT UNPACKING pc=0x0000025373904402 sp=0x000000fb05ffd300 mode 2
Event: 1.102 Thread 0x0000025363578040 Uncommon trap: trap_request=0xffffff45 fr.pc=0x00000253740c16c4 relative=0x0000000000000224
Event: 1.102 Thread 0x0000025363578040 Uncommon trap: reason=unstable_if action=reinterpret pc=0x00000253740c16c4 method=jdk.internal.util.ArraysSupport.mismatch([BI[BII)I @ 55 c2
Event: 1.102 Thread 0x0000025363578040 DEOPT PACKING pc=0x00000253740c16c4 sp=0x000000fb05ffd290
Event: 1.102 Thread 0x0000025363578040 DEOPT UNPACKING pc=0x0000025373904402 sp=0x000000fb05ffd258 mode 2
Event: 1.113 Thread 0x0000025363578040 Uncommon trap: trap_request=0xffffff45 fr.pc=0x00000253740ab174 relative=0x0000000000000c34
Event: 1.113 Thread 0x0000025363578040 Uncommon trap: reason=unstable_if action=reinterpret pc=0x00000253740ab174 method=java.util.HashMap.putVal(ILjava/lang/Object;Ljava/lang/Object;ZZ)Ljava/lang/Object; @ 181 c2
Event: 1.113 Thread 0x0000025363578040 DEOPT PACKING pc=0x00000253740ab174 sp=0x000000fb05ffdda0
Event: 1.113 Thread 0x0000025363578040 DEOPT UNPACKING pc=0x0000025373904402 sp=0x000000fb05ffdd70 mode 2
Event: 1.122 Thread 0x0000025363578040 Uncommon trap: trap_request=0xffffff45 fr.pc=0x00000253740bd254 relative=0x0000000000000574
Event: 1.122 Thread 0x0000025363578040 Uncommon trap: reason=unstable_if action=reinterpret pc=0x00000253740bd254 method=java.io.WinNTFileSystem.normalize(Ljava/lang/String;)Ljava/lang/String; @ 133 c2
Event: 1.122 Thread 0x0000025363578040 DEOPT PACKING pc=0x00000253740bd254 sp=0x000000fb05ffdc90
Event: 1.122 Thread 0x0000025363578040 DEOPT UNPACKING pc=0x0000025373904402 sp=0x000000fb05ffdc38 mode 2

Classes loaded (20 events):
Event: 1.700 Loading class com/codedisaster/steamworks/SteamUGCCallbackAdapter
Event: 1.700 Loading class com/codedisaster/steamworks/SteamUGCCallbackAdapter done
Event: 1.700 Loading class com/codedisaster/steamworks/SteamUGCNative
Event: 1.700 Loading class com/codedisaster/steamworks/SteamUGCNative done
Event: 1.700 Loading class com/codedisaster/steamworks/SteamUtils
Event: 1.700 Loading class com/codedisaster/steamworks/SteamUtils done
Event: 1.701 Loading class aoc/kingdoms/lukasz/jakowski/Steam/SteamManager$3
Event: 1.701 Loading class aoc/kingdoms/lukasz/jakowski/Steam/SteamManager$3 done
Event: 1.701 Loading class com/codedisaster/steamworks/SteamUtilsCallbackAdapter
Event: 1.701 Loading class com/codedisaster/steamworks/SteamUtilsCallbackAdapter done
Event: 1.701 Loading class com/codedisaster/steamworks/SteamUtilsNative
Event: 1.701 Loading class com/codedisaster/steamworks/SteamUtilsNative done
Event: 1.701 Loading class com/codedisaster/steamworks/SteamUserStats
Event: 1.701 Loading class com/codedisaster/steamworks/SteamUserStats done
Event: 1.701 Loading class aoc/kingdoms/lukasz/jakowski/Steam/SteamManager$4
Event: 1.701 Loading class aoc/kingdoms/lukasz/jakowski/Steam/SteamManager$4 done
Event: 1.701 Loading class com/codedisaster/steamworks/SteamUserStatsCallbackAdapter
Event: 1.701 Loading class com/codedisaster/steamworks/SteamUserStatsCallbackAdapter done
Event: 1.701 Loading class com/codedisaster/steamworks/SteamUserStatsNative
Event: 1.701 Loading class com/codedisaster/steamworks/SteamUserStatsNative done

Classes unloaded (0 events):
No events

Classes redefined (1 events):
Event: 0.283 Thread 0x000002537d0c83a0 redefined class name=java.lang.Throwable, count=1

Internal exceptions (20 events):
Event: 0.344 Thread 0x0000025363578040 Exception <a 'java/lang/NoSuchMethodError'{0x000000011e070300}: 'int java.lang.invoke.DirectMethodHandle$Holder.invokeSpecial(java.lang.Object, java.lang.Object, java.lang.Object)'> (0x000000011e070300) 
thrown [s\open\src\hotspot\share\interpreter\linkResolver.cpp, line 796]
Event: 0.346 Thread 0x0000025363578040 Exception <a 'java/lang/NoSuchMethodError'{0x000000011e08c620}: 'void java.lang.System.loadLibrary(java.lang.String, java.lang.Class)'> (0x000000011e08c620) 
thrown [s\open\src\hotspot\share\interpreter\linkResolver.cpp, line 796]
Event: 0.356 Thread 0x0000025363578040 Exception <a 'java/lang/NoSuchMethodError'{0x000000011e100300}: 'int java.lang.invoke.DirectMethodHandle$Holder.invokeStaticInit(java.lang.Object, java.lang.Object, int, long)'> (0x000000011e100300) 
thrown [s\open\src\hotspot\share\interpreter\linkResolver.cpp, line 796]
Event: 0.357 Thread 0x0000025363578040 Exception <a 'java/lang/NoSuchMethodError'{0x000000011e105458}: 'java.lang.Object java.lang.invoke.DirectMethodHandle$Holder.newInvokeSpecial(java.lang.Object, java.lang.Object, int)'> (0x000000011e105458) 
thrown [s\open\src\hotspot\share\interpreter\linkResolver.cpp, line 796]
Event: 0.358 Thread 0x0000025363578040 Exception <a 'java/lang/NoSuchMethodError'{0x000000011e115260}: 'int java.lang.invoke.DirectMethodHandle$Holder.invokeStaticInit(java.lang.Object, java.lang.Object, long, long)'> (0x000000011e115260) 
thrown [s\open\src\hotspot\share\interpreter\linkResolver.cpp, line 796]
Event: 0.358 Thread 0x0000025363578040 Exception <a 'java/lang/NoSuchMethodError'{0x000000011e11ad50}: 'java.lang.Object java.lang.invoke.DirectMethodHandle$Holder.newInvokeSpecial(java.lang.Object, java.lang.Object, long)'> (0x000000011e11ad50) 
thrown [s\open\src\hotspot\share\interpreter\linkResolver.cpp, line 796]
Event: 0.359 Thread 0x0000025363578040 Exception <a 'java/lang/NoSuchMethodError'{0x000000011e11ec30}: 'java.lang.Object java.lang.invoke.Invokers$Holder.linkToTargetMethod(java.lang.Object, long, java.lang.Object)'> (0x000000011e11ec30) 
thrown [s\open\src\hotspot\share\interpreter\linkResolver.cpp, line 796]
Event: 0.359 Thread 0x0000025363578040 Exception <a 'java/lang/NoSuchMethodError'{0x000000011e125ea8}: 'int java.lang.invoke.DirectMethodHandle$Holder.invokeStaticInit(java.lang.Object, java.lang.Object, java.lang.Object, long)'> (0x000000011e125ea8) 
thrown [s\open\src\hotspot\share\interpreter\linkResolver.cpp, line 796]
Event: 0.378 Thread 0x0000025363578040 Exception <a 'java/lang/NoSuchMethodError'{0x000000011e1f0698}: 'int java.lang.invoke.Invokers$Holder.invokeExact_MT(java.lang.Object, java.lang.Object)'> (0x000000011e1f0698) 
thrown [s\open\src\hotspot\share\interpreter\linkResolver.cpp, line 796]
Event: 0.419 Thread 0x0000025363578040 Exception <a 'java/lang/NoSuchMethodError'{0x000000011e2cae48}: 'java.lang.Object java.lang.invoke.DirectMethodHandle$Holder.newInvokeSpecial(java.lang.Object, long)'> (0x000000011e2cae48) 
thrown [s\open\src\hotspot\share\interpreter\linkResolver.cpp, line 796]
Event: 0.648 Thread 0x0000025363578040 Exception <a 'java/lang/NoSuchMethodError'{0x000000011e5f0780}: 'void java.lang.invoke.DirectMethodHandle$Holder.invokeStatic(java.lang.Object, long)'> (0x000000011e5f0780) 
thrown [s\open\src\hotspot\share\interpreter\linkResolver.cpp, line 796]
Event: 0.654 Thread 0x0000025363578040 Exception <a 'java/lang/NoSuchMethodError'{0x000000011e608890}: 'void java.lang.System.load(java.lang.String, java.lang.Class)'> (0x000000011e608890) 
thrown [s\open\src\hotspot\share\interpreter\linkResolver.cpp, line 796]
Event: 0.655 Thread 0x0000025363578040 Exception <a 'java/lang/NoSuchMethodError'{0x000000011e60b340}: 'void java.lang.System.loadLibrary(java.lang.String, java.lang.Class)'> (0x000000011e60b340) 
thrown [s\open\src\hotspot\share\interpreter\linkResolver.cpp, line 796]
Event: 1.050 Thread 0x0000025363578040 Exception <a 'java/lang/NoSuchMethodError'{0x000000011ee09ee0}: 'void java.lang.invoke.DelegatingMethodHandle$Holder.reinvoke_L(java.lang.Object, java.lang.Object, int)'> (0x000000011ee09ee0) 
thrown [s\open\src\hotspot\share\interpreter\linkResolver.cpp, line 796]
Event: 1.051 Thread 0x0000025363578040 Exception <a 'java/lang/NoSuchMethodError'{0x000000011ee10830}: 'void java.lang.invoke.Invokers$Holder.invokeExact_MT(java.lang.Object, java.lang.Object, int, java.lang.Object)'> (0x000000011ee10830) 
thrown [s\open\src\hotspot\share\interpreter\linkResolver.cpp, line 796]
Event: 1.051 Thread 0x0000025363578040 Exception <a 'java/lang/NoSuchMethodError'{0x000000011ee1aec8}: 'float java.lang.invoke.DelegatingMethodHandle$Holder.reinvoke_L(java.lang.Object, java.lang.Object)'> (0x000000011ee1aec8) 
thrown [s\open\src\hotspot\share\interpreter\linkResolver.cpp, line 796]
Event: 1.052 Thread 0x0000025363578040 Exception <a 'java/lang/NoSuchMethodError'{0x000000011ee25028}: 'void java.lang.invoke.DelegatingMethodHandle$Holder.reinvoke_L(java.lang.Object, java.lang.Object, float)'> (0x000000011ee25028) 
thrown [s\open\src\hotspot\share\interpreter\linkResolver.cpp, line 796]
Event: 1.056 Thread 0x0000025363578040 Exception <a 'java/lang/NoSuchMethodError'{0x000000011ee6e758}: 'void java.lang.invoke.Invokers$Holder.invokeExact_MT(java.lang.Object, java.lang.Object, java.lang.Object, java.lang.Object)'> (0x000000011ee6e758) 
thrown [s\open\src\hotspot\share\interpreter\linkResolver.cpp, line 796]
Event: 1.115 Thread 0x0000025363578040 Exception <a 'java/lang/NoSuchMethodError'{0x000000011d2ab288}: 'java.lang.Object java.lang.invoke.DirectMethodHandle$Holder.invokeStaticInit(java.lang.Object, int, int, int, int)'> (0x000000011d2ab288) 
thrown [s\open\src\hotspot\share\interpreter\linkResolver.cpp, line 796]
Event: 1.124 Thread 0x0000025363578040 Exception <a 'java/lang/NoSuchMethodError'{0x000000011d308d70}: 'java.lang.Object java.lang.invoke.DirectMethodHandle$Holder.invokeStaticInit(java.lang.Object, java.lang.Object, int, int, int, int)'> (0x000000011d308d70) 
thrown [s\open\src\hotspot\share\interpreter\linkResolver.cpp, line 796]

VM Operations (10 events):
Event: 0.265 Executing VM operation: ChangeBreakpoints
Event: 0.265 Executing VM operation: ChangeBreakpoints done
Event: 0.267 Executing VM operation: ChangeBreakpoints
Event: 0.267 Executing VM operation: ChangeBreakpoints done
Event: 0.283 Executing VM operation: RedefineClasses
Event: 0.284 Executing VM operation: RedefineClasses done
Event: 0.291 Executing VM operation: get/set locals
Event: 0.291 Executing VM operation: get/set locals done
Event: 1.100 Executing VM operation: HandshakeAllThreads (Deoptimize)
Event: 1.100 Executing VM operation: HandshakeAllThreads (Deoptimize) done

Memory protections (0 events):
No events

Nmethod flushes (0 events):
No events

Events (20 events):
Event: 0.035 Thread 0x0000025363578040 Thread added: 0x000002537d0e7210
Event: 0.035 Thread 0x0000025363578040 Thread added: 0x000002537d0e8700
Event: 0.035 Thread 0x0000025363578040 Thread added: 0x000002537d0f5350
Event: 0.035 Thread 0x0000025363578040 Thread added: 0x000002537d101660
Event: 0.035 Thread 0x0000025363578040 Thread added: 0x000002537d1040b0
Event: 0.037 Thread 0x000002537d1040b0 Thread added: 0x000002537d101ea0
Event: 0.055 Thread 0x0000025363578040 Thread added: 0x000002537d0f4cc0
Event: 0.059 Thread 0x000002537d1040b0 Thread added: 0x000002537d102c40
Event: 0.060 Thread 0x000002537d1040b0 Thread added: 0x000002537d102570
Event: 0.061 Thread 0x000002537d102c40 Thread added: 0x000002537d105520
Event: 0.061 Thread 0x000002537d1040b0 Thread added: 0x000002537d103310
Event: 0.068 Thread 0x0000025363578040 Thread added: 0x00000253c5110730
Event: 0.068 Thread 0x0000025363578040 Thread added: 0x00000253c514c640
Event: 0.068 Thread 0x00000253c5110730 Thread added: 0x00000253c514d4e0
Event: 0.259 Thread 0x000002537d103310 Thread exited: 0x000002537d103310
Event: 0.268 Thread 0x000002537d105520 Thread exited: 0x000002537d105520
Event: 0.296 Thread 0x0000025363578040 Thread added: 0x000002537d0f3910
Event: 0.426 Thread 0x0000025363578040 Thread added: 0x000002537d0f59e0
Event: 0.668 Thread 0x000002537d101660 Thread added: 0x000002537d105520
Event: 0.980 Thread 0x000002537d105520 Thread exited: 0x000002537d105520


Dynamic libraries:
0x00007ff7d7370000 - 0x00007ff7d7380000 	C:\Program Files\Java\jdk-23\bin\java.exe
0x00007ffd0d0d0000 - 0x00007ffd0d2e7000 	C:\Windows\SYSTEM32\ntdll.dll
0x00007ffd0c450000 - 0x00007ffd0c514000 	C:\Windows\System32\KERNEL32.DLL
0x00007ffd0a720000 - 0x00007ffd0aad9000 	C:\Windows\System32\KERNELBASE.dll
0x00007ffd0a3d0000 - 0x00007ffd0a4e1000 	C:\Windows\System32\ucrtbase.dll
0x00007ffc7ad90000 - 0x00007ffc7ada7000 	C:\Program Files\Java\jdk-23\bin\jli.dll
0x00007ffc7ad70000 - 0x00007ffc7ad8b000 	C:\Program Files\Java\jdk-23\bin\VCRUNTIME140.dll
0x00007ffd0c7c0000 - 0x00007ffd0c96e000 	C:\Windows\System32\USER32.dll
0x00007ffd0adc0000 - 0x00007ffd0ade6000 	C:\Windows\System32\win32u.dll
0x00007ffce88f0000 - 0x00007ffce8b82000 	C:\Windows\WinSxS\amd64_microsoft.windows.common-controls_6595b64144ccf1df_6.0.22621.4391_none_2715d37f73803e96\COMCTL32.dll
0x00007ffd0c2b0000 - 0x00007ffd0c2d9000 	C:\Windows\System32\GDI32.dll
0x00007ffd0bd80000 - 0x00007ffd0be27000 	C:\Windows\System32\msvcrt.dll
0x00007ffd0a600000 - 0x00007ffd0a71b000 	C:\Windows\System32\gdi32full.dll
0x00007ffd0a4f0000 - 0x00007ffd0a58a000 	C:\Windows\System32\msvcp_win.dll
0x00007ffd0b130000 - 0x00007ffd0b161000 	C:\Windows\System32\IMM32.DLL
0x00007ffcb6e00000 - 0x00007ffcb6e0c000 	C:\Program Files\Java\jdk-23\bin\vcruntime140_1.dll
0x00007ffc784c0000 - 0x00007ffc7854e000 	C:\Program Files\Java\jdk-23\bin\msvcp140.dll
0x00007ffc76f70000 - 0x00007ffc77cbf000 	C:\Program Files\Java\jdk-23\bin\server\jvm.dll
0x00007ffd0b180000 - 0x00007ffd0b232000 	C:\Windows\System32\ADVAPI32.dll
0x00007ffd0ca00000 - 0x00007ffd0caa7000 	C:\Windows\System32\sechost.dll
0x00007ffd0ad90000 - 0x00007ffd0adb8000 	C:\Windows\System32\bcrypt.dll
0x00007ffd0c6a0000 - 0x00007ffd0c7b4000 	C:\Windows\System32\RPCRT4.dll
0x00007ffd0adf0000 - 0x00007ffd0ae61000 	C:\Windows\System32\WS2_32.dll
0x00007ffd03900000 - 0x00007ffd03934000 	C:\Windows\SYSTEM32\WINMM.dll
0x00007ffd03c80000 - 0x00007ffd03c8a000 	C:\Windows\SYSTEM32\VERSION.dll
0x00007ffd09220000 - 0x00007ffd0926d000 	C:\Windows\SYSTEM32\POWRPROF.dll
0x00007ffd09200000 - 0x00007ffd09213000 	C:\Windows\SYSTEM32\UMPDC.dll
0x00007ffd094c0000 - 0x00007ffd094d8000 	C:\Windows\SYSTEM32\kernel.appcore.dll
0x00007ffcb62d0000 - 0x00007ffcb62da000 	C:\Program Files\Java\jdk-23\bin\jimage.dll
0x00007ffd02280000 - 0x00007ffd024b2000 	C:\Windows\SYSTEM32\DBGHELP.DLL
0x00007ffd0be30000 - 0x00007ffd0c1bf000 	C:\Windows\System32\combase.dll
0x00007ffd0c1c0000 - 0x00007ffd0c297000 	C:\Windows\System32\OLEAUT32.dll
0x00007ffd020d0000 - 0x00007ffd02102000 	C:\Windows\SYSTEM32\dbgcore.DLL
0x00007ffd0ad10000 - 0x00007ffd0ad8b000 	C:\Windows\System32\bcryptPrimitives.dll
0x00007ffce43d0000 - 0x00007ffce440c000 	C:\Program Files\Java\jdk-23\bin\jdwp.dll
0x00007ffce3b70000 - 0x00007ffce3d7e000 	C:\Users\htmlp\AppData\Local\Temp\idea_libasyncProfiler_dll_temp_folder\libasyncProfiler.dll
0x00007ffcf4b10000 - 0x00007ffcf4b1f000 	C:\Program Files\Java\jdk-23\bin\instrument.dll
0x00007ffc7a490000 - 0x00007ffc7a4ae000 	C:\Program Files\Java\jdk-23\bin\java.dll
0x00007ffd0af80000 - 0x00007ffd0b125000 	C:\Windows\System32\ole32.dll
0x00007ffd0b400000 - 0x00007ffd0bc76000 	C:\Windows\System32\SHELL32.dll
0x00007ffc78400000 - 0x00007ffc78417000 	C:\Program Files\Java\jdk-23\bin\zip.dll
0x00007ffd082c0000 - 0x00007ffd08bc3000 	C:\Windows\SYSTEM32\windows.storage.dll
0x00007ffd08180000 - 0x00007ffd082bf000 	C:\Windows\SYSTEM32\wintypes.dll
0x00007ffd0c540000 - 0x00007ffd0c639000 	C:\Windows\System32\SHCORE.dll
0x00007ffd0c9a0000 - 0x00007ffd0c9fe000 	C:\Windows\System32\shlwapi.dll
0x00007ffd0a300000 - 0x00007ffd0a32b000 	C:\Windows\SYSTEM32\profapi.dll
0x00007ffc76750000 - 0x00007ffc76827000 	C:\Program Files\Java\jdk-23\bin\jsvml.dll
0x00007ffce6f10000 - 0x00007ffce6f1c000 	C:\Program Files\Java\jdk-23\bin\dt_socket.dll
0x00007ffd08e30000 - 0x00007ffd08e5d000 	C:\Windows\SYSTEM32\IPHLPAPI.DLL
0x00007ffd09930000 - 0x00007ffd09999000 	C:\Windows\system32\mswsock.dll
0x00007ffcb11c0000 - 0x00007ffcb11d0000 	C:\Program Files\Java\jdk-23\bin\net.dll
0x00007ffc78420000 - 0x00007ffc78436000 	C:\Program Files\Java\jdk-23\bin\nio.dll
0x000000006e700000 - 0x000000006e72d000 	C:\Users\htmlp\AppData\Local\Temp\libgdxVis-Australis\8d3b5089\gdx64.dll
0x00007ffce4200000 - 0x00007ffce427b000 	D:\Project 1159 - 11.59 - AOC3\Age of History 3\AOC3 Source\src\windows\x64\org\lwjgl\lwjgl.dll
0x00007ffce38f0000 - 0x00007ffce3b61000 	D:\Project 1159 - 11.59 - AOC3\Age of History 3\AOC3 Source\src\windows\x64\org\lwjgl\jemalloc\jemalloc.dll
0x00007ffce4170000 - 0x00007ffce41f5000 	D:\Project 1159 - 11.59 - AOC3\Age of History 3\AOC3 Source\src\windows\x64\org\lwjgl\glfw\glfw.dll
0x00007ffce40c0000 - 0x00007ffce4106000 	C:\Windows\SYSTEM32\dinput8.dll
0x00007ffccb760000 - 0x00007ffccb771000 	C:\Windows\SYSTEM32\xinput1_4.dll
0x00007ffd0a090000 - 0x00007ffd0a0de000 	C:\Windows\SYSTEM32\cfgmgr32.dll
0x00007ffd0a0e0000 - 0x00007ffd0a10c000 	C:\Windows\SYSTEM32\DEVOBJ.dll
0x00007ffce5560000 - 0x00007ffce5773000 	C:\Windows\SYSTEM32\inputhost.dll
0x00007ffd05200000 - 0x00007ffd05333000 	C:\Windows\SYSTEM32\CoreMessaging.dll
0x00007ffd07c00000 - 0x00007ffd07c2b000 	C:\Windows\SYSTEM32\dwmapi.dll
0x00007ffd07860000 - 0x00007ffd07911000 	C:\Windows\system32\uxtheme.dll
0x00007ffd09b30000 - 0x00007ffd09b3c000 	C:\Windows\SYSTEM32\CRYPTBASE.DLL
0x00007ffcd9b70000 - 0x00007ffcd9c8f000 	C:\Program Files (x86)\Stardock\Groupy2\groupy_64.dll
0x00007ffd0cf30000 - 0x00007ffd0d090000 	C:\Windows\System32\MSCTF.dll
0x00007ffce3e70000 - 0x00007ffce404d000 	D:\Project 1159 - 11.59 - AOC3\Age of History 3\AOC3 Source\src\windows\x64\org\lwjgl\openal\OpenAL.dll
0x00007ffd0c2e0000 - 0x00007ffd0c390000 	C:\Windows\System32\clbcatq.dll
0x00007ffd01dd0000 - 0x00007ffd01e6e000 	C:\Windows\System32\MMDevApi.dll
0x00007ffced800000 - 0x00007ffced9ed000 	C:\Windows\SYSTEM32\AUDIOSES.DLL
0x00007ffd07d70000 - 0x00007ffd07d85000 	C:\Windows\SYSTEM32\resourcepolicyclient.dll
0x00007ffca1180000 - 0x00007ffca1280000 	C:\Windows\SYSTEM32\opengl32.dll
0x00007ffc7adb0000 - 0x00007ffc7addd000 	C:\Windows\SYSTEM32\GLU32.dll
0x00007ffd079b0000 - 0x00007ffd079e7000 	C:\Windows\SYSTEM32\dxcore.dll
0x00007ffd037b0000 - 0x00007ffd038f4000 	C:\Windows\System32\AppXDeploymentClient.dll
0x00007ffcf3520000 - 0x00007ffcf3620000 	C:\Windows\System32\Windows.ApplicationModel.dll
0x00007ffd06ea0000 - 0x00007ffd06fa1000 	C:\Windows\system32\propsys.dll
0x00007ffd018b0000 - 0x00007ffd018d6000 	C:\Windows\system32\mssprxy.dll
0x00007ffd01b50000 - 0x00007ffd01b99000 	C:\Windows\SYSTEM32\directxdatabasehelper.dll
0x00007ffcb2bd0000 - 0x00007ffcb5208000 	C:\Windows\System32\DriverStore\FileRepository\nvmdsi.inf_amd64_bb627335e85bb104\nvoglv64.dll
0x00007ffd0cab0000 - 0x00007ffd0cf24000 	C:\Windows\System32\SETUPAPI.dll
0x00007ffd09270000 - 0x00007ffd09284000 	C:\Windows\SYSTEM32\WTSAPI32.dll
0x00007ffd0a070000 - 0x00007ffd0a082000 	C:\Windows\SYSTEM32\msasn1.dll
0x00007ffd02c00000 - 0x00007ffd02c32000 	C:\Windows\SYSTEM32\cryptnet.dll
0x00007ffd0aba0000 - 0x00007ffd0ad06000 	C:\Windows\System32\CRYPT32.dll
0x00007ffd09bf0000 - 0x00007ffd09c39000 	C:\Windows\SYSTEM32\wldp.dll
0x00007ffd02880000 - 0x00007ffd029e2000 	C:\Windows\SYSTEM32\drvstore.dll
0x00007ffd0a590000 - 0x00007ffd0a5fc000 	C:\Windows\System32\WINTRUST.dll
0x00007ffd095d0000 - 0x00007ffd09604000 	C:\Windows\SYSTEM32\ntmarta.dll
0x00007ffd0c970000 - 0x00007ffd0c98f000 	C:\Windows\System32\imagehlp.dll
0x00007ffd09bd0000 - 0x00007ffd09beb000 	C:\Windows\SYSTEM32\CRYPTSP.dll
0x00007ffd09420000 - 0x00007ffd09455000 	C:\Windows\system32\rsaenh.dll
0x00007ffcf5820000 - 0x00007ffcf8530000 	C:\Windows\System32\DriverStore\FileRepository\nvmdsi.inf_amd64_bb627335e85bb104\nvgpucomp64.dll
0x00007ffcb1ca0000 - 0x00007ffcb1f70000 	C:\Windows\system32\nvspcap64.dll
0x00007ffd09170000 - 0x00007ffd091d6000 	C:\Windows\SYSTEM32\WINSTA.dll
0x00007ffce6b40000 - 0x00007ffce6c85000 	C:\Windows\SYSTEM32\textinputframework.dll
0x00007ffd00a40000 - 0x00007ffd00dad000 	C:\Windows\SYSTEM32\CoreUIComponents.dll
0x00007ffcfbe50000 - 0x00007ffcfbf0c000 	C:\Windows\SYSTEM32\mscms.dll
0x00007ffce37c0000 - 0x00007ffce3809000 	C:\Windows\SYSTEM32\icm32.dll
0x00007ffce3880000 - 0x00007ffce38e1000 	D:\Project 1159 - 11.59 - AOC3\Age of History 3\AOC3 Source\src\windows\x64\org\lwjgl\opengl\lwjgl_opengl.dll
0x00007ffd099d0000 - 0x00007ffd099f8000 	C:\Windows\SYSTEM32\USERENV.dll
0x00007ffd0c2a0000 - 0x00007ffd0c2a9000 	C:\Windows\System32\NSI.dll
0x00007ffce3830000 - 0x00007ffce387c000 	C:\Users\htmlp\AppData\Local\Temp\steamworks4j\1.9.0\steam_api64.dll
0x00007ffce3640000 - 0x00007ffce368c000 	C:\Users\htmlp\AppData\Local\Temp\steamworks4j\1.9.0\steamworks4j64.dll
0x00007ffd0c990000 - 0x00007ffd0c998000 	C:\Windows\System32\PSAPI.DLL
0x00007ffcf5430000 - 0x00007ffcf5458000 	C:\Windows\SYSTEM32\edputil.dll
0x00007ffcf3850000 - 0x00007ffcf393b000 	C:\Windows\System32\Windows.StateRepositoryPS.dll
0x00007ffcf9000000 - 0x00007ffcf91f0000 	C:\Windows\SYSTEM32\urlmon.dll
0x00007ffcf5560000 - 0x00007ffcf581e000 	C:\Windows\SYSTEM32\iertutil.dll
0x00007ffd08e20000 - 0x00007ffd08e2c000 	C:\Windows\SYSTEM32\netutils.dll
0x00007ffcf8e00000 - 0x00007ffcf8e28000 	C:\Windows\SYSTEM32\srvcli.dll
0x00007ffd09720000 - 0x00007ffd09763000 	C:\Windows\SYSTEM32\SspiCli.dll
0x00007ffcd6c10000 - 0x00007ffcd6c26000 	C:\Windows\SYSTEM32\virtdisk.dll
0x00007ffcdb8d0000 - 0x00007ffcdb8ed000 	C:\Windows\System32\smartscreenps.dll
0x00007ffcd6b90000 - 0x00007ffcd6c0d000 	C:\Windows\SYSTEM32\shdocvw.dll
0x00007ffcd7760000 - 0x00007ffcd780c000 	C:\Windows\System32\appresolver.dll
0x00007ffcf3110000 - 0x00007ffcf3170000 	C:\Windows\System32\Bcp47Langs.dll
0x00007ffcfbf10000 - 0x00007ffcfc53c000 	C:\Windows\System32\OneCoreUAPCommonProxyStub.dll

dbghelp: loaded successfully - version: 4.0.5 - missing functions: none
symbol engine: initialized successfully - sym options: 0x614 - pdb path: .;C:\Program Files\Java\jdk-23\bin;C:\Windows\SYSTEM32;C:\Windows\WinSxS\amd64_microsoft.windows.common-controls_6595b64144ccf1df_6.0.22621.4391_none_2715d37f73803e96;C:\Program Files\Java\jdk-23\bin\server;C:\Users\htmlp\AppData\Local\Temp\idea_libasyncProfiler_dll_temp_folder;C:\Users\htmlp\AppData\Local\Temp\libgdxVis-Australis\8d3b5089;D:\Project 1159 - 11.59 - AOC3\Age of History 3\AOC3 Source\src\windows\x64\org\lwjgl;D:\Project 1159 - 11.59 - AOC3\Age of History 3\AOC3 Source\src\windows\x64\org\lwjgl\jemalloc;D:\Project 1159 - 11.59 - AOC3\Age of History 3\AOC3 Source\src\windows\x64\org\lwjgl\glfw;C:\Program Files (x86)\Stardock\Groupy2;D:\Project 1159 - 11.59 - AOC3\Age of History 3\AOC3 Source\src\windows\x64\org\lwjgl\openal;C:\Windows\System32\DriverStore\FileRepository\nvmdsi.inf_amd64_bb627335e85bb104;D:\Project 1159 - 11.59 - AOC3\Age of History 3\AOC3 Source\src\windows\x64\org\lwjgl\opengl;C:\Users\htmlp\AppData\Local\Temp\steamworks4j\1.9.0

VM Arguments:
jvm_args: -agentlib:jdwp=transport=dt_socket,address=127.0.0.1:51093,suspend=y,server=n -Djava.library.path=D:\Project 1159 - 11.59 - AOC3\Age of History 3\AOC3 Source\src -agentpath:C:\Users\htmlp\AppData\Local\Temp\idea_libasyncProfiler_dll_temp_folder\libasyncProfiler.dll=version,jfr,event=wall,interval=10ms,cstack=no,file=C:\Users\htmlp\IdeaSnapshots\DesktopLauncher_2024_11_16_203010.jfr,dbghelppath=C:\Users\htmlp\AppData\Local\Temp\idea_dbghelp_dll_temp_folder\dbghelp.dll,log=C:\Users\htmlp\AppData\Local\Temp\DesktopLauncher_2024_11_16_203010.jfr.log.txt,logLevel=DEBUG -javaagent:C:\Users\htmlp\AppData\Local\JetBrains\IntelliJIdea2024.3\captureAgent\debugger-agent.jar -Dkotlinx.coroutines.debug.enable.creation.stack.trace=false -Ddebugger.agent.enable.coroutines=true -Dkotlinx.coroutines.debug.enable.flows.stack.trace=true -Dkotlinx.coroutines.debug.enable.mutable.state.flows.stack.trace=true -Dfile.encoding=UTF-8 -Dsun.stdout.encoding=UTF-8 -Dsun.stderr.encoding=UTF-8 
java_command: aoc.kingdoms.lukasz.jakowski.desktop.DesktopLauncher
java_class_path (initial): D:\Project 1159 - 11.59 - AOC3\Age of History 3\AOC3 Source\src;D:\Project 1159 - 11.59 - AOC3\Age of History 3\AOC3 Source\target\classes;C:\Users\htmlp\.m2\repository\com\badlogicgames\gdx\gdx\1.11.0\gdx-1.11.0.jar;C:\Users\htmlp\.m2\repository\com\badlogicgames\gdx\gdx-jnigen-loader\2.3.1\gdx-jnigen-loader-2.3.1.jar;C:\Users\htmlp\.m2\repository\com\badlogicgames\gdx\gdx-backend-lwjgl3\1.11.0\gdx-backend-lwjgl3-1.11.0.jar;C:\Users\htmlp\.m2\repository\org\lwjgl\lwjgl\3.3.1\lwjgl-3.3.1.jar;C:\Users\htmlp\.m2\repository\org\lwjgl\lwjgl\3.3.1\lwjgl-3.3.1-natives-linux.jar;C:\Users\htmlp\.m2\repository\org\lwjgl\lwjgl\3.3.1\lwjgl-3.3.1-natives-linux-arm32.jar;C:\Users\htmlp\.m2\repository\org\lwjgl\lwjgl\3.3.1\lwjgl-3.3.1-natives-linux-arm64.jar;C:\Users\htmlp\.m2\repository\org\lwjgl\lwjgl\3.3.1\lwjgl-3.3.1-natives-macos.jar;C:\Users\htmlp\.m2\repository\org\lwjgl\lwjgl\3.3.1\lwjgl-3.3.1-natives-macos-arm64.jar;C:\Users\htmlp\.m2\repository\org\lwjgl\lwjgl\3.3.1\lwjgl-3.3.1-natives-windows.jar;C:\Users\htmlp\.m2\repository\org\lwjgl\lwjgl\3.3.1\lwjgl-3.3.1-natives-windows-x86.jar;C:\Users\htmlp\.m2\repository\org\lwjgl\lwjgl-glfw\3.3.1\lwjgl-glfw-3.3.1.jar;C:\Users\htmlp\.m2\repository\org\lwjgl\lwjgl-glfw\3.3.1\lwjgl-glfw-3.3.1-natives-linux.jar;C:\Users\htmlp\.m2\repository\org\lwjgl\lwjgl-glfw\3.3.1\lwjgl-glfw-3.3.1-natives-linux-arm32.jar;C:\Users\htmlp\.m2\repository\org\lwjgl\lwjgl-glfw\3.3.1\lwjgl-glfw-3.3.1-natives-linux-arm64.jar;C:\Users\htmlp\.m2\repository\org\lwjgl\lwjgl-glfw\3.3.1\lwjgl-glfw-3.3.1-natives-macos.jar;C:\Users\htmlp\.m2\repository\org\lwjgl\lwjgl-glfw\3.3.1\lwjgl-glfw-3.3.1-natives-macos-arm64.jar;C:\Users\htmlp\.m2\repository\org\lwjgl\lwjgl-glfw\3.3.1\lwjgl-glfw-3.3.1-natives-windows.jar;C:\Users\htmlp\.m2\repository\org\lwjgl\lwjgl-glfw\3.3.1\lwjgl-glfw-3.3.1-natives-windows-x86.jar;C:\Users\htmlp\.m2\repository\org\lwjgl\lwjgl-jemalloc\3.3.1\lwjgl-jemalloc-3.3.1.jar;C:\Users\htmlp\.m2\repository\org\lwjgl\lwjgl-jemalloc\3.3.1\lwjgl-jemalloc-3.3.1-natives-linux.jar;C:\Users\htmlp\.m2\repository\org\lwjgl\lwjgl-jemalloc\3.3.1\lwjgl-jemalloc-3.3.1-natives-linux-arm32.jar;C:\Users\htmlp\.m2\repository\org\lwjgl\lwjgl-jemalloc\3.3.1\lwjgl-jemalloc-3.3.1-natives-linux-arm64.jar;C:\Users\htmlp\.m2\repository\org\lwjgl\lwjgl-jemalloc\3.3.1\lwjgl-jemalloc-3.3.1-natives-macos.jar;C:\Users\htmlp\.m2\repository\org\lwjgl\lwjgl-jemalloc\3.3.1\lwjgl-jemalloc-3.3.1-natives-macos-arm64.jar;C:\Users\htmlp\.m2\repository\org\lwjgl\lwjgl-jemalloc\3.3.1\lwjgl-jemalloc-3.3.1-natives-windows.jar;C:\Users\htmlp\.m2\repository\org\lwjgl\lwjgl-jemalloc\3.3.1\lwjgl-jemalloc-3.3.1-natives-windows-x86.jar;C:\Users\htmlp\.m2\repository\org\lwjgl\lwjgl-openal\3.3.1\lwjgl-openal-3.3.1.jar;C:\Users\htmlp\.m2\repository\org\lwjgl\lwjgl-openal\3.3.1\lwjgl-openal-3.3.1-natives-linux.jar;C:\Users\htmlp\.m2\repository\org\lwjgl\lwjgl-openal\3.3.1\lwjgl-openal-3.3.1-natives-linux-arm32.jar;C:\Users\htmlp\.m2\repository\org\lwjgl\lwjgl-openal\3.3.1\lwjgl-openal-3.3.1-natives-linux-arm64.jar;C:\Users\htmlp\.m2\repository\org\lwjgl\lwjgl-openal\3.3.1\lwjgl-openal-3.3.1-natives-macos.jar;C:\Users\htmlp\.m2\repository\org\lwjgl\lwjgl-openal\3.3.1\lwjgl-openal-3.3.1-natives-macos-arm64.jar;C:\Users\htmlp\.m2\repository\org\lwjgl\lwjgl-openal\3.3.1\lwjgl-openal-3.3.1-natives-windows.jar;C:\Users\htmlp\.m2\repository\org\lwjgl\lwjgl-openal\3.3.1\lwjgl-openal-3.3.1-natives-windows-x86.jar;C:\Users\htmlp\.m2\repository\org\lwjgl\lwjgl-opengl\3.3.1\lwjgl-opengl-3.3.1.jar;C:\Users\htmlp\.m2\repository\org\lwjgl\lwjgl-opengl\3.3.1\lwjgl-opengl-3.3.1-natives-linux.jar;C:\Users\htmlp\.m2\repository\org\lwjgl\lwjgl-opengl\3.3.1\lwjgl-opengl-3.3.1-natives-linux-arm32.jar;C:\Users\htmlp\.m2\repository\org\lwjgl\lwjgl-opengl\3.3.1\lwjgl-opengl-3.3.1-natives-linux-arm64.jar;C:\Users\htmlp\.m2\repository\org\lwjgl\lwjgl-opengl\3.3.1\lwjgl-opengl-3.3.1-natives-macos.jar;C:\Users\htmlp\.m2\repository\org\lwjgl\lwjgl-opengl\3.3.1\lwjgl-opengl-3.3.1-natives-macos-arm64.jar;C:\Users\htmlp\.m2\repository\org\lwjgl\lwjgl-opengl\3.3.1\lwjgl-opengl-3.3.1-natives-windows.jar;C:\Users\htmlp\.m2\repository\org\lwjgl\lwjgl-opengl\3.3.1\lwjgl-opengl-3.3.1-natives-windows-x86.jar;C:\Users\htmlp\.m2\repository\org\lwjgl\lwjgl-stb\3.3.1\lwjgl-stb-3.3.1.jar;C:\Users\htmlp\.m2\repository\org\lwjgl\lwjgl-stb\3.3.1\lwjgl-stb-3.3.1-natives-linux.jar;C:\Users\htmlp\.m2\repository\org\lwjgl\lwjgl-stb\3.3.1\lwjgl-stb-3.3.1-natives-linux-arm32.jar;C:\Users\htmlp\.m2\repository\org\lwjgl\lwjgl-stb\3.3.1\lwjgl-stb-3.3.1-natives-linux-arm64.jar;C:\Users\htmlp\.m2\repository\org\lwjgl\lwjgl-stb\3.3.1\lwjgl-stb-3.3.1-natives-macos.jar;C:\Users\htmlp\.m2\repository\org\lwjgl\lwjgl-stb\3.3.1\lwjgl-stb-3.3.1-natives-macos-arm64.jar;C:\Users\htmlp\.m2\repository\org\lwjgl\lwjgl-stb\3.3.1\lwjgl-stb-3.3.1-natives-windows.jar;C:\Users\htmlp\.m2\repository\org\lwjgl\lwjgl-stb\3.3.1\lwjgl-stb-3.3.1-natives-windows-x86.jar;C:\Users\htmlp\.m2\repository\com\badlogicgames\jlayer\jlayer\1.0.1-gdx\jlayer-1.0.1-gdx.jar;C:\Users\htmlp\.m2\repository\org\jcraft\jorbis\0.0.17\jorbis-0.0.17.jar;C:\Program Files\JetBrains\IntelliJ IDEA 2024.2.4\lib\idea_rt.jar
Launcher Type: SUN_STANDARD

[Global flags]
     intx CICompilerCount                          = 15                                        {product} {ergonomic}
     uint ConcGCThreads                            = 6                                         {product} {ergonomic}
     uint G1ConcRefinementThreads                  = 23                                        {product} {ergonomic}
   size_t G1HeapRegionSize                         = 16777216                                  {product} {ergonomic}
   size_t InitialHeapSize                          = 2147483648                                {product} {ergonomic}
   size_t MarkStackSize                            = 4194304                                   {product} {ergonomic}
   size_t MarkStackSizeMax                         = 536870912                                 {product} {ergonomic}
   size_t MaxHeapSize                              = 31675383808                               {product} {ergonomic}
   size_t MaxNewSize                               = 18991808512                               {product} {ergonomic}
   size_t MinHeapDeltaBytes                        = 16777216                                  {product} {ergonomic}
   size_t MinHeapSize                              = 16777216                                  {product} {ergonomic}
    uintx NonNMethodCodeHeapSize                   = 8192000                                {pd product} {ergonomic}
    uintx NonProfiledCodeHeapSize                  = 121765888                              {pd product} {ergonomic}
    uintx ProfiledCodeHeapSize                     = 121700352                              {pd product} {ergonomic}
    uintx ReservedCodeCacheSize                    = 251658240                              {pd product} {ergonomic}
     bool SegmentedCodeCache                       = true                                      {product} {ergonomic}
   size_t SoftMaxHeapSize                          = 31675383808                            {manageable} {ergonomic}
     bool UseCompressedOops                        = true                           {product lp64_product} {ergonomic}
     bool UseG1GC                                  = true                                      {product} {ergonomic}
     bool UseLargePagesIndividualAllocation        = false                                  {pd product} {ergonomic}

Logging:
Log output configuration:
 #0: stdout all=warning uptime,level,tags foldmultilines=false
 #1: stderr all=off uptime,level,tags foldmultilines=false

Environment Variables:
PATH=C:\Program Files\OpenLogic\jdk-8.0.432.06-hotspot\bin;C:\Program Files\ImageMagick-7.1.1-Q16-HDRI;C:\Program Files\Common Files\Oracle\Java\javapath;C:\Windows\system32;C:\Windows;C:\Windows\System32\Wbem;C:\Windows\System32\WindowsPowerShell\v1.0\;C:\Windows\System32\OpenSSH\;C:\Program Files (x86)\NVIDIA Corporation\PhysX\Common;C:\Program Files\NVIDIA Corporation\NVIDIA NvDLISR;C:\Program Files\Git\cmd;C:\Users\htmlp\AppData\Roaming\nvm;C:\Program Files\nodejs;C:\Users\htmlp\AppData\Local\Programs\Python\Python313\Scripts\;C:\Users\htmlp\AppData\Local\Programs\Python\Python313\;C:\Users\htmlp\AppData\Local\Microsoft\WindowsApps;C:\Users\htmlp\AppData\Roaming\npm;C:\Users\htmlp\AppData\Local\atom\bin;C:\Users\htmlp\AppData\Local\GitHubDesktop\bin;C:\Users\htmlp\AppData\Roaming\nvm;C:\Program Files\nodejs;C:\Program Files\JetBrains\IntelliJ IDEA 2024.2.3\bin;
USERNAME=Vis-Australis
OS=Windows_NT
PROCESSOR_IDENTIFIER=Intel64 Family 6 Model 183 Stepping 1, GenuineIntel
TMP=C:\Users\htmlp\AppData\Local\Temp
TEMP=C:\Users\htmlp\AppData\Local\Temp




Periodic native trim disabled

---------------  S Y S T E M  ---------------

OS:
 Windows 11 , 64 bit Build 22621 (10.0.22621.4391)
OS uptime: 0 days 0:22 hours
Hyper-V role detected

CPU: total 32 (initial active 32) (16 cores per cpu, 2 threads per core) family 6 model 183 stepping 1 microcode 0x120, cx8, cmov, fxsr, ht, mmx, 3dnowpref, sse, sse2, sse3, ssse3, sse4.1, sse4.2, popcnt, lzcnt, tsc, tscinvbit, avx, avx2, aes, erms, clmul, bmi1, bmi2, adx, sha, fma, vzeroupper, clflush, clflushopt, clwb, hv, serialize, rdtscp, rdpid, fsrm, gfni, f16c, cet_ibt, cet_ss
Processor Information for the first 32 processors :
  Max Mhz: 2000, Current Mhz: 2000, Mhz Limit: 2000

Memory: 4k page, system-wide physical 130904M (108117M free)
TotalPageFile size 261976M (AvailPageFile size 232488M)
current process WorkingSet (physical memory assigned to process): 208M, peak: 210M
current process commit charge ("private bytes"): 2514M, peak: 2522M

vm_info: Java HotSpot(TM) 64-Bit Server VM (23+37-2369) for windows-amd64 JRE (23+37-2369), built on 2024-08-20T16:01:23Z with MS VC++ 17.6 (VS2022)

END.
