#
# A fatal error has been detected by the Java Runtime Environment:
#
#  EXCEPTION_ACCESS_VIOLATION (0xc0000005) at pc=0x00007ff83ddfe104, pid=59680, tid=58984
#
# JRE version: Java(TM) SE Runtime Environment (23.0+37) (build 23+37-2369)
# Java VM: Java HotSpot(TM) 64-Bit Server VM (23+37-2369, mixed mode, sharing, tiered, compressed oops, compressed class ptrs, g1 gc, windows-amd64)
# Problematic frame:
# C  [steamworks4j64.dll+0xe104]
#
# No core dump will be written. Minidumps are not enabled by default on client versions of Windows
#
# If you would like to submit a bug report, please visit:
#   https://bugreport.java.com/bugreport/crash.jsp
# The crash happened outside the Java Virtual Machine in native code.
# See problematic frame for where to report the bug.
#

---------------  S U M M A R Y ------------

Command Line: -Djava.library.path=D:\Project 1159 - 11.59 - AOC3\Age of History 3\AOC3 Source\src -javaagent:C:\Program Files\JetBrains\IntelliJ IDEA 2024.2.4\lib\idea_rt.jar=62996:C:\Program Files\JetBrains\IntelliJ IDEA 2024.2.4\bin -Dfile.encoding=UTF-8 -Dsun.stdout.encoding=UTF-8 -Dsun.stderr.encoding=UTF-8 aoc.kingdoms.lukasz.jakowski.desktop.DesktopLauncher

Host: Intel(R) Core(TM) i9-14900F, 32 cores, 127G,  Windows 11 , 64 bit Build 22621 (10.0.22621.3958)
Time: Sun Oct 27 07:03:42 2024 Mitteleuropäische Zeit elapsed time: 1.012644 seconds (0d 0h 0m 1s)

---------------  T H R E A D  ---------------

Current thread (0x0000022ee04c2560):  JavaThread "main"             [_thread_in_native, id=58984, stack(0x000000e701100000,0x000000e701200000) (1024K)]

Stack: [0x000000e701100000,0x000000e701200000],  sp=0x000000e7011ff1f0,  free space=1020k
Native frames: (J=compiled Java code, j=interpreted, Vv=VM code, C=native code)
C  [steamworks4j64.dll+0xe104]  (no source info available)
C  0x0000022ef24fd207  (no source info available)

The last pc belongs to native method entry point (kind = native) (printed below).
Java frames: (J=compiled Java code, j=interpreted, Vv=VM code)
j  com.codedisaster.steamworks.SteamUGCNative.getNumSubscribedItems()I+0
j  com.codedisaster.steamworks.SteamUGC.getNumSubscribedItems()I+0
j  aoc.kingdoms.lukasz.jakowski.Steam.SteamManager.loadSubscribedItems()V+15
j  aoc.kingdoms.lukasz.jakowski.AA_Game.create()V+71
j  com.badlogic.gdx.backends.lwjgl3.Lwjgl3Window.initializeListener()V+11
j  com.badlogic.gdx.backends.lwjgl3.Lwjgl3Window.update()Z+8
j  com.badlogic.gdx.backends.lwjgl3.Lwjgl3Application.loop()V+120
j  com.badlogic.gdx.backends.lwjgl3.Lwjgl3Application.<init>(Lcom/badlogic/gdx/ApplicationListener;Lcom/badlogic/gdx/backends/lwjgl3/Lwjgl3ApplicationConfiguration;)V+269
j  aoc.kingdoms.lukasz.jakowski.desktop.DesktopLauncher.main([Ljava/lang/String;)V+365
v  ~StubRoutines::call_stub 0x0000022ef24f0fcd

siginfo: EXCEPTION_ACCESS_VIOLATION (0xc0000005), reading address 0x0000000000000000


Registers:
RAX=0x00007ff83de2f130, RBX=0x0000022f4296d518, RCX=0x0000000000000000, RDX=0x0000000000000000
RSP=0x000000e7011ff1f0, RBP=0x000000e7011ff290, RSI=0x000000000000000c, RDI=0x0000022ef24f87f6
R8 =0x000000e7011fe8c8, R9 =0x0000000000000000, R10=0x0000000000000000, R11=0x000000e7011fed30
R12=0x0000000000000000, R13=0x0000022f4296d518, R14=0x000000e7011ff2a8, R15=0x0000022ee04c2560
RIP=0x00007ff83ddfe104, EFLAGS=0x0000000000010202


Register to memory mapping:

RAX=0x00007ff83de2f130 steamworks4j64.dll
RBX={method} {0x0000022f4296d520} 'getNumSubscribedItems' '()I' in 'com/codedisaster/steamworks/SteamUGCNative'
RCX=0x0 is null
RDX=0x0 is null
RSP=0x000000e7011ff1f0 is pointing into the stack for thread: 0x0000022ee04c2560
RBP=0x000000e7011ff290 is pointing into the stack for thread: 0x0000022ee04c2560
RSI=0x000000000000000c is an unknown value
RDI=0x0000022ef24f87f6 is at code_begin+1526 in an Interpreter codelet
return entry points  [0x0000022ef24f8200, 0x0000022ef24f8e90]  3216 bytes
R8 =0x000000e7011fe8c8 is pointing into the stack for thread: 0x0000022ee04c2560
R9 =0x0 is null
R10=0x0 is null
R11=0x000000e7011fed30 is pointing into the stack for thread: 0x0000022ee04c2560
R12=0x0 is null
R13={method} {0x0000022f4296d520} 'getNumSubscribedItems' '()I' in 'com/codedisaster/steamworks/SteamUGCNative'
R14=0x000000e7011ff2a8 is pointing into the stack for thread: 0x0000022ee04c2560
R15=0x0000022ee04c2560 is a thread

Top of Stack: (sp=0x000000e7011ff1f0)
0x000000e7011ff1f0:   0000022f4296d518 0000022f4296d518
0x000000e7011ff200:   0000022f4296d518 000000e7011ff2a8
0x000000e7011ff210:   0000022ef24f87f6 0000022ef24fd207
0x000000e7011ff220:   0000022f4296d518 000000000000000c
0x000000e7011ff230:   0000022f429680a8 0000022ee04c2560
0x000000e7011ff240:   0000022ef24fce9b fffffffffffffff7
0x000000e7011ff250:   0000022f4296d518 0000000000000003
0x000000e7011ff260:   0000022f4296dcb8 0000000000000000
0x000000e7011ff270:   000000011d012700 0000022f4296d518
0x000000e7011ff280:   0000000000000000 000000e7011ff2b0
0x000000e7011ff290:   000000e7011ff2f8 0000022ef24f8848
0x000000e7011ff2a0:   000000011d012700 0000022ef24fa5d5
0x000000e7011ff2b0:   fffffffffffffff7 0000022f42968090
0x000000e7011ff2c0:   0000000000000002 0000022f42969480
0x000000e7011ff2d0:   0000000000000000 000000011d00cd78
0x000000e7011ff2e0:   0000022f429680a8 fffffffffffffff7
0x000000e7011ff2f0:   000000e7011ff308 000000e7011ff358
0x000000e7011ff300:   0000022ef24f8848 000000011d00cea8
0x000000e7011ff310:   fffffffffffffff7 0000022f427caaef
0x000000e7011ff320:   0000000000000006 0000022f427ce700
0x000000e7011ff330:   0000000000000000 000000011eaf2460
0x000000e7011ff340:   0000022f427cac60 fffffffffffffff6
0x000000e7011ff350:   000000e7011ff390 000000e7011ff3d8
0x000000e7011ff360:   0000022ef24f8700 0000000000000000
0x000000e7011ff370:   0000000000000000 0000000000000000
0x000000e7011ff380:   0000000000000000 0000000000000000
0x000000e7011ff390:   fffffffffffffff7 0000022f42531f47
0x000000e7011ff3a0:   0000000000000003 0000022f42534760
0x000000e7011ff3b0:   0000000000000000 000000011e3b8140
0x000000e7011ff3c0:   0000022f42532040 fffffffffffffff7
0x000000e7011ff3d0:   000000e7011ff3f0 000000e7011ff440
0x000000e7011ff3e0:   0000022ef24f8c06 0000000000000000 

Instructions: (pc=0x00007ff83ddfe104)
0x00007ff83ddfe004:   00 00 b0 01 eb 02 32 c0 48 8b 8c 24 40 04 00 00
0x00007ff83ddfe014:   48 33 cc e8 54 3d 00 00 48 81 c4 50 04 00 00 5e
0x00007ff83ddfe024:   5d 5b c3 cc cc cc cc cc cc cc cc cc 40 53 48 83
0x00007ff83ddfe034:   ec 20 48 8d 0d e3 10 03 00 49 8b d8 ff 15 3a 72
0x00007ff83ddfe044:   01 00 48 8b d3 48 8b 08 48 8b 01 48 83 c4 20 5b
0x00007ff83ddfe054:   48 ff a0 28 02 00 00 cc cc cc cc cc 48 89 5c 24
0x00007ff83ddfe064:   08 48 89 6c 24 10 48 89 74 24 18 57 48 83 ec 20
0x00007ff83ddfe074:   48 8b 01 49 8b d8 45 33 c0 49 8b d1 49 8b e9 48
0x00007ff83ddfe084:   8b f1 ff 90 f0 06 00 00 48 8d 0d 8d 10 03 00 48
0x00007ff83ddfe094:   8b f8 ff 15 e4 71 01 00 4c 8d 4f 08 4c 8b c7 48
0x00007ff83ddfe0a4:   8b d3 48 8b 08 4c 8b 11 41 ff 92 e0 01 00 00 4c
0x00007ff83ddfe0b4:   8b 16 45 33 c9 4c 8b c7 48 8b d5 48 8b ce 8b d8
0x00007ff83ddfe0c4:   41 ff 92 f8 06 00 00 48 8b 6c 24 38 8b c3 48 8b
0x00007ff83ddfe0d4:   5c 24 30 48 8b 74 24 40 48 83 c4 20 5f c3 cc cc
0x00007ff83ddfe0e4:   cc cc cc cc cc cc cc cc cc cc cc cc 48 83 ec 28
0x00007ff83ddfe0f4:   48 8d 0d 25 10 03 00 ff 15 7f 71 01 00 48 8b 08
0x00007ff83ddfe104:   48 8b 01 48 83 c4 28 48 ff a0 18 02 00 00 cc cc
0x00007ff83ddfe114:   cc cc cc cc cc cc cc cc cc cc cc cc 40 53 55 56
0x00007ff83ddfe124:   57 41 56 48 81 ec 70 08 00 00 48 8b 05 3b 10 03
0x00007ff83ddfe134:   00 48 33 c4 48 89 84 24 60 08 00 00 48 8b ac 24
0x00007ff83ddfe144:   c8 08 00 00 4c 8b f1 48 8d 0d ce 0f 03 00 41 8b
0x00007ff83ddfe154:   f9 49 8b d8 ff 15 22 71 01 00 44 8b 8c 24 c0 08
0x00007ff83ddfe164:   00 00 48 8d 54 24 50 48 89 54 24 40 44 8b c7 c7
0x00007ff83ddfe174:   44 24 38 00 04 00 00 48 8d 94 24 60 04 00 00 48
0x00007ff83ddfe184:   8b 08 48 89 54 24 30 48 8d 54 24 60 c7 44 24 28
0x00007ff83ddfe194:   00 04 00 00 48 89 54 24 20 48 8b d3 48 8b 01 ff
0x00007ff83ddfe1a4:   50 70 0f b6 f0 84 c0 0f 84 e0 00 00 00 4d 8b 06
0x00007ff83ddfe1b4:   48 8b d5 49 8b ce 41 ff 90 f8 00 00 00 4d 8b 06
0x00007ff83ddfe1c4:   48 8d 54 24 60 49 8b ce 48 8b f8 41 ff 90 38 05
0x00007ff83ddfe1d4:   00 00 4d 8b 16 4c 8d 0d 78 7e 01 00 4c 8d 05 51
0x00007ff83ddfe1e4:   9c 01 00 48 8b d7 49 8b ce 48 8b d8 41 ff 92 f0
0x00007ff83ddfe1f4:   02 00 00 4d 8b 16 4c 8b cb 4c 8b c0 48 8b d5 49 


Stack slot to memory mapping:

stack at sp + 0 slots: {method} {0x0000022f4296d520} 'getNumSubscribedItems' '()I' in 'com/codedisaster/steamworks/SteamUGCNative'
stack at sp + 1 slots: {method} {0x0000022f4296d520} 'getNumSubscribedItems' '()I' in 'com/codedisaster/steamworks/SteamUGCNative'
stack at sp + 2 slots: {method} {0x0000022f4296d520} 'getNumSubscribedItems' '()I' in 'com/codedisaster/steamworks/SteamUGCNative'
stack at sp + 3 slots: 0x000000e7011ff2a8 is pointing into the stack for thread: 0x0000022ee04c2560
stack at sp + 4 slots: 0x0000022ef24f87f6 is at code_begin+1526 in an Interpreter codelet
return entry points  [0x0000022ef24f8200, 0x0000022ef24f8e90]  3216 bytes
stack at sp + 5 slots: 0x0000022ef24fd207 is at code_begin+1063 in an Interpreter codelet
native method entry point (kind = native)  [0x0000022ef24fcde0, 0x0000022ef24fd938]  2904 bytes
stack at sp + 6 slots: {method} {0x0000022f4296d520} 'getNumSubscribedItems' '()I' in 'com/codedisaster/steamworks/SteamUGCNative'
stack at sp + 7 slots: 0x000000000000000c is an unknown value

Lock stack of current Java thread (top to bottom):

native method entry point (kind = native)  [0x0000022ef24fcde0, 0x0000022ef24fd938]  2904 bytes
[MachCode]
  0x0000022ef24fcde0: 488b 4b08 | 0fb7 492e | 584c 8d74 | ccf8 6800 | 0000 0068 | 0000 0000 | 5055 488b | ec41 5568 
  0x0000022ef24fce00: 0000 0000 | 4c8b 6b08 | 4d8d 6d38 | 5348 8b53 | 0848 8b52 | 0848 8b52 | 1848 8b52 | 7048 8b12 
  0x0000022ef24fce20: 5248 8b53 | 1048 85d2 | 0f84 0700 | 0000 4881 | c210 0100 | 0052 488b | 5308 488b | 5208 488b 
  0x0000022ef24fce40: 5210 5249 | 8bc6 482b | c548 c1e8 | 0350 6800 | 0000 0068 | f7ff ffff | 41c6 8771 | 0400 0001 
  0x0000022ef24fce60: 488b 4310 | 4885 c074 | 208b 88cc | 0000 0083 | c102 8988 | cc00 0000 | 2388 e000 | 0000 0f84 
  0x0000022ef24fce80: 000a 0000 | e9cf 0000 | 0048 8b43 | 1848 85c0 | 0f85 b000 | 0000 e805 | 0000 00e9 | 9900 0000 
  0x0000022ef24fcea0: 488b d348 | 8d44 2408 | 4c89 6dc0 | 498b cfc5 | f877 4989 | afb0 0300 | 0049 8987 | a003 0000 
  0x0000022ef24fcec0: 4883 ec20 | 40f6 c40f | 0f84 1900 | 0000 4883 | ec08 48b8 | 9026 63f5 | ff7f 0000 | ffd0 4883 
  0x0000022ef24fcee0: c408 e90c | 0000 0048 | b890 2663 | f5ff 7f00 | 00ff d048 | 83c4 2049 | c787 a003 | 0000 0000 
  0x0000022ef24fcf00: 0000 49c7 | 87b0 0300 | 0000 0000 | 0049 c787 | a803 0000 | 0000 0000 | c5f8 7749 | 837f 0800 
  0x0000022ef24fcf20: 0f84 0500 | 0000 e995 | 3fff ff4c | 8b6d c04c | 8b75 c84e | 8d74 f500 | c348 8b43 | 1848 85c0 
  0x0000022ef24fcf40: 0f84 1200 | 0000 8b48 | 0883 c102 | 8948 0823 | 481c 0f84 | 2c09 0000 | 493b a7e8 | 0400 000f 
  0x0000022ef24fcf60: 8748 0000 | 0089 8424 | 00f0 ffff | 8984 2400 | e0ff ff89 | 8424 00d0 | ffff 8984 | 2400 c0ff 
  0x0000022ef24fcf80: ff89 8424 | 00b0 ffff | 8984 2400 | a0ff ff89 | 8424 0090 | ffff 8984 | 2400 80ff | ff49 3ba7 
  0x0000022ef24fcfa0: e004 0000 | 7607 4989 | a7e8 0400 | 0041 c687 | 7104 0000 | 0049 ba41 | adea f5ff | 7f00 0041 
  0x0000022ef24fcfc0: 803a 000f | 843e 0000 | 0048 8b55 | e849 8bcf | 4883 ec20 | 40f6 c40f | 0f84 1900 | 0000 4883 
  0x0000022ef24fcfe0: ec08 48b8 | 00ee 9af5 | ff7f 0000 | ffd0 4883 | c408 e90c | 0000 0048 | b800 ee9a | f5ff 7f00 
  0x0000022ef24fd000: 00ff d048 | 83c4 2048 | 8b5d e84c | 8b5b 0845 | 0fb7 5b2e | 41c1 e303 | 492b e348 | 83ec 2048 
  0x0000022ef24fd020: 83e4 f04c | 8b5b 604d | 85db 0f85 | ab00 0000 | e805 0000 | 00e9 9900 | 0000 488b | d348 8d44 
  0x0000022ef24fd040: 2408 4c89 | 6dc0 498b | cfc5 f877 | 4989 afb0 | 0300 0049 | 8987 a003 | 0000 4883 | ec20 40f6 
  0x0000022ef24fd060: c40f 0f84 | 1900 0000 | 4883 ec08 | 48b8 f04d | 63f5 ff7f | 0000 ffd0 | 4883 c408 | e90c 0000 
  0x0000022ef24fd080: 0048 b8f0 | 4d63 f5ff | 7f00 00ff | d048 83c4 | 2049 c787 | a003 0000 | 0000 0000 | 49c7 87b0 
  0x0000022ef24fd0a0: 0300 0000 | 0000 0049 | c787 a803 | 0000 0000 | 0000 c5f8 | 7749 837f | 0800 0f84 | 0500 0000 
  0x0000022ef24fd0c0: e9fb 3dff | ff4c 8b6d | c04c 8b75 | c84e 8d74 | f500 c348 | 8b5d e84c | 8b5b 6041 | ffd3 488b 
  0x0000022ef24fd0e0: 5de8 4889 | 4518 448b | 5b28 41f6 | c308 0f84 | 1b00 0000 | 4c8b 5b08 | 4d8b 5b08 | 4d8b 5b18 
  0x0000022ef24fd100: 4d8b 5b70 | 4d8b 1b4c | 895d 1048 | 8d55 1048 | 8b43 5849 | ba50 3c9b | f5ff 7f00 | 0049 3bc2 
  0x0000022ef24fd120: 0f85 ab00 | 0000 e805 | 0000 00e9 | 9900 0000 | 488b d348 | 8d44 2408 | 4c89 6dc0 | 498b cfc5 
  0x0000022ef24fd140: f877 4989 | afb0 0300 | 0049 8987 | a003 0000 | 4883 ec20 | 40f6 c40f | 0f84 1900 | 0000 4883 
  0x0000022ef24fd160: ec08 48b8 | f04d 63f5 | ff7f 0000 | ffd0 4883 | c408 e90c | 0000 0048 | b8f0 4d63 | f5ff 7f00 
  0x0000022ef24fd180: 00ff d048 | 83c4 2049 | c787 a003 | 0000 0000 | 0000 49c7 | 87b0 0300 | 0000 0000 | 0049 c787 
  0x0000022ef24fd1a0: a803 0000 | 0000 0000 | c5f8 7749 | 837f 0800 | 0f84 0500 | 0000 e905 | 3dff ff4c | 8b6d c04c 
  0x0000022ef24fd1c0: 8b75 c84e | 8d74 f500 | c348 8b5d | e848 8b43 | 5849 8d8f | c003 0000 | c5f8 7749 | 89af b003 
  0x0000022ef24fd1e0: 0000 49ba | d8d1 4ff2 | 2e02 0000 | 4d89 97a8 | 0300 0049 | 89a7 a003 | 0000 41c7 | 8744 0400 
  0x0000022ef24fd200: 0004 0000 | 00ff d0c5 | f877 4883 | ec10 c5fb | 1104 2448 | 83ec 1048 | 8904 2448 | c744 2408 
  0x0000022ef24fd220: 0000 0000 | 41c7 8744 | 0400 0005 | 0000 00f0 | 8344 24c0 | 0049 3baf | 4804 0000 | 0f87 0e00 
  0x0000022ef24fd240: 0000 4183 | bf40 0400 | 0000 0f84 | 2000 0000 | 498b cf4c | 8be4 4883 | ec20 4883 | e4f0 48b8 
  0x0000022ef24fd260: 90a9 64f5 | ff7f 0000 | ffd0 498b | e44d 33e4 | 41c7 8744 | 0400 0008 | 0000 0049 | c787 a003 
  0x0000022ef24fd280: 0000 0000 | 0000 49c7 | 87b0 0300 | 0000 0000 | 0049 c787 | a803 0000 | 0000 0000 | c5f8 774d 
  0x0000022ef24fd2a0: 8b9f 3004 | 0000 41c7 | 8300 0100 | 0000 0000 | 0049 bbda | a54f f22e | 0200 004c | 3b5d 180f 
  0x0000022ef24fd2c0: 8524 0200 | 0048 8b04 | 2448 83c4 | 1048 85c0 | 0f84 fe01 | 0000 a803 | 0f85 0800 | 0000 488b 
  0x0000022ef24fd2e0: 00e9 ee01 | 0000 a801 | 0f85 0900 | 0000 488b | 40fe e9dd | 0100 0048 | 8b40 ff41 | 807f 3800 
  0x0000022ef24fd300: 0f84 ce01 | 0000 4883 | f800 0f84 | c401 0000 | 4d8b 5f28 | 4983 fb00 | 0f84 1400 | 0000 4983 
  0x0000022ef24fd320: eb08 4d89 | 5f28 4d03 | 5f30 4989 | 03e9 a201 | 0000 4881 | ecd0 0000 | 0048 8904 | 2448 894c 
  0x0000022ef24fd340: 2408 4889 | 5424 1048 | 8974 2418 | 4889 7c24 | 204c 8944 | 2428 4c89 | 4c24 304c | 8954 2438 
  0x0000022ef24fd360: 4c89 5c24 | 40c5 fb11 | 4424 50c5 | fb11 4c24 | 58c5 fb11 | 5424 60c5 | fb11 5c24 | 68c5 fb11 
  0x0000022ef24fd380: 6424 70c5 | fb11 6c24 | 78c5 fb11 | b424 8000 | 0000 c5fb | 11bc 2488 | 0000 00c5 | 7b11 8424 
  0x0000022ef24fd3a0: 9000 0000 | c57b 118c | 2498 0000 | 00c5 7b11 | 9424 a000 | 0000 c57b | 119c 24a8 | 0000 00c5 
  0x0000022ef24fd3c0: 7b11 a424 | b000 0000 | c57b 11ac | 24b8 0000 | 00c5 7b11 | b424 c000 | 0000 c57b | 11bc 24c8 
  0x0000022ef24fd3e0: 0000 0049 | 8bd7 488b | c848 83ec | 2040 f6c4 | 0f0f 8419 | 0000 0048 | 83ec 0848 | b8e0 0758 
  0x0000022ef24fd400: f5ff 7f00 | 00ff d048 | 83c4 08e9 | 0c00 0000 | 48b8 e007 | 58f5 ff7f | 0000 ffd0 | 4883 c420 
  0x0000022ef24fd420: c57b 10bc | 24c8 0000 | 00c5 7b10 | b424 c000 | 0000 c57b | 10ac 24b8 | 0000 00c5 | 7b10 a424 
  0x0000022ef24fd440: b000 0000 | c57b 109c | 24a8 0000 | 00c5 7b10 | 9424 a000 | 0000 c57b | 108c 2498 | 0000 00c5 
  0x0000022ef24fd460: 7b10 8424 | 9000 0000 | c5fb 10bc | 2488 0000 | 00c5 fb10 | b424 8000 | 0000 c5fb | 106c 2478 
  0x0000022ef24fd480: c5fb 1064 | 2470 c5fb | 105c 2468 | c5fb 1054 | 2460 c5fb | 104c 2458 | c5fb 1044 | 2450 4c8b 
  0x0000022ef24fd4a0: 5c24 404c | 8b54 2438 | 4c8b 4c24 | 304c 8b44 | 2428 488b | 7c24 2048 | 8b74 2418 | 488b 5424 
  0x0000022ef24fd4c0: 1048 8b4c | 2408 488b | 0424 4881 | c4d0 0000 | 00c5 f877 | 4889 4510 | 4883 ec10 | 4889 0424 
  0x0000022ef24fd4e0: 48c7 4424 | 0800 0000 | 0041 83bf | c804 0000 | 020f 85bf | 0000 0048 | 81ec 8000 | 0000 4889 
  0x0000022ef24fd500: 4424 7848 | 894c 2470 | 4889 5424 | 6848 895c | 2460 4889 | 6c24 5048 | 8974 2448 | 4889 7c24 
  0x0000022ef24fd520: 404c 8944 | 2438 4c89 | 4c24 304c | 8954 2428 | 4c89 5c24 | 204c 8964 | 2418 4c89 | 6c24 104c 
  0x0000022ef24fd540: 8974 2408 | 4c89 3c24 | 4c8b e448 | 83ec 2048 | 83e4 f048 | b8b0 229b | f5ff 7f00 | 00ff d049 
  0x0000022ef24fd560: 8be4 4c8b | 3c24 4c8b | 7424 084c | 8b6c 2410 | 4c8b 6424 | 184c 8b5c | 2420 4c8b | 5424 284c 
  0x0000022ef24fd580: 8b4c 2430 | 4c8b 4424 | 3848 8b7c | 2440 488b | 7424 4848 | 8b6c 2450 | 488b 5c24 | 6048 8b54 
  0x0000022ef24fd5a0: 2468 488b | 4c24 7048 | 8b44 2478 | 4881 c480 | 0000 004d | 33e4 488b | 5de8 4c8b | 6b08 4d8d 
  0x0000022ef24fd5c0: 6d38 4983 | 7f08 000f | 84bb 0000 | 00e8 0500 | 0000 e996 | 0000 0048 | 8d44 2408 | 4c89 6dc0 
  0x0000022ef24fd5e0: 498b cfc5 | f877 4989 | afb0 0300 | 0049 8987 | a003 0000 | 4883 ec20 | 40f6 c40f | 0f84 1900 
  0x0000022ef24fd600: 0000 4883 | ec08 48b8 | 006c 63f5 | ff7f 0000 | ffd0 4883 | c408 e90c | 0000 0048 | b800 6c63 
  0x0000022ef24fd620: f5ff 7f00 | 00ff d048 | 83c4 2049 | c787 a003 | 0000 0000 | 0000 49c7 | 87b0 0300 | 0000 0000 
  0x0000022ef24fd640: 0049 c787 | a803 0000 | 0000 0000 | c5f8 7749 | 837f 0800 | 0f84 0500 | 0000 e961 | 38ff ff4c 
  0x0000022ef24fd660: 8b6d c04c | 8b75 c84e | 8d74 f500 | c348 b940 | d5c2 f5ff | 7f00 0048 | 83e4 f048 | b860 4a89 
  0x0000022ef24fd680: f5ff 7f00 | 00ff d0f4 | 448b 5b28 | 41f6 c320 | 0f84 7901 | 0000 488d | 55a8 4c8b | 5a08 4d85 
  0x0000022ef24fd6a0: db0f 85bb | 0000 00e8 | 0500 0000 | e996 0000 | 0048 8d44 | 2408 4c89 | 6dc0 498b | cfc5 f877 
  0x0000022ef24fd6c0: 4989 afb0 | 0300 0049 | 8987 a003 | 0000 4883 | ec20 40f6 | c40f 0f84 | 1900 0000 | 4883 ec08 
  0x0000022ef24fd6e0: 48b8 306b | 63f5 ff7f | 0000 ffd0 | 4883 c408 | e90c 0000 | 0048 b830 | 6b63 f5ff | 7f00 00ff 
  0x0000022ef24fd700: d048 83c4 | 2049 c787 | a003 0000 | 0000 0000 | 49c7 87b0 | 0300 0000 | 0000 0049 | c787 a803 
  0x0000022ef24fd720: 0000 0000 | 0000 c5f8 | 7749 837f | 0800 0f84 | 0500 0000 | e987 37ff | ff4c 8b6d | c04c 8b75 
  0x0000022ef24fd740: c84e 8d74 | f500 c348 | b940 d5c2 | f5ff 7f00 | 0048 83e4 | f048 b860 | 4a89 f5ff | 7f00 00ff 
  0x0000022ef24fd760: d0f4 4c89 | 6dc0 4c8b | 4a08 48c7 | 4208 0000 | 0000 458b | 8718 0600 | 004f 3b4c | 07f8 0f85 
  0x0000022ef24fd780: 4900 0000 | 4183 af18 | 0600 0008 | 4f3b 4c07 | f00f 842a | 0000 0049 | 8b01 a802 | 0f85 1200 
  0x0000022ef24fd7a0: 0000 4c8b | c049 83c8 | 01f0 4d0f | b101 0f84 | 0d00 0000 | 4183 8718 | 0600 0008 | e90c 0000 
  0x0000022ef24fd7c0: 0049 ff8f | 5005 0000 | e93e 0000 | 004c 894a | 0848 8bca | 4883 ec20 | 40f6 c40f | 0f84 1900 
  0x0000022ef24fd7e0: 0000 4883 | ec08 48b8 | f03d 63f5 | ff7f 0000 | ffd0 4883 | c408 e90c | 0000 0048 | b8f0 3d63 
  0x0000022ef24fd800: f5ff 7f00 | 00ff d048 | 83c4 204c | 8b6d c049 | ba41 adea | f5ff 7f00 | 0041 803a | 000f 843e 
  0x0000022ef24fd820: 0000 0048 | 8b55 e849 | 8bcf 4883 | ec20 40f6 | c40f 0f84 | 1900 0000 | 4883 ec08 | 48b8 00ee 
  0x0000022ef24fd840: 9af5 ff7f | 0000 ffd0 | 4883 c408 | e90c 0000 | 0048 b800 | ee9a f5ff | 7f00 00ff | d048 83c4 
  0x0000022ef24fd860: 2048 8b04 | 2448 83c4 | 10c5 fb10 | 0424 4883 | c410 4c8b | 5d18 41ff | d34c 8b5d | f8c9 5f49 
  0x0000022ef24fd880: 8be3 ffe7 | ba00 0000 | 00e8 0500 | 0000 e996 | 0000 0048 | 8d44 2408 | 4c89 6dc0 | 498b cfc5 
  0x0000022ef24fd8a0: f877 4989 | afb0 0300 | 0049 8987 | a003 0000 | 4883 ec20 | 40f6 c40f | 0f84 1900 | 0000 4883 
  0x0000022ef24fd8c0: ec08 48b8 | a031 63f5 | ff7f 0000 | ffd0 4883 | c408 e90c | 0000 0048 | b8a0 3163 | f5ff 7f00 
  0x0000022ef24fd8e0: 00ff d048 | 83c4 2049 | c787 a003 | 0000 0000 | 0000 49c7 | 87b0 0300 | 0000 0000 | 0049 c787 
  0x0000022ef24fd900: a803 0000 | 0000 0000 | c5f8 7749 | 837f 0800 | 0f84 0500 | 0000 e9a5 | 35ff ff4c | 8b6d c04c 
  0x0000022ef24fd920: 8b75 c84e | 8d74 f500 | c348 8b5d | e8e9 26f6 | ffff 660f | 1f44 0000 
[/MachCode]

---------------  P R O C E S S  ---------------

Threads class SMR info:
_java_thread_list=0x0000022f414462d0, length=18, elements={
0x0000022ee04c2560, 0x0000022f41153680, 0x0000022f411551c0, 0x0000022f41157380,
0x0000022f41158060, 0x0000022f41158ac0, 0x0000022f4115a660, 0x0000022f41162650,
0x0000022f41163380, 0x0000022f4123f410, 0x0000022f412faac0, 0x0000022f41308570,
0x0000022f41309140, 0x0000022f41309800, 0x0000022f4140e4d0, 0x0000022f4140efc0,
0x0000022f413b8f80, 0x0000022f47b56490
}

Java Threads: ( => current thread )
=>0x0000022ee04c2560 JavaThread "main"                              [_thread_in_native, id=58984, stack(0x000000e701100000,0x000000e701200000) (1024K)]
  0x0000022f41153680 JavaThread "Reference Handler"          daemon [_thread_blocked, id=72176, stack(0x000000e701900000,0x000000e701a00000) (1024K)]
  0x0000022f411551c0 JavaThread "Finalizer"                  daemon [_thread_blocked, id=79340, stack(0x000000e701a00000,0x000000e701b00000) (1024K)]
  0x0000022f41157380 JavaThread "Signal Dispatcher"          daemon [_thread_blocked, id=90620, stack(0x000000e701b00000,0x000000e701c00000) (1024K)]
  0x0000022f41158060 JavaThread "Attach Listener"            daemon [_thread_blocked, id=84988, stack(0x000000e701c00000,0x000000e701d00000) (1024K)]
  0x0000022f41158ac0 JavaThread "Service Thread"             daemon [_thread_blocked, id=47776, stack(0x000000e701d00000,0x000000e701e00000) (1024K)]
  0x0000022f4115a660 JavaThread "Monitor Deflation Thread"   daemon [_thread_blocked, id=89312, stack(0x000000e701e00000,0x000000e701f00000) (1024K)]
  0x0000022f41162650 JavaThread "C2 CompilerThread0"         daemon [_thread_blocked, id=63808, stack(0x000000e701f00000,0x000000e702000000) (1024K)]
  0x0000022f41163380 JavaThread "C1 CompilerThread0"         daemon [_thread_blocked, id=80760, stack(0x000000e702000000,0x000000e702100000) (1024K)]
  0x0000022f4123f410 JavaThread "C1 CompilerThread1"         daemon [_thread_blocked, id=77792, stack(0x000000e702100000,0x000000e702200000) (1024K)]
  0x0000022f412faac0 JavaThread "Common-Cleaner"             daemon [_thread_blocked, id=72268, stack(0x000000e702200000,0x000000e702300000) (1024K)]
  0x0000022f41308570 JavaThread "C1 CompilerThread2"         daemon [_thread_blocked, id=59564, stack(0x000000e702300000,0x000000e702400000) (1024K)]
  0x0000022f41309140 JavaThread "C1 CompilerThread3"         daemon [_thread_blocked, id=57284, stack(0x000000e702400000,0x000000e702500000) (1024K)]
  0x0000022f41309800 JavaThread "C1 CompilerThread4"         daemon [_thread_blocked, id=89268, stack(0x000000e702500000,0x000000e702600000) (1024K)]
  0x0000022f4140e4d0 JavaThread "Monitor Ctrl-Break"         daemon [_thread_in_native, id=88112, stack(0x000000e702800000,0x000000e702900000) (1024K)]
  0x0000022f4140efc0 JavaThread "Notification Thread"        daemon [_thread_blocked, id=19724, stack(0x000000e702900000,0x000000e702a00000) (1024K)]
  0x0000022f413b8f80 JavaThread "Thread-0"                          [_thread_in_native, id=83144, stack(0x000000e702a00000,0x000000e702b00000) (1024K)]
  0x0000022f47b56490 JavaThread "Thread-1"                   daemon [_thread_blocked, id=60104, stack(0x000000e703100000,0x000000e703200000) (1024K)]
Total: 18

Other Threads:
  0x0000022f41137ad0 VMThread "VM Thread"                           [id=58820, stack(0x000000e701800000,0x000000e701900000) (1024K)]
  0x0000022f41126460 WatcherThread "VM Periodic Task Thread"        [id=68220, stack(0x000000e701700000,0x000000e701800000) (1024K)]
  0x0000022efb60d150 WorkerThread "GC Thread#0"                     [id=68464, stack(0x000000e701200000,0x000000e701300000) (1024K)]
  0x0000022ee2a631d0 ConcurrentGCThread "G1 Main Marker"            [id=8176, stack(0x000000e701300000,0x000000e701400000) (1024K)]
  0x0000022ee2a64380 WorkerThread "G1 Conc#0"                       [id=69076, stack(0x000000e701400000,0x000000e701500000) (1024K)]
  0x0000022efb7064d0 ConcurrentGCThread "G1 Refine#0"               [id=81568, stack(0x000000e701500000,0x000000e701600000) (1024K)]
  0x0000022efb706f50 ConcurrentGCThread "G1 Service"                [id=75676, stack(0x000000e701600000,0x000000e701700000) (1024K)]
Total: 7

Threads with active compile tasks:
Total: 0

VM state: not at safepoint (normal execution)

VM Mutex/Monitor currently owned by a thread: None

Heap address: 0x00000000a0000000, size: 30208 MB, Compressed Oops mode: Zero based, Oop shift amount: 3

CDS archive(s) mapped at: [0x0000022f00000000-0x0000022f00d70000-0x0000022f00d70000), size 14090240, SharedBaseAddress: 0x0000022f00000000, ArchiveRelocationMode: 1.
Compressed class space mapped at: 0x0000022f01000000-0x0000022f41000000, reserved size: 1073741824
Narrow klass base: 0x0000022f00000000, Narrow klass shift: 0, Narrow klass range: 0x41000000

GC Precious Log:
 CardTable entry size: 512
 Card Set container configuration: InlinePtr #cards 3 size 8 Array Of Cards #cards 128 size 272 Howl #buckets 8 coarsen threshold 29491 Howl Bitmap #cards 4096 size 528 coarsen threshold 3686 Card regions per heap region 1 cards per card region 32768
 CPUs: 32 total, 32 available
 Memory: 127G
 Large Page Support: Disabled
 NUMA Support: Disabled
 Compressed Oops: Enabled (Zero based)
 Heap Region Size: 16M
 Heap Min Capacity: 16M
 Heap Initial Capacity: 2G
 Heap Max Capacity: 30208M
 Pre-touch: Disabled
 Parallel Workers: 23
 Concurrent Workers: 6
 Concurrent Refinement Workers: 23
 Periodic GC: Disabled

Heap:
 garbage-first heap   total reserved 30932992K, committed 2097152K, used 32768K [0x00000000a0000000, 0x0000000800000000)
  region size 16384K, 3 young (49152K), 0 survivors (0K)
 Metaspace       used 8514K, committed 8768K, reserved 1114112K
  class space    used 718K, committed 832K, reserved 1048576K

Heap Regions: E=young(eden), S=young(survivor), O=old, HS=humongous(starts), HC=humongous(continues), CS=collection set, F=free, TAMS=top-at-mark-start, PB=parsable bottom
|   0|0x00000000a0000000, 0x00000000a0000000, 0x00000000a1000000|  0%| F|  |TAMS 0x00000000a0000000| PB 0x00000000a0000000| Untracked |  0
|   1|0x00000000a1000000, 0x00000000a1000000, 0x00000000a2000000|  0%| F|  |TAMS 0x00000000a1000000| PB 0x00000000a1000000| Untracked |  0
|   2|0x00000000a2000000, 0x00000000a2000000, 0x00000000a3000000|  0%| F|  |TAMS 0x00000000a2000000| PB 0x00000000a2000000| Untracked |  0
|   3|0x00000000a3000000, 0x00000000a3000000, 0x00000000a4000000|  0%| F|  |TAMS 0x00000000a3000000| PB 0x00000000a3000000| Untracked |  0
|   4|0x00000000a4000000, 0x00000000a4000000, 0x00000000a5000000|  0%| F|  |TAMS 0x00000000a4000000| PB 0x00000000a4000000| Untracked |  0
|   5|0x00000000a5000000, 0x00000000a5000000, 0x00000000a6000000|  0%| F|  |TAMS 0x00000000a5000000| PB 0x00000000a5000000| Untracked |  0
|   6|0x00000000a6000000, 0x00000000a6000000, 0x00000000a7000000|  0%| F|  |TAMS 0x00000000a6000000| PB 0x00000000a6000000| Untracked |  0
|   7|0x00000000a7000000, 0x00000000a7000000, 0x00000000a8000000|  0%| F|  |TAMS 0x00000000a7000000| PB 0x00000000a7000000| Untracked |  0
|   8|0x00000000a8000000, 0x00000000a8000000, 0x00000000a9000000|  0%| F|  |TAMS 0x00000000a8000000| PB 0x00000000a8000000| Untracked |  0
|   9|0x00000000a9000000, 0x00000000a9000000, 0x00000000aa000000|  0%| F|  |TAMS 0x00000000a9000000| PB 0x00000000a9000000| Untracked |  0
|  10|0x00000000aa000000, 0x00000000aa000000, 0x00000000ab000000|  0%| F|  |TAMS 0x00000000aa000000| PB 0x00000000aa000000| Untracked |  0
|  11|0x00000000ab000000, 0x00000000ab000000, 0x00000000ac000000|  0%| F|  |TAMS 0x00000000ab000000| PB 0x00000000ab000000| Untracked |  0
|  12|0x00000000ac000000, 0x00000000ac000000, 0x00000000ad000000|  0%| F|  |TAMS 0x00000000ac000000| PB 0x00000000ac000000| Untracked |  0
|  13|0x00000000ad000000, 0x00000000ad000000, 0x00000000ae000000|  0%| F|  |TAMS 0x00000000ad000000| PB 0x00000000ad000000| Untracked |  0
|  14|0x00000000ae000000, 0x00000000ae000000, 0x00000000af000000|  0%| F|  |TAMS 0x00000000ae000000| PB 0x00000000ae000000| Untracked |  0
|  15|0x00000000af000000, 0x00000000af000000, 0x00000000b0000000|  0%| F|  |TAMS 0x00000000af000000| PB 0x00000000af000000| Untracked |  0
|  16|0x00000000b0000000, 0x00000000b0000000, 0x00000000b1000000|  0%| F|  |TAMS 0x00000000b0000000| PB 0x00000000b0000000| Untracked |  0
|  17|0x00000000b1000000, 0x00000000b1000000, 0x00000000b2000000|  0%| F|  |TAMS 0x00000000b1000000| PB 0x00000000b1000000| Untracked |  0
|  18|0x00000000b2000000, 0x00000000b2000000, 0x00000000b3000000|  0%| F|  |TAMS 0x00000000b2000000| PB 0x00000000b2000000| Untracked |  0
|  19|0x00000000b3000000, 0x00000000b3000000, 0x00000000b4000000|  0%| F|  |TAMS 0x00000000b3000000| PB 0x00000000b3000000| Untracked |  0
|  20|0x00000000b4000000, 0x00000000b4000000, 0x00000000b5000000|  0%| F|  |TAMS 0x00000000b4000000| PB 0x00000000b4000000| Untracked |  0
|  21|0x00000000b5000000, 0x00000000b5000000, 0x00000000b6000000|  0%| F|  |TAMS 0x00000000b5000000| PB 0x00000000b5000000| Untracked |  0
|  22|0x00000000b6000000, 0x00000000b6000000, 0x00000000b7000000|  0%| F|  |TAMS 0x00000000b6000000| PB 0x00000000b6000000| Untracked |  0
|  23|0x00000000b7000000, 0x00000000b7000000, 0x00000000b8000000|  0%| F|  |TAMS 0x00000000b7000000| PB 0x00000000b7000000| Untracked |  0
|  24|0x00000000b8000000, 0x00000000b8000000, 0x00000000b9000000|  0%| F|  |TAMS 0x00000000b8000000| PB 0x00000000b8000000| Untracked |  0
|  25|0x00000000b9000000, 0x00000000b9000000, 0x00000000ba000000|  0%| F|  |TAMS 0x00000000b9000000| PB 0x00000000b9000000| Untracked |  0
|  26|0x00000000ba000000, 0x00000000ba000000, 0x00000000bb000000|  0%| F|  |TAMS 0x00000000ba000000| PB 0x00000000ba000000| Untracked |  0
|  27|0x00000000bb000000, 0x00000000bb000000, 0x00000000bc000000|  0%| F|  |TAMS 0x00000000bb000000| PB 0x00000000bb000000| Untracked |  0
|  28|0x00000000bc000000, 0x00000000bc000000, 0x00000000bd000000|  0%| F|  |TAMS 0x00000000bc000000| PB 0x00000000bc000000| Untracked |  0
|  29|0x00000000bd000000, 0x00000000bd000000, 0x00000000be000000|  0%| F|  |TAMS 0x00000000bd000000| PB 0x00000000bd000000| Untracked |  0
|  30|0x00000000be000000, 0x00000000be000000, 0x00000000bf000000|  0%| F|  |TAMS 0x00000000be000000| PB 0x00000000be000000| Untracked |  0
|  31|0x00000000bf000000, 0x00000000bf000000, 0x00000000c0000000|  0%| F|  |TAMS 0x00000000bf000000| PB 0x00000000bf000000| Untracked |  0
|  32|0x00000000c0000000, 0x00000000c0000000, 0x00000000c1000000|  0%| F|  |TAMS 0x00000000c0000000| PB 0x00000000c0000000| Untracked |  0
|  33|0x00000000c1000000, 0x00000000c1000000, 0x00000000c2000000|  0%| F|  |TAMS 0x00000000c1000000| PB 0x00000000c1000000| Untracked |  0
|  34|0x00000000c2000000, 0x00000000c2000000, 0x00000000c3000000|  0%| F|  |TAMS 0x00000000c2000000| PB 0x00000000c2000000| Untracked |  0
|  35|0x00000000c3000000, 0x00000000c3000000, 0x00000000c4000000|  0%| F|  |TAMS 0x00000000c3000000| PB 0x00000000c3000000| Untracked |  0
|  36|0x00000000c4000000, 0x00000000c4000000, 0x00000000c5000000|  0%| F|  |TAMS 0x00000000c4000000| PB 0x00000000c4000000| Untracked |  0
|  37|0x00000000c5000000, 0x00000000c5000000, 0x00000000c6000000|  0%| F|  |TAMS 0x00000000c5000000| PB 0x00000000c5000000| Untracked |  0
|  38|0x00000000c6000000, 0x00000000c6000000, 0x00000000c7000000|  0%| F|  |TAMS 0x00000000c6000000| PB 0x00000000c6000000| Untracked |  0
|  39|0x00000000c7000000, 0x00000000c7000000, 0x00000000c8000000|  0%| F|  |TAMS 0x00000000c7000000| PB 0x00000000c7000000| Untracked |  0
|  40|0x00000000c8000000, 0x00000000c8000000, 0x00000000c9000000|  0%| F|  |TAMS 0x00000000c8000000| PB 0x00000000c8000000| Untracked |  0
|  41|0x00000000c9000000, 0x00000000c9000000, 0x00000000ca000000|  0%| F|  |TAMS 0x00000000c9000000| PB 0x00000000c9000000| Untracked |  0
|  42|0x00000000ca000000, 0x00000000ca000000, 0x00000000cb000000|  0%| F|  |TAMS 0x00000000ca000000| PB 0x00000000ca000000| Untracked |  0
|  43|0x00000000cb000000, 0x00000000cb000000, 0x00000000cc000000|  0%| F|  |TAMS 0x00000000cb000000| PB 0x00000000cb000000| Untracked |  0
|  44|0x00000000cc000000, 0x00000000cc000000, 0x00000000cd000000|  0%| F|  |TAMS 0x00000000cc000000| PB 0x00000000cc000000| Untracked |  0
|  45|0x00000000cd000000, 0x00000000cd000000, 0x00000000ce000000|  0%| F|  |TAMS 0x00000000cd000000| PB 0x00000000cd000000| Untracked |  0
|  46|0x00000000ce000000, 0x00000000ce000000, 0x00000000cf000000|  0%| F|  |TAMS 0x00000000ce000000| PB 0x00000000ce000000| Untracked |  0
|  47|0x00000000cf000000, 0x00000000cf000000, 0x00000000d0000000|  0%| F|  |TAMS 0x00000000cf000000| PB 0x00000000cf000000| Untracked |  0
|  48|0x00000000d0000000, 0x00000000d0000000, 0x00000000d1000000|  0%| F|  |TAMS 0x00000000d0000000| PB 0x00000000d0000000| Untracked |  0
|  49|0x00000000d1000000, 0x00000000d1000000, 0x00000000d2000000|  0%| F|  |TAMS 0x00000000d1000000| PB 0x00000000d1000000| Untracked |  0
|  50|0x00000000d2000000, 0x00000000d2000000, 0x00000000d3000000|  0%| F|  |TAMS 0x00000000d2000000| PB 0x00000000d2000000| Untracked |  0
|  51|0x00000000d3000000, 0x00000000d3000000, 0x00000000d4000000|  0%| F|  |TAMS 0x00000000d3000000| PB 0x00000000d3000000| Untracked |  0
|  52|0x00000000d4000000, 0x00000000d4000000, 0x00000000d5000000|  0%| F|  |TAMS 0x00000000d4000000| PB 0x00000000d4000000| Untracked |  0
|  53|0x00000000d5000000, 0x00000000d5000000, 0x00000000d6000000|  0%| F|  |TAMS 0x00000000d5000000| PB 0x00000000d5000000| Untracked |  0
|  54|0x00000000d6000000, 0x00000000d6000000, 0x00000000d7000000|  0%| F|  |TAMS 0x00000000d6000000| PB 0x00000000d6000000| Untracked |  0
|  55|0x00000000d7000000, 0x00000000d7000000, 0x00000000d8000000|  0%| F|  |TAMS 0x00000000d7000000| PB 0x00000000d7000000| Untracked |  0
|  56|0x00000000d8000000, 0x00000000d8000000, 0x00000000d9000000|  0%| F|  |TAMS 0x00000000d8000000| PB 0x00000000d8000000| Untracked |  0
|  57|0x00000000d9000000, 0x00000000d9000000, 0x00000000da000000|  0%| F|  |TAMS 0x00000000d9000000| PB 0x00000000d9000000| Untracked |  0
|  58|0x00000000da000000, 0x00000000da000000, 0x00000000db000000|  0%| F|  |TAMS 0x00000000da000000| PB 0x00000000da000000| Untracked |  0
|  59|0x00000000db000000, 0x00000000db000000, 0x00000000dc000000|  0%| F|  |TAMS 0x00000000db000000| PB 0x00000000db000000| Untracked |  0
|  60|0x00000000dc000000, 0x00000000dc000000, 0x00000000dd000000|  0%| F|  |TAMS 0x00000000dc000000| PB 0x00000000dc000000| Untracked |  0
|  61|0x00000000dd000000, 0x00000000dd000000, 0x00000000de000000|  0%| F|  |TAMS 0x00000000dd000000| PB 0x00000000dd000000| Untracked |  0
|  62|0x00000000de000000, 0x00000000de000000, 0x00000000df000000|  0%| F|  |TAMS 0x00000000de000000| PB 0x00000000de000000| Untracked |  0
|  63|0x00000000df000000, 0x00000000df000000, 0x00000000e0000000|  0%| F|  |TAMS 0x00000000df000000| PB 0x00000000df000000| Untracked |  0
|  64|0x00000000e0000000, 0x00000000e0000000, 0x00000000e1000000|  0%| F|  |TAMS 0x00000000e0000000| PB 0x00000000e0000000| Untracked |  0
|  65|0x00000000e1000000, 0x00000000e1000000, 0x00000000e2000000|  0%| F|  |TAMS 0x00000000e1000000| PB 0x00000000e1000000| Untracked |  0
|  66|0x00000000e2000000, 0x00000000e2000000, 0x00000000e3000000|  0%| F|  |TAMS 0x00000000e2000000| PB 0x00000000e2000000| Untracked |  0
|  67|0x00000000e3000000, 0x00000000e3000000, 0x00000000e4000000|  0%| F|  |TAMS 0x00000000e3000000| PB 0x00000000e3000000| Untracked |  0
|  68|0x00000000e4000000, 0x00000000e4000000, 0x00000000e5000000|  0%| F|  |TAMS 0x00000000e4000000| PB 0x00000000e4000000| Untracked |  0
|  69|0x00000000e5000000, 0x00000000e5000000, 0x00000000e6000000|  0%| F|  |TAMS 0x00000000e5000000| PB 0x00000000e5000000| Untracked |  0
|  70|0x00000000e6000000, 0x00000000e6000000, 0x00000000e7000000|  0%| F|  |TAMS 0x00000000e6000000| PB 0x00000000e6000000| Untracked |  0
|  71|0x00000000e7000000, 0x00000000e7000000, 0x00000000e8000000|  0%| F|  |TAMS 0x00000000e7000000| PB 0x00000000e7000000| Untracked |  0
|  72|0x00000000e8000000, 0x00000000e8000000, 0x00000000e9000000|  0%| F|  |TAMS 0x00000000e8000000| PB 0x00000000e8000000| Untracked |  0
|  73|0x00000000e9000000, 0x00000000e9000000, 0x00000000ea000000|  0%| F|  |TAMS 0x00000000e9000000| PB 0x00000000e9000000| Untracked |  0
|  74|0x00000000ea000000, 0x00000000ea000000, 0x00000000eb000000|  0%| F|  |TAMS 0x00000000ea000000| PB 0x00000000ea000000| Untracked |  0
|  75|0x00000000eb000000, 0x00000000eb000000, 0x00000000ec000000|  0%| F|  |TAMS 0x00000000eb000000| PB 0x00000000eb000000| Untracked |  0
|  76|0x00000000ec000000, 0x00000000ec000000, 0x00000000ed000000|  0%| F|  |TAMS 0x00000000ec000000| PB 0x00000000ec000000| Untracked |  0
|  77|0x00000000ed000000, 0x00000000ed000000, 0x00000000ee000000|  0%| F|  |TAMS 0x00000000ed000000| PB 0x00000000ed000000| Untracked |  0
|  78|0x00000000ee000000, 0x00000000ee000000, 0x00000000ef000000|  0%| F|  |TAMS 0x00000000ee000000| PB 0x00000000ee000000| Untracked |  0
|  79|0x00000000ef000000, 0x00000000ef000000, 0x00000000f0000000|  0%| F|  |TAMS 0x00000000ef000000| PB 0x00000000ef000000| Untracked |  0
|  80|0x00000000f0000000, 0x00000000f0000000, 0x00000000f1000000|  0%| F|  |TAMS 0x00000000f0000000| PB 0x00000000f0000000| Untracked |  0
|  81|0x00000000f1000000, 0x00000000f1000000, 0x00000000f2000000|  0%| F|  |TAMS 0x00000000f1000000| PB 0x00000000f1000000| Untracked |  0
|  82|0x00000000f2000000, 0x00000000f2000000, 0x00000000f3000000|  0%| F|  |TAMS 0x00000000f2000000| PB 0x00000000f2000000| Untracked |  0
|  83|0x00000000f3000000, 0x00000000f3000000, 0x00000000f4000000|  0%| F|  |TAMS 0x00000000f3000000| PB 0x00000000f3000000| Untracked |  0
|  84|0x00000000f4000000, 0x00000000f4000000, 0x00000000f5000000|  0%| F|  |TAMS 0x00000000f4000000| PB 0x00000000f4000000| Untracked |  0
|  85|0x00000000f5000000, 0x00000000f5000000, 0x00000000f6000000|  0%| F|  |TAMS 0x00000000f5000000| PB 0x00000000f5000000| Untracked |  0
|  86|0x00000000f6000000, 0x00000000f6000000, 0x00000000f7000000|  0%| F|  |TAMS 0x00000000f6000000| PB 0x00000000f6000000| Untracked |  0
|  87|0x00000000f7000000, 0x00000000f7000000, 0x00000000f8000000|  0%| F|  |TAMS 0x00000000f7000000| PB 0x00000000f7000000| Untracked |  0
|  88|0x00000000f8000000, 0x00000000f8000000, 0x00000000f9000000|  0%| F|  |TAMS 0x00000000f8000000| PB 0x00000000f8000000| Untracked |  0
|  89|0x00000000f9000000, 0x00000000f9000000, 0x00000000fa000000|  0%| F|  |TAMS 0x00000000f9000000| PB 0x00000000f9000000| Untracked |  0
|  90|0x00000000fa000000, 0x00000000fa000000, 0x00000000fb000000|  0%| F|  |TAMS 0x00000000fa000000| PB 0x00000000fa000000| Untracked |  0
|  91|0x00000000fb000000, 0x00000000fb000000, 0x00000000fc000000|  0%| F|  |TAMS 0x00000000fb000000| PB 0x00000000fb000000| Untracked |  0
|  92|0x00000000fc000000, 0x00000000fc000000, 0x00000000fd000000|  0%| F|  |TAMS 0x00000000fc000000| PB 0x00000000fc000000| Untracked |  0
|  93|0x00000000fd000000, 0x00000000fd000000, 0x00000000fe000000|  0%| F|  |TAMS 0x00000000fd000000| PB 0x00000000fd000000| Untracked |  0
|  94|0x00000000fe000000, 0x00000000fe000000, 0x00000000ff000000|  0%| F|  |TAMS 0x00000000fe000000| PB 0x00000000fe000000| Untracked |  0
|  95|0x00000000ff000000, 0x00000000ff000000, 0x0000000100000000|  0%| F|  |TAMS 0x00000000ff000000| PB 0x00000000ff000000| Untracked |  0
|  96|0x0000000100000000, 0x0000000100000000, 0x0000000101000000|  0%| F|  |TAMS 0x0000000100000000| PB 0x0000000100000000| Untracked |  0
|  97|0x0000000101000000, 0x0000000101000000, 0x0000000102000000|  0%| F|  |TAMS 0x0000000101000000| PB 0x0000000101000000| Untracked |  0
|  98|0x0000000102000000, 0x0000000102000000, 0x0000000103000000|  0%| F|  |TAMS 0x0000000102000000| PB 0x0000000102000000| Untracked |  0
|  99|0x0000000103000000, 0x0000000103000000, 0x0000000104000000|  0%| F|  |TAMS 0x0000000103000000| PB 0x0000000103000000| Untracked |  0
| 100|0x0000000104000000, 0x0000000104000000, 0x0000000105000000|  0%| F|  |TAMS 0x0000000104000000| PB 0x0000000104000000| Untracked |  0
| 101|0x0000000105000000, 0x0000000105000000, 0x0000000106000000|  0%| F|  |TAMS 0x0000000105000000| PB 0x0000000105000000| Untracked |  0
| 102|0x0000000106000000, 0x0000000106000000, 0x0000000107000000|  0%| F|  |TAMS 0x0000000106000000| PB 0x0000000106000000| Untracked |  0
| 103|0x0000000107000000, 0x0000000107000000, 0x0000000108000000|  0%| F|  |TAMS 0x0000000107000000| PB 0x0000000107000000| Untracked |  0
| 104|0x0000000108000000, 0x0000000108000000, 0x0000000109000000|  0%| F|  |TAMS 0x0000000108000000| PB 0x0000000108000000| Untracked |  0
| 105|0x0000000109000000, 0x0000000109000000, 0x000000010a000000|  0%| F|  |TAMS 0x0000000109000000| PB 0x0000000109000000| Untracked |  0
| 106|0x000000010a000000, 0x000000010a000000, 0x000000010b000000|  0%| F|  |TAMS 0x000000010a000000| PB 0x000000010a000000| Untracked |  0
| 107|0x000000010b000000, 0x000000010b000000, 0x000000010c000000|  0%| F|  |TAMS 0x000000010b000000| PB 0x000000010b000000| Untracked |  0
| 108|0x000000010c000000, 0x000000010c000000, 0x000000010d000000|  0%| F|  |TAMS 0x000000010c000000| PB 0x000000010c000000| Untracked |  0
| 109|0x000000010d000000, 0x000000010d000000, 0x000000010e000000|  0%| F|  |TAMS 0x000000010d000000| PB 0x000000010d000000| Untracked |  0
| 110|0x000000010e000000, 0x000000010e000000, 0x000000010f000000|  0%| F|  |TAMS 0x000000010e000000| PB 0x000000010e000000| Untracked |  0
| 111|0x000000010f000000, 0x000000010f000000, 0x0000000110000000|  0%| F|  |TAMS 0x000000010f000000| PB 0x000000010f000000| Untracked |  0
| 112|0x0000000110000000, 0x0000000110000000, 0x0000000111000000|  0%| F|  |TAMS 0x0000000110000000| PB 0x0000000110000000| Untracked |  0
| 113|0x0000000111000000, 0x0000000111000000, 0x0000000112000000|  0%| F|  |TAMS 0x0000000111000000| PB 0x0000000111000000| Untracked |  0
| 114|0x0000000112000000, 0x0000000112000000, 0x0000000113000000|  0%| F|  |TAMS 0x0000000112000000| PB 0x0000000112000000| Untracked |  0
| 115|0x0000000113000000, 0x0000000113000000, 0x0000000114000000|  0%| F|  |TAMS 0x0000000113000000| PB 0x0000000113000000| Untracked |  0
| 116|0x0000000114000000, 0x0000000114000000, 0x0000000115000000|  0%| F|  |TAMS 0x0000000114000000| PB 0x0000000114000000| Untracked |  0
| 117|0x0000000115000000, 0x0000000115000000, 0x0000000116000000|  0%| F|  |TAMS 0x0000000115000000| PB 0x0000000115000000| Untracked |  0
| 118|0x0000000116000000, 0x0000000116000000, 0x0000000117000000|  0%| F|  |TAMS 0x0000000116000000| PB 0x0000000116000000| Untracked |  0
| 119|0x0000000117000000, 0x0000000117000000, 0x0000000118000000|  0%| F|  |TAMS 0x0000000117000000| PB 0x0000000117000000| Untracked |  0
| 120|0x0000000118000000, 0x0000000118000000, 0x0000000119000000|  0%| F|  |TAMS 0x0000000118000000| PB 0x0000000118000000| Untracked |  0
| 121|0x0000000119000000, 0x0000000119000000, 0x000000011a000000|  0%| F|  |TAMS 0x0000000119000000| PB 0x0000000119000000| Untracked |  0
| 122|0x000000011a000000, 0x000000011a000000, 0x000000011b000000|  0%| F|  |TAMS 0x000000011a000000| PB 0x000000011a000000| Untracked |  0
| 123|0x000000011b000000, 0x000000011b000000, 0x000000011c000000|  0%| F|  |TAMS 0x000000011b000000| PB 0x000000011b000000| Untracked |  0
| 124|0x000000011c000000, 0x000000011c000000, 0x000000011d000000|  0%| F|  |TAMS 0x000000011c000000| PB 0x000000011c000000| Untracked |  0
| 125|0x000000011d000000, 0x000000011d1ec9d0, 0x000000011e000000| 12%| E|  |TAMS 0x000000011d000000| PB 0x000000011d000000| Complete |  0
| 126|0x000000011e000000, 0x000000011f000000, 0x000000011f000000|100%| E|CS|TAMS 0x000000011e000000| PB 0x000000011e000000| Complete |  0
| 127|0x000000011f000000, 0x0000000120000000, 0x0000000120000000|100%| E|CS|TAMS 0x000000011f000000| PB 0x000000011f000000| Complete |  0

Card table byte_map: [0x0000022e80000000,0x0000022e83b00000] _byte_map_base: 0x0000022e7fb00000

Marking Bits: (CMBitMap*) 0x0000022efb60d760
 Bits: [0x0000022e83b00000, 0x0000022ea1300000)

Polling page: 0x0000022ee07a0000

Metaspace:

Usage:
  Non-class:      7.61 MB used.
      Class:    718.43 KB used.
       Both:      8.32 MB used.

Virtual space:
  Non-class space:       64.00 MB reserved,       7.75 MB ( 12%) committed,  1 nodes.
      Class space:        1.00 GB reserved,     832.00 KB ( <1%) committed,  1 nodes.
             Both:        1.06 GB reserved,       8.56 MB ( <1%) committed. 

Chunk freelists:
   Non-Class:  6.53 MB
       Class:  15.20 MB
        Both:  21.73 MB

MaxMetaspaceSize: unlimited
CompressedClassSpaceSize: 1.00 GB
Initial GC threshold: 21.00 MB
Current GC threshold: 21.00 MB
CDS: on
 - commit_granule_bytes: 65536.
 - commit_granule_words: 8192.
 - virtual_space_node_default_size: 8388608.
 - enlarge_chunks_in_place: 1.
 - use_allocation_guard: 0.


Internal statistics:

num_allocs_failed_limit: 0.
num_arena_births: 128.
num_arena_deaths: 0.
num_vsnodes_births: 2.
num_vsnodes_deaths: 0.
num_space_committed: 136.
num_space_uncommitted: 0.
num_chunks_returned_to_freelist: 0.
num_chunks_taken_from_freelist: 365.
num_chunk_merges: 0.
num_chunk_splits: 271.
num_chunks_enlarged: 219.
num_inconsistent_stats: 0.

CodeHeap 'non-profiled nmethods': size=118912Kb used=259Kb max_used=259Kb free=118652Kb
 bounds [0x0000022ef2cc0000, 0x0000022ef2f30000, 0x0000022efa0e0000]
CodeHeap 'profiled nmethods': size=118848Kb used=1331Kb max_used=1331Kb free=117516Kb
 bounds [0x0000022eeb0e0000, 0x0000022eeb350000, 0x0000022ef24f0000]
CodeHeap 'non-nmethods': size=8000Kb used=4468Kb max_used=4468Kb free=3531Kb
 bounds [0x0000022ef24f0000, 0x0000022ef2960000, 0x0000022ef2cc0000]
CodeCache: size=245760Kb, used=6058Kb, max_used=6058Kb, free=239699Kb
 total_blobs=2254, nmethods=1046, adapters=1110, full_count=0
Compilation: enabled, stopped_count=0, restarted_count=0

Compilation events (20 events):
Event: 0.765 Thread 0x0000022f41308570 1036       3       java.lang.Integer::rotateRight (9 bytes)
Event: 0.765 Thread 0x0000022f41308570 nmethod 1036 0x0000022eeb229788 code [0x0000022eeb2298a0, 0x0000022eeb2299a0]
Event: 0.765 Thread 0x0000022f41308570 1038       3       java.util.ArrayList$Itr::checkForComodification (23 bytes)
Event: 0.765 Thread 0x0000022f41309800 1037       3       java.util.ArrayList$Itr::next (66 bytes)
Event: 0.765 Thread 0x0000022f41308570 nmethod 1038 0x0000022eeb229a88 code [0x0000022eeb229bc0, 0x0000022eeb229d88]
Event: 0.765 Thread 0x0000022f41162650 1039       4       java.lang.Integer::rotateRight (9 bytes)
Event: 0.765 Thread 0x0000022f41309800 nmethod 1037 0x0000022eeb229e08 code [0x0000022eeb229f80, 0x0000022eeb22a3a0]
Event: 0.765 Thread 0x0000022f41162650 nmethod 1039 0x0000022ef2d00688 code [0x0000022ef2d00780, 0x0000022ef2d007f0]
Event: 0.767 Thread 0x0000022f41309800 1041       3       java.util.concurrent.ConcurrentHashMap::values (25 bytes)
Event: 0.767 Thread 0x0000022f4123f410 1042       3       java.util.concurrent.ConcurrentHashMap$ValuesView::iterator (34 bytes)
Event: 0.767 Thread 0x0000022f41309140 1043       3       java.util.concurrent.ConcurrentHashMap$ValueIterator::<init> (12 bytes)
Event: 0.767 Thread 0x0000022f41309800 nmethod 1041 0x0000022eeb22a408 code [0x0000022eeb22a540, 0x0000022eeb22a8e0]
Event: 0.767 Thread 0x0000022f41309140 nmethod 1043 0x0000022eeb22a908 code [0x0000022eeb22aa20, 0x0000022eeb22ab58]
Event: 0.767 Thread 0x0000022f4123f410 nmethod 1042 0x0000022eeb22ac08 code [0x0000022eeb22ad40, 0x0000022eeb22af68]
Event: 0.768 Thread 0x0000022f41309140 1044       3       sun.security.provider.DigestBase::engineUpdate (176 bytes)
Event: 0.769 Thread 0x0000022f41309140 nmethod 1044 0x0000022eeb22af88 code [0x0000022eeb22b180, 0x0000022eeb22bd58]
Event: 0.770 Thread 0x0000022f41309140 1045       3       java.util.Objects::checkFromToIndex (8 bytes)
Event: 0.770 Thread 0x0000022f41309140 nmethod 1045 0x0000022eeb22be08 code [0x0000022eeb22bf40, 0x0000022eeb22c158]
Event: 1.004 Thread 0x0000022f41308570 1046       3       java.io.WinNTFileSystem::normalize (148 bytes)
Event: 1.005 Thread 0x0000022f41308570 nmethod 1046 0x0000022eeb22c188 code [0x0000022eeb22c3a0, 0x0000022eeb22ce48]

GC Heap History (0 events):
No events

Dll operation events (15 events):
Event: 0.007 Loaded shared library C:\Program Files\Java\jdk-23\bin\java.dll
Event: 0.033 Loaded shared library C:\Program Files\Java\jdk-23\bin\jsvml.dll
Event: 0.053 Loaded shared library C:\Program Files\Java\jdk-23\bin\zip.dll
Event: 0.055 Loaded shared library C:\Program Files\Java\jdk-23\bin\instrument.dll
Event: 0.058 Loaded shared library C:\Program Files\Java\jdk-23\bin\net.dll
Event: 0.060 Loaded shared library C:\Program Files\Java\jdk-23\bin\nio.dll
Event: 0.063 Loaded shared library C:\Program Files\Java\jdk-23\bin\zip.dll
Event: 0.070 Loaded shared library C:\Program Files\JetBrains\IntelliJ IDEA 2024.2.4\bin\breakgen64.dll
Event: 0.075 Loaded shared library C:\Program Files\Java\jdk-23\bin\extnet.dll
Event: 0.080 Loaded shared library C:\Program Files\Java\jdk-23\bin\jimage.dll
Event: 0.099 Loaded shared library C:\Users\htmlp\AppData\Local\Temp\libgdxVis-Australis\8d3b5089\gdx64.dll
Event: 0.119 Loaded shared library D:\Project 1159 - 11.59 - AOC3\Age of History 3\AOC3 Source\src\windows\x64\org\lwjgl\lwjgl.dll
Event: 0.437 Loaded shared library D:\Project 1159 - 11.59 - AOC3\Age of History 3\AOC3 Source\src\windows\x64\org\lwjgl\opengl\lwjgl_opengl.dll
Event: 0.768 Loaded shared library C:\Users\htmlp\AppData\Local\Temp\steamworks4j\1.9.0\steam_api64.dll
Event: 0.771 Loaded shared library C:\Users\htmlp\AppData\Local\Temp\steamworks4j\1.9.0\steamworks4j64.dll

Deoptimization events (20 events):
Event: 0.194 Thread 0x0000022ee04c2560 DEOPT PACKING pc=0x0000022ef2cde0c8 sp=0x000000e7011fe710
Event: 0.194 Thread 0x0000022ee04c2560 DEOPT UNPACKING pc=0x0000022ef2544402 sp=0x000000e7011fe6c8 mode 2
Event: 0.612 Thread 0x0000022ee04c2560 DEOPT PACKING pc=0x0000022eeb123871 sp=0x000000e7011fa5c0
Event: 0.612 Thread 0x0000022ee04c2560 DEOPT UNPACKING pc=0x0000022ef2544b22 sp=0x000000e7011f9a30 mode 0
Event: 0.744 Thread 0x0000022ee04c2560 Uncommon trap: trap_request=0xffffff45 fr.pc=0x0000022ef2cf5aa4 relative=0x0000000000000204
Event: 0.744 Thread 0x0000022ee04c2560 Uncommon trap: reason=unstable_if action=reinterpret pc=0x0000022ef2cf5aa4 method=java.lang.String.startsWith(Ljava/lang/String;I)Z @ 1 c2
Event: 0.744 Thread 0x0000022ee04c2560 DEOPT PACKING pc=0x0000022ef2cf5aa4 sp=0x000000e7011fd520
Event: 0.744 Thread 0x0000022ee04c2560 DEOPT UNPACKING pc=0x0000022ef2544402 sp=0x000000e7011fd4b0 mode 2
Event: 0.755 Thread 0x0000022ee04c2560 Uncommon trap: trap_request=0xffffff45 fr.pc=0x0000022ef2ccf7bc relative=0x000000000000099c
Event: 0.755 Thread 0x0000022ee04c2560 Uncommon trap: reason=unstable_if action=reinterpret pc=0x0000022ef2ccf7bc method=java.util.HashMap.putVal(ILjava/lang/Object;Ljava/lang/Object;ZZ)Ljava/lang/Object; @ 181 c2
Event: 0.755 Thread 0x0000022ee04c2560 DEOPT PACKING pc=0x0000022ef2ccf7bc sp=0x000000e7011fdf60
Event: 0.755 Thread 0x0000022ee04c2560 DEOPT UNPACKING pc=0x0000022ef2544402 sp=0x000000e7011fdf10 mode 2
Event: 0.759 Thread 0x0000022ee04c2560 Uncommon trap: trap_request=0xffffffc6 fr.pc=0x0000022ef2cf7d2c relative=0x000000000000052c
Event: 0.759 Thread 0x0000022ee04c2560 Uncommon trap: reason=bimorphic_or_optimized_type_check action=maybe_recompile pc=0x0000022ef2cf7d2c method=java.util.concurrent.ConcurrentHashMap.get(Ljava/lang/Object;)Ljava/lang/Object; @ 149 c2
Event: 0.759 Thread 0x0000022ee04c2560 DEOPT PACKING pc=0x0000022ef2cf7d2c sp=0x000000e7011fddf0
Event: 0.759 Thread 0x0000022ee04c2560 DEOPT UNPACKING pc=0x0000022ef2544402 sp=0x000000e7011fdd90 mode 2
Event: 0.762 Thread 0x0000022ee04c2560 Uncommon trap: trap_request=0xffffff45 fr.pc=0x0000022ef2cfa800 relative=0x0000000000000520
Event: 0.762 Thread 0x0000022ee04c2560 Uncommon trap: reason=unstable_if action=reinterpret pc=0x0000022ef2cfa800 method=java.io.WinNTFileSystem.normalize(Ljava/lang/String;)Ljava/lang/String; @ 133 c2
Event: 0.762 Thread 0x0000022ee04c2560 DEOPT PACKING pc=0x0000022ef2cfa800 sp=0x000000e7011fde40
Event: 0.762 Thread 0x0000022ee04c2560 DEOPT UNPACKING pc=0x0000022ef2544402 sp=0x000000e7011fdde8 mode 2

Classes loaded (20 events):
Event: 0.762 Loading class java/nio/file/DirectoryStream done
Event: 0.762 Loading class sun/nio/fs/WindowsDirectoryStream done
Event: 0.763 Loading class sun/nio/fs/WindowsDirectoryStream$WindowsDirectoryIterator
Event: 0.763 Loading class sun/nio/fs/WindowsDirectoryStream$WindowsDirectoryIterator done
Event: 0.763 Loading class sun/nio/fs/WindowsPath$WindowsPathWithAttributes
Event: 0.763 Loading class sun/nio/fs/BasicFileAttributesHolder
Event: 0.763 Loading class sun/nio/fs/BasicFileAttributesHolder done
Event: 0.763 Loading class sun/nio/fs/WindowsPath$WindowsPathWithAttributes done
Event: 0.765 Loading class sun/security/provider/AbstractDrbg$NonceProvider
Event: 0.765 Loading class sun/security/provider/AbstractDrbg$NonceProvider done
Event: 0.765 Loading class sun/security/provider/SHA2$SHA256
Event: 0.765 Loading class sun/security/provider/SHA2
Event: 0.765 Loading class sun/security/provider/SHA2 done
Event: 0.765 Loading class sun/security/provider/SHA2$SHA256 done
Event: 0.765 Loading class jdk/internal/util/HexDigits
Event: 0.765 Loading class jdk/internal/util/HexDigits done
Event: 0.765 Loading class jdk/internal/util/ByteArrayLittleEndian
Event: 0.765 Loading class jdk/internal/util/ByteArrayLittleEndian done
Event: 0.766 Loading class java/io/FileOutputStream$1
Event: 0.766 Loading class java/io/FileOutputStream$1 done

Classes unloaded (0 events):
No events

Classes redefined (0 events):
No events

Internal exceptions (20 events):
Event: 0.123 Thread 0x0000022ee04c2560 Exception <a 'java/lang/NoSuchMethodError'{0x000000011e2c6de8}: 'int java.lang.invoke.DirectMethodHandle$Holder.invokeStaticInit(java.lang.Object, java.lang.Object, int, long)'> (0x000000011e2c6de8) 
thrown [s\open\src\hotspot\share\interpreter\linkResolver.cpp, line 796]
Event: 0.124 Thread 0x0000022ee04c2560 Exception <a 'java/lang/NoSuchMethodError'{0x000000011e2cbf20}: 'java.lang.Object java.lang.invoke.DirectMethodHandle$Holder.newInvokeSpecial(java.lang.Object, java.lang.Object, int)'> (0x000000011e2cbf20) 
thrown [s\open\src\hotspot\share\interpreter\linkResolver.cpp, line 796]
Event: 0.125 Thread 0x0000022ee04c2560 Exception <a 'java/lang/NoSuchMethodError'{0x000000011e2d92b8}: 'int java.lang.invoke.DirectMethodHandle$Holder.invokeStaticInit(java.lang.Object, java.lang.Object, long, long)'> (0x000000011e2d92b8) 
thrown [s\open\src\hotspot\share\interpreter\linkResolver.cpp, line 796]
Event: 0.125 Thread 0x0000022ee04c2560 Exception <a 'java/lang/NoSuchMethodError'{0x000000011e2ded88}: 'java.lang.Object java.lang.invoke.DirectMethodHandle$Holder.newInvokeSpecial(java.lang.Object, java.lang.Object, long)'> (0x000000011e2ded88) 
thrown [s\open\src\hotspot\share\interpreter\linkResolver.cpp, line 796]
Event: 0.126 Thread 0x0000022ee04c2560 Exception <a 'java/lang/NoSuchMethodError'{0x000000011e2e2c48}: 'java.lang.Object java.lang.invoke.Invokers$Holder.linkToTargetMethod(java.lang.Object, long, java.lang.Object)'> (0x000000011e2e2c48) 
thrown [s\open\src\hotspot\share\interpreter\linkResolver.cpp, line 796]
Event: 0.126 Thread 0x0000022ee04c2560 Exception <a 'java/lang/NoSuchMethodError'{0x000000011e2e9ea0}: 'int java.lang.invoke.DirectMethodHandle$Holder.invokeStaticInit(java.lang.Object, java.lang.Object, java.lang.Object, long)'> (0x000000011e2e9ea0) 
thrown [s\open\src\hotspot\share\interpreter\linkResolver.cpp, line 796]
Event: 0.145 Thread 0x0000022ee04c2560 Exception <a 'java/lang/NoSuchMethodError'{0x000000011e3867e0}: 'int java.lang.invoke.Invokers$Holder.invokeExact_MT(java.lang.Object, java.lang.Object)'> (0x000000011e3867e0) 
thrown [s\open\src\hotspot\share\interpreter\linkResolver.cpp, line 796]
Event: 0.194 Thread 0x0000022ee04c2560 Exception <a 'java/lang/NoSuchMethodError'{0x000000011e438f48}: 'java.lang.Object java.lang.invoke.DirectMethodHandle$Holder.newInvokeSpecial(java.lang.Object, long)'> (0x000000011e438f48) 
thrown [s\open\src\hotspot\share\interpreter\linkResolver.cpp, line 796]
Event: 0.423 Thread 0x0000022ee04c2560 Exception <a 'java/lang/NoSuchMethodError'{0x000000011e500f50}: 'void java.lang.invoke.DirectMethodHandle$Holder.invokeStatic(java.lang.Object, long)'> (0x000000011e500f50) 
thrown [s\open\src\hotspot\share\interpreter\linkResolver.cpp, line 796]
Event: 0.435 Thread 0x0000022ee04c2560 Exception <a 'java/lang/NoSuchMethodError'{0x000000011e514158}: 'void java.lang.System.load(java.lang.String, java.lang.Class)'> (0x000000011e514158) 
thrown [s\open\src\hotspot\share\interpreter\linkResolver.cpp, line 796]
Event: 0.435 Thread 0x0000022ee04c2560 Exception <a 'java/lang/NoSuchMethodError'{0x000000011e516be8}: 'void java.lang.System.loadLibrary(java.lang.String, java.lang.Class)'> (0x000000011e516be8) 
thrown [s\open\src\hotspot\share\interpreter\linkResolver.cpp, line 796]
Event: 0.687 Thread 0x0000022ee04c2560 Exception <a 'java/lang/NoSuchMethodError'{0x000000011ec2dc38}: 'void java.lang.invoke.DelegatingMethodHandle$Holder.reinvoke_L(java.lang.Object, java.lang.Object, int)'> (0x000000011ec2dc38) 
thrown [s\open\src\hotspot\share\interpreter\linkResolver.cpp, line 796]
Event: 0.687 Thread 0x0000022ee04c2560 Exception <a 'java/lang/NoSuchMethodError'{0x000000011ec34568}: 'void java.lang.invoke.Invokers$Holder.invokeExact_MT(java.lang.Object, java.lang.Object, int, java.lang.Object)'> (0x000000011ec34568) 
thrown [s\open\src\hotspot\share\interpreter\linkResolver.cpp, line 796]
Event: 0.688 Thread 0x0000022ee04c2560 Exception <a 'java/lang/NoSuchMethodError'{0x000000011ec3d268}: 'float java.lang.invoke.DelegatingMethodHandle$Holder.reinvoke_L(java.lang.Object, java.lang.Object)'> (0x000000011ec3d268) 
thrown [s\open\src\hotspot\share\interpreter\linkResolver.cpp, line 796]
Event: 0.688 Thread 0x0000022ee04c2560 Exception <a 'java/lang/NoSuchMethodError'{0x000000011ec473a8}: 'void java.lang.invoke.DelegatingMethodHandle$Holder.reinvoke_L(java.lang.Object, java.lang.Object, float)'> (0x000000011ec473a8) 
thrown [s\open\src\hotspot\share\interpreter\linkResolver.cpp, line 796]
Event: 0.693 Thread 0x0000022ee04c2560 Exception <a 'java/lang/NoSuchMethodError'{0x000000011ec88f10}: 'void java.lang.invoke.Invokers$Holder.invokeExact_MT(java.lang.Object, java.lang.Object, java.lang.Object, java.lang.Object)'> (0x000000011ec88f10) 
thrown [s\open\src\hotspot\share\interpreter\linkResolver.cpp, line 796]
Event: 0.757 Thread 0x0000022ee04c2560 Exception <a 'java/lang/NoSuchMethodError'{0x000000011efc2098}: 'java.lang.Object java.lang.invoke.DirectMethodHandle$Holder.invokeStaticInit(java.lang.Object, int, int, int, int)'> (0x000000011efc2098) 
thrown [s\open\src\hotspot\share\interpreter\linkResolver.cpp, line 796]
Event: 0.764 Thread 0x0000022ee04c2560 Exception <a 'java/lang/NoSuchMethodError'{0x000000011efe0830}: 'java.lang.Object java.lang.invoke.DirectMethodHandle$Holder.invokeStaticInit(java.lang.Object, java.lang.Object, int, int, int, int)'> (0x000000011efe0830) 
thrown [s\open\src\hotspot\share\interpreter\linkResolver.cpp, line 796]
Event: 0.767 Thread 0x0000022ee04c2560 Exception <a 'java/io/FileNotFoundException'{0x000000011efeb290}> (0x000000011efeb290) 
thrown [s\open\src\hotspot\share\prims\jni.cpp, line 520]
Event: 0.770 Thread 0x0000022ee04c2560 Exception <a 'java/io/FileNotFoundException'{0x000000011efed500}> (0x000000011efed500) 
thrown [s\open\src\hotspot\share\prims\jni.cpp, line 520]

VM Operations (2 events):
Event: 0.046 Executing VM operation: HandshakeAllThreads (Deoptimize)
Event: 0.046 Executing VM operation: HandshakeAllThreads (Deoptimize) done

Memory protections (0 events):
No events

Nmethod flushes (0 events):
No events

Events (20 events):
Event: 0.031 Thread 0x0000022ee04c2560 Thread added: 0x0000022f411551c0
Event: 0.031 Thread 0x0000022ee04c2560 Thread added: 0x0000022f41157380
Event: 0.031 Thread 0x0000022ee04c2560 Thread added: 0x0000022f41158060
Event: 0.031 Thread 0x0000022ee04c2560 Thread added: 0x0000022f41158ac0
Event: 0.032 Thread 0x0000022ee04c2560 Thread added: 0x0000022f4115a660
Event: 0.032 Thread 0x0000022ee04c2560 Thread added: 0x0000022f41162650
Event: 0.032 Thread 0x0000022ee04c2560 Thread added: 0x0000022f41163380
Event: 0.034 Thread 0x0000022f41163380 Thread added: 0x0000022f4123f410
Event: 0.043 Thread 0x0000022ee04c2560 Thread added: 0x0000022f412faac0
Event: 0.047 Thread 0x0000022f4123f410 Thread added: 0x0000022f41308570
Event: 0.047 Thread 0x0000022f4123f410 Thread added: 0x0000022f41309140
Event: 0.047 Thread 0x0000022f41163380 Thread added: 0x0000022f41309800
Event: 0.049 Thread 0x0000022f41308570 Thread added: 0x0000022f41312090
Event: 0.049 Thread 0x0000022f41309140 Thread added: 0x0000022f41314f70
Event: 0.071 Thread 0x0000022ee04c2560 Thread added: 0x0000022f4140e4d0
Event: 0.071 Thread 0x0000022ee04c2560 Thread added: 0x0000022f4140efc0
Event: 0.083 Thread 0x0000022ee04c2560 Thread added: 0x0000022f413b8f80
Event: 0.200 Thread 0x0000022ee04c2560 Thread added: 0x0000022f47b56490
Event: 0.419 Thread 0x0000022f41314f70 Thread exited: 0x0000022f41314f70
Event: 0.419 Thread 0x0000022f41312090 Thread exited: 0x0000022f41312090


Dynamic libraries:
0x00007ff6935d0000 - 0x00007ff6935e0000 	C:\Program Files\Java\jdk-23\bin\java.exe
0x00007ff878e30000 - 0x00007ff879047000 	C:\Windows\SYSTEM32\ntdll.dll
0x00007ff8779b0000 - 0x00007ff877a74000 	C:\Windows\System32\KERNEL32.DLL
0x00007ff8765c0000 - 0x00007ff876977000 	C:\Windows\System32\KERNELBASE.dll
0x00007ff876300000 - 0x00007ff876411000 	C:\Windows\System32\ucrtbase.dll
0x00007ff865280000 - 0x00007ff865297000 	C:\Program Files\Java\jdk-23\bin\jli.dll
0x00007ff860240000 - 0x00007ff86025b000 	C:\Program Files\Java\jdk-23\bin\VCRUNTIME140.dll
0x00007ff877280000 - 0x00007ff87742f000 	C:\Windows\System32\USER32.dll
0x00007ff876230000 - 0x00007ff876256000 	C:\Windows\System32\win32u.dll
0x00007ff876bc0000 - 0x00007ff876be9000 	C:\Windows\System32\GDI32.dll
0x00007ff876420000 - 0x00007ff876538000 	C:\Windows\System32\gdi32full.dll
0x00007ff861410000 - 0x00007ff8616a3000 	C:\Windows\WinSxS\amd64_microsoft.windows.common-controls_6595b64144ccf1df_6.0.22621.3672_none_2713b9d173822955\COMCTL32.dll
0x00007ff876260000 - 0x00007ff8762fa000 	C:\Windows\System32\msvcp_win.dll
0x00007ff8771d0000 - 0x00007ff877277000 	C:\Windows\System32\msvcrt.dll
0x00007ff876bf0000 - 0x00007ff876c21000 	C:\Windows\System32\IMM32.DLL
0x00007ff86cd10000 - 0x00007ff86cd1c000 	C:\Program Files\Java\jdk-23\bin\vcruntime140_1.dll
0x00007ff860130000 - 0x00007ff8601be000 	C:\Program Files\Java\jdk-23\bin\msvcp140.dll
0x00007ffff5260000 - 0x00007ffff5faf000 	C:\Program Files\Java\jdk-23\bin\server\jvm.dll
0x00007ff877090000 - 0x00007ff877142000 	C:\Windows\System32\ADVAPI32.dll
0x00007ff876c30000 - 0x00007ff876cd8000 	C:\Windows\System32\sechost.dll
0x00007ff876140000 - 0x00007ff876168000 	C:\Windows\System32\bcrypt.dll
0x00007ff8789c0000 - 0x00007ff878ad4000 	C:\Windows\System32\RPCRT4.dll
0x00007ff877150000 - 0x00007ff8771c1000 	C:\Windows\System32\WS2_32.dll
0x00007ff8756c0000 - 0x00007ff87570d000 	C:\Windows\SYSTEM32\POWRPROF.dll
0x00007ff870180000 - 0x00007ff87018a000 	C:\Windows\SYSTEM32\VERSION.dll
0x00007ff870d80000 - 0x00007ff870db4000 	C:\Windows\SYSTEM32\WINMM.dll
0x00007ff8756a0000 - 0x00007ff8756b3000 	C:\Windows\SYSTEM32\UMPDC.dll
0x00007ff8750f0000 - 0x00007ff875108000 	C:\Windows\SYSTEM32\kernel.appcore.dll
0x00007ff865270000 - 0x00007ff86527a000 	C:\Program Files\Java\jdk-23\bin\jimage.dll
0x00007ff86e0b0000 - 0x00007ff86e2e2000 	C:\Windows\SYSTEM32\DBGHELP.DLL
0x00007ff876d00000 - 0x00007ff87708e000 	C:\Windows\System32\combase.dll
0x00007ff878cb0000 - 0x00007ff878d87000 	C:\Windows\System32\OLEAUT32.dll
0x00007ff86dab0000 - 0x00007ff86dae2000 	C:\Windows\SYSTEM32\dbgcore.DLL
0x00007ff876540000 - 0x00007ff8765bb000 	C:\Windows\System32\bcryptPrimitives.dll
0x00007ff85eb80000 - 0x00007ff85eb8f000 	C:\Program Files\Java\jdk-23\bin\instrument.dll
0x00007ff860030000 - 0x00007ff86004e000 	C:\Program Files\Java\jdk-23\bin\java.dll
0x00007ff878810000 - 0x00007ff8789b5000 	C:\Windows\System32\ole32.dll
0x00007ff877a90000 - 0x00007ff8782f9000 	C:\Windows\System32\SHELL32.dll
0x00007ff874060000 - 0x00007ff87495f000 	C:\Windows\SYSTEM32\windows.storage.dll
0x00007ff873f20000 - 0x00007ff87405f000 	C:\Windows\SYSTEM32\wintypes.dll
0x00007ff8778b0000 - 0x00007ff8779a9000 	C:\Windows\System32\SHCORE.dll
0x00007ff876b60000 - 0x00007ff876bbe000 	C:\Windows\System32\shlwapi.dll
0x00007ff876070000 - 0x00007ff876097000 	C:\Windows\SYSTEM32\profapi.dll
0x00007ff85fb70000 - 0x00007ff85fc47000 	C:\Program Files\Java\jdk-23\bin\jsvml.dll
0x00007ff85fff0000 - 0x00007ff860007000 	C:\Program Files\Java\jdk-23\bin\zip.dll
0x00007ff860c30000 - 0x00007ff860c40000 	C:\Program Files\Java\jdk-23\bin\net.dll
0x00007ff875630000 - 0x00007ff875699000 	C:\Windows\system32\mswsock.dll
0x00007ff860010000 - 0x00007ff860026000 	C:\Program Files\Java\jdk-23\bin\nio.dll
0x00007ff84a230000 - 0x00007ff84a24a000 	C:\Program Files\JetBrains\IntelliJ IDEA 2024.2.4\bin\breakgen64.dll
0x00007ff85fa90000 - 0x00007ff85fa99000 	C:\Program Files\Java\jdk-23\bin\extnet.dll
0x000000006e700000 - 0x000000006e72d000 	C:\Users\htmlp\AppData\Local\Temp\libgdxVis-Australis\8d3b5089\gdx64.dll
0x00007ff848930000 - 0x00007ff8489ab000 	D:\Project 1159 - 11.59 - AOC3\Age of History 3\AOC3 Source\src\windows\x64\org\lwjgl\lwjgl.dll
0x00007ff830100000 - 0x00007ff830371000 	D:\Project 1159 - 11.59 - AOC3\Age of History 3\AOC3 Source\src\windows\x64\org\lwjgl\jemalloc\jemalloc.dll
0x00007ff8488a0000 - 0x00007ff848925000 	D:\Project 1159 - 11.59 - AOC3\Age of History 3\AOC3 Source\src\windows\x64\org\lwjgl\glfw\glfw.dll
0x00007ff84a1c0000 - 0x00007ff84a206000 	C:\Windows\SYSTEM32\dinput8.dll
0x00007ff84a210000 - 0x00007ff84a221000 	C:\Windows\SYSTEM32\xinput1_4.dll
0x00007ff875e30000 - 0x00007ff875e7e000 	C:\Windows\SYSTEM32\cfgmgr32.dll
0x00007ff875e00000 - 0x00007ff875e2c000 	C:\Windows\SYSTEM32\DEVOBJ.dll
0x00007ff873a90000 - 0x00007ff873abb000 	C:\Windows\SYSTEM32\dwmapi.dll
0x00007ff852a20000 - 0x00007ff852c33000 	C:\Windows\SYSTEM32\inputhost.dll
0x00007ff871520000 - 0x00007ff871653000 	C:\Windows\SYSTEM32\CoreMessaging.dll
0x00007ff873660000 - 0x00007ff873711000 	C:\Windows\system32\uxtheme.dll
0x00007ff8758a0000 - 0x00007ff8758ac000 	C:\Windows\SYSTEM32\CRYPTBASE.DLL
0x00007ff847c10000 - 0x00007ff847d2f000 	C:\Program Files (x86)\Stardock\Groupy2\groupy_64.dll
0x00007ff878b40000 - 0x00007ff878ca0000 	C:\Windows\System32\MSCTF.dll
0x00007ff832a40000 - 0x00007ff832c1d000 	D:\Project 1159 - 11.59 - AOC3\Age of History 3\AOC3 Source\src\windows\x64\org\lwjgl\openal\OpenAL.dll
0x00007ff877450000 - 0x00007ff877500000 	C:\Windows\System32\clbcatq.dll
0x00007ff86d710000 - 0x00007ff86d7ae000 	C:\Windows\System32\MMDevApi.dll
0x00007ff8632f0000 - 0x00007ff8634dd000 	C:\Windows\SYSTEM32\AUDIOSES.DLL
0x00007ff873b10000 - 0x00007ff873b25000 	C:\Windows\SYSTEM32\resourcepolicyclient.dll
0x00007ff8169e0000 - 0x00007ff816ae0000 	C:\Windows\SYSTEM32\opengl32.dll
0x00007ff817660000 - 0x00007ff81768d000 	C:\Windows\SYSTEM32\GLU32.dll
0x00007ff873760000 - 0x00007ff873797000 	C:\Windows\SYSTEM32\dxcore.dll
0x00007ff86f460000 - 0x00007ff86f5a4000 	C:\Windows\System32\AppXDeploymentClient.dll
0x00007ff85f2f0000 - 0x00007ff85f3f0000 	C:\Windows\System32\Windows.ApplicationModel.dll
0x00007ff872e20000 - 0x00007ff872f21000 	C:\Windows\system32\propsys.dll
0x00007ff85df50000 - 0x00007ff85df76000 	C:\Windows\system32\mssprxy.dll
0x00007ff85d4a0000 - 0x00007ff85d4e9000 	C:\Windows\SYSTEM32\directxdatabasehelper.dll
0x00007ff80ec80000 - 0x00007ff811924000 	C:\Windows\System32\DriverStore\FileRepository\nvmd.inf_amd64_c2a62f78d94aaf84\nvoglv64.dll
0x00007ff878390000 - 0x00007ff878804000 	C:\Windows\System32\SETUPAPI.dll
0x00007ff874f10000 - 0x00007ff874f24000 	C:\Windows\SYSTEM32\WTSAPI32.dll
0x00007ff875de0000 - 0x00007ff875df2000 	C:\Windows\SYSTEM32\msasn1.dll
0x00007ff86eb70000 - 0x00007ff86eba2000 	C:\Windows\SYSTEM32\cryptnet.dll
0x00007ff8769f0000 - 0x00007ff876b56000 	C:\Windows\System32\CRYPT32.dll
0x00007ff86e9c0000 - 0x00007ff86eb22000 	C:\Windows\SYSTEM32\drvstore.dll
0x00007ff875960000 - 0x00007ff8759a9000 	C:\Windows\SYSTEM32\wldp.dll
0x00007ff876980000 - 0x00007ff8769ec000 	C:\Windows\System32\WINTRUST.dll
0x00007ff875260000 - 0x00007ff875294000 	C:\Windows\SYSTEM32\ntmarta.dll
0x00007ff877890000 - 0x00007ff8778af000 	C:\Windows\System32\imagehlp.dll
0x00007ff875940000 - 0x00007ff87595b000 	C:\Windows\SYSTEM32\CRYPTSP.dll
0x00007ff8750b0000 - 0x00007ff8750e5000 	C:\Windows\system32\rsaenh.dll
0x00007ff858770000 - 0x00007ff85a98e000 	C:\Windows\System32\DriverStore\FileRepository\nvmd.inf_amd64_c2a62f78d94aaf84\nvgpucomp64.dll
0x00007ffffcc50000 - 0x00007ffffcf21000 	C:\Windows\system32\nvspcap64.dll
0x00007ff8752a0000 - 0x00007ff875306000 	C:\Windows\SYSTEM32\WINSTA.dll
0x00007ff853b80000 - 0x00007ff853cc3000 	C:\Windows\SYSTEM32\textinputframework.dll
0x00007ff85ce90000 - 0x00007ff85d1fd000 	C:\Windows\SYSTEM32\CoreUIComponents.dll
0x00007ff85ab00000 - 0x00007ff85abbd000 	C:\Windows\SYSTEM32\mscms.dll
0x00007ff84f020000 - 0x00007ff84f06a000 	C:\Windows\SYSTEM32\icm32.dll
0x00007ff83aca0000 - 0x00007ff83ad01000 	D:\Project 1159 - 11.59 - AOC3\Age of History 3\AOC3 Source\src\windows\x64\org\lwjgl\opengl\lwjgl_opengl.dll
0x00007ff875740000 - 0x00007ff875768000 	C:\Windows\SYSTEM32\USERENV.dll
0x00007ff874bc0000 - 0x00007ff874bed000 	C:\Windows\SYSTEM32\IPHLPAPI.DLL
0x00007ff878ca0000 - 0x00007ff878ca9000 	C:\Windows\System32\NSI.dll
0x00007ff845710000 - 0x00007ff84575c000 	C:\Users\htmlp\AppData\Local\Temp\steamworks4j\1.9.0\steam_api64.dll
0x00007ff83ddf0000 - 0x00007ff83de3c000 	C:\Users\htmlp\AppData\Local\Temp\steamworks4j\1.9.0\steamworks4j64.dll
0x00007ff876cf0000 - 0x00007ff876cf8000 	C:\Windows\System32\PSAPI.DLL
0x00007ff85f0b0000 - 0x00007ff85f0d8000 	C:\Windows\SYSTEM32\edputil.dll
0x00007ff85f560000 - 0x00007ff85f64b000 	C:\Windows\System32\Windows.StateRepositoryPS.dll
0x00007ff865a40000 - 0x00007ff865c30000 	C:\Windows\SYSTEM32\urlmon.dll
0x00007ff8653c0000 - 0x00007ff86567e000 	C:\Windows\SYSTEM32\iertutil.dll
0x00007ff8657d0000 - 0x00007ff8657f8000 	C:\Windows\SYSTEM32\srvcli.dll
0x00007ff874bb0000 - 0x00007ff874bbc000 	C:\Windows\SYSTEM32\netutils.dll
0x00007ff875420000 - 0x00007ff875463000 	C:\Windows\SYSTEM32\SspiCli.dll
0x00007ff81d5d0000 - 0x00007ff81d5e6000 	C:\Windows\SYSTEM32\virtdisk.dll
0x00007ff848e90000 - 0x00007ff848ead000 	C:\Windows\System32\smartscreenps.dll
0x00007ff83e360000 - 0x00007ff83e3dd000 	C:\Windows\SYSTEM32\shdocvw.dll
0x00007ff845d80000 - 0x00007ff845e2c000 	C:\Windows\System32\appresolver.dll
0x00007ff85d6e0000 - 0x00007ff85d740000 	C:\Windows\System32\Bcp47Langs.dll
0x00007ff864b50000 - 0x00007ff86517c000 	C:\Windows\System32\OneCoreUAPCommonProxyStub.dll

dbghelp: loaded successfully - version: 4.0.5 - missing functions: none
symbol engine: initialized successfully - sym options: 0x614 - pdb path: .;C:\Program Files\Java\jdk-23\bin;C:\Windows\SYSTEM32;C:\Windows\WinSxS\amd64_microsoft.windows.common-controls_6595b64144ccf1df_6.0.22621.3672_none_2713b9d173822955;C:\Program Files\Java\jdk-23\bin\server;C:\Program Files\JetBrains\IntelliJ IDEA 2024.2.4\bin;C:\Users\htmlp\AppData\Local\Temp\libgdxVis-Australis\8d3b5089;D:\Project 1159 - 11.59 - AOC3\Age of History 3\AOC3 Source\src\windows\x64\org\lwjgl;D:\Project 1159 - 11.59 - AOC3\Age of History 3\AOC3 Source\src\windows\x64\org\lwjgl\jemalloc;D:\Project 1159 - 11.59 - AOC3\Age of History 3\AOC3 Source\src\windows\x64\org\lwjgl\glfw;C:\Program Files (x86)\Stardock\Groupy2;D:\Project 1159 - 11.59 - AOC3\Age of History 3\AOC3 Source\src\windows\x64\org\lwjgl\openal;C:\Windows\System32\DriverStore\FileRepository\nvmd.inf_amd64_c2a62f78d94aaf84;D:\Project 1159 - 11.59 - AOC3\Age of History 3\AOC3 Source\src\windows\x64\org\lwjgl\opengl;C:\Users\htmlp\AppData\Local\Temp\steamworks4j\1.9.0

VM Arguments:
jvm_args: -Djava.library.path=D:\Project 1159 - 11.59 - AOC3\Age of History 3\AOC3 Source\src -javaagent:C:\Program Files\JetBrains\IntelliJ IDEA 2024.2.4\lib\idea_rt.jar=62996:C:\Program Files\JetBrains\IntelliJ IDEA 2024.2.4\bin -Dfile.encoding=UTF-8 -Dsun.stdout.encoding=UTF-8 -Dsun.stderr.encoding=UTF-8 
java_command: aoc.kingdoms.lukasz.jakowski.desktop.DesktopLauncher
java_class_path (initial): D:\Project 1159 - 11.59 - AOC3\Age of History 3\AOC3 Source\target\classes;D:\Project 1159 - 11.59 - AOC3\Age of History 3\AOC3 Source\src
Launcher Type: SUN_STANDARD

[Global flags]
     intx CICompilerCount                          = 15                                        {product} {ergonomic}
     uint ConcGCThreads                            = 6                                         {product} {ergonomic}
     uint G1ConcRefinementThreads                  = 23                                        {product} {ergonomic}
   size_t G1HeapRegionSize                         = 16777216                                  {product} {ergonomic}
   size_t InitialHeapSize                          = 2147483648                                {product} {ergonomic}
   size_t MarkStackSize                            = 4194304                                   {product} {ergonomic}
   size_t MarkStackSizeMax                         = 536870912                                 {product} {ergonomic}
   size_t MaxHeapSize                              = 31675383808                               {product} {ergonomic}
   size_t MaxNewSize                               = 18991808512                               {product} {ergonomic}
   size_t MinHeapDeltaBytes                        = 16777216                                  {product} {ergonomic}
   size_t MinHeapSize                              = 16777216                                  {product} {ergonomic}
    uintx NonNMethodCodeHeapSize                   = 8192000                                {pd product} {ergonomic}
    uintx NonProfiledCodeHeapSize                  = 121765888                              {pd product} {ergonomic}
    uintx ProfiledCodeHeapSize                     = 121700352                              {pd product} {ergonomic}
    uintx ReservedCodeCacheSize                    = 251658240                              {pd product} {ergonomic}
     bool SegmentedCodeCache                       = true                                      {product} {ergonomic}
   size_t SoftMaxHeapSize                          = 31675383808                            {manageable} {ergonomic}
     bool UseCompressedOops                        = true                           {product lp64_product} {ergonomic}
     bool UseG1GC                                  = true                                      {product} {ergonomic}
     bool UseLargePagesIndividualAllocation        = false                                  {pd product} {ergonomic}

Logging:
Log output configuration:
 #0: stdout all=warning uptime,level,tags foldmultilines=false
 #1: stderr all=off uptime,level,tags foldmultilines=false

Environment Variables:
PATH=C:\Program Files\ImageMagick-7.1.1-Q16-HDRI;C:\Program Files\Common Files\Oracle\Java\javapath;C:\Windows\system32;C:\Windows;C:\Windows\System32\Wbem;C:\Windows\System32\WindowsPowerShell\v1.0\;C:\Windows\System32\OpenSSH\;C:\Program Files (x86)\NVIDIA Corporation\PhysX\Common;C:\Program Files\NVIDIA Corporation\NVIDIA NvDLISR;C:\Program Files\Git\cmd;%NVM_HOME%;%NVM_SYMLINK%;C:\Users\htmlp\AppData\Local\Programs\Python\Python313\Scripts\;C:\Users\htmlp\AppData\Local\Programs\Python\Python313\;C:\Users\htmlp\AppData\Local\Microsoft\WindowsApps;C:\Users\htmlp\AppData\Roaming\npm;C:\Users\htmlp\AppData\Local\atom\bin;C:\Users\htmlp\AppData\Local\GitHubDesktop\bin;C:\Users\htmlp\AppData\Roaming\nvm;C:\Program Files\nodejs;C:\Program Files\JetBrains\IntelliJ IDEA 2024.2.3\bin;
USERNAME=Vis-Australis
OS=Windows_NT
PROCESSOR_IDENTIFIER=Intel64 Family 6 Model 183 Stepping 1, GenuineIntel
TMP=C:\Users\htmlp\AppData\Local\Temp
TEMP=C:\Users\htmlp\AppData\Local\Temp




Periodic native trim disabled

---------------  S Y S T E M  ---------------

OS:
 Windows 11 , 64 bit Build 22621 (10.0.22621.3958)
OS uptime: 14 days 19:17 hours
Hyper-V role detected

CPU: total 32 (initial active 32) (16 cores per cpu, 2 threads per core) family 6 model 183 stepping 1 microcode 0x120, cx8, cmov, fxsr, ht, mmx, 3dnowpref, sse, sse2, sse3, ssse3, sse4.1, sse4.2, popcnt, lzcnt, tsc, tscinvbit, avx, avx2, aes, erms, clmul, bmi1, bmi2, adx, sha, fma, vzeroupper, clflush, clflushopt, clwb, hv, serialize, rdtscp, rdpid, fsrm, gfni, f16c, cet_ibt, cet_ss
Processor Information for the first 32 processors :
  Max Mhz: 2000, Current Mhz: 2000, Mhz Limit: 2000

Memory: 4k page, system-wide physical 130904M (73916M free)
TotalPageFile size 261976M (AvailPageFile size 174858M)
current process WorkingSet (physical memory assigned to process): 155M, peak: 161M
current process commit charge ("private bytes"): 2460M, peak: 2472M

vm_info: Java HotSpot(TM) 64-Bit Server VM (23+37-2369) for windows-amd64 JRE (23+37-2369), built on 2024-08-20T16:01:23Z with MS VC++ 17.6 (VS2022)

END.
