#
# A fatal error has been detected by the Java Runtime Environment:
#
#  EXCEPTION_ACCESS_VIOLATION (0xc0000005) at pc=0x00007ff90e13e104, pid=30344, tid=32904
#
# JRE version: Java(TM) SE Runtime Environment (23.0+37) (build 23+37-2369)
# Java VM: Java HotSpot(TM) 64-Bit Server VM (23+37-2369, mixed mode, sharing, tiered, compressed oops, compressed class ptrs, g1 gc, windows-amd64)
# Problematic frame:
# C  [steamworks4j64.dll+0xe104]
#
# No core dump will be written. Minidumps are not enabled by default on client versions of Windows
#
# If you would like to submit a bug report, please visit:
#   https://bugreport.java.com/bugreport/crash.jsp
# The crash happened outside the Java Virtual Machine in native code.
# See problematic frame for where to report the bug.
#

---------------  S U M M A R Y ------------

Command Line: -Djava.library.path=D:\Project 1159 - 11.59 - AOC3\Age of History 3\AOC3 Source\src -javaagent:C:\Program Files\JetBrains\IntelliJ IDEA 2024.2.4\lib\idea_rt.jar=58884:C:\Program Files\JetBrains\IntelliJ IDEA 2024.2.4\bin -Dfile.encoding=UTF-8 -Dsun.stdout.encoding=UTF-8 -Dsun.stderr.encoding=UTF-8 aoc.kingdoms.lukasz.jakowski.desktop.DesktopLauncher

Host: Intel(R) Core(TM) i9-14900F, 32 cores, 127G,  Windows 11 , 64 bit Build 22621 (10.0.22621.4391)
Time: Wed Nov  6 08:28:31 2024 Mitteleuropäische Zeit elapsed time: 1.239386 seconds (0d 0h 0m 1s)

---------------  T H R E A D  ---------------

Current thread (0x000001ff291a9fe0):  JavaThread "main"             [_thread_in_native, id=32904, stack(0x000000a28c300000,0x000000a28c400000) (1024K)]

Stack: [0x000000a28c300000,0x000000a28c400000],  sp=0x000000a28c3fee30,  free space=1019k
Native frames: (J=compiled Java code, j=interpreted, Vv=VM code, C=native code)
C  [steamworks4j64.dll+0xe104]  (no source info available)
C  0x000001ff3b1fd207  (no source info available)

The last pc belongs to native method entry point (kind = native) (printed below).
Java frames: (J=compiled Java code, j=interpreted, Vv=VM code)
j  com.codedisaster.steamworks.SteamUGCNative.getNumSubscribedItems()I+0
j  com.codedisaster.steamworks.SteamUGC.getNumSubscribedItems()I+0
j  aoc.kingdoms.lukasz.jakowski.Steam.SteamManager.loadSubscribedItems()V+15
j  aoc.kingdoms.lukasz.jakowski.AA_Game.create()V+71
j  com.badlogic.gdx.backends.lwjgl3.Lwjgl3Window.initializeListener()V+11
j  com.badlogic.gdx.backends.lwjgl3.Lwjgl3Window.update()Z+8
j  com.badlogic.gdx.backends.lwjgl3.Lwjgl3Application.loop()V+120
j  com.badlogic.gdx.backends.lwjgl3.Lwjgl3Application.<init>(Lcom/badlogic/gdx/ApplicationListener;Lcom/badlogic/gdx/backends/lwjgl3/Lwjgl3ApplicationConfiguration;)V+269
j  aoc.kingdoms.lukasz.jakowski.desktop.DesktopLauncher.main([Ljava/lang/String;)V+365
v  ~StubRoutines::call_stub 0x000001ff3b1f0fcd

siginfo: EXCEPTION_ACCESS_VIOLATION (0xc0000005), reading address 0x0000000000000000


Registers:
RAX=0x00007ff90e16f130, RBX=0x000001ffae9807e8, RCX=0x0000000000000000, RDX=0x0000000000000000
RSP=0x000000a28c3fee30, RBP=0x000000a28c3feed0, RSI=0x000000000000000c, RDI=0x000001ff3b1f87f6
R8 =0x000000a28c3fe508, R9 =0x0000000000000000, R10=0x0000000000000000, R11=0x000000a28c3fe970
R12=0x0000000000000000, R13=0x000001ffae9807e8, R14=0x000000a28c3feee8, R15=0x000001ff291a9fe0
RIP=0x00007ff90e13e104, EFLAGS=0x0000000000010202


Register to memory mapping:

RAX=0x00007ff90e16f130 steamworks4j64.dll
RBX={method} {0x000001ffae9807f0} 'getNumSubscribedItems' '()I' in 'com/codedisaster/steamworks/SteamUGCNative'
RCX=0x0 is null
RDX=0x0 is null
RSP=0x000000a28c3fee30 is pointing into the stack for thread: 0x000001ff291a9fe0
RBP=0x000000a28c3feed0 is pointing into the stack for thread: 0x000001ff291a9fe0
RSI=0x000000000000000c is an unknown value
RDI=0x000001ff3b1f87f6 is at code_begin+1526 in an Interpreter codelet
return entry points  [0x000001ff3b1f8200, 0x000001ff3b1f8e90]  3216 bytes
R8 =0x000000a28c3fe508 is pointing into the stack for thread: 0x000001ff291a9fe0
R9 =0x0 is null
R10=0x0 is null
R11=0x000000a28c3fe970 is pointing into the stack for thread: 0x000001ff291a9fe0
R12=0x0 is null
R13={method} {0x000001ffae9807f0} 'getNumSubscribedItems' '()I' in 'com/codedisaster/steamworks/SteamUGCNative'
R14=0x000000a28c3feee8 is pointing into the stack for thread: 0x000001ff291a9fe0
R15=0x000001ff291a9fe0 is a thread

Top of Stack: (sp=0x000000a28c3fee30)
0x000000a28c3fee30:   000001ffae9807e8 000001ffae9807e8
0x000000a28c3fee40:   000001ffae9807e8 000000a28c3feee8
0x000000a28c3fee50:   000001ff3b1f87f6 000001ff3b1fd207
0x000000a28c3fee60:   000001ffae9807e8 000000000000000c
0x000000a28c3fee70:   000001ffae97bcb8 000001ff291a9fe0
0x000000a28c3fee80:   000001ff3b1fce9b fffffffffffffff7
0x000000a28c3fee90:   000001ffae9807e8 0000000000000003
0x000000a28c3feea0:   000001ffae980f80 0000000000000000
0x000000a28c3feeb0:   000000011d1857a8 000001ffae9807e8
0x000000a28c3feec0:   0000000000000000 000000a28c3feef0
0x000000a28c3feed0:   000000a28c3fef38 000001ff3b1f8848
0x000000a28c3feee0:   000000011d1857a8 000001ff3b1fa5d5
0x000000a28c3feef0:   fffffffffffffff7 000001ffae97bca0
0x000000a28c3fef00:   0000000000000002 000001ffae97c8b8
0x000000a28c3fef10:   0000000000000000 000000011d17fe20
0x000000a28c3fef20:   000001ffae97bcb8 fffffffffffffff7
0x000000a28c3fef30:   000000a28c3fef48 000000a28c3fef98
0x000000a28c3fef40:   000001ff3b1f8848 000000011d17ff50
0x000000a28c3fef50:   fffffffffffffff7 000001ffae807a47
0x000000a28c3fef60:   0000000000000006 000001ffae80c810
0x000000a28c3fef70:   0000000000000000 000000011ecc5bd0
0x000000a28c3fef80:   000001ffae8091b8 fffffffffffffff6
0x000000a28c3fef90:   000000a28c3fefd0 000000a28c3ff018
0x000000a28c3fefa0:   000001ff3b1f8700 0000000000000000
0x000000a28c3fefb0:   0000000000000000 0000000000000000
0x000000a28c3fefc0:   0000000000000000 0000000000000000
0x000000a28c3fefd0:   fffffffffffffff7 000001ffae497d77
0x000000a28c3fefe0:   0000000000000003 000001ffae49bbf0
0x000000a28c3feff0:   0000000000000000 000000011e3e2e10
0x000000a28c3ff000:   000001ffae499610 fffffffffffffff7
0x000000a28c3ff010:   000000a28c3ff030 000000a28c3ff080
0x000000a28c3ff020:   000001ff3b1f8c06 0000000000000000 

Instructions: (pc=0x00007ff90e13e104)
0x00007ff90e13e004:   00 00 b0 01 eb 02 32 c0 48 8b 8c 24 40 04 00 00
0x00007ff90e13e014:   48 33 cc e8 54 3d 00 00 48 81 c4 50 04 00 00 5e
0x00007ff90e13e024:   5d 5b c3 cc cc cc cc cc cc cc cc cc 40 53 48 83
0x00007ff90e13e034:   ec 20 48 8d 0d e3 10 03 00 49 8b d8 ff 15 3a 72
0x00007ff90e13e044:   01 00 48 8b d3 48 8b 08 48 8b 01 48 83 c4 20 5b
0x00007ff90e13e054:   48 ff a0 28 02 00 00 cc cc cc cc cc 48 89 5c 24
0x00007ff90e13e064:   08 48 89 6c 24 10 48 89 74 24 18 57 48 83 ec 20
0x00007ff90e13e074:   48 8b 01 49 8b d8 45 33 c0 49 8b d1 49 8b e9 48
0x00007ff90e13e084:   8b f1 ff 90 f0 06 00 00 48 8d 0d 8d 10 03 00 48
0x00007ff90e13e094:   8b f8 ff 15 e4 71 01 00 4c 8d 4f 08 4c 8b c7 48
0x00007ff90e13e0a4:   8b d3 48 8b 08 4c 8b 11 41 ff 92 e0 01 00 00 4c
0x00007ff90e13e0b4:   8b 16 45 33 c9 4c 8b c7 48 8b d5 48 8b ce 8b d8
0x00007ff90e13e0c4:   41 ff 92 f8 06 00 00 48 8b 6c 24 38 8b c3 48 8b
0x00007ff90e13e0d4:   5c 24 30 48 8b 74 24 40 48 83 c4 20 5f c3 cc cc
0x00007ff90e13e0e4:   cc cc cc cc cc cc cc cc cc cc cc cc 48 83 ec 28
0x00007ff90e13e0f4:   48 8d 0d 25 10 03 00 ff 15 7f 71 01 00 48 8b 08
0x00007ff90e13e104:   48 8b 01 48 83 c4 28 48 ff a0 18 02 00 00 cc cc
0x00007ff90e13e114:   cc cc cc cc cc cc cc cc cc cc cc cc 40 53 55 56
0x00007ff90e13e124:   57 41 56 48 81 ec 70 08 00 00 48 8b 05 3b 10 03
0x00007ff90e13e134:   00 48 33 c4 48 89 84 24 60 08 00 00 48 8b ac 24
0x00007ff90e13e144:   c8 08 00 00 4c 8b f1 48 8d 0d ce 0f 03 00 41 8b
0x00007ff90e13e154:   f9 49 8b d8 ff 15 22 71 01 00 44 8b 8c 24 c0 08
0x00007ff90e13e164:   00 00 48 8d 54 24 50 48 89 54 24 40 44 8b c7 c7
0x00007ff90e13e174:   44 24 38 00 04 00 00 48 8d 94 24 60 04 00 00 48
0x00007ff90e13e184:   8b 08 48 89 54 24 30 48 8d 54 24 60 c7 44 24 28
0x00007ff90e13e194:   00 04 00 00 48 89 54 24 20 48 8b d3 48 8b 01 ff
0x00007ff90e13e1a4:   50 70 0f b6 f0 84 c0 0f 84 e0 00 00 00 4d 8b 06
0x00007ff90e13e1b4:   48 8b d5 49 8b ce 41 ff 90 f8 00 00 00 4d 8b 06
0x00007ff90e13e1c4:   48 8d 54 24 60 49 8b ce 48 8b f8 41 ff 90 38 05
0x00007ff90e13e1d4:   00 00 4d 8b 16 4c 8d 0d 78 7e 01 00 4c 8d 05 51
0x00007ff90e13e1e4:   9c 01 00 48 8b d7 49 8b ce 48 8b d8 41 ff 92 f0
0x00007ff90e13e1f4:   02 00 00 4d 8b 16 4c 8b cb 4c 8b c0 48 8b d5 49 


Stack slot to memory mapping:

stack at sp + 0 slots: {method} {0x000001ffae9807f0} 'getNumSubscribedItems' '()I' in 'com/codedisaster/steamworks/SteamUGCNative'
stack at sp + 1 slots: {method} {0x000001ffae9807f0} 'getNumSubscribedItems' '()I' in 'com/codedisaster/steamworks/SteamUGCNative'
stack at sp + 2 slots: {method} {0x000001ffae9807f0} 'getNumSubscribedItems' '()I' in 'com/codedisaster/steamworks/SteamUGCNative'
stack at sp + 3 slots: 0x000000a28c3feee8 is pointing into the stack for thread: 0x000001ff291a9fe0
stack at sp + 4 slots: 0x000001ff3b1f87f6 is at code_begin+1526 in an Interpreter codelet
return entry points  [0x000001ff3b1f8200, 0x000001ff3b1f8e90]  3216 bytes
stack at sp + 5 slots: 0x000001ff3b1fd207 is at code_begin+1063 in an Interpreter codelet
native method entry point (kind = native)  [0x000001ff3b1fcde0, 0x000001ff3b1fd938]  2904 bytes
stack at sp + 6 slots: {method} {0x000001ffae9807f0} 'getNumSubscribedItems' '()I' in 'com/codedisaster/steamworks/SteamUGCNative'
stack at sp + 7 slots: 0x000000000000000c is an unknown value

Lock stack of current Java thread (top to bottom):

native method entry point (kind = native)  [0x000001ff3b1fcde0, 0x000001ff3b1fd938]  2904 bytes
[MachCode]
  0x000001ff3b1fcde0: 488b 4b08 | 0fb7 492e | 584c 8d74 | ccf8 6800 | 0000 0068 | 0000 0000 | 5055 488b | ec41 5568 
  0x000001ff3b1fce00: 0000 0000 | 4c8b 6b08 | 4d8d 6d38 | 5348 8b53 | 0848 8b52 | 0848 8b52 | 1848 8b52 | 7048 8b12 
  0x000001ff3b1fce20: 5248 8b53 | 1048 85d2 | 0f84 0700 | 0000 4881 | c210 0100 | 0052 488b | 5308 488b | 5208 488b 
  0x000001ff3b1fce40: 5210 5249 | 8bc6 482b | c548 c1e8 | 0350 6800 | 0000 0068 | f7ff ffff | 41c6 8771 | 0400 0001 
  0x000001ff3b1fce60: 488b 4310 | 4885 c074 | 208b 88cc | 0000 0083 | c102 8988 | cc00 0000 | 2388 e000 | 0000 0f84 
  0x000001ff3b1fce80: 000a 0000 | e9cf 0000 | 0048 8b43 | 1848 85c0 | 0f85 b000 | 0000 e805 | 0000 00e9 | 9900 0000 
  0x000001ff3b1fcea0: 488b d348 | 8d44 2408 | 4c89 6dc0 | 498b cfc5 | f877 4989 | afb0 0300 | 0049 8987 | a003 0000 
  0x000001ff3b1fcec0: 4883 ec20 | 40f6 c40f | 0f84 1900 | 0000 4883 | ec08 48b8 | 9026 1cd5 | f87f 0000 | ffd0 4883 
  0x000001ff3b1fcee0: c408 e90c | 0000 0048 | b890 261c | d5f8 7f00 | 00ff d048 | 83c4 2049 | c787 a003 | 0000 0000 
  0x000001ff3b1fcf00: 0000 49c7 | 87b0 0300 | 0000 0000 | 0049 c787 | a803 0000 | 0000 0000 | c5f8 7749 | 837f 0800 
  0x000001ff3b1fcf20: 0f84 0500 | 0000 e995 | 3fff ff4c | 8b6d c04c | 8b75 c84e | 8d74 f500 | c348 8b43 | 1848 85c0 
  0x000001ff3b1fcf40: 0f84 1200 | 0000 8b48 | 0883 c102 | 8948 0823 | 481c 0f84 | 2c09 0000 | 493b a7e8 | 0400 000f 
  0x000001ff3b1fcf60: 8748 0000 | 0089 8424 | 00f0 ffff | 8984 2400 | e0ff ff89 | 8424 00d0 | ffff 8984 | 2400 c0ff 
  0x000001ff3b1fcf80: ff89 8424 | 00b0 ffff | 8984 2400 | a0ff ff89 | 8424 0090 | ffff 8984 | 2400 80ff | ff49 3ba7 
  0x000001ff3b1fcfa0: e004 0000 | 7607 4989 | a7e8 0400 | 0041 c687 | 7104 0000 | 0049 ba41 | ada3 d5f8 | 7f00 0041 
  0x000001ff3b1fcfc0: 803a 000f | 843e 0000 | 0048 8b55 | e849 8bcf | 4883 ec20 | 40f6 c40f | 0f84 1900 | 0000 4883 
  0x000001ff3b1fcfe0: ec08 48b8 | 00ee 53d5 | f87f 0000 | ffd0 4883 | c408 e90c | 0000 0048 | b800 ee53 | d5f8 7f00 
  0x000001ff3b1fd000: 00ff d048 | 83c4 2048 | 8b5d e84c | 8b5b 0845 | 0fb7 5b2e | 41c1 e303 | 492b e348 | 83ec 2048 
  0x000001ff3b1fd020: 83e4 f04c | 8b5b 604d | 85db 0f85 | ab00 0000 | e805 0000 | 00e9 9900 | 0000 488b | d348 8d44 
  0x000001ff3b1fd040: 2408 4c89 | 6dc0 498b | cfc5 f877 | 4989 afb0 | 0300 0049 | 8987 a003 | 0000 4883 | ec20 40f6 
  0x000001ff3b1fd060: c40f 0f84 | 1900 0000 | 4883 ec08 | 48b8 f04d | 1cd5 f87f | 0000 ffd0 | 4883 c408 | e90c 0000 
  0x000001ff3b1fd080: 0048 b8f0 | 4d1c d5f8 | 7f00 00ff | d048 83c4 | 2049 c787 | a003 0000 | 0000 0000 | 49c7 87b0 
  0x000001ff3b1fd0a0: 0300 0000 | 0000 0049 | c787 a803 | 0000 0000 | 0000 c5f8 | 7749 837f | 0800 0f84 | 0500 0000 
  0x000001ff3b1fd0c0: e9fb 3dff | ff4c 8b6d | c04c 8b75 | c84e 8d74 | f500 c348 | 8b5d e84c | 8b5b 6041 | ffd3 488b 
  0x000001ff3b1fd0e0: 5de8 4889 | 4518 448b | 5b28 41f6 | c308 0f84 | 1b00 0000 | 4c8b 5b08 | 4d8b 5b08 | 4d8b 5b18 
  0x000001ff3b1fd100: 4d8b 5b70 | 4d8b 1b4c | 895d 1048 | 8d55 1048 | 8b43 5849 | ba50 3c54 | d5f8 7f00 | 0049 3bc2 
  0x000001ff3b1fd120: 0f85 ab00 | 0000 e805 | 0000 00e9 | 9900 0000 | 488b d348 | 8d44 2408 | 4c89 6dc0 | 498b cfc5 
  0x000001ff3b1fd140: f877 4989 | afb0 0300 | 0049 8987 | a003 0000 | 4883 ec20 | 40f6 c40f | 0f84 1900 | 0000 4883 
  0x000001ff3b1fd160: ec08 48b8 | f04d 1cd5 | f87f 0000 | ffd0 4883 | c408 e90c | 0000 0048 | b8f0 4d1c | d5f8 7f00 
  0x000001ff3b1fd180: 00ff d048 | 83c4 2049 | c787 a003 | 0000 0000 | 0000 49c7 | 87b0 0300 | 0000 0000 | 0049 c787 
  0x000001ff3b1fd1a0: a803 0000 | 0000 0000 | c5f8 7749 | 837f 0800 | 0f84 0500 | 0000 e905 | 3dff ff4c | 8b6d c04c 
  0x000001ff3b1fd1c0: 8b75 c84e | 8d74 f500 | c348 8b5d | e848 8b43 | 5849 8d8f | c003 0000 | c5f8 7749 | 89af b003 
  0x000001ff3b1fd1e0: 0000 49ba | d8d1 1f3b | ff01 0000 | 4d89 97a8 | 0300 0049 | 89a7 a003 | 0000 41c7 | 8744 0400 
  0x000001ff3b1fd200: 0004 0000 | 00ff d0c5 | f877 4883 | ec10 c5fb | 1104 2448 | 83ec 1048 | 8904 2448 | c744 2408 
  0x000001ff3b1fd220: 0000 0000 | 41c7 8744 | 0400 0005 | 0000 00f0 | 8344 24c0 | 0049 3baf | 4804 0000 | 0f87 0e00 
  0x000001ff3b1fd240: 0000 4183 | bf40 0400 | 0000 0f84 | 2000 0000 | 498b cf4c | 8be4 4883 | ec20 4883 | e4f0 48b8 
  0x000001ff3b1fd260: 90a9 1dd5 | f87f 0000 | ffd0 498b | e44d 33e4 | 41c7 8744 | 0400 0008 | 0000 0049 | c787 a003 
  0x000001ff3b1fd280: 0000 0000 | 0000 49c7 | 87b0 0300 | 0000 0000 | 0049 c787 | a803 0000 | 0000 0000 | c5f8 774d 
  0x000001ff3b1fd2a0: 8b9f 3004 | 0000 41c7 | 8300 0100 | 0000 0000 | 0049 bbda | a51f 3bff | 0100 004c | 3b5d 180f 
  0x000001ff3b1fd2c0: 8524 0200 | 0048 8b04 | 2448 83c4 | 1048 85c0 | 0f84 fe01 | 0000 a803 | 0f85 0800 | 0000 488b 
  0x000001ff3b1fd2e0: 00e9 ee01 | 0000 a801 | 0f85 0900 | 0000 488b | 40fe e9dd | 0100 0048 | 8b40 ff41 | 807f 3800 
  0x000001ff3b1fd300: 0f84 ce01 | 0000 4883 | f800 0f84 | c401 0000 | 4d8b 5f28 | 4983 fb00 | 0f84 1400 | 0000 4983 
  0x000001ff3b1fd320: eb08 4d89 | 5f28 4d03 | 5f30 4989 | 03e9 a201 | 0000 4881 | ecd0 0000 | 0048 8904 | 2448 894c 
  0x000001ff3b1fd340: 2408 4889 | 5424 1048 | 8974 2418 | 4889 7c24 | 204c 8944 | 2428 4c89 | 4c24 304c | 8954 2438 
  0x000001ff3b1fd360: 4c89 5c24 | 40c5 fb11 | 4424 50c5 | fb11 4c24 | 58c5 fb11 | 5424 60c5 | fb11 5c24 | 68c5 fb11 
  0x000001ff3b1fd380: 6424 70c5 | fb11 6c24 | 78c5 fb11 | b424 8000 | 0000 c5fb | 11bc 2488 | 0000 00c5 | 7b11 8424 
  0x000001ff3b1fd3a0: 9000 0000 | c57b 118c | 2498 0000 | 00c5 7b11 | 9424 a000 | 0000 c57b | 119c 24a8 | 0000 00c5 
  0x000001ff3b1fd3c0: 7b11 a424 | b000 0000 | c57b 11ac | 24b8 0000 | 00c5 7b11 | b424 c000 | 0000 c57b | 11bc 24c8 
  0x000001ff3b1fd3e0: 0000 0049 | 8bd7 488b | c848 83ec | 2040 f6c4 | 0f0f 8419 | 0000 0048 | 83ec 0848 | b8e0 0711 
  0x000001ff3b1fd400: d5f8 7f00 | 00ff d048 | 83c4 08e9 | 0c00 0000 | 48b8 e007 | 11d5 f87f | 0000 ffd0 | 4883 c420 
  0x000001ff3b1fd420: c57b 10bc | 24c8 0000 | 00c5 7b10 | b424 c000 | 0000 c57b | 10ac 24b8 | 0000 00c5 | 7b10 a424 
  0x000001ff3b1fd440: b000 0000 | c57b 109c | 24a8 0000 | 00c5 7b10 | 9424 a000 | 0000 c57b | 108c 2498 | 0000 00c5 
  0x000001ff3b1fd460: 7b10 8424 | 9000 0000 | c5fb 10bc | 2488 0000 | 00c5 fb10 | b424 8000 | 0000 c5fb | 106c 2478 
  0x000001ff3b1fd480: c5fb 1064 | 2470 c5fb | 105c 2468 | c5fb 1054 | 2460 c5fb | 104c 2458 | c5fb 1044 | 2450 4c8b 
  0x000001ff3b1fd4a0: 5c24 404c | 8b54 2438 | 4c8b 4c24 | 304c 8b44 | 2428 488b | 7c24 2048 | 8b74 2418 | 488b 5424 
  0x000001ff3b1fd4c0: 1048 8b4c | 2408 488b | 0424 4881 | c4d0 0000 | 00c5 f877 | 4889 4510 | 4883 ec10 | 4889 0424 
  0x000001ff3b1fd4e0: 48c7 4424 | 0800 0000 | 0041 83bf | c804 0000 | 020f 85bf | 0000 0048 | 81ec 8000 | 0000 4889 
  0x000001ff3b1fd500: 4424 7848 | 894c 2470 | 4889 5424 | 6848 895c | 2460 4889 | 6c24 5048 | 8974 2448 | 4889 7c24 
  0x000001ff3b1fd520: 404c 8944 | 2438 4c89 | 4c24 304c | 8954 2428 | 4c89 5c24 | 204c 8964 | 2418 4c89 | 6c24 104c 
  0x000001ff3b1fd540: 8974 2408 | 4c89 3c24 | 4c8b e448 | 83ec 2048 | 83e4 f048 | b8b0 2254 | d5f8 7f00 | 00ff d049 
  0x000001ff3b1fd560: 8be4 4c8b | 3c24 4c8b | 7424 084c | 8b6c 2410 | 4c8b 6424 | 184c 8b5c | 2420 4c8b | 5424 284c 
  0x000001ff3b1fd580: 8b4c 2430 | 4c8b 4424 | 3848 8b7c | 2440 488b | 7424 4848 | 8b6c 2450 | 488b 5c24 | 6048 8b54 
  0x000001ff3b1fd5a0: 2468 488b | 4c24 7048 | 8b44 2478 | 4881 c480 | 0000 004d | 33e4 488b | 5de8 4c8b | 6b08 4d8d 
  0x000001ff3b1fd5c0: 6d38 4983 | 7f08 000f | 84bb 0000 | 00e8 0500 | 0000 e996 | 0000 0048 | 8d44 2408 | 4c89 6dc0 
  0x000001ff3b1fd5e0: 498b cfc5 | f877 4989 | afb0 0300 | 0049 8987 | a003 0000 | 4883 ec20 | 40f6 c40f | 0f84 1900 
  0x000001ff3b1fd600: 0000 4883 | ec08 48b8 | 006c 1cd5 | f87f 0000 | ffd0 4883 | c408 e90c | 0000 0048 | b800 6c1c 
  0x000001ff3b1fd620: d5f8 7f00 | 00ff d048 | 83c4 2049 | c787 a003 | 0000 0000 | 0000 49c7 | 87b0 0300 | 0000 0000 
  0x000001ff3b1fd640: 0049 c787 | a803 0000 | 0000 0000 | c5f8 7749 | 837f 0800 | 0f84 0500 | 0000 e961 | 38ff ff4c 
  0x000001ff3b1fd660: 8b6d c04c | 8b75 c84e | 8d74 f500 | c348 b940 | d57b d5f8 | 7f00 0048 | 83e4 f048 | b860 4a42 
  0x000001ff3b1fd680: d5f8 7f00 | 00ff d0f4 | 448b 5b28 | 41f6 c320 | 0f84 7901 | 0000 488d | 55a8 4c8b | 5a08 4d85 
  0x000001ff3b1fd6a0: db0f 85bb | 0000 00e8 | 0500 0000 | e996 0000 | 0048 8d44 | 2408 4c89 | 6dc0 498b | cfc5 f877 
  0x000001ff3b1fd6c0: 4989 afb0 | 0300 0049 | 8987 a003 | 0000 4883 | ec20 40f6 | c40f 0f84 | 1900 0000 | 4883 ec08 
  0x000001ff3b1fd6e0: 48b8 306b | 1cd5 f87f | 0000 ffd0 | 4883 c408 | e90c 0000 | 0048 b830 | 6b1c d5f8 | 7f00 00ff 
  0x000001ff3b1fd700: d048 83c4 | 2049 c787 | a003 0000 | 0000 0000 | 49c7 87b0 | 0300 0000 | 0000 0049 | c787 a803 
  0x000001ff3b1fd720: 0000 0000 | 0000 c5f8 | 7749 837f | 0800 0f84 | 0500 0000 | e987 37ff | ff4c 8b6d | c04c 8b75 
  0x000001ff3b1fd740: c84e 8d74 | f500 c348 | b940 d57b | d5f8 7f00 | 0048 83e4 | f048 b860 | 4a42 d5f8 | 7f00 00ff 
  0x000001ff3b1fd760: d0f4 4c89 | 6dc0 4c8b | 4a08 48c7 | 4208 0000 | 0000 458b | 8718 0600 | 004f 3b4c | 07f8 0f85 
  0x000001ff3b1fd780: 4900 0000 | 4183 af18 | 0600 0008 | 4f3b 4c07 | f00f 842a | 0000 0049 | 8b01 a802 | 0f85 1200 
  0x000001ff3b1fd7a0: 0000 4c8b | c049 83c8 | 01f0 4d0f | b101 0f84 | 0d00 0000 | 4183 8718 | 0600 0008 | e90c 0000 
  0x000001ff3b1fd7c0: 0049 ff8f | 5005 0000 | e93e 0000 | 004c 894a | 0848 8bca | 4883 ec20 | 40f6 c40f | 0f84 1900 
  0x000001ff3b1fd7e0: 0000 4883 | ec08 48b8 | f03d 1cd5 | f87f 0000 | ffd0 4883 | c408 e90c | 0000 0048 | b8f0 3d1c 
  0x000001ff3b1fd800: d5f8 7f00 | 00ff d048 | 83c4 204c | 8b6d c049 | ba41 ada3 | d5f8 7f00 | 0041 803a | 000f 843e 
  0x000001ff3b1fd820: 0000 0048 | 8b55 e849 | 8bcf 4883 | ec20 40f6 | c40f 0f84 | 1900 0000 | 4883 ec08 | 48b8 00ee 
  0x000001ff3b1fd840: 53d5 f87f | 0000 ffd0 | 4883 c408 | e90c 0000 | 0048 b800 | ee53 d5f8 | 7f00 00ff | d048 83c4 
  0x000001ff3b1fd860: 2048 8b04 | 2448 83c4 | 10c5 fb10 | 0424 4883 | c410 4c8b | 5d18 41ff | d34c 8b5d | f8c9 5f49 
  0x000001ff3b1fd880: 8be3 ffe7 | ba00 0000 | 00e8 0500 | 0000 e996 | 0000 0048 | 8d44 2408 | 4c89 6dc0 | 498b cfc5 
  0x000001ff3b1fd8a0: f877 4989 | afb0 0300 | 0049 8987 | a003 0000 | 4883 ec20 | 40f6 c40f | 0f84 1900 | 0000 4883 
  0x000001ff3b1fd8c0: ec08 48b8 | a031 1cd5 | f87f 0000 | ffd0 4883 | c408 e90c | 0000 0048 | b8a0 311c | d5f8 7f00 
  0x000001ff3b1fd8e0: 00ff d048 | 83c4 2049 | c787 a003 | 0000 0000 | 0000 49c7 | 87b0 0300 | 0000 0000 | 0049 c787 
  0x000001ff3b1fd900: a803 0000 | 0000 0000 | c5f8 7749 | 837f 0800 | 0f84 0500 | 0000 e9a5 | 35ff ff4c | 8b6d c04c 
  0x000001ff3b1fd920: 8b75 c84e | 8d74 f500 | c348 8b5d | e8e9 26f6 | ffff 660f | 1f44 0000 
[/MachCode]

---------------  P R O C E S S  ---------------

Threads class SMR info:
_java_thread_list=0x000001ffb3e5eb10, length=18, elements={
0x000001ff291a9fe0, 0x000001ff6cd294f0, 0x000001ff6cd2a210, 0x000001ff6cd2c140,
0x000001ff6cd2ccd0, 0x000001ff6cd2fa90, 0x000001ff6cd3b960, 0x000001ff6cd5c440,
0x000001ff6cd630d0, 0x000001ff6ce29cc0, 0x000001ff6ce85b10, 0x000001ff6ce295f0,
0x000001ff6ce2aa60, 0x000001ff6ce2b130, 0x000001ffb22792e0, 0x000001ffb227c340,
0x000001ffb2375080, 0x000001ffb37b08a0
}

Java Threads: ( => current thread )
=>0x000001ff291a9fe0 JavaThread "main"                              [_thread_in_native, id=32904, stack(0x000000a28c300000,0x000000a28c400000) (1024K)]
  0x000001ff6cd294f0 JavaThread "Reference Handler"          daemon [_thread_blocked, id=9972, stack(0x000000a28cb00000,0x000000a28cc00000) (1024K)]
  0x000001ff6cd2a210 JavaThread "Finalizer"                  daemon [_thread_blocked, id=25104, stack(0x000000a28cc00000,0x000000a28cd00000) (1024K)]
  0x000001ff6cd2c140 JavaThread "Signal Dispatcher"          daemon [_thread_blocked, id=6696, stack(0x000000a28cd00000,0x000000a28ce00000) (1024K)]
  0x000001ff6cd2ccd0 JavaThread "Attach Listener"            daemon [_thread_blocked, id=12824, stack(0x000000a28ce00000,0x000000a28cf00000) (1024K)]
  0x000001ff6cd2fa90 JavaThread "Service Thread"             daemon [_thread_blocked, id=27900, stack(0x000000a28cf00000,0x000000a28d000000) (1024K)]
  0x000001ff6cd3b960 JavaThread "Monitor Deflation Thread"   daemon [_thread_blocked, id=27560, stack(0x000000a28d000000,0x000000a28d100000) (1024K)]
  0x000001ff6cd5c440 JavaThread "C2 CompilerThread0"         daemon [_thread_blocked, id=9128, stack(0x000000a28d100000,0x000000a28d200000) (1024K)]
  0x000001ff6cd630d0 JavaThread "C1 CompilerThread0"         daemon [_thread_blocked, id=34564, stack(0x000000a28d200000,0x000000a28d300000) (1024K)]
  0x000001ff6ce29cc0 JavaThread "C1 CompilerThread1"         daemon [_thread_blocked, id=26044, stack(0x000000a28d300000,0x000000a28d400000) (1024K)]
  0x000001ff6ce85b10 JavaThread "Common-Cleaner"             daemon [_thread_blocked, id=21984, stack(0x000000a28d400000,0x000000a28d500000) (1024K)]
  0x000001ff6ce295f0 JavaThread "C1 CompilerThread2"         daemon [_thread_blocked, id=3240, stack(0x000000a28d500000,0x000000a28d600000) (1024K)]
  0x000001ff6ce2aa60 JavaThread "C1 CompilerThread3"         daemon [_thread_blocked, id=4520, stack(0x000000a28d600000,0x000000a28d700000) (1024K)]
  0x000001ff6ce2b130 JavaThread "C1 CompilerThread4"         daemon [_thread_blocked, id=508, stack(0x000000a28d700000,0x000000a28d800000) (1024K)]
  0x000001ffb22792e0 JavaThread "Monitor Ctrl-Break"         daemon [_thread_in_native, id=25864, stack(0x000000a28da00000,0x000000a28db00000) (1024K)]
  0x000001ffb227c340 JavaThread "Notification Thread"        daemon [_thread_blocked, id=26440, stack(0x000000a28db00000,0x000000a28dc00000) (1024K)]
  0x000001ffb2375080 JavaThread "Thread-0"                          [_thread_in_native, id=33012, stack(0x000000a28dc00000,0x000000a28dd00000) (1024K)]
  0x000001ffb37b08a0 JavaThread "Thread-1"                   daemon [_thread_blocked, id=28540, stack(0x000000a28e300000,0x000000a28e400000) (1024K)]
Total: 18

Other Threads:
  0x000001ff6cd10980 VMThread "VM Thread"                           [id=31092, stack(0x000000a28ca00000,0x000000a28cb00000) (1024K)]
  0x000001ff6ccff920 WatcherThread "VM Periodic Task Thread"        [id=16000, stack(0x000000a28c900000,0x000000a28ca00000) (1024K)]
  0x000001ff4430d190 WorkerThread "GC Thread#0"                     [id=33068, stack(0x000000a28c400000,0x000000a28c500000) (1024K)]
  0x000001ff2b76b830 ConcurrentGCThread "G1 Main Marker"            [id=12808, stack(0x000000a28c500000,0x000000a28c600000) (1024K)]
  0x000001ff2b76c240 WorkerThread "G1 Conc#0"                       [id=34700, stack(0x000000a28c600000,0x000000a28c700000) (1024K)]
  0x000001ff44412b00 ConcurrentGCThread "G1 Refine#0"               [id=28076, stack(0x000000a28c700000,0x000000a28c800000) (1024K)]
  0x000001ff44413490 ConcurrentGCThread "G1 Service"                [id=29836, stack(0x000000a28c800000,0x000000a28c900000) (1024K)]
Total: 7

Threads with active compile tasks:
Total: 0

VM state: not at safepoint (normal execution)

VM Mutex/Monitor currently owned by a thread: None

Heap address: 0x00000000a0000000, size: 30208 MB, Compressed Oops mode: Zero based, Oop shift amount: 3

CDS archive(s) mapped at: [0x000001ff6d000000-0x000001ff6dd70000-0x000001ff6dd70000), size 14090240, SharedBaseAddress: 0x000001ff6d000000, ArchiveRelocationMode: 1.
Compressed class space mapped at: 0x000001ff6e000000-0x000001ffae000000, reserved size: 1073741824
Narrow klass base: 0x000001ff6d000000, Narrow klass shift: 0, Narrow klass range: 0x41000000

GC Precious Log:
 CardTable entry size: 512
 Card Set container configuration: InlinePtr #cards 3 size 8 Array Of Cards #cards 128 size 272 Howl #buckets 8 coarsen threshold 29491 Howl Bitmap #cards 4096 size 528 coarsen threshold 3686 Card regions per heap region 1 cards per card region 32768
 CPUs: 32 total, 32 available
 Memory: 127G
 Large Page Support: Disabled
 NUMA Support: Disabled
 Compressed Oops: Enabled (Zero based)
 Heap Region Size: 16M
 Heap Min Capacity: 16M
 Heap Initial Capacity: 2G
 Heap Max Capacity: 30208M
 Pre-touch: Disabled
 Parallel Workers: 23
 Concurrent Workers: 6
 Concurrent Refinement Workers: 23
 Periodic GC: Disabled

Heap:
 garbage-first heap   total reserved 30932992K, committed 2097152K, used 32768K [0x00000000a0000000, 0x0000000800000000)
  region size 16384K, 3 young (49152K), 0 survivors (0K)
 Metaspace       used 8707K, committed 8896K, reserved 1114112K
  class space    used 740K, committed 832K, reserved 1048576K

Heap Regions: E=young(eden), S=young(survivor), O=old, HS=humongous(starts), HC=humongous(continues), CS=collection set, F=free, TAMS=top-at-mark-start, PB=parsable bottom
|   0|0x00000000a0000000, 0x00000000a0000000, 0x00000000a1000000|  0%| F|  |TAMS 0x00000000a0000000| PB 0x00000000a0000000| Untracked |  0
|   1|0x00000000a1000000, 0x00000000a1000000, 0x00000000a2000000|  0%| F|  |TAMS 0x00000000a1000000| PB 0x00000000a1000000| Untracked |  0
|   2|0x00000000a2000000, 0x00000000a2000000, 0x00000000a3000000|  0%| F|  |TAMS 0x00000000a2000000| PB 0x00000000a2000000| Untracked |  0
|   3|0x00000000a3000000, 0x00000000a3000000, 0x00000000a4000000|  0%| F|  |TAMS 0x00000000a3000000| PB 0x00000000a3000000| Untracked |  0
|   4|0x00000000a4000000, 0x00000000a4000000, 0x00000000a5000000|  0%| F|  |TAMS 0x00000000a4000000| PB 0x00000000a4000000| Untracked |  0
|   5|0x00000000a5000000, 0x00000000a5000000, 0x00000000a6000000|  0%| F|  |TAMS 0x00000000a5000000| PB 0x00000000a5000000| Untracked |  0
|   6|0x00000000a6000000, 0x00000000a6000000, 0x00000000a7000000|  0%| F|  |TAMS 0x00000000a6000000| PB 0x00000000a6000000| Untracked |  0
|   7|0x00000000a7000000, 0x00000000a7000000, 0x00000000a8000000|  0%| F|  |TAMS 0x00000000a7000000| PB 0x00000000a7000000| Untracked |  0
|   8|0x00000000a8000000, 0x00000000a8000000, 0x00000000a9000000|  0%| F|  |TAMS 0x00000000a8000000| PB 0x00000000a8000000| Untracked |  0
|   9|0x00000000a9000000, 0x00000000a9000000, 0x00000000aa000000|  0%| F|  |TAMS 0x00000000a9000000| PB 0x00000000a9000000| Untracked |  0
|  10|0x00000000aa000000, 0x00000000aa000000, 0x00000000ab000000|  0%| F|  |TAMS 0x00000000aa000000| PB 0x00000000aa000000| Untracked |  0
|  11|0x00000000ab000000, 0x00000000ab000000, 0x00000000ac000000|  0%| F|  |TAMS 0x00000000ab000000| PB 0x00000000ab000000| Untracked |  0
|  12|0x00000000ac000000, 0x00000000ac000000, 0x00000000ad000000|  0%| F|  |TAMS 0x00000000ac000000| PB 0x00000000ac000000| Untracked |  0
|  13|0x00000000ad000000, 0x00000000ad000000, 0x00000000ae000000|  0%| F|  |TAMS 0x00000000ad000000| PB 0x00000000ad000000| Untracked |  0
|  14|0x00000000ae000000, 0x00000000ae000000, 0x00000000af000000|  0%| F|  |TAMS 0x00000000ae000000| PB 0x00000000ae000000| Untracked |  0
|  15|0x00000000af000000, 0x00000000af000000, 0x00000000b0000000|  0%| F|  |TAMS 0x00000000af000000| PB 0x00000000af000000| Untracked |  0
|  16|0x00000000b0000000, 0x00000000b0000000, 0x00000000b1000000|  0%| F|  |TAMS 0x00000000b0000000| PB 0x00000000b0000000| Untracked |  0
|  17|0x00000000b1000000, 0x00000000b1000000, 0x00000000b2000000|  0%| F|  |TAMS 0x00000000b1000000| PB 0x00000000b1000000| Untracked |  0
|  18|0x00000000b2000000, 0x00000000b2000000, 0x00000000b3000000|  0%| F|  |TAMS 0x00000000b2000000| PB 0x00000000b2000000| Untracked |  0
|  19|0x00000000b3000000, 0x00000000b3000000, 0x00000000b4000000|  0%| F|  |TAMS 0x00000000b3000000| PB 0x00000000b3000000| Untracked |  0
|  20|0x00000000b4000000, 0x00000000b4000000, 0x00000000b5000000|  0%| F|  |TAMS 0x00000000b4000000| PB 0x00000000b4000000| Untracked |  0
|  21|0x00000000b5000000, 0x00000000b5000000, 0x00000000b6000000|  0%| F|  |TAMS 0x00000000b5000000| PB 0x00000000b5000000| Untracked |  0
|  22|0x00000000b6000000, 0x00000000b6000000, 0x00000000b7000000|  0%| F|  |TAMS 0x00000000b6000000| PB 0x00000000b6000000| Untracked |  0
|  23|0x00000000b7000000, 0x00000000b7000000, 0x00000000b8000000|  0%| F|  |TAMS 0x00000000b7000000| PB 0x00000000b7000000| Untracked |  0
|  24|0x00000000b8000000, 0x00000000b8000000, 0x00000000b9000000|  0%| F|  |TAMS 0x00000000b8000000| PB 0x00000000b8000000| Untracked |  0
|  25|0x00000000b9000000, 0x00000000b9000000, 0x00000000ba000000|  0%| F|  |TAMS 0x00000000b9000000| PB 0x00000000b9000000| Untracked |  0
|  26|0x00000000ba000000, 0x00000000ba000000, 0x00000000bb000000|  0%| F|  |TAMS 0x00000000ba000000| PB 0x00000000ba000000| Untracked |  0
|  27|0x00000000bb000000, 0x00000000bb000000, 0x00000000bc000000|  0%| F|  |TAMS 0x00000000bb000000| PB 0x00000000bb000000| Untracked |  0
|  28|0x00000000bc000000, 0x00000000bc000000, 0x00000000bd000000|  0%| F|  |TAMS 0x00000000bc000000| PB 0x00000000bc000000| Untracked |  0
|  29|0x00000000bd000000, 0x00000000bd000000, 0x00000000be000000|  0%| F|  |TAMS 0x00000000bd000000| PB 0x00000000bd000000| Untracked |  0
|  30|0x00000000be000000, 0x00000000be000000, 0x00000000bf000000|  0%| F|  |TAMS 0x00000000be000000| PB 0x00000000be000000| Untracked |  0
|  31|0x00000000bf000000, 0x00000000bf000000, 0x00000000c0000000|  0%| F|  |TAMS 0x00000000bf000000| PB 0x00000000bf000000| Untracked |  0
|  32|0x00000000c0000000, 0x00000000c0000000, 0x00000000c1000000|  0%| F|  |TAMS 0x00000000c0000000| PB 0x00000000c0000000| Untracked |  0
|  33|0x00000000c1000000, 0x00000000c1000000, 0x00000000c2000000|  0%| F|  |TAMS 0x00000000c1000000| PB 0x00000000c1000000| Untracked |  0
|  34|0x00000000c2000000, 0x00000000c2000000, 0x00000000c3000000|  0%| F|  |TAMS 0x00000000c2000000| PB 0x00000000c2000000| Untracked |  0
|  35|0x00000000c3000000, 0x00000000c3000000, 0x00000000c4000000|  0%| F|  |TAMS 0x00000000c3000000| PB 0x00000000c3000000| Untracked |  0
|  36|0x00000000c4000000, 0x00000000c4000000, 0x00000000c5000000|  0%| F|  |TAMS 0x00000000c4000000| PB 0x00000000c4000000| Untracked |  0
|  37|0x00000000c5000000, 0x00000000c5000000, 0x00000000c6000000|  0%| F|  |TAMS 0x00000000c5000000| PB 0x00000000c5000000| Untracked |  0
|  38|0x00000000c6000000, 0x00000000c6000000, 0x00000000c7000000|  0%| F|  |TAMS 0x00000000c6000000| PB 0x00000000c6000000| Untracked |  0
|  39|0x00000000c7000000, 0x00000000c7000000, 0x00000000c8000000|  0%| F|  |TAMS 0x00000000c7000000| PB 0x00000000c7000000| Untracked |  0
|  40|0x00000000c8000000, 0x00000000c8000000, 0x00000000c9000000|  0%| F|  |TAMS 0x00000000c8000000| PB 0x00000000c8000000| Untracked |  0
|  41|0x00000000c9000000, 0x00000000c9000000, 0x00000000ca000000|  0%| F|  |TAMS 0x00000000c9000000| PB 0x00000000c9000000| Untracked |  0
|  42|0x00000000ca000000, 0x00000000ca000000, 0x00000000cb000000|  0%| F|  |TAMS 0x00000000ca000000| PB 0x00000000ca000000| Untracked |  0
|  43|0x00000000cb000000, 0x00000000cb000000, 0x00000000cc000000|  0%| F|  |TAMS 0x00000000cb000000| PB 0x00000000cb000000| Untracked |  0
|  44|0x00000000cc000000, 0x00000000cc000000, 0x00000000cd000000|  0%| F|  |TAMS 0x00000000cc000000| PB 0x00000000cc000000| Untracked |  0
|  45|0x00000000cd000000, 0x00000000cd000000, 0x00000000ce000000|  0%| F|  |TAMS 0x00000000cd000000| PB 0x00000000cd000000| Untracked |  0
|  46|0x00000000ce000000, 0x00000000ce000000, 0x00000000cf000000|  0%| F|  |TAMS 0x00000000ce000000| PB 0x00000000ce000000| Untracked |  0
|  47|0x00000000cf000000, 0x00000000cf000000, 0x00000000d0000000|  0%| F|  |TAMS 0x00000000cf000000| PB 0x00000000cf000000| Untracked |  0
|  48|0x00000000d0000000, 0x00000000d0000000, 0x00000000d1000000|  0%| F|  |TAMS 0x00000000d0000000| PB 0x00000000d0000000| Untracked |  0
|  49|0x00000000d1000000, 0x00000000d1000000, 0x00000000d2000000|  0%| F|  |TAMS 0x00000000d1000000| PB 0x00000000d1000000| Untracked |  0
|  50|0x00000000d2000000, 0x00000000d2000000, 0x00000000d3000000|  0%| F|  |TAMS 0x00000000d2000000| PB 0x00000000d2000000| Untracked |  0
|  51|0x00000000d3000000, 0x00000000d3000000, 0x00000000d4000000|  0%| F|  |TAMS 0x00000000d3000000| PB 0x00000000d3000000| Untracked |  0
|  52|0x00000000d4000000, 0x00000000d4000000, 0x00000000d5000000|  0%| F|  |TAMS 0x00000000d4000000| PB 0x00000000d4000000| Untracked |  0
|  53|0x00000000d5000000, 0x00000000d5000000, 0x00000000d6000000|  0%| F|  |TAMS 0x00000000d5000000| PB 0x00000000d5000000| Untracked |  0
|  54|0x00000000d6000000, 0x00000000d6000000, 0x00000000d7000000|  0%| F|  |TAMS 0x00000000d6000000| PB 0x00000000d6000000| Untracked |  0
|  55|0x00000000d7000000, 0x00000000d7000000, 0x00000000d8000000|  0%| F|  |TAMS 0x00000000d7000000| PB 0x00000000d7000000| Untracked |  0
|  56|0x00000000d8000000, 0x00000000d8000000, 0x00000000d9000000|  0%| F|  |TAMS 0x00000000d8000000| PB 0x00000000d8000000| Untracked |  0
|  57|0x00000000d9000000, 0x00000000d9000000, 0x00000000da000000|  0%| F|  |TAMS 0x00000000d9000000| PB 0x00000000d9000000| Untracked |  0
|  58|0x00000000da000000, 0x00000000da000000, 0x00000000db000000|  0%| F|  |TAMS 0x00000000da000000| PB 0x00000000da000000| Untracked |  0
|  59|0x00000000db000000, 0x00000000db000000, 0x00000000dc000000|  0%| F|  |TAMS 0x00000000db000000| PB 0x00000000db000000| Untracked |  0
|  60|0x00000000dc000000, 0x00000000dc000000, 0x00000000dd000000|  0%| F|  |TAMS 0x00000000dc000000| PB 0x00000000dc000000| Untracked |  0
|  61|0x00000000dd000000, 0x00000000dd000000, 0x00000000de000000|  0%| F|  |TAMS 0x00000000dd000000| PB 0x00000000dd000000| Untracked |  0
|  62|0x00000000de000000, 0x00000000de000000, 0x00000000df000000|  0%| F|  |TAMS 0x00000000de000000| PB 0x00000000de000000| Untracked |  0
|  63|0x00000000df000000, 0x00000000df000000, 0x00000000e0000000|  0%| F|  |TAMS 0x00000000df000000| PB 0x00000000df000000| Untracked |  0
|  64|0x00000000e0000000, 0x00000000e0000000, 0x00000000e1000000|  0%| F|  |TAMS 0x00000000e0000000| PB 0x00000000e0000000| Untracked |  0
|  65|0x00000000e1000000, 0x00000000e1000000, 0x00000000e2000000|  0%| F|  |TAMS 0x00000000e1000000| PB 0x00000000e1000000| Untracked |  0
|  66|0x00000000e2000000, 0x00000000e2000000, 0x00000000e3000000|  0%| F|  |TAMS 0x00000000e2000000| PB 0x00000000e2000000| Untracked |  0
|  67|0x00000000e3000000, 0x00000000e3000000, 0x00000000e4000000|  0%| F|  |TAMS 0x00000000e3000000| PB 0x00000000e3000000| Untracked |  0
|  68|0x00000000e4000000, 0x00000000e4000000, 0x00000000e5000000|  0%| F|  |TAMS 0x00000000e4000000| PB 0x00000000e4000000| Untracked |  0
|  69|0x00000000e5000000, 0x00000000e5000000, 0x00000000e6000000|  0%| F|  |TAMS 0x00000000e5000000| PB 0x00000000e5000000| Untracked |  0
|  70|0x00000000e6000000, 0x00000000e6000000, 0x00000000e7000000|  0%| F|  |TAMS 0x00000000e6000000| PB 0x00000000e6000000| Untracked |  0
|  71|0x00000000e7000000, 0x00000000e7000000, 0x00000000e8000000|  0%| F|  |TAMS 0x00000000e7000000| PB 0x00000000e7000000| Untracked |  0
|  72|0x00000000e8000000, 0x00000000e8000000, 0x00000000e9000000|  0%| F|  |TAMS 0x00000000e8000000| PB 0x00000000e8000000| Untracked |  0
|  73|0x00000000e9000000, 0x00000000e9000000, 0x00000000ea000000|  0%| F|  |TAMS 0x00000000e9000000| PB 0x00000000e9000000| Untracked |  0
|  74|0x00000000ea000000, 0x00000000ea000000, 0x00000000eb000000|  0%| F|  |TAMS 0x00000000ea000000| PB 0x00000000ea000000| Untracked |  0
|  75|0x00000000eb000000, 0x00000000eb000000, 0x00000000ec000000|  0%| F|  |TAMS 0x00000000eb000000| PB 0x00000000eb000000| Untracked |  0
|  76|0x00000000ec000000, 0x00000000ec000000, 0x00000000ed000000|  0%| F|  |TAMS 0x00000000ec000000| PB 0x00000000ec000000| Untracked |  0
|  77|0x00000000ed000000, 0x00000000ed000000, 0x00000000ee000000|  0%| F|  |TAMS 0x00000000ed000000| PB 0x00000000ed000000| Untracked |  0
|  78|0x00000000ee000000, 0x00000000ee000000, 0x00000000ef000000|  0%| F|  |TAMS 0x00000000ee000000| PB 0x00000000ee000000| Untracked |  0
|  79|0x00000000ef000000, 0x00000000ef000000, 0x00000000f0000000|  0%| F|  |TAMS 0x00000000ef000000| PB 0x00000000ef000000| Untracked |  0
|  80|0x00000000f0000000, 0x00000000f0000000, 0x00000000f1000000|  0%| F|  |TAMS 0x00000000f0000000| PB 0x00000000f0000000| Untracked |  0
|  81|0x00000000f1000000, 0x00000000f1000000, 0x00000000f2000000|  0%| F|  |TAMS 0x00000000f1000000| PB 0x00000000f1000000| Untracked |  0
|  82|0x00000000f2000000, 0x00000000f2000000, 0x00000000f3000000|  0%| F|  |TAMS 0x00000000f2000000| PB 0x00000000f2000000| Untracked |  0
|  83|0x00000000f3000000, 0x00000000f3000000, 0x00000000f4000000|  0%| F|  |TAMS 0x00000000f3000000| PB 0x00000000f3000000| Untracked |  0
|  84|0x00000000f4000000, 0x00000000f4000000, 0x00000000f5000000|  0%| F|  |TAMS 0x00000000f4000000| PB 0x00000000f4000000| Untracked |  0
|  85|0x00000000f5000000, 0x00000000f5000000, 0x00000000f6000000|  0%| F|  |TAMS 0x00000000f5000000| PB 0x00000000f5000000| Untracked |  0
|  86|0x00000000f6000000, 0x00000000f6000000, 0x00000000f7000000|  0%| F|  |TAMS 0x00000000f6000000| PB 0x00000000f6000000| Untracked |  0
|  87|0x00000000f7000000, 0x00000000f7000000, 0x00000000f8000000|  0%| F|  |TAMS 0x00000000f7000000| PB 0x00000000f7000000| Untracked |  0
|  88|0x00000000f8000000, 0x00000000f8000000, 0x00000000f9000000|  0%| F|  |TAMS 0x00000000f8000000| PB 0x00000000f8000000| Untracked |  0
|  89|0x00000000f9000000, 0x00000000f9000000, 0x00000000fa000000|  0%| F|  |TAMS 0x00000000f9000000| PB 0x00000000f9000000| Untracked |  0
|  90|0x00000000fa000000, 0x00000000fa000000, 0x00000000fb000000|  0%| F|  |TAMS 0x00000000fa000000| PB 0x00000000fa000000| Untracked |  0
|  91|0x00000000fb000000, 0x00000000fb000000, 0x00000000fc000000|  0%| F|  |TAMS 0x00000000fb000000| PB 0x00000000fb000000| Untracked |  0
|  92|0x00000000fc000000, 0x00000000fc000000, 0x00000000fd000000|  0%| F|  |TAMS 0x00000000fc000000| PB 0x00000000fc000000| Untracked |  0
|  93|0x00000000fd000000, 0x00000000fd000000, 0x00000000fe000000|  0%| F|  |TAMS 0x00000000fd000000| PB 0x00000000fd000000| Untracked |  0
|  94|0x00000000fe000000, 0x00000000fe000000, 0x00000000ff000000|  0%| F|  |TAMS 0x00000000fe000000| PB 0x00000000fe000000| Untracked |  0
|  95|0x00000000ff000000, 0x00000000ff000000, 0x0000000100000000|  0%| F|  |TAMS 0x00000000ff000000| PB 0x00000000ff000000| Untracked |  0
|  96|0x0000000100000000, 0x0000000100000000, 0x0000000101000000|  0%| F|  |TAMS 0x0000000100000000| PB 0x0000000100000000| Untracked |  0
|  97|0x0000000101000000, 0x0000000101000000, 0x0000000102000000|  0%| F|  |TAMS 0x0000000101000000| PB 0x0000000101000000| Untracked |  0
|  98|0x0000000102000000, 0x0000000102000000, 0x0000000103000000|  0%| F|  |TAMS 0x0000000102000000| PB 0x0000000102000000| Untracked |  0
|  99|0x0000000103000000, 0x0000000103000000, 0x0000000104000000|  0%| F|  |TAMS 0x0000000103000000| PB 0x0000000103000000| Untracked |  0
| 100|0x0000000104000000, 0x0000000104000000, 0x0000000105000000|  0%| F|  |TAMS 0x0000000104000000| PB 0x0000000104000000| Untracked |  0
| 101|0x0000000105000000, 0x0000000105000000, 0x0000000106000000|  0%| F|  |TAMS 0x0000000105000000| PB 0x0000000105000000| Untracked |  0
| 102|0x0000000106000000, 0x0000000106000000, 0x0000000107000000|  0%| F|  |TAMS 0x0000000106000000| PB 0x0000000106000000| Untracked |  0
| 103|0x0000000107000000, 0x0000000107000000, 0x0000000108000000|  0%| F|  |TAMS 0x0000000107000000| PB 0x0000000107000000| Untracked |  0
| 104|0x0000000108000000, 0x0000000108000000, 0x0000000109000000|  0%| F|  |TAMS 0x0000000108000000| PB 0x0000000108000000| Untracked |  0
| 105|0x0000000109000000, 0x0000000109000000, 0x000000010a000000|  0%| F|  |TAMS 0x0000000109000000| PB 0x0000000109000000| Untracked |  0
| 106|0x000000010a000000, 0x000000010a000000, 0x000000010b000000|  0%| F|  |TAMS 0x000000010a000000| PB 0x000000010a000000| Untracked |  0
| 107|0x000000010b000000, 0x000000010b000000, 0x000000010c000000|  0%| F|  |TAMS 0x000000010b000000| PB 0x000000010b000000| Untracked |  0
| 108|0x000000010c000000, 0x000000010c000000, 0x000000010d000000|  0%| F|  |TAMS 0x000000010c000000| PB 0x000000010c000000| Untracked |  0
| 109|0x000000010d000000, 0x000000010d000000, 0x000000010e000000|  0%| F|  |TAMS 0x000000010d000000| PB 0x000000010d000000| Untracked |  0
| 110|0x000000010e000000, 0x000000010e000000, 0x000000010f000000|  0%| F|  |TAMS 0x000000010e000000| PB 0x000000010e000000| Untracked |  0
| 111|0x000000010f000000, 0x000000010f000000, 0x0000000110000000|  0%| F|  |TAMS 0x000000010f000000| PB 0x000000010f000000| Untracked |  0
| 112|0x0000000110000000, 0x0000000110000000, 0x0000000111000000|  0%| F|  |TAMS 0x0000000110000000| PB 0x0000000110000000| Untracked |  0
| 113|0x0000000111000000, 0x0000000111000000, 0x0000000112000000|  0%| F|  |TAMS 0x0000000111000000| PB 0x0000000111000000| Untracked |  0
| 114|0x0000000112000000, 0x0000000112000000, 0x0000000113000000|  0%| F|  |TAMS 0x0000000112000000| PB 0x0000000112000000| Untracked |  0
| 115|0x0000000113000000, 0x0000000113000000, 0x0000000114000000|  0%| F|  |TAMS 0x0000000113000000| PB 0x0000000113000000| Untracked |  0
| 116|0x0000000114000000, 0x0000000114000000, 0x0000000115000000|  0%| F|  |TAMS 0x0000000114000000| PB 0x0000000114000000| Untracked |  0
| 117|0x0000000115000000, 0x0000000115000000, 0x0000000116000000|  0%| F|  |TAMS 0x0000000115000000| PB 0x0000000115000000| Untracked |  0
| 118|0x0000000116000000, 0x0000000116000000, 0x0000000117000000|  0%| F|  |TAMS 0x0000000116000000| PB 0x0000000116000000| Untracked |  0
| 119|0x0000000117000000, 0x0000000117000000, 0x0000000118000000|  0%| F|  |TAMS 0x0000000117000000| PB 0x0000000117000000| Untracked |  0
| 120|0x0000000118000000, 0x0000000118000000, 0x0000000119000000|  0%| F|  |TAMS 0x0000000118000000| PB 0x0000000118000000| Untracked |  0
| 121|0x0000000119000000, 0x0000000119000000, 0x000000011a000000|  0%| F|  |TAMS 0x0000000119000000| PB 0x0000000119000000| Untracked |  0
| 122|0x000000011a000000, 0x000000011a000000, 0x000000011b000000|  0%| F|  |TAMS 0x000000011a000000| PB 0x000000011a000000| Untracked |  0
| 123|0x000000011b000000, 0x000000011b000000, 0x000000011c000000|  0%| F|  |TAMS 0x000000011b000000| PB 0x000000011b000000| Untracked |  0
| 124|0x000000011c000000, 0x000000011c000000, 0x000000011d000000|  0%| F|  |TAMS 0x000000011c000000| PB 0x000000011c000000| Untracked |  0
| 125|0x000000011d000000, 0x000000011d1f3460, 0x000000011e000000| 12%| E|  |TAMS 0x000000011d000000| PB 0x000000011d000000| Complete |  0
| 126|0x000000011e000000, 0x000000011f000000, 0x000000011f000000|100%| E|CS|TAMS 0x000000011e000000| PB 0x000000011e000000| Complete |  0
| 127|0x000000011f000000, 0x0000000120000000, 0x0000000120000000|100%| E|CS|TAMS 0x000000011f000000| PB 0x000000011f000000| Complete |  0

Card table byte_map: [0x000001ff47f20000,0x000001ff4ba20000] _byte_map_base: 0x000001ff47a20000

Marking Bits: (CMBitMap*) 0x000001ff4430d7a0
 Bits: [0x000001ff4ba20000, 0x000001ff69220000)

Polling page: 0x000001ff29550000

Metaspace:

Usage:
  Non-class:      7.78 MB used.
      Class:    740.02 KB used.
       Both:      8.50 MB used.

Virtual space:
  Non-class space:       64.00 MB reserved,       7.88 MB ( 12%) committed,  1 nodes.
      Class space:        1.00 GB reserved,     832.00 KB ( <1%) committed,  1 nodes.
             Both:        1.06 GB reserved,       8.69 MB ( <1%) committed. 

Chunk freelists:
   Non-Class:  6.45 MB
       Class:  15.19 MB
        Both:  21.64 MB

MaxMetaspaceSize: unlimited
CompressedClassSpaceSize: 1.00 GB
Initial GC threshold: 21.00 MB
Current GC threshold: 21.00 MB
CDS: on
 - commit_granule_bytes: 65536.
 - commit_granule_words: 8192.
 - virtual_space_node_default_size: 8388608.
 - enlarge_chunks_in_place: 1.
 - use_allocation_guard: 0.


Internal statistics:

num_allocs_failed_limit: 0.
num_arena_births: 132.
num_arena_deaths: 0.
num_vsnodes_births: 2.
num_vsnodes_deaths: 0.
num_space_committed: 138.
num_space_uncommitted: 0.
num_chunks_returned_to_freelist: 0.
num_chunks_taken_from_freelist: 371.
num_chunk_merges: 0.
num_chunk_splits: 281.
num_chunks_enlarged: 224.
num_inconsistent_stats: 0.

CodeHeap 'non-profiled nmethods': size=118912Kb used=290Kb max_used=290Kb free=118621Kb
 bounds [0x000001ff3b9c0000, 0x000001ff3bc30000, 0x000001ff42de0000]
CodeHeap 'profiled nmethods': size=118848Kb used=1435Kb max_used=1435Kb free=117413Kb
 bounds [0x000001ff33de0000, 0x000001ff34050000, 0x000001ff3b1f0000]
CodeHeap 'non-nmethods': size=8000Kb used=4477Kb max_used=4478Kb free=3522Kb
 bounds [0x000001ff3b1f0000, 0x000001ff3b660000, 0x000001ff3b9c0000]
CodeCache: size=245760Kb, used=6202Kb, max_used=6203Kb, free=239556Kb
 total_blobs=2352, nmethods=1137, adapters=1117, full_count=0
Compilation: enabled, stopped_count=0, restarted_count=0

Compilation events (20 events):
Event: 0.975 Thread 0x000001ff6ce295f0 1127       3       java.io.BufferedInputStream::getBufIfOpen (61 bytes)
Event: 0.975 Thread 0x000001ff6ce2b130 nmethod 1124 0x000001ff33f41388 code [0x000001ff33f41520, 0x000001ff33f41b00]
Event: 0.975 Thread 0x000001ff6cd630d0 1128       3       java.util.concurrent.locks.ReentrantLock$NonfairSync::initialTryLock (58 bytes)
Event: 0.975 Thread 0x000001ff6ce2b130 1129       3       java.util.concurrent.locks.AbstractQueuedSynchronizer::compareAndSetState (13 bytes)
Event: 0.975 Thread 0x000001ff6ce2aa60 nmethod 1126 0x000001ff33f41b88 code [0x000001ff33f41d00, 0x000001ff33f42160]
Event: 0.975 Thread 0x000001ff6ce29cc0 nmethod 1125 0x000001ff33f42188 code [0x000001ff33f422c0, 0x000001ff33f425d0]
Event: 0.975 Thread 0x000001ff6ce2b130 nmethod 1129 0x000001ff33f42608 code [0x000001ff33f42720, 0x000001ff33f42848]
Event: 0.975 Thread 0x000001ff6ce295f0 nmethod 1127 0x000001ff33f42908 code [0x000001ff33f42a40, 0x000001ff33f42e20]
Event: 0.975 Thread 0x000001ff6ce2b130 1130       3       jdk.internal.misc.InternalLock::lock (8 bytes)
Event: 0.975 Thread 0x000001ff6cd630d0 nmethod 1128 0x000001ff33f42e88 code [0x000001ff33f42fe0, 0x000001ff33f433c0]
Event: 0.975 Thread 0x000001ff6ce29cc0 1131       3       jdk.internal.misc.InternalLock::unlock (8 bytes)
Event: 0.975 Thread 0x000001ff6ce2b130 nmethod 1130 0x000001ff33f43408 code [0x000001ff33f43560, 0x000001ff33f43900]
Event: 0.975 Thread 0x000001ff6ce29cc0 nmethod 1131 0x000001ff33f43988 code [0x000001ff33f43ae0, 0x000001ff33f43ea8]
Event: 0.975 Thread 0x000001ff6ce2aa60 1133       3       java.io.BufferedInputStream::getBufIfOpen (6 bytes)
Event: 0.975 Thread 0x000001ff6ce2aa60 nmethod 1133 0x000001ff33f43f08 code [0x000001ff33f44020, 0x000001ff33f44160]
Event: 1.230 Thread 0x000001ff6ce2b130 1134       3       java.lang.String::startsWith (123 bytes)
Event: 1.230 Thread 0x000001ff6ce2b130 nmethod 1134 0x000001ff33f44208 code [0x000001ff33f443a0, 0x000001ff33f44ad8]
Event: 1.231 Thread 0x000001ff6ce295f0 1135       3       java.io.WinNTFileSystem::normalize (148 bytes)
Event: 1.231 Thread 0x000001ff6ce295f0 nmethod 1135 0x000001ff33f44b08 code [0x000001ff33f44d20, 0x000001ff33f457c8]
Event: 1.233 Thread 0x000001ff6ce29cc0 1136       3       java.util.concurrent.ConcurrentHashMap::sumCount (60 bytes)

GC Heap History (0 events):
No events

Dll operation events (15 events):
Event: 0.005 Loaded shared library C:\Program Files\Java\jdk-23\bin\java.dll
Event: 0.027 Loaded shared library C:\Program Files\Java\jdk-23\bin\jsvml.dll
Event: 0.059 Loaded shared library C:\Program Files\Java\jdk-23\bin\zip.dll
Event: 0.061 Loaded shared library C:\Program Files\Java\jdk-23\bin\instrument.dll
Event: 0.065 Loaded shared library C:\Program Files\Java\jdk-23\bin\net.dll
Event: 0.066 Loaded shared library C:\Program Files\Java\jdk-23\bin\nio.dll
Event: 0.069 Loaded shared library C:\Program Files\Java\jdk-23\bin\zip.dll
Event: 0.101 Loaded shared library C:\Program Files\JetBrains\IntelliJ IDEA 2024.2.4\bin\breakgen64.dll
Event: 0.106 Loaded shared library C:\Program Files\Java\jdk-23\bin\extnet.dll
Event: 0.107 Loaded shared library C:\Program Files\Java\jdk-23\bin\jimage.dll
Event: 0.138 Loaded shared library C:\Users\htmlp\AppData\Local\Temp\libgdxVis-Australis\8d3b5089\gdx64.dll
Event: 0.156 Loaded shared library D:\Project 1159 - 11.59 - AOC3\Age of History 3\AOC3 Source\src\windows\x64\org\lwjgl\lwjgl.dll
Event: 0.425 Loaded shared library D:\Project 1159 - 11.59 - AOC3\Age of History 3\AOC3 Source\src\windows\x64\org\lwjgl\opengl\lwjgl_opengl.dll
Event: 0.973 Loaded shared library C:\Users\htmlp\AppData\Local\Temp\steamworks4j\1.9.0\steam_api64.dll
Event: 1.030 Loaded shared library C:\Users\htmlp\AppData\Local\Temp\steamworks4j\1.9.0\steamworks4j64.dll

Deoptimization events (20 events):
Event: 0.225 Thread 0x000001ff291a9fe0 DEOPT PACKING pc=0x000001ff3b9e6348 sp=0x000000a28c3fe350
Event: 0.225 Thread 0x000001ff291a9fe0 DEOPT UNPACKING pc=0x000001ff3b244402 sp=0x000000a28c3fe308 mode 2
Event: 0.409 Thread 0x000001ff291a9fe0 DEOPT PACKING pc=0x000001ff33e34ef1 sp=0x000000a28c3fdae0
Event: 0.409 Thread 0x000001ff291a9fe0 DEOPT UNPACKING pc=0x000001ff3b244b22 sp=0x000000a28c3fcf50 mode 0
Event: 0.888 Thread 0x000001ff291a9fe0 Uncommon trap: trap_request=0xffffff45 fr.pc=0x000001ff3b9fdba4 relative=0x0000000000000204
Event: 0.888 Thread 0x000001ff291a9fe0 Uncommon trap: reason=unstable_if action=reinterpret pc=0x000001ff3b9fdba4 method=java.lang.String.startsWith(Ljava/lang/String;I)Z @ 1 c2
Event: 0.888 Thread 0x000001ff291a9fe0 DEOPT PACKING pc=0x000001ff3b9fdba4 sp=0x000000a28c3fd160
Event: 0.888 Thread 0x000001ff291a9fe0 DEOPT UNPACKING pc=0x000001ff3b244402 sp=0x000000a28c3fd0f0 mode 2
Event: 0.900 Thread 0x000001ff291a9fe0 Uncommon trap: trap_request=0xffffff45 fr.pc=0x000001ff3b9d4454 relative=0x0000000000000b14
Event: 0.900 Thread 0x000001ff291a9fe0 Uncommon trap: reason=unstable_if action=reinterpret pc=0x000001ff3b9d4454 method=java.util.HashMap.putVal(ILjava/lang/Object;Ljava/lang/Object;ZZ)Ljava/lang/Object; @ 181 c2
Event: 0.900 Thread 0x000001ff291a9fe0 DEOPT PACKING pc=0x000001ff3b9d4454 sp=0x000000a28c3fdbe0
Event: 0.900 Thread 0x000001ff291a9fe0 DEOPT UNPACKING pc=0x000001ff3b244402 sp=0x000000a28c3fdba0 mode 2
Event: 0.904 Thread 0x000001ff291a9fe0 Uncommon trap: trap_request=0xffffffc6 fr.pc=0x000001ff3b9fffac relative=0x000000000000052c
Event: 0.904 Thread 0x000001ff291a9fe0 Uncommon trap: reason=bimorphic_or_optimized_type_check action=maybe_recompile pc=0x000001ff3b9fffac method=java.util.concurrent.ConcurrentHashMap.get(Ljava/lang/Object;)Ljava/lang/Object; @ 149 c2
Event: 0.904 Thread 0x000001ff291a9fe0 DEOPT PACKING pc=0x000001ff3b9fffac sp=0x000000a28c3fda30
Event: 0.904 Thread 0x000001ff291a9fe0 DEOPT UNPACKING pc=0x000001ff3b244402 sp=0x000000a28c3fd9d0 mode 2
Event: 0.908 Thread 0x000001ff291a9fe0 Uncommon trap: trap_request=0xffffff45 fr.pc=0x000001ff3b9fe400 relative=0x0000000000000520
Event: 0.908 Thread 0x000001ff291a9fe0 Uncommon trap: reason=unstable_if action=reinterpret pc=0x000001ff3b9fe400 method=java.io.WinNTFileSystem.normalize(Ljava/lang/String;)Ljava/lang/String; @ 133 c2
Event: 0.908 Thread 0x000001ff291a9fe0 DEOPT PACKING pc=0x000001ff3b9fe400 sp=0x000000a28c3fda80
Event: 0.908 Thread 0x000001ff291a9fe0 DEOPT UNPACKING pc=0x000001ff3b244402 sp=0x000000a28c3fda28 mode 2

Classes loaded (20 events):
Event: 0.908 Loading class java/nio/file/DirectoryStream done
Event: 0.908 Loading class sun/nio/fs/WindowsDirectoryStream done
Event: 0.908 Loading class sun/nio/fs/WindowsDirectoryStream$WindowsDirectoryIterator
Event: 0.908 Loading class sun/nio/fs/WindowsDirectoryStream$WindowsDirectoryIterator done
Event: 0.908 Loading class sun/nio/fs/WindowsPath$WindowsPathWithAttributes
Event: 0.908 Loading class sun/nio/fs/BasicFileAttributesHolder
Event: 0.908 Loading class sun/nio/fs/BasicFileAttributesHolder done
Event: 0.908 Loading class sun/nio/fs/WindowsPath$WindowsPathWithAttributes done
Event: 0.910 Loading class sun/security/provider/AbstractDrbg$NonceProvider
Event: 0.910 Loading class sun/security/provider/AbstractDrbg$NonceProvider done
Event: 0.910 Loading class sun/security/provider/SHA2$SHA256
Event: 0.910 Loading class sun/security/provider/SHA2
Event: 0.910 Loading class sun/security/provider/SHA2 done
Event: 0.910 Loading class sun/security/provider/SHA2$SHA256 done
Event: 0.911 Loading class jdk/internal/util/HexDigits
Event: 0.911 Loading class jdk/internal/util/HexDigits done
Event: 0.911 Loading class jdk/internal/util/ByteArrayLittleEndian
Event: 0.911 Loading class jdk/internal/util/ByteArrayLittleEndian done
Event: 0.911 Loading class java/io/FileOutputStream$1
Event: 0.911 Loading class java/io/FileOutputStream$1 done

Classes unloaded (0 events):
No events

Classes redefined (0 events):
No events

Internal exceptions (20 events):
Event: 0.151 Thread 0x000001ff291a9fe0 Exception <a 'java/lang/NoSuchMethodError'{0x000000011e4941b8}: 'int java.lang.invoke.DirectMethodHandle$Holder.invokeSpecial(java.lang.Object, java.lang.Object, java.lang.Object)'> (0x000000011e4941b8) 
thrown [s\open\src\hotspot\share\interpreter\linkResolver.cpp, line 796]
Event: 0.153 Thread 0x000001ff291a9fe0 Exception <a 'java/lang/NoSuchMethodError'{0x000000011e4ad8e8}: 'void java.lang.System.loadLibrary(java.lang.String, java.lang.Class)'> (0x000000011e4ad8e8) 
thrown [s\open\src\hotspot\share\interpreter\linkResolver.cpp, line 796]
Event: 0.161 Thread 0x000001ff291a9fe0 Exception <a 'java/lang/NoSuchMethodError'{0x000000011e4e43e8}: 'int java.lang.invoke.DirectMethodHandle$Holder.invokeStaticInit(java.lang.Object, java.lang.Object, int, long)'> (0x000000011e4e43e8) 
thrown [s\open\src\hotspot\share\interpreter\linkResolver.cpp, line 796]
Event: 0.162 Thread 0x000001ff291a9fe0 Exception <a 'java/lang/NoSuchMethodError'{0x000000011e4e9520}: 'java.lang.Object java.lang.invoke.DirectMethodHandle$Holder.newInvokeSpecial(java.lang.Object, java.lang.Object, int)'> (0x000000011e4e9520) 
thrown [s\open\src\hotspot\share\interpreter\linkResolver.cpp, line 796]
Event: 0.163 Thread 0x000001ff291a9fe0 Exception <a 'java/lang/NoSuchMethodError'{0x000000011e4f66f0}: 'int java.lang.invoke.DirectMethodHandle$Holder.invokeStaticInit(java.lang.Object, java.lang.Object, long, long)'> (0x000000011e4f66f0) 
thrown [s\open\src\hotspot\share\interpreter\linkResolver.cpp, line 796]
Event: 0.163 Thread 0x000001ff291a9fe0 Exception <a 'java/lang/NoSuchMethodError'{0x000000011e4fc1c0}: 'java.lang.Object java.lang.invoke.DirectMethodHandle$Holder.newInvokeSpecial(java.lang.Object, java.lang.Object, long)'> (0x000000011e4fc1c0) 
thrown [s\open\src\hotspot\share\interpreter\linkResolver.cpp, line 796]
Event: 0.164 Thread 0x000001ff291a9fe0 Exception <a 'java/lang/NoSuchMethodError'{0x000000011e500080}: 'java.lang.Object java.lang.invoke.Invokers$Holder.linkToTargetMethod(java.lang.Object, long, java.lang.Object)'> (0x000000011e500080) 
thrown [s\open\src\hotspot\share\interpreter\linkResolver.cpp, line 796]
Event: 0.164 Thread 0x000001ff291a9fe0 Exception <a 'java/lang/NoSuchMethodError'{0x000000011e5072d8}: 'int java.lang.invoke.DirectMethodHandle$Holder.invokeStaticInit(java.lang.Object, java.lang.Object, java.lang.Object, long)'> (0x000000011e5072d8) 
thrown [s\open\src\hotspot\share\interpreter\linkResolver.cpp, line 796]
Event: 0.184 Thread 0x000001ff291a9fe0 Exception <a 'java/lang/NoSuchMethodError'{0x000000011e5a3308}: 'int java.lang.invoke.Invokers$Holder.invokeExact_MT(java.lang.Object, java.lang.Object)'> (0x000000011e5a3308) 
thrown [s\open\src\hotspot\share\interpreter\linkResolver.cpp, line 796]
Event: 0.224 Thread 0x000001ff291a9fe0 Exception <a 'java/lang/NoSuchMethodError'{0x000000011e623760}: 'java.lang.Object java.lang.invoke.DirectMethodHandle$Holder.newInvokeSpecial(java.lang.Object, long)'> (0x000000011e623760) 
thrown [s\open\src\hotspot\share\interpreter\linkResolver.cpp, line 796]
Event: 0.415 Thread 0x000001ff291a9fe0 Exception <a 'java/lang/NoSuchMethodError'{0x000000011e6df700}: 'void java.lang.invoke.DirectMethodHandle$Holder.invokeStatic(java.lang.Object, long)'> (0x000000011e6df700) 
thrown [s\open\src\hotspot\share\interpreter\linkResolver.cpp, line 796]
Event: 0.423 Thread 0x000001ff291a9fe0 Exception <a 'java/lang/NoSuchMethodError'{0x000000011e6f2908}: 'void java.lang.System.load(java.lang.String, java.lang.Class)'> (0x000000011e6f2908) 
thrown [s\open\src\hotspot\share\interpreter\linkResolver.cpp, line 796]
Event: 0.424 Thread 0x000001ff291a9fe0 Exception <a 'java/lang/NoSuchMethodError'{0x000000011e6f5398}: 'void java.lang.System.loadLibrary(java.lang.String, java.lang.Class)'> (0x000000011e6f5398) 
thrown [s\open\src\hotspot\share\interpreter\linkResolver.cpp, line 796]
Event: 0.836 Thread 0x000001ff291a9fe0 Exception <a 'java/lang/NoSuchMethodError'{0x000000011ed98148}: 'void java.lang.invoke.DelegatingMethodHandle$Holder.reinvoke_L(java.lang.Object, java.lang.Object, int)'> (0x000000011ed98148) 
thrown [s\open\src\hotspot\share\interpreter\linkResolver.cpp, line 796]
Event: 0.837 Thread 0x000001ff291a9fe0 Exception <a 'java/lang/NoSuchMethodError'{0x000000011ed9ea78}: 'void java.lang.invoke.Invokers$Holder.invokeExact_MT(java.lang.Object, java.lang.Object, int, java.lang.Object)'> (0x000000011ed9ea78) 
thrown [s\open\src\hotspot\share\interpreter\linkResolver.cpp, line 796]
Event: 0.837 Thread 0x000001ff291a9fe0 Exception <a 'java/lang/NoSuchMethodError'{0x000000011eda7778}: 'float java.lang.invoke.DelegatingMethodHandle$Holder.reinvoke_L(java.lang.Object, java.lang.Object)'> (0x000000011eda7778) 
thrown [s\open\src\hotspot\share\interpreter\linkResolver.cpp, line 796]
Event: 0.838 Thread 0x000001ff291a9fe0 Exception <a 'java/lang/NoSuchMethodError'{0x000000011edb18b8}: 'void java.lang.invoke.DelegatingMethodHandle$Holder.reinvoke_L(java.lang.Object, java.lang.Object, float)'> (0x000000011edb18b8) 
thrown [s\open\src\hotspot\share\interpreter\linkResolver.cpp, line 796]
Event: 0.842 Thread 0x000001ff291a9fe0 Exception <a 'java/lang/NoSuchMethodError'{0x000000011edf0860}: 'void java.lang.invoke.Invokers$Holder.invokeExact_MT(java.lang.Object, java.lang.Object, java.lang.Object, java.lang.Object)'> (0x000000011edf0860) 
thrown [s\open\src\hotspot\share\interpreter\linkResolver.cpp, line 796]
Event: 0.902 Thread 0x000001ff291a9fe0 Exception <a 'java/lang/NoSuchMethodError'{0x000000011d12b378}: 'java.lang.Object java.lang.invoke.DirectMethodHandle$Holder.invokeStaticInit(java.lang.Object, int, int, int, int)'> (0x000000011d12b378) 
thrown [s\open\src\hotspot\share\interpreter\linkResolver.cpp, line 796]
Event: 0.909 Thread 0x000001ff291a9fe0 Exception <a 'java/lang/NoSuchMethodError'{0x000000011d14ea60}: 'java.lang.Object java.lang.invoke.DirectMethodHandle$Holder.invokeStaticInit(java.lang.Object, java.lang.Object, int, int, int, int)'> (0x000000011d14ea60) 
thrown [s\open\src\hotspot\share\interpreter\linkResolver.cpp, line 796]

VM Operations (0 events):
No events

Memory protections (0 events):
No events

Nmethod flushes (0 events):
No events

Events (20 events):
Event: 0.025 Thread 0x000001ff291a9fe0 Thread added: 0x000001ff6cd2a210
Event: 0.025 Thread 0x000001ff291a9fe0 Thread added: 0x000001ff6cd2c140
Event: 0.025 Thread 0x000001ff291a9fe0 Thread added: 0x000001ff6cd2ccd0
Event: 0.025 Thread 0x000001ff291a9fe0 Thread added: 0x000001ff6cd2fa90
Event: 0.025 Thread 0x000001ff291a9fe0 Thread added: 0x000001ff6cd3b960
Event: 0.025 Thread 0x000001ff291a9fe0 Thread added: 0x000001ff6cd5c440
Event: 0.025 Thread 0x000001ff291a9fe0 Thread added: 0x000001ff6cd630d0
Event: 0.028 Thread 0x000001ff6cd630d0 Thread added: 0x000001ff6ce29cc0
Event: 0.049 Thread 0x000001ff291a9fe0 Thread added: 0x000001ff6ce85b10
Event: 0.053 Thread 0x000001ff6cd630d0 Thread added: 0x000001ff6ce295f0
Event: 0.053 Thread 0x000001ff6cd630d0 Thread added: 0x000001ff6ce2aa60
Event: 0.053 Thread 0x000001ff6ce29cc0 Thread added: 0x000001ff6ce2b130
Event: 0.056 Thread 0x000001ff6ce2aa60 Thread added: 0x000001ff6ce28850
Event: 0.056 Thread 0x000001ff6ce29cc0 Thread added: 0x000001ff6ce28180
Event: 0.101 Thread 0x000001ff291a9fe0 Thread added: 0x000001ffb22792e0
Event: 0.101 Thread 0x000001ff291a9fe0 Thread added: 0x000001ffb227c340
Event: 0.108 Thread 0x000001ff291a9fe0 Thread added: 0x000001ffb2375080
Event: 0.229 Thread 0x000001ff291a9fe0 Thread added: 0x000001ffb37b08a0
Event: 0.528 Thread 0x000001ff6ce28180 Thread exited: 0x000001ff6ce28180
Event: 0.782 Thread 0x000001ff6ce28850 Thread exited: 0x000001ff6ce28850


Dynamic libraries:
0x00007ff7f9a50000 - 0x00007ff7f9a60000 	C:\Program Files\Java\jdk-23\bin\java.exe
0x00007ff983390000 - 0x00007ff9835a7000 	C:\Windows\SYSTEM32\ntdll.dll
0x00007ff9820c0000 - 0x00007ff982184000 	C:\Windows\System32\KERNEL32.DLL
0x00007ff980ae0000 - 0x00007ff980e99000 	C:\Windows\System32\KERNELBASE.dll
0x00007ff9808a0000 - 0x00007ff9809b1000 	C:\Windows\System32\ucrtbase.dll
0x00007ff9111a0000 - 0x00007ff9111b7000 	C:\Program Files\Java\jdk-23\bin\jli.dll
0x00007ff90e5e0000 - 0x00007ff90e5fb000 	C:\Program Files\Java\jdk-23\bin\VCRUNTIME140.dll
0x00007ff982190000 - 0x00007ff98233e000 	C:\Windows\System32\USER32.dll
0x00007ff980f20000 - 0x00007ff980f46000 	C:\Windows\System32\win32u.dll
0x00007ff982340000 - 0x00007ff982369000 	C:\Windows\System32\GDI32.dll
0x00007ff9809c0000 - 0x00007ff980adb000 	C:\Windows\System32\gdi32full.dll
0x00007ff9663e0000 - 0x00007ff966672000 	C:\Windows\WinSxS\amd64_microsoft.windows.common-controls_6595b64144ccf1df_6.0.22621.4391_none_2715d37f73803e96\COMCTL32.dll
0x00007ff980690000 - 0x00007ff98072a000 	C:\Windows\System32\msvcp_win.dll
0x00007ff983130000 - 0x00007ff9831d7000 	C:\Windows\System32\msvcrt.dll
0x00007ff9830f0000 - 0x00007ff983121000 	C:\Windows\System32\IMM32.DLL
0x00007ff9776a0000 - 0x00007ff9776ac000 	C:\Program Files\Java\jdk-23\bin\vcruntime140_1.dll
0x00007ff90d0d0000 - 0x00007ff90d15e000 	C:\Program Files\Java\jdk-23\bin\msvcp140.dll
0x00007ff8d4df0000 - 0x00007ff8d5b3f000 	C:\Program Files\Java\jdk-23\bin\server\jvm.dll
0x00007ff983290000 - 0x00007ff983342000 	C:\Windows\System32\ADVAPI32.dll
0x00007ff981f30000 - 0x00007ff981fd7000 	C:\Windows\System32\sechost.dll
0x00007ff980f50000 - 0x00007ff980f78000 	C:\Windows\System32\bcrypt.dll
0x00007ff982370000 - 0x00007ff982484000 	C:\Windows\System32\RPCRT4.dll
0x00007ff9810d0000 - 0x00007ff981141000 	C:\Windows\System32\WS2_32.dll
0x00007ff97f4e0000 - 0x00007ff97f52d000 	C:\Windows\SYSTEM32\POWRPROF.dll
0x00007ff979e20000 - 0x00007ff979e2a000 	C:\Windows\SYSTEM32\VERSION.dll
0x00007ff9762c0000 - 0x00007ff9762f4000 	C:\Windows\SYSTEM32\WINMM.dll
0x00007ff97f4c0000 - 0x00007ff97f4d3000 	C:\Windows\SYSTEM32\UMPDC.dll
0x00007ff97f780000 - 0x00007ff97f798000 	C:\Windows\SYSTEM32\kernel.appcore.dll
0x00007ff95db80000 - 0x00007ff95db8a000 	C:\Program Files\Java\jdk-23\bin\jimage.dll
0x00007ff9795f0000 - 0x00007ff979822000 	C:\Windows\SYSTEM32\DBGHELP.DLL
0x00007ff981a20000 - 0x00007ff981daf000 	C:\Windows\System32\combase.dll
0x00007ff981fe0000 - 0x00007ff9820b7000 	C:\Windows\System32\OLEAUT32.dll
0x00007ff9793c0000 - 0x00007ff9793f2000 	C:\Windows\SYSTEM32\dbgcore.DLL
0x00007ff980ea0000 - 0x00007ff980f1b000 	C:\Windows\System32\bcryptPrimitives.dll
0x00007ff978e10000 - 0x00007ff978e1f000 	C:\Program Files\Java\jdk-23\bin\instrument.dll
0x00007ff90e5c0000 - 0x00007ff90e5de000 	C:\Program Files\Java\jdk-23\bin\java.dll
0x00007ff982500000 - 0x00007ff9826a5000 	C:\Windows\System32\ole32.dll
0x00007ff9826b0000 - 0x00007ff982f26000 	C:\Windows\System32\SHELL32.dll
0x00007ff97e580000 - 0x00007ff97ee83000 	C:\Windows\SYSTEM32\windows.storage.dll
0x00007ff97e440000 - 0x00007ff97e57f000 	C:\Windows\SYSTEM32\wintypes.dll
0x00007ff981790000 - 0x00007ff981889000 	C:\Windows\System32\SHCORE.dll
0x00007ff982f30000 - 0x00007ff982f8e000 	C:\Windows\System32\shlwapi.dll
0x00007ff9805c0000 - 0x00007ff9805eb000 	C:\Windows\SYSTEM32\profapi.dll
0x00007ff8db990000 - 0x00007ff8dba67000 	C:\Program Files\Java\jdk-23\bin\jsvml.dll
0x00007ff90d090000 - 0x00007ff90d0a7000 	C:\Program Files\Java\jdk-23\bin\zip.dll
0x00007ff95c020000 - 0x00007ff95c030000 	C:\Program Files\Java\jdk-23\bin\net.dll
0x00007ff97fbf0000 - 0x00007ff97fc59000 	C:\Windows\system32\mswsock.dll
0x00007ff90d0b0000 - 0x00007ff90d0c6000 	C:\Program Files\Java\jdk-23\bin\nio.dll
0x00007ff976670000 - 0x00007ff97668a000 	C:\Program Files\JetBrains\IntelliJ IDEA 2024.2.4\bin\breakgen64.dll
0x00007ff976660000 - 0x00007ff976669000 	C:\Program Files\Java\jdk-23\bin\extnet.dll
0x000000006e700000 - 0x000000006e72d000 	C:\Users\htmlp\AppData\Local\Temp\libgdxVis-Australis\8d3b5089\gdx64.dll
0x00007ff90fa80000 - 0x00007ff90fafb000 	D:\Project 1159 - 11.59 - AOC3\Age of History 3\AOC3 Source\src\windows\x64\org\lwjgl\lwjgl.dll
0x00007ff90c9c0000 - 0x00007ff90cc31000 	D:\Project 1159 - 11.59 - AOC3\Age of History 3\AOC3 Source\src\windows\x64\org\lwjgl\jemalloc\jemalloc.dll
0x00007ff90f9f0000 - 0x00007ff90fa75000 	D:\Project 1159 - 11.59 - AOC3\Age of History 3\AOC3 Source\src\windows\x64\org\lwjgl\glfw\glfw.dll
0x00007ff9619e0000 - 0x00007ff961a26000 	C:\Windows\SYSTEM32\dinput8.dll
0x00007ff973e80000 - 0x00007ff973e91000 	C:\Windows\SYSTEM32\xinput1_4.dll
0x00007ff980350000 - 0x00007ff98037c000 	C:\Windows\SYSTEM32\DEVOBJ.dll
0x00007ff980380000 - 0x00007ff9803ce000 	C:\Windows\SYSTEM32\cfgmgr32.dll
0x00007ff97dfb0000 - 0x00007ff97dfdb000 	C:\Windows\SYSTEM32\dwmapi.dll
0x00007ff966930000 - 0x00007ff966b43000 	C:\Windows\SYSTEM32\inputhost.dll
0x00007ff97c130000 - 0x00007ff97c263000 	C:\Windows\SYSTEM32\CoreMessaging.dll
0x00007ff97db60000 - 0x00007ff97dc11000 	C:\Windows\system32\uxtheme.dll
0x00007ff951b20000 - 0x00007ff951c3f000 	C:\Program Files (x86)\Stardock\Groupy2\groupy_64.dll
0x00007ff97fdf0000 - 0x00007ff97fdfc000 	C:\Windows\SYSTEM32\CRYPTBASE.DLL
0x00007ff982f90000 - 0x00007ff9830f0000 	C:\Windows\System32\MSCTF.dll
0x00007ff90c7e0000 - 0x00007ff90c9bd000 	D:\Project 1159 - 11.59 - AOC3\Age of History 3\AOC3 Source\src\windows\x64\org\lwjgl\openal\OpenAL.dll
0x00007ff981db0000 - 0x00007ff981e60000 	C:\Windows\System32\clbcatq.dll
0x00007ff979010000 - 0x00007ff9790ae000 	C:\Windows\System32\MMDevApi.dll
0x00007ff960120000 - 0x00007ff96030d000 	C:\Windows\SYSTEM32\AUDIOSES.DLL
0x00007ff97e030000 - 0x00007ff97e045000 	C:\Windows\SYSTEM32\resourcepolicyclient.dll
0x00007ff90e490000 - 0x00007ff90e590000 	C:\Windows\SYSTEM32\opengl32.dll
0x00007ff95d2f0000 - 0x00007ff95d31d000 	C:\Windows\SYSTEM32\GLU32.dll
0x00007ff97dc70000 - 0x00007ff97dca7000 	C:\Windows\SYSTEM32\dxcore.dll
0x00007ff97a6e0000 - 0x00007ff97a824000 	C:\Windows\System32\AppXDeploymentClient.dll
0x00007ff971eb0000 - 0x00007ff971fb0000 	C:\Windows\System32\Windows.ApplicationModel.dll
0x00007ff97d290000 - 0x00007ff97d391000 	C:\Windows\system32\propsys.dll
0x00007ff959210000 - 0x00007ff959236000 	C:\Windows\system32\mssprxy.dll
0x00007ff970d80000 - 0x00007ff970dc9000 	C:\Windows\SYSTEM32\directxdatabasehelper.dll
0x00007ff8e2e90000 - 0x00007ff8e54c8000 	C:\Windows\System32\DriverStore\FileRepository\nvmdsi.inf_amd64_bb627335e85bb104\nvoglv64.dll
0x00007ff981150000 - 0x00007ff9815c4000 	C:\Windows\System32\SETUPAPI.dll
0x00007ff97f530000 - 0x00007ff97f544000 	C:\Windows\SYSTEM32\WTSAPI32.dll
0x00007ff97ff60000 - 0x00007ff97ff72000 	C:\Windows\SYSTEM32\msasn1.dll
0x00007ff979db0000 - 0x00007ff979de2000 	C:\Windows\SYSTEM32\cryptnet.dll
0x00007ff980730000 - 0x00007ff980896000 	C:\Windows\System32\CRYPT32.dll
0x00007ff97fed0000 - 0x00007ff97ff19000 	C:\Windows\SYSTEM32\wldp.dll
0x00007ff979ab0000 - 0x00007ff979c12000 	C:\Windows\SYSTEM32\drvstore.dll
0x00007ff981040000 - 0x00007ff9810ac000 	C:\Windows\System32\WINTRUST.dll
0x00007ff97f890000 - 0x00007ff97f8c4000 	C:\Windows\SYSTEM32\ntmarta.dll
0x00007ff9810b0000 - 0x00007ff9810cf000 	C:\Windows\System32\imagehlp.dll
0x00007ff97fe90000 - 0x00007ff97feab000 	C:\Windows\SYSTEM32\CRYPTSP.dll
0x00007ff97f6e0000 - 0x00007ff97f715000 	C:\Windows\system32\rsaenh.dll
0x00007ff8e0180000 - 0x00007ff8e2e90000 	C:\Windows\System32\DriverStore\FileRepository\nvmdsi.inf_amd64_bb627335e85bb104\nvgpucomp64.dll
0x00007ff8d4480000 - 0x00007ff8d4750000 	C:\Windows\system32\nvspcap64.dll
0x00007ff97f430000 - 0x00007ff97f496000 	C:\Windows\SYSTEM32\WINSTA.dll
0x00007ff96da90000 - 0x00007ff96db4d000 	C:\Windows\SYSTEM32\mscms.dll
0x00007ff8c6680000 - 0x00007ff8c66ca000 	C:\Windows\SYSTEM32\icm32.dll
0x00007ff90d7c0000 - 0x00007ff90d821000 	D:\Project 1159 - 11.59 - AOC3\Age of History 3\AOC3 Source\src\windows\x64\org\lwjgl\opengl\lwjgl_opengl.dll
0x00007ff9667e0000 - 0x00007ff966925000 	C:\Windows\SYSTEM32\textinputframework.dll
0x00007ff970590000 - 0x00007ff9708fd000 	C:\Windows\SYSTEM32\CoreUIComponents.dll
0x00007ff97fc90000 - 0x00007ff97fcb8000 	C:\Windows\SYSTEM32\USERENV.dll
0x00007ff97f0f0000 - 0x00007ff97f11d000 	C:\Windows\SYSTEM32\IPHLPAPI.DLL
0x00007ff981ec0000 - 0x00007ff981ec9000 	C:\Windows\System32\NSI.dll
0x00007ff90e610000 - 0x00007ff90e65c000 	C:\Users\htmlp\AppData\Local\Temp\steamworks4j\1.9.0\steam_api64.dll
0x00007ff90e130000 - 0x00007ff90e17c000 	C:\Users\htmlp\AppData\Local\Temp\steamworks4j\1.9.0\steamworks4j64.dll
0x00007ff981ed0000 - 0x00007ff981ed8000 	C:\Windows\System32\PSAPI.DLL
0x00007ff961a30000 - 0x00007ff961a58000 	C:\Windows\SYSTEM32\edputil.dll
0x00007ff972010000 - 0x00007ff9720fb000 	C:\Windows\System32\Windows.StateRepositoryPS.dll
0x00007ff973320000 - 0x00007ff973510000 	C:\Windows\SYSTEM32\urlmon.dll
0x00007ff972e70000 - 0x00007ff97312e000 	C:\Windows\SYSTEM32\iertutil.dll
0x00007ff973c80000 - 0x00007ff973ca8000 	C:\Windows\SYSTEM32\srvcli.dll
0x00007ff97f0e0000 - 0x00007ff97f0ec000 	C:\Windows\SYSTEM32\netutils.dll
0x00007ff97f9e0000 - 0x00007ff97fa23000 	C:\Windows\SYSTEM32\SspiCli.dll
0x00007ff961be0000 - 0x00007ff961bf6000 	C:\Windows\SYSTEM32\virtdisk.dll
0x00007ff950840000 - 0x00007ff95085d000 	C:\Windows\System32\smartscreenps.dll
0x00007ff958d90000 - 0x00007ff958e0d000 	C:\Windows\SYSTEM32\shdocvw.dll
0x00007ff95af70000 - 0x00007ff95b01c000 	C:\Windows\System32\appresolver.dll
0x00007ff970f60000 - 0x00007ff970fc0000 	C:\Windows\System32\Bcp47Langs.dll
0x00007ff96dc10000 - 0x00007ff96e23c000 	C:\Windows\System32\OneCoreUAPCommonProxyStub.dll

dbghelp: loaded successfully - version: 4.0.5 - missing functions: none
symbol engine: initialized successfully - sym options: 0x614 - pdb path: .;C:\Program Files\Java\jdk-23\bin;C:\Windows\SYSTEM32;C:\Windows\WinSxS\amd64_microsoft.windows.common-controls_6595b64144ccf1df_6.0.22621.4391_none_2715d37f73803e96;C:\Program Files\Java\jdk-23\bin\server;C:\Program Files\JetBrains\IntelliJ IDEA 2024.2.4\bin;C:\Users\htmlp\AppData\Local\Temp\libgdxVis-Australis\8d3b5089;D:\Project 1159 - 11.59 - AOC3\Age of History 3\AOC3 Source\src\windows\x64\org\lwjgl;D:\Project 1159 - 11.59 - AOC3\Age of History 3\AOC3 Source\src\windows\x64\org\lwjgl\jemalloc;D:\Project 1159 - 11.59 - AOC3\Age of History 3\AOC3 Source\src\windows\x64\org\lwjgl\glfw;C:\Program Files (x86)\Stardock\Groupy2;D:\Project 1159 - 11.59 - AOC3\Age of History 3\AOC3 Source\src\windows\x64\org\lwjgl\openal;C:\Windows\System32\DriverStore\FileRepository\nvmdsi.inf_amd64_bb627335e85bb104;D:\Project 1159 - 11.59 - AOC3\Age of History 3\AOC3 Source\src\windows\x64\org\lwjgl\opengl;C:\Users\htmlp\AppData\Local\Temp\steamworks4j\1.9.0

VM Arguments:
jvm_args: -Djava.library.path=D:\Project 1159 - 11.59 - AOC3\Age of History 3\AOC3 Source\src -javaagent:C:\Program Files\JetBrains\IntelliJ IDEA 2024.2.4\lib\idea_rt.jar=58884:C:\Program Files\JetBrains\IntelliJ IDEA 2024.2.4\bin -Dfile.encoding=UTF-8 -Dsun.stdout.encoding=UTF-8 -Dsun.stderr.encoding=UTF-8 
java_command: aoc.kingdoms.lukasz.jakowski.desktop.DesktopLauncher
java_class_path (initial): D:\Project 1159 - 11.59 - AOC3\Age of History 3\AOC3 Source\target\classes;D:\Project 1159 - 11.59 - AOC3\Age of History 3\AOC3 Source\src;C:\Users\htmlp\.m2\repository\com\badlogicgames\gdx\gdx\1.11.0\gdx-1.11.0.jar;C:\Users\htmlp\.m2\repository\com\badlogicgames\gdx\gdx-jnigen-loader\2.3.1\gdx-jnigen-loader-2.3.1.jar;C:\Users\htmlp\.m2\repository\com\badlogicgames\gdx\gdx-backend-lwjgl3\1.11.0\gdx-backend-lwjgl3-1.11.0.jar;C:\Users\htmlp\.m2\repository\org\lwjgl\lwjgl\3.3.1\lwjgl-3.3.1.jar;C:\Users\htmlp\.m2\repository\org\lwjgl\lwjgl\3.3.1\lwjgl-3.3.1-natives-linux.jar;C:\Users\htmlp\.m2\repository\org\lwjgl\lwjgl\3.3.1\lwjgl-3.3.1-natives-linux-arm32.jar;C:\Users\htmlp\.m2\repository\org\lwjgl\lwjgl\3.3.1\lwjgl-3.3.1-natives-linux-arm64.jar;C:\Users\htmlp\.m2\repository\org\lwjgl\lwjgl\3.3.1\lwjgl-3.3.1-natives-macos.jar;C:\Users\htmlp\.m2\repository\org\lwjgl\lwjgl\3.3.1\lwjgl-3.3.1-natives-macos-arm64.jar;C:\Users\htmlp\.m2\repository\org\lwjgl\lwjgl\3.3.1\lwjgl-3.3.1-natives-windows.jar;C:\Users\htmlp\.m2\repository\org\lwjgl\lwjgl\3.3.1\lwjgl-3.3.1-natives-windows-x86.jar;C:\Users\htmlp\.m2\repository\org\lwjgl\lwjgl-glfw\3.3.1\lwjgl-glfw-3.3.1.jar;C:\Users\htmlp\.m2\repository\org\lwjgl\lwjgl-glfw\3.3.1\lwjgl-glfw-3.3.1-natives-linux.jar;C:\Users\htmlp\.m2\repository\org\lwjgl\lwjgl-glfw\3.3.1\lwjgl-glfw-3.3.1-natives-linux-arm32.jar;C:\Users\htmlp\.m2\repository\org\lwjgl\lwjgl-glfw\3.3.1\lwjgl-glfw-3.3.1-natives-linux-arm64.jar;C:\Users\htmlp\.m2\repository\org\lwjgl\lwjgl-glfw\3.3.1\lwjgl-glfw-3.3.1-natives-macos.jar;C:\Users\htmlp\.m2\repository\org\lwjgl\lwjgl-glfw\3.3.1\lwjgl-glfw-3.3.1-natives-macos-arm64.jar;C:\Users\htmlp\.m2\repository\org\lwjgl\lwjgl-glfw\3.3.1\lwjgl-glfw-3.3.1-natives-windows.jar;C:\Users\htmlp\.m2\repository\org\lwjgl\lwjgl-glfw\3.3.1\lwjgl-glfw-3.3.1-natives-windows-x86.jar;C:\Users\htmlp\.m2\repository\org\lwjgl\lwjgl-jemalloc\3.3.1\lwjgl-jemalloc-3.3.1.jar;C:\Users\htmlp\.m2\repository\org\lwjgl\lwjgl-jemalloc\3.3.1\lwjgl-jemalloc-3.3.1-natives-linux.jar;C:\Users\htmlp\.m2\repository\org\lwjgl\lwjgl-jemalloc\3.3.1\lwjgl-jemalloc-3.3.1-natives-linux-arm32.jar;C:\Users\htmlp\.m2\repository\org\lwjgl\lwjgl-jemalloc\3.3.1\lwjgl-jemalloc-3.3.1-natives-linux-arm64.jar;C:\Users\htmlp\.m2\repository\org\lwjgl\lwjgl-jemalloc\3.3.1\lwjgl-jemalloc-3.3.1-natives-macos.jar;C:\Users\htmlp\.m2\repository\org\lwjgl\lwjgl-jemalloc\3.3.1\lwjgl-jemalloc-3.3.1-natives-macos-arm64.jar;C:\Users\htmlp\.m2\repository\org\lwjgl\lwjgl-jemalloc\3.3.1\lwjgl-jemalloc-3.3.1-natives-windows.jar;C:\Users\htmlp\.m2\repository\org\lwjgl\lwjgl-jemalloc\3.3.1\lwjgl-jemalloc-3.3.1-natives-windows-x86.jar;C:\Users\htmlp\.m2\repository\org\lwjgl\lwjgl-openal\3.3.1\lwjgl-openal-3.3.1.jar;C:\Users\htmlp\.m2\repository\org\lwjgl\lwjgl-openal\3.3.1\lwjgl-openal-3.3.1-natives-linux.jar;C:\Users\htmlp\.m2\repository\org\lwjgl\lwjgl-openal\3.3.1\lwjgl-openal-3.3.1-natives-linux-arm32.jar;C:\Users\htmlp\.m2\repository\org\lwjgl\lwjgl-openal\3.3.1\lwjgl-openal-3.3.1-natives-linux-arm64.jar;C:\Users\htmlp\.m2\repository\org\lwjgl\lwjgl-openal\3.3.1\lwjgl-openal-3.3.1-natives-macos.jar;C:\Users\htmlp\.m2\repository\org\lwjgl\lwjgl-openal\3.3.1\lwjgl-openal-3.3.1-natives-macos-arm64.jar;C:\Users\htmlp\.m2\repository\org\lwjgl\lwjgl-openal\3.3.1\lwjgl-openal-3.3.1-natives-windows.jar;C:\Users\htmlp\.m2\repository\org\lwjgl\lwjgl-openal\3.3.1\lwjgl-openal-3.3.1-natives-windows-x86.jar;C:\Users\htmlp\.m2\repository\org\lwjgl\lwjgl-opengl\3.3.1\lwjgl-opengl-3.3.1.jar;C:\Users\htmlp\.m2\repository\org\lwjgl\lwjgl-opengl\3.3.1\lwjgl-opengl-3.3.1-natives-linux.jar;C:\Users\htmlp\.m2\repository\org\lwjgl\lwjgl-opengl\3.3.1\lwjgl-opengl-3.3.1-natives-linux-arm32.jar;C:\Users\htmlp\.m2\repository\org\lwjgl\lwjgl-opengl\3.3.1\lwjgl-opengl-3.3.1-natives-linux-arm64.jar;C:\Users\htmlp\.m2\repository\org\lwjgl\lwjgl-opengl\3.3.1\lwjgl-opengl-3.3.1-natives-macos.jar;C:\Users\htmlp\.m2\repository\org\lwjgl\lwjgl-opengl\3.3.1\lwjgl-opengl-3.3.1-natives-macos-arm64.jar;C:\Users\htmlp\.m2\repository\org\lwjgl\lwjgl-opengl\3.3.1\lwjgl-opengl-3.3.1-natives-windows.jar;C:\Users\htmlp\.m2\repository\org\lwjgl\lwjgl-opengl\3.3.1\lwjgl-opengl-3.3.1-natives-windows-x86.jar;C:\Users\htmlp\.m2\repository\org\lwjgl\lwjgl-stb\3.3.1\lwjgl-stb-3.3.1.jar;C:\Users\htmlp\.m2\repository\org\lwjgl\lwjgl-stb\3.3.1\lwjgl-stb-3.3.1-natives-linux.jar;C:\Users\htmlp\.m2\repository\org\lwjgl\lwjgl-stb\3.3.1\lwjgl-stb-3.3.1-natives-linux-arm32.jar;C:\Users\htmlp\.m2\repository\org\lwjgl\lwjgl-stb\3.3.1\lwjgl-stb-3.3.1-natives-linux-arm64.jar;C:\Users\htmlp\.m2\repository\org\lwjgl\lwjgl-stb\3.3.1\lwjgl-stb-3.3.1-natives-macos.jar;C:\Users\htmlp\.m2\repository\org\lwjgl\lwjgl-stb\3.3.1\lwjgl-stb-3.3.1-natives-macos-arm64.jar;C:\Users\htmlp\.m2\repository\org\lwjgl\lwjgl-stb\3.3.1\lwjgl-stb-3.3.1-natives-windows.jar;C:\Users\htmlp\.m2\repository\org\lwjgl\lwjgl-stb\3.3.1\lwjgl-stb-3.3.1-natives-windows-x86.jar;C:\Users\htmlp\.m2\repository\com\badlogicgames\jlayer\jlayer\1.0.1-gdx\jlayer-1.0.1-gdx.jar;C:\Users\htmlp\.m2\repository\org\jcraft\jorbis\0.0.17\jorbis-0.0.17.jar
Launcher Type: SUN_STANDARD

[Global flags]
     intx CICompilerCount                          = 15                                        {product} {ergonomic}
     uint ConcGCThreads                            = 6                                         {product} {ergonomic}
     uint G1ConcRefinementThreads                  = 23                                        {product} {ergonomic}
   size_t G1HeapRegionSize                         = 16777216                                  {product} {ergonomic}
   size_t InitialHeapSize                          = 2147483648                                {product} {ergonomic}
   size_t MarkStackSize                            = 4194304                                   {product} {ergonomic}
   size_t MarkStackSizeMax                         = 536870912                                 {product} {ergonomic}
   size_t MaxHeapSize                              = 31675383808                               {product} {ergonomic}
   size_t MaxNewSize                               = 18991808512                               {product} {ergonomic}
   size_t MinHeapDeltaBytes                        = 16777216                                  {product} {ergonomic}
   size_t MinHeapSize                              = 16777216                                  {product} {ergonomic}
    uintx NonNMethodCodeHeapSize                   = 8192000                                {pd product} {ergonomic}
    uintx NonProfiledCodeHeapSize                  = 121765888                              {pd product} {ergonomic}
    uintx ProfiledCodeHeapSize                     = 121700352                              {pd product} {ergonomic}
    uintx ReservedCodeCacheSize                    = 251658240                              {pd product} {ergonomic}
     bool SegmentedCodeCache                       = true                                      {product} {ergonomic}
   size_t SoftMaxHeapSize                          = 31675383808                            {manageable} {ergonomic}
     bool UseCompressedOops                        = true                           {product lp64_product} {ergonomic}
     bool UseG1GC                                  = true                                      {product} {ergonomic}
     bool UseLargePagesIndividualAllocation        = false                                  {pd product} {ergonomic}

Logging:
Log output configuration:
 #0: stdout all=warning uptime,level,tags foldmultilines=false
 #1: stderr all=off uptime,level,tags foldmultilines=false

Environment Variables:
PATH=C:\Program Files\ImageMagick-7.1.1-Q16-HDRI;C:\Program Files\Common Files\Oracle\Java\javapath;C:\Windows\system32;C:\Windows;C:\Windows\System32\Wbem;C:\Windows\System32\WindowsPowerShell\v1.0\;C:\Windows\System32\OpenSSH\;C:\Program Files (x86)\NVIDIA Corporation\PhysX\Common;C:\Program Files\NVIDIA Corporation\NVIDIA NvDLISR;C:\Program Files\Git\cmd;%NVM_HOME%;%NVM_SYMLINK%;C:\Users\htmlp\AppData\Local\Programs\Python\Python313\Scripts\;C:\Users\htmlp\AppData\Local\Programs\Python\Python313\;C:\Users\htmlp\AppData\Local\Microsoft\WindowsApps;C:\Users\htmlp\AppData\Roaming\npm;C:\Users\htmlp\AppData\Local\atom\bin;C:\Users\htmlp\AppData\Local\GitHubDesktop\bin;C:\Users\htmlp\AppData\Roaming\nvm;C:\Program Files\nodejs;C:\Program Files\JetBrains\IntelliJ IDEA 2024.2.3\bin;
USERNAME=Vis-Australis
OS=Windows_NT
PROCESSOR_IDENTIFIER=Intel64 Family 6 Model 183 Stepping 1, GenuineIntel
TMP=C:\Users\htmlp\AppData\Local\Temp
TEMP=C:\Users\htmlp\AppData\Local\Temp




Periodic native trim disabled

---------------  S Y S T E M  ---------------

OS:
 Windows 11 , 64 bit Build 22621 (10.0.22621.4391)
OS uptime: 1 days 4:18 hours
Hyper-V role detected

CPU: total 32 (initial active 32) (16 cores per cpu, 2 threads per core) family 6 model 183 stepping 1 microcode 0x120, cx8, cmov, fxsr, ht, mmx, 3dnowpref, sse, sse2, sse3, ssse3, sse4.1, sse4.2, popcnt, lzcnt, tsc, tscinvbit, avx, avx2, aes, erms, clmul, bmi1, bmi2, adx, sha, fma, vzeroupper, clflush, clflushopt, clwb, hv, serialize, rdtscp, rdpid, fsrm, gfni, f16c, cet_ibt, cet_ss
Processor Information for the first 32 processors :
  Max Mhz: 2000, Current Mhz: 2000, Mhz Limit: 2000

Memory: 4k page, system-wide physical 130904M (77872M free)
TotalPageFile size 261976M (AvailPageFile size 199260M)
current process WorkingSet (physical memory assigned to process): 167M, peak: 170M
current process commit charge ("private bytes"): 2368M, peak: 2377M

vm_info: Java HotSpot(TM) 64-Bit Server VM (23+37-2369) for windows-amd64 JRE (23+37-2369), built on 2024-08-20T16:01:23Z with MS VC++ 17.6 (VS2022)

END.
